[2.487s] Invoking command in '/home/kisangpark/lab_training/src/week3': PYTHONPATH=/home/kisangpark/lab_training/build/week3/prefix_override:/usr/lib/python3/dist-packages/colcon_core/task/python/colcon_distutils_commands:/home/kisangpark/lab_training/install/week3/lib/python3.10/site-packages:${PYTHONPATH} /usr/bin/python3 -W ignore:setup.py install is deprecated -W ignore:easy_install command is deprecated setup.py egg_info --egg-base ../../build/week3 build --build-base /home/kisangpark/lab_training/build/week3/build install --record /home/kisangpark/lab_training/build/week3/install.log --single-version-externally-managed install_data
[3.196s] running egg_info
[3.215s] writing ../../build/week3/week3.egg-info/PKG-INFO
[3.217s] writing dependency_links to ../../build/week3/week3.egg-info/dependency_links.txt
[3.217s] writing entry points to ../../build/week3/week3.egg-info/entry_points.txt
[3.219s] writing requirements to ../../build/week3/week3.egg-info/requires.txt
[3.220s] writing top-level names to ../../build/week3/week3.egg-info/top_level.txt
[3.277s] reading manifest file '../../build/week3/week3.egg-info/SOURCES.txt'
[3.279s] writing manifest file '../../build/week3/week3.egg-info/SOURCES.txt'
[3.280s] running build
[3.280s] running build_py
[3.280s] copying week3/pure_pursuit.py -> /home/kisangpark/lab_training/build/week3/build/lib/week3
[3.281s] copying week3/save_costmap.py -> /home/kisangpark/lab_training/build/week3/build/lib/week3
[3.281s] copying week3/__init__.py -> /home/kisangpark/lab_training/build/week3/build/lib/week3
[3.281s] copying week3/RRT_star.py -> /home/kisangpark/lab_training/build/week3/build/lib/week3
[3.283s] running install
[3.293s] running install_lib
[3.325s] copying /home/kisangpark/lab_training/build/week3/build/lib/week3/RRT_star.py -> /home/kisangpark/lab_training/install/week3/lib/python3.10/site-packages/week3
[3.327s] byte-compiling /home/kisangpark/lab_training/install/week3/lib/python3.10/site-packages/week3/RRT_star.py to RRT_star.cpython-310.pyc
[3.333s] running install_data
[3.334s] copying resource/week3 -> /home/kisangpark/lab_training/install/week3/share/ament_index/resource_index/packages
[3.335s] copying package.xml -> /home/kisangpark/lab_training/install/week3/share/week3
[3.336s] running install_egg_info
[3.398s] removing '/home/kisangpark/lab_training/install/week3/lib/python3.10/site-packages/week3-0.0.0-py3.10.egg-info' (and everything under it)
[3.400s] Copying ../../build/week3/week3.egg-info to /home/kisangpark/lab_training/install/week3/lib/python3.10/site-packages/week3-0.0.0-py3.10.egg-info
[3.403s] running install_scripts
[3.801s] Installing rrt_star script to /home/kisangpark/lab_training/install/week3/lib/week3
[3.801s] Installing save_costmap script to /home/kisangpark/lab_training/install/week3/lib/week3
[3.801s] writing list of installed files to '/home/kisangpark/lab_training/build/week3/install.log'
[3.900s] Invoked command in '/home/kisangpark/lab_training/src/week3' returned '0': PYTHONPATH=/home/kisangpark/lab_training/build/week3/prefix_override:/usr/lib/python3/dist-packages/colcon_core/task/python/colcon_distutils_commands:/home/kisangpark/lab_training/install/week3/lib/python3.10/site-packages:${PYTHONPATH} /usr/bin/python3 -W ignore:setup.py install is deprecated -W ignore:easy_install command is deprecated setup.py egg_info --egg-base ../../build/week3 build --build-base /home/kisangpark/lab_training/build/week3/build install --record /home/kisangpark/lab_training/build/week3/install.log --single-version-externally-managed install_data
