[7.161s] Invoking command in '/home/kisangpark/lab_training/build/turtlebot3_example': AMENT_PREFIX_PATH=/home/kisangpark/lab_training/install/turtlebot3_msgs:${AMENT_PREFIX_PATH} CMAKE_PREFIX_PATH=/home/kisangpark/lab_training/install/turtlebot3_msgs LD_LIBRARY_PATH=/home/kisangpark/lab_training/install/turtlebot3_msgs/lib:${LD_LIBRARY_PATH} PYTHONPATH=/home/kisangpark/lab_training/build/turtlebot3_example/prefix_override:/usr/lib/python3/dist-packages/colcon_core/task/python/colcon_distutils_commands:/home/kisangpark/lab_training/install/turtlebot3_example/lib/python3.10/site-packages:/home/kisangpark/lab_training/install/turtlebot3_msgs/local/lib/python3.10/dist-packages:${PYTHONPATH} /usr/bin/python3 -W ignore:setup.py install is deprecated -W ignore:easy_install command is deprecated setup.py develop --editable --build-directory /home/kisangpark/lab_training/build/turtlebot3_example/build --no-deps symlink_data
[9.258s] running develop
[11.143s] running egg_info
[11.252s] writing turtlebot3_example.egg-info/PKG-INFO
[11.257s] writing dependency_links to turtlebot3_example.egg-info/dependency_links.txt
[11.258s] writing entry points to turtlebot3_example.egg-info/entry_points.txt
[11.260s] writing requirements to turtlebot3_example.egg-info/requires.txt
[11.262s] writing top-level names to turtlebot3_example.egg-info/top_level.txt
[11.479s] reading manifest file 'turtlebot3_example.egg-info/SOURCES.txt'
[11.492s] writing manifest file 'turtlebot3_example.egg-info/SOURCES.txt'
[11.632s] running build_ext
[11.632s] Creating /home/kisangpark/lab_training/install/turtlebot3_example/lib/python3.10/site-packages/turtlebot3-example.egg-link (link to .)
[11.635s] Installing turtlebot3_obstacle_detection script to /home/kisangpark/lab_training/install/turtlebot3_example/lib/turtlebot3_example
[11.637s] Installing turtlebot3_patrol_client script to /home/kisangpark/lab_training/install/turtlebot3_example/lib/turtlebot3_example
[11.639s] Installing turtlebot3_patrol_server script to /home/kisangpark/lab_training/install/turtlebot3_example/lib/turtlebot3_example
[11.640s] Installing turtlebot3_position_control script to /home/kisangpark/lab_training/install/turtlebot3_example/lib/turtlebot3_example
[11.647s] 
[11.648s] Installed /home/kisangpark/lab_training/build/turtlebot3_example
[11.649s] running symlink_data
[11.909s] Invoked command in '/home/kisangpark/lab_training/build/turtlebot3_example' returned '0': AMENT_PREFIX_PATH=/home/kisangpark/lab_training/install/turtlebot3_msgs:${AMENT_PREFIX_PATH} CMAKE_PREFIX_PATH=/home/kisangpark/lab_training/install/turtlebot3_msgs LD_LIBRARY_PATH=/home/kisangpark/lab_training/install/turtlebot3_msgs/lib:${LD_LIBRARY_PATH} PYTHONPATH=/home/kisangpark/lab_training/build/turtlebot3_example/prefix_override:/usr/lib/python3/dist-packages/colcon_core/task/python/colcon_distutils_commands:/home/kisangpark/lab_training/install/turtlebot3_example/lib/python3.10/site-packages:/home/kisangpark/lab_training/install/turtlebot3_msgs/local/lib/python3.10/dist-packages:${PYTHONPATH} /usr/bin/python3 -W ignore:setup.py install is deprecated -W ignore:easy_install command is deprecated setup.py develop --editable --build-directory /home/kisangpark/lab_training/build/turtlebot3_example/build --no-deps symlink_data
