[0.051s] Invoking command in '/home/kisangpark/lab_training/build/turtlebot3_gazebo': CMAKE_PREFIX_PATH=/opt/ros/humble /usr/bin/cmake /home/kisangpark/lab_training/src/turtlebot3_simulations/turtlebot3_gazebo -DAMENT_CMAKE_SYMLINK_INSTALL=1 -DCMAKE_INSTALL_PREFIX=/home/kisangpark/lab_training/install/turtlebot3_gazebo
[0.389s] -- The C compiler identification is GNU 11.4.0
[0.619s] -- The CXX compiler identification is GNU 11.4.0
[0.638s] -- Detecting C compiler ABI info
[0.920s] -- Detecting C compiler ABI info - done
[0.968s] -- Check for working C compiler: /usr/bin/cc - skipped
[0.971s] -- Detecting C compile features
[0.972s] -- Detecting C compile features - done
[0.994s] -- Detecting CXX compiler ABI info
[1.450s] -- Detecting CXX compiler ABI info - done
[1.483s] -- Check for working CXX compiler: /usr/bin/c++ - skipped
[1.484s] -- Detecting CXX compile features
[1.488s] -- Detecting CXX compile features - done
[1.500s] -- Found ament_cmake: 1.3.10 (/opt/ros/humble/share/ament_cmake/cmake)
[3.579s] -- Found Python3: /usr/bin/python3 (found version "3.10.12") found components: Interpreter 
[3.826s] -- Override CMake install command with custom implementation using symlinks instead of copying resources
[3.955s] [33mCMake Warning (dev) at /usr/share/cmake-3.22/Modules/FindPackageHandleStandardArgs.cmake:438 (message):
[3.955s]   The package name passed to `find_package_handle_standard_args` (PkgConfig)
[3.955s]   does not match the name of the calling package (gazebo).  This can lead to
[3.955s]   problems in calling code that expects `find_package` result variables
[3.960s]   (e.g., `_FOUND`) to follow a certain pattern.
[3.961s] Call Stack (most recent call first):
[3.961s]   /usr/share/cmake-3.22/Modules/FindPkgConfig.cmake:99 (find_package_handle_standard_args)
[3.961s]   /usr/lib/x86_64-linux-gnu/cmake/gazebo/gazebo-config.cmake:72 (include)
[3.961s]   CMakeLists.txt:23 (find_package)
[3.961s] This warning is for project developers.  Use -Wno-dev to suppress it.
[3.965s] [0m
[3.965s] -- Found PkgConfig: /usr/bin/pkg-config (found version "0.29.2") 
[3.981s] -- Checking for module 'bullet>=2.82'
[4.054s] --   Found bullet, version 3.05
[4.548s] -- Found fcl: /usr/include (found suitable version "0.7.0", minimum required is "0.5.0") 
[4.813s] -- Found assimp: /usr/include (found version "5.2.0") 
[5.017s] -- Found DART: /usr/include (Required is at least version "6.6") found components: dart 
[5.850s] -- Found Boost: /usr/lib/x86_64-linux-gnu/cmake/Boost-1.74.0/BoostConfig.cmake (found suitable version "1.74.0", minimum required is "1.40.0") found components: thread system filesystem program_options regex iostreams date_time 
[5.982s] -- Found Protobuf: /usr/lib/x86_64-linux-gnu/libprotobuf.so (found version "3.12.4") 
[6.043s] -- Looking for ignition-math6 -- found version 6.15.1
[6.110s] -- Searching for dependencies of ignition-math6
[6.125s] -- Looking for OGRE...
[6.127s] -- OGRE_PREFIX_WATCH changed.
[6.139s] -- Checking for module 'OGRE'
[6.208s] --   Found OGRE, version 1.9.0
[6.425s] -- Found Ogre Ghadamon (1.9.0)
[6.489s] -- Found OGRE: optimized;/usr/lib/x86_64-linux-gnu/libOgreMain.so;debug;/usr/lib/x86_64-linux-gnu/libOgreMain.so
[6.557s] -- Looking for OGRE_Paging...
[6.578s] -- Found OGRE_Paging: optimized;/usr/lib/x86_64-linux-gnu/libOgrePaging.so;debug;/usr/lib/x86_64-linux-gnu/libOgrePaging.so
[6.579s] -- Looking for OGRE_Terrain...
[6.597s] -- Found OGRE_Terrain: optimized;/usr/lib/x86_64-linux-gnu/libOgreTerrain.so;debug;/usr/lib/x86_64-linux-gnu/libOgreTerrain.so
[6.598s] -- Looking for OGRE_Property...
[6.612s] -- Found OGRE_Property: optimized;/usr/lib/x86_64-linux-gnu/libOgreProperty.so;debug;/usr/lib/x86_64-linux-gnu/libOgreProperty.so
[6.613s] -- Looking for OGRE_RTShaderSystem...
[6.639s] -- Found OGRE_RTShaderSystem: optimized;/usr/lib/x86_64-linux-gnu/libOgreRTShaderSystem.so;debug;/usr/lib/x86_64-linux-gnu/libOgreRTShaderSystem.so
[6.641s] -- Looking for OGRE_Volume...
[6.664s] -- Found OGRE_Volume: optimized;/usr/lib/x86_64-linux-gnu/libOgreVolume.so;debug;/usr/lib/x86_64-linux-gnu/libOgreVolume.so
[6.667s] -- Looking for OGRE_Overlay...
[6.689s] -- Found OGRE_Overlay: optimized;/usr/lib/x86_64-linux-gnu/libOgreOverlay.so;debug;/usr/lib/x86_64-linux-gnu/libOgreOverlay.so
[7.295s] -- Looking for ignition-math6 -- found version 6.15.1
[7.322s] -- Looking for ignition-transport8 -- found version 8.2.1
[7.327s] -- Searching for dependencies of ignition-transport8
[7.366s] -- Found Protobuf: /usr/lib/x86_64-linux-gnu/libprotobuf.so (found suitable version "3.12.4", minimum required is "3") 
[7.392s] -- Config-file not installed for ZeroMQ -- checking for pkg-config
[7.410s] -- Checking for module 'libzmq >= 4'
[7.476s] --   Found libzmq , version 4.3.4
[7.600s] -- Found ZeroMQ: TRUE (Required is at least version "4") 
[7.641s] -- Checking for module 'uuid'
[7.708s] --   Found uuid, version 2.37.2
[7.832s] -- Found UUID: TRUE  
[7.846s] -- Looking for ignition-msgs5 -- found version 5.8.1
[7.847s] -- Searching for dependencies of ignition-msgs5
[7.885s] -- Looking for ignition-math6 -- found version 6.15.1
[7.898s] -- Checking for module 'tinyxml2'
[7.935s] --   Found tinyxml2, version 9.0.0
[8.075s] -- Looking for ignition-msgs5 -- found version 5.8.1
[8.086s] -- Looking for ignition-common3 -- found version 3.14.0
[8.090s] -- Searching for dependencies of ignition-common3
[8.096s] -- Looking for dlfcn.h - found
[8.099s] -- Looking for libdl - found
[8.103s] -- Found DL: TRUE  
[8.156s] -- Found tinyobjloader: /usr/lib/x86_64-linux-gnu/cmake/tinyobjloader/tinyobjloader-config.cmake (found version "2.0.0") 
[8.164s] -- Searching for <ignition-common3> component [graphics]
[8.175s] -- Looking for ignition-common3-graphics -- found version 3.14.0
[8.179s] -- Searching for dependencies of ignition-common3-graphics
[8.180s] -- Looking for ignition-math6 -- found version 6.15.1
[8.207s] -- Looking for ignition-fuel_tools4 -- found version 4.4.0
[8.217s] -- Searching for dependencies of ignition-fuel_tools4
[8.705s] -- Found CURL: /usr/lib/x86_64-linux-gnu/libcurl.so (found version "7.81.0")  
[8.811s] -- Checking for module 'jsoncpp'
[8.959s] --   Found jsoncpp, version 1.9.5
[9.288s] -- Found JSONCPP: TRUE  
[9.356s] -- Checking for module 'libzip'
[9.505s] --   Found libzip, version 1.7.3
[9.715s] -- Found ZIP: TRUE  
[9.716s] -- Looking for ignition-common3 -- found version 3.14.0
[9.719s] -- Looking for ignition-math6 -- found version 6.15.1
[9.722s] -- Looking for ignition-msgs5 -- found version 5.8.1
[9.771s] -- Found gazebo_ros_pkgs: 3.9.0 (/opt/ros/humble/share/gazebo_ros_pkgs/cmake)
[9.799s] -- Found geometry_msgs: 4.2.4 (/opt/ros/humble/share/geometry_msgs/cmake)
[9.968s] -- Found rosidl_generator_c: 3.1.5 (/opt/ros/humble/share/rosidl_generator_c/cmake)
[9.983s] -- Found rosidl_adapter: 3.1.5 (/opt/ros/humble/share/rosidl_adapter/cmake)
[10.014s] -- Found rosidl_generator_cpp: 3.1.5 (/opt/ros/humble/share/rosidl_generator_cpp/cmake)
[10.061s] -- Using all available rosidl_typesupport_c: rosidl_typesupport_fastrtps_c;rosidl_typesupport_introspection_c
[10.115s] -- Using all available rosidl_typesupport_cpp: rosidl_typesupport_fastrtps_cpp;rosidl_typesupport_introspection_cpp
[10.330s] -- Found nav_msgs: 4.2.4 (/opt/ros/humble/share/nav_msgs/cmake)
[10.465s] -- Found rclcpp: 16.0.10 (/opt/ros/humble/share/rclcpp/cmake)
[10.813s] -- Found rmw_implementation_cmake: 6.1.2 (/opt/ros/humble/share/rmw_implementation_cmake/cmake)
[10.843s] -- Found rmw_fastrtps_cpp: 6.2.7 (/opt/ros/humble/share/rmw_fastrtps_cpp/cmake)
[11.235s] -- Found OpenSSL: /usr/lib/x86_64-linux-gnu/libcrypto.so (found version "3.0.2")  
[11.343s] -- Found FastRTPS: /opt/ros/humble/include  
[11.512s] -- Using RMW implementation 'rmw_fastrtps_cpp' as default
[11.637s] -- Found Threads: TRUE  
[12.269s] -- Found sensor_msgs: 4.2.4 (/opt/ros/humble/share/sensor_msgs/cmake)
[12.422s] -- Found tf2: 0.25.8 (/opt/ros/humble/share/tf2/cmake)
[12.905s] -- Configuring done
[13.277s] -- Generating done
[13.383s] -- Build files have been written to: /home/kisangpark/lab_training/build/turtlebot3_gazebo
[13.496s] Invoked command in '/home/kisangpark/lab_training/build/turtlebot3_gazebo' returned '0': CMAKE_PREFIX_PATH=/opt/ros/humble /usr/bin/cmake /home/kisangpark/lab_training/src/turtlebot3_simulations/turtlebot3_gazebo -DAMENT_CMAKE_SYMLINK_INSTALL=1 -DCMAKE_INSTALL_PREFIX=/home/kisangpark/lab_training/install/turtlebot3_gazebo
[13.500s] Invoking command in '/home/kisangpark/lab_training/build/turtlebot3_gazebo': CMAKE_PREFIX_PATH=/opt/ros/humble /usr/bin/cmake --build /home/kisangpark/lab_training/build/turtlebot3_gazebo -- -j2 -l2
[13.782s] [ 12%] [32mBuilding CXX object CMakeFiles/obstacle1.dir/models/turtlebot3_dqn_world/obstacle_plugin/obstacle1.cc.o[0m
[13.812s] [ 25%] [32mBuilding CXX object CMakeFiles/turtlebot3_drive.dir/src/turtlebot3_drive.cpp.o[0m
[92.927s] [ 37%] [32m[1mLinking CXX executable turtlebot3_drive[0m
[95.619s] [ 37%] Built target turtlebot3_drive
[100.096s] [ 50%] [32m[1mLinking CXX shared library libobstacle1.so[0m
[101.181s] [ 50%] Built target obstacle1
[101.252s] [ 62%] [32mBuilding CXX object CMakeFiles/obstacle2.dir/models/turtlebot3_dqn_world/obstacle_plugin/obstacle2.cc.o[0m
[144.303s] [ 75%] [32m[1mLinking CXX shared library libobstacle2.so[0m
[144.985s] [ 75%] Built target obstacle2
[145.077s] [ 87%] [32mBuilding CXX object CMakeFiles/obstacles.dir/models/turtlebot3_dqn_world/obstacle_plugin/obstacles.cc.o[0m
[179.953s] [100%] [32m[1mLinking CXX shared library libobstacles.so[0m
[180.796s] [100%] Built target obstacles
[180.825s] Invoked command in '/home/kisangpark/lab_training/build/turtlebot3_gazebo' returned '0': CMAKE_PREFIX_PATH=/opt/ros/humble /usr/bin/cmake --build /home/kisangpark/lab_training/build/turtlebot3_gazebo -- -j2 -l2
[180.832s] Invoking command in '/home/kisangpark/lab_training/build/turtlebot3_gazebo': CMAKE_PREFIX_PATH=/opt/ros/humble /usr/bin/cmake --install /home/kisangpark/lab_training/build/turtlebot3_gazebo
[180.853s] -- Install configuration: ""
[180.860s] -- Execute custom install script
[180.865s] -- Symlinking: /home/kisangpark/lab_training/install/turtlebot3_gazebo/lib/turtlebot3_gazebo/turtlebot3_drive
[180.912s] -- Symlinking: /home/kisangpark/lab_training/install/turtlebot3_gazebo/share/turtlebot3_gazebo//launch/empty_world.launch.py
[180.947s] -- Symlinking: /home/kisangpark/lab_training/install/turtlebot3_gazebo/share/turtlebot3_gazebo//launch/robot_state_publisher.launch.py
[180.976s] -- Symlinking: /home/kisangpark/lab_training/install/turtlebot3_gazebo/share/turtlebot3_gazebo//launch/spawn_turtlebot3.launch.py
[181.008s] -- Symlinking: /home/kisangpark/lab_training/install/turtlebot3_gazebo/share/turtlebot3_gazebo//launch/turtlebot3_dqn_stage1.launch.py
[181.034s] -- Symlinking: /home/kisangpark/lab_training/install/turtlebot3_gazebo/share/turtlebot3_gazebo//launch/turtlebot3_dqn_stage2.launch.py
[181.053s] -- Symlinking: /home/kisangpark/lab_training/install/turtlebot3_gazebo/share/turtlebot3_gazebo//launch/turtlebot3_dqn_stage3.launch.py
[181.080s] -- Symlinking: /home/kisangpark/lab_training/install/turtlebot3_gazebo/share/turtlebot3_gazebo//launch/turtlebot3_dqn_stage4.launch.py
[181.106s] -- Symlinking: /home/kisangpark/lab_training/install/turtlebot3_gazebo/share/turtlebot3_gazebo//launch/turtlebot3_house.launch.py
[181.123s] -- Symlinking: /home/kisangpark/lab_training/install/turtlebot3_gazebo/share/turtlebot3_gazebo//launch/turtlebot3_world.launch.py
[181.151s] -- Symlinking: /home/kisangpark/lab_training/install/turtlebot3_gazebo/share/turtlebot3_gazebo//models/turtlebot3_burger/model-1_4.sdf
[181.186s] -- Symlinking: /home/kisangpark/lab_training/install/turtlebot3_gazebo/share/turtlebot3_gazebo//models/turtlebot3_burger/model.config
[181.231s] -- Symlinking: /home/kisangpark/lab_training/install/turtlebot3_gazebo/share/turtlebot3_gazebo//models/turtlebot3_burger/model.sdf
[181.265s] -- Symlinking: /home/kisangpark/lab_training/install/turtlebot3_gazebo/share/turtlebot3_gazebo//models/turtlebot3_common/meshes/burger_base.dae
[181.288s] -- Symlinking: /home/kisangpark/lab_training/install/turtlebot3_gazebo/share/turtlebot3_gazebo//models/turtlebot3_common/meshes/lds.dae
[181.324s] -- Symlinking: /home/kisangpark/lab_training/install/turtlebot3_gazebo/share/turtlebot3_gazebo//models/turtlebot3_common/meshes/r200.dae
[181.351s] -- Symlinking: /home/kisangpark/lab_training/install/turtlebot3_gazebo/share/turtlebot3_gazebo//models/turtlebot3_common/meshes/tire.dae
[181.367s] -- Symlinking: /home/kisangpark/lab_training/install/turtlebot3_gazebo/share/turtlebot3_gazebo//models/turtlebot3_common/meshes/waffle_base.dae
[181.389s] -- Symlinking: /home/kisangpark/lab_training/install/turtlebot3_gazebo/share/turtlebot3_gazebo//models/turtlebot3_common/meshes/waffle_pi_base.dae
[181.415s] -- Symlinking: /home/kisangpark/lab_training/install/turtlebot3_gazebo/share/turtlebot3_gazebo//models/turtlebot3_common/model.config
[181.440s] -- Symlinking: /home/kisangpark/lab_training/install/turtlebot3_gazebo/share/turtlebot3_gazebo//models/turtlebot3_dqn_world/goal_box/model.config
[181.461s] -- Symlinking: /home/kisangpark/lab_training/install/turtlebot3_gazebo/share/turtlebot3_gazebo//models/turtlebot3_dqn_world/goal_box/model.sdf
[181.485s] -- Symlinking: /home/kisangpark/lab_training/install/turtlebot3_gazebo/share/turtlebot3_gazebo//models/turtlebot3_dqn_world/inner_walls/model.config
[181.519s] -- Symlinking: /home/kisangpark/lab_training/install/turtlebot3_gazebo/share/turtlebot3_gazebo//models/turtlebot3_dqn_world/inner_walls/model.sdf
[181.537s] -- Symlinking: /home/kisangpark/lab_training/install/turtlebot3_gazebo/share/turtlebot3_gazebo//models/turtlebot3_dqn_world/model.config
[181.555s] -- Symlinking: /home/kisangpark/lab_training/install/turtlebot3_gazebo/share/turtlebot3_gazebo//models/turtlebot3_dqn_world/model.sdf
[181.573s] -- Symlinking: /home/kisangpark/lab_training/install/turtlebot3_gazebo/share/turtlebot3_gazebo//models/turtlebot3_dqn_world/obstacle1/model.config
[181.597s] -- Symlinking: /home/kisangpark/lab_training/install/turtlebot3_gazebo/share/turtlebot3_gazebo//models/turtlebot3_dqn_world/obstacle1/model.sdf
[181.622s] -- Symlinking: /home/kisangpark/lab_training/install/turtlebot3_gazebo/share/turtlebot3_gazebo//models/turtlebot3_dqn_world/obstacle2/model.config
[181.654s] -- Symlinking: /home/kisangpark/lab_training/install/turtlebot3_gazebo/share/turtlebot3_gazebo//models/turtlebot3_dqn_world/obstacle2/model.sdf
[181.698s] -- Symlinking: /home/kisangpark/lab_training/install/turtlebot3_gazebo/share/turtlebot3_gazebo//models/turtlebot3_dqn_world/obstacle_plugin/CMakeLists.txt
[181.731s] -- Symlinking: /home/kisangpark/lab_training/install/turtlebot3_gazebo/share/turtlebot3_gazebo//models/turtlebot3_dqn_world/obstacle_plugin/obstacle1.cc
[181.753s] -- Symlinking: /home/kisangpark/lab_training/install/turtlebot3_gazebo/share/turtlebot3_gazebo//models/turtlebot3_dqn_world/obstacle_plugin/obstacle2.cc
[181.790s] -- Symlinking: /home/kisangpark/lab_training/install/turtlebot3_gazebo/share/turtlebot3_gazebo//models/turtlebot3_dqn_world/obstacle_plugin/obstacles.cc
[181.830s] -- Symlinking: /home/kisangpark/lab_training/install/turtlebot3_gazebo/share/turtlebot3_gazebo//models/turtlebot3_dqn_world/obstacles/model.config
[181.853s] -- Symlinking: /home/kisangpark/lab_training/install/turtlebot3_gazebo/share/turtlebot3_gazebo//models/turtlebot3_dqn_world/obstacles/model.sdf
[181.871s] -- Symlinking: /home/kisangpark/lab_training/install/turtlebot3_gazebo/share/turtlebot3_gazebo//models/turtlebot3_house/model.config
[181.886s] -- Symlinking: /home/kisangpark/lab_training/install/turtlebot3_gazebo/share/turtlebot3_gazebo//models/turtlebot3_house/model.sdf
[181.899s] -- Symlinking: /home/kisangpark/lab_training/install/turtlebot3_gazebo/share/turtlebot3_gazebo//models/turtlebot3_waffle/model-1_4.sdf
[181.922s] -- Symlinking: /home/kisangpark/lab_training/install/turtlebot3_gazebo/share/turtlebot3_gazebo//models/turtlebot3_waffle/model.config
[181.937s] -- Symlinking: /home/kisangpark/lab_training/install/turtlebot3_gazebo/share/turtlebot3_gazebo//models/turtlebot3_waffle/model.sdf
[181.970s] -- Symlinking: /home/kisangpark/lab_training/install/turtlebot3_gazebo/share/turtlebot3_gazebo//models/turtlebot3_waffle_pi/model-1_4_.sdf
[182.004s] -- Symlinking: /home/kisangpark/lab_training/install/turtlebot3_gazebo/share/turtlebot3_gazebo//models/turtlebot3_waffle_pi/model.config
[182.037s] -- Symlinking: /home/kisangpark/lab_training/install/turtlebot3_gazebo/share/turtlebot3_gazebo//models/turtlebot3_waffle_pi/model.sdf
[182.072s] -- Symlinking: /home/kisangpark/lab_training/install/turtlebot3_gazebo/share/turtlebot3_gazebo//models/turtlebot3_world/meshes/hexagon.dae
[182.124s] -- Symlinking: /home/kisangpark/lab_training/install/turtlebot3_gazebo/share/turtlebot3_gazebo//models/turtlebot3_world/meshes/wall.dae
[182.143s] -- Symlinking: /home/kisangpark/lab_training/install/turtlebot3_gazebo/share/turtlebot3_gazebo//models/turtlebot3_world/model-1_4.sdf
[182.157s] -- Symlinking: /home/kisangpark/lab_training/install/turtlebot3_gazebo/share/turtlebot3_gazebo//models/turtlebot3_world/model.config
[182.199s] -- Symlinking: /home/kisangpark/lab_training/install/turtlebot3_gazebo/share/turtlebot3_gazebo//models/turtlebot3_world/model.sdf
[182.257s] -- Symlinking: /home/kisangpark/lab_training/install/turtlebot3_gazebo/share/turtlebot3_gazebo//rviz/tb3_gazebo.rviz
[182.300s] -- Symlinking: /home/kisangpark/lab_training/install/turtlebot3_gazebo/share/turtlebot3_gazebo//urdf/common_properties.urdf
[182.360s] -- Symlinking: /home/kisangpark/lab_training/install/turtlebot3_gazebo/share/turtlebot3_gazebo//urdf/turtlebot3_burger.urdf
[182.381s] -- Symlinking: /home/kisangpark/lab_training/install/turtlebot3_gazebo/share/turtlebot3_gazebo//urdf/turtlebot3_waffle.urdf
[182.398s] -- Symlinking: /home/kisangpark/lab_training/install/turtlebot3_gazebo/share/turtlebot3_gazebo//urdf/turtlebot3_waffle_pi.urdf
[182.428s] -- Symlinking: /home/kisangpark/lab_training/install/turtlebot3_gazebo/share/turtlebot3_gazebo//worlds/empty_world.world
[182.454s] -- Symlinking: /home/kisangpark/lab_training/install/turtlebot3_gazebo/share/turtlebot3_gazebo//worlds/turtlebot3_dqn_stage1.world
[182.473s] -- Symlinking: /home/kisangpark/lab_training/install/turtlebot3_gazebo/share/turtlebot3_gazebo//worlds/turtlebot3_dqn_stage2.world
[182.494s] -- Symlinking: /home/kisangpark/lab_training/install/turtlebot3_gazebo/share/turtlebot3_gazebo//worlds/turtlebot3_dqn_stage3.world
[182.526s] -- Symlinking: /home/kisangpark/lab_training/install/turtlebot3_gazebo/share/turtlebot3_gazebo//worlds/turtlebot3_dqn_stage4.world
[182.547s] -- Symlinking: /home/kisangpark/lab_training/install/turtlebot3_gazebo/share/turtlebot3_gazebo//worlds/turtlebot3_house.world
[182.564s] -- Symlinking: /home/kisangpark/lab_training/install/turtlebot3_gazebo/share/turtlebot3_gazebo//worlds/turtlebot3_world.world
[182.591s] -- Symlinking: /home/kisangpark/lab_training/install/turtlebot3_gazebo/include//turtlebot3_gazebo/turtlebot3_drive.hpp
[182.620s] -- Symlinking: /home/kisangpark/lab_training/install/turtlebot3_gazebo/share/ament_index/resource_index/package_run_dependencies/turtlebot3_gazebo
[182.641s] -- Symlinking: /home/kisangpark/lab_training/install/turtlebot3_gazebo/share/ament_index/resource_index/parent_prefix_path/turtlebot3_gazebo
[182.660s] -- Symlinking: /home/kisangpark/lab_training/install/turtlebot3_gazebo/share/turtlebot3_gazebo/environment/ament_prefix_path.sh
[182.674s] -- Symlinking: /home/kisangpark/lab_training/install/turtlebot3_gazebo/share/turtlebot3_gazebo/environment/ament_prefix_path.dsv
[182.691s] -- Symlinking: /home/kisangpark/lab_training/install/turtlebot3_gazebo/share/turtlebot3_gazebo/environment/path.sh
[182.708s] -- Symlinking: /home/kisangpark/lab_training/install/turtlebot3_gazebo/share/turtlebot3_gazebo/environment/path.dsv
[182.731s] -- Symlinking: /home/kisangpark/lab_training/install/turtlebot3_gazebo/share/turtlebot3_gazebo/local_setup.bash
[182.763s] -- Symlinking: /home/kisangpark/lab_training/install/turtlebot3_gazebo/share/turtlebot3_gazebo/local_setup.sh
[182.788s] -- Symlinking: /home/kisangpark/lab_training/install/turtlebot3_gazebo/share/turtlebot3_gazebo/local_setup.zsh
[182.803s] -- Symlinking: /home/kisangpark/lab_training/install/turtlebot3_gazebo/share/turtlebot3_gazebo/local_setup.dsv
[182.824s] -- Symlinking: /home/kisangpark/lab_training/install/turtlebot3_gazebo/share/turtlebot3_gazebo/package.dsv
[182.870s] -- Symlinking: /home/kisangpark/lab_training/install/turtlebot3_gazebo/share/ament_index/resource_index/packages/turtlebot3_gazebo
[182.888s] -- Symlinking: /home/kisangpark/lab_training/install/turtlebot3_gazebo/share/turtlebot3_gazebo/cmake/ament_cmake_export_include_directories-extras.cmake
[182.905s] -- Symlinking: /home/kisangpark/lab_training/install/turtlebot3_gazebo/share/turtlebot3_gazebo/cmake/ament_cmake_export_dependencies-extras.cmake
[182.925s] -- Symlinking: /home/kisangpark/lab_training/install/turtlebot3_gazebo/share/turtlebot3_gazebo/cmake/turtlebot3_gazeboConfig.cmake
[182.954s] -- Symlinking: /home/kisangpark/lab_training/install/turtlebot3_gazebo/share/turtlebot3_gazebo/cmake/turtlebot3_gazeboConfig-version.cmake
[182.983s] -- Symlinking: /home/kisangpark/lab_training/install/turtlebot3_gazebo/share/turtlebot3_gazebo/package.xml
[183.021s] Invoked command in '/home/kisangpark/lab_training/build/turtlebot3_gazebo' returned '0': CMAKE_PREFIX_PATH=/opt/ros/humble /usr/bin/cmake --install /home/kisangpark/lab_training/build/turtlebot3_gazebo
