[0.027s] Invoking command in '/home/kisangpark/lab_training/build/turtlebot3_simulations': AMENT_PREFIX_PATH=/home/kisangpark/lab_training/install/turtlebot3_fake_node:/home/kisangpark/lab_training/install/turtlebot3_msgs:/home/kisangpark/lab_training/install/turtlebot3_gazebo:${AMENT_PREFIX_PATH} CMAKE_PREFIX_PATH=/home/kisangpark/lab_training/install/turtlebot3_fake_node:/home/kisangpark/lab_training/install/turtlebot3_msgs:/home/kisangpark/lab_training/install/turtlebot3_gazebo:/opt/ros/humble LD_LIBRARY_PATH=/home/kisangpark/lab_training/install/turtlebot3_msgs/lib:${LD_LIBRARY_PATH} PYTHONPATH=/home/kisangpark/lab_training/install/turtlebot3_msgs/local/lib/python3.10/dist-packages:${PYTHONPATH} /usr/bin/cmake --build /home/kisangpark/lab_training/build/turtlebot3_simulations -- -j2 -l2
[0.119s] Invoked command in '/home/kisangpark/lab_training/build/turtlebot3_simulations' returned '0': AMENT_PREFIX_PATH=/home/kisangpark/lab_training/install/turtlebot3_fake_node:/home/kisangpark/lab_training/install/turtlebot3_msgs:/home/kisangpark/lab_training/install/turtlebot3_gazebo:${AMENT_PREFIX_PATH} CMAKE_PREFIX_PATH=/home/kisangpark/lab_training/install/turtlebot3_fake_node:/home/kisangpark/lab_training/install/turtlebot3_msgs:/home/kisangpark/lab_training/install/turtlebot3_gazebo:/opt/ros/humble LD_LIBRARY_PATH=/home/kisangpark/lab_training/install/turtlebot3_msgs/lib:${LD_LIBRARY_PATH} PYTHONPATH=/home/kisangpark/lab_training/install/turtlebot3_msgs/local/lib/python3.10/dist-packages:${PYTHONPATH} /usr/bin/cmake --build /home/kisangpark/lab_training/build/turtlebot3_simulations -- -j2 -l2
[0.133s] Invoking command in '/home/kisangpark/lab_training/build/turtlebot3_simulations': AMENT_PREFIX_PATH=/home/kisangpark/lab_training/install/turtlebot3_fake_node:/home/kisangpark/lab_training/install/turtlebot3_msgs:/home/kisangpark/lab_training/install/turtlebot3_gazebo:${AMENT_PREFIX_PATH} CMAKE_PREFIX_PATH=/home/kisangpark/lab_training/install/turtlebot3_fake_node:/home/kisangpark/lab_training/install/turtlebot3_msgs:/home/kisangpark/lab_training/install/turtlebot3_gazebo:/opt/ros/humble LD_LIBRARY_PATH=/home/kisangpark/lab_training/install/turtlebot3_msgs/lib:${LD_LIBRARY_PATH} PYTHONPATH=/home/kisangpark/lab_training/install/turtlebot3_msgs/local/lib/python3.10/dist-packages:${PYTHONPATH} /usr/bin/cmake --install /home/kisangpark/lab_training/build/turtlebot3_simulations
[0.143s] -- Install configuration: ""
[0.146s] -- Execute custom install script
[0.146s] -- Up-to-date symlink: /home/kisangpark/lab_training/install/turtlebot3_simulations/share/ament_index/resource_index/package_run_dependencies/turtlebot3_simulations
[0.148s] -- Up-to-date symlink: /home/kisangpark/lab_training/install/turtlebot3_simulations/share/ament_index/resource_index/parent_prefix_path/turtlebot3_simulations
[0.149s] -- Up-to-date symlink: /home/kisangpark/lab_training/install/turtlebot3_simulations/share/turtlebot3_simulations/environment/ament_prefix_path.sh
[0.151s] -- Up-to-date symlink: /home/kisangpark/lab_training/install/turtlebot3_simulations/share/turtlebot3_simulations/environment/ament_prefix_path.dsv
[0.151s] -- Up-to-date symlink: /home/kisangpark/lab_training/install/turtlebot3_simulations/share/turtlebot3_simulations/environment/path.sh
[0.152s] -- Up-to-date symlink: /home/kisangpark/lab_training/install/turtlebot3_simulations/share/turtlebot3_simulations/environment/path.dsv
[0.154s] -- Up-to-date symlink: /home/kisangpark/lab_training/install/turtlebot3_simulations/share/turtlebot3_simulations/local_setup.bash
[0.155s] -- Up-to-date symlink: /home/kisangpark/lab_training/install/turtlebot3_simulations/share/turtlebot3_simulations/local_setup.sh
[0.155s] -- Up-to-date symlink: /home/kisangpark/lab_training/install/turtlebot3_simulations/share/turtlebot3_simulations/local_setup.zsh
[0.156s] -- Up-to-date symlink: /home/kisangpark/lab_training/install/turtlebot3_simulations/share/turtlebot3_simulations/local_setup.dsv
[0.157s] -- Symlinking: /home/kisangpark/lab_training/install/turtlebot3_simulations/share/turtlebot3_simulations/package.dsv
[0.172s] -- Up-to-date symlink: /home/kisangpark/lab_training/install/turtlebot3_simulations/share/ament_index/resource_index/packages/turtlebot3_simulations
[0.177s] -- Up-to-date symlink: /home/kisangpark/lab_training/install/turtlebot3_simulations/share/turtlebot3_simulations/cmake/turtlebot3_simulationsConfig.cmake
[0.178s] -- Up-to-date symlink: /home/kisangpark/lab_training/install/turtlebot3_simulations/share/turtlebot3_simulations/cmake/turtlebot3_simulationsConfig-version.cmake
[0.179s] -- Up-to-date symlink: /home/kisangpark/lab_training/install/turtlebot3_simulations/share/turtlebot3_simulations/package.xml
[0.183s] Invoked command in '/home/kisangpark/lab_training/build/turtlebot3_simulations' returned '0': AMENT_PREFIX_PATH=/home/kisangpark/lab_training/install/turtlebot3_fake_node:/home/kisangpark/lab_training/install/turtlebot3_msgs:/home/kisangpark/lab_training/install/turtlebot3_gazebo:${AMENT_PREFIX_PATH} CMAKE_PREFIX_PATH=/home/kisangpark/lab_training/install/turtlebot3_fake_node:/home/kisangpark/lab_training/install/turtlebot3_msgs:/home/kisangpark/lab_training/install/turtlebot3_gazebo:/opt/ros/humble LD_LIBRARY_PATH=/home/kisangpark/lab_training/install/turtlebot3_msgs/lib:${LD_LIBRARY_PATH} PYTHONPATH=/home/kisangpark/lab_training/install/turtlebot3_msgs/local/lib/python3.10/dist-packages:${PYTHONPATH} /usr/bin/cmake --install /home/kisangpark/lab_training/build/turtlebot3_simulations
