[0.025s] Invoking command in '/home/kisangpark/lab_training/build/turtlebot3_navigation2': CMAKE_PREFIX_PATH=/opt/ros/humble /usr/bin/cmake --build /home/kisangpark/lab_training/build/turtlebot3_navigation2 -- -j2 -l2
[0.111s] Invoked command in '/home/kisangpark/lab_training/build/turtlebot3_navigation2' returned '0': CMAKE_PREFIX_PATH=/opt/ros/humble /usr/bin/cmake --build /home/kisangpark/lab_training/build/turtlebot3_navigation2 -- -j2 -l2
[0.120s] Invoking command in '/home/kisangpark/lab_training/build/turtlebot3_navigation2': CMAKE_PREFIX_PATH=/opt/ros/humble /usr/bin/cmake --install /home/kisangpark/lab_training/build/turtlebot3_navigation2
[0.147s] -- Install configuration: ""
[0.150s] -- Execute custom install script
[0.157s] -- Up-to-date symlink: /home/kisangpark/lab_training/install/turtlebot3_navigation2/share/turtlebot3_navigation2/launch/__pycache__/navigation2.launch.cpython-310.pyc
[0.160s] -- Up-to-date symlink: /home/kisangpark/lab_training/install/turtlebot3_navigation2/share/turtlebot3_navigation2/launch/navigation2.launch.py
[0.162s] -- Up-to-date symlink: /home/kisangpark/lab_training/install/turtlebot3_navigation2/share/turtlebot3_navigation2/map/map.pgm
[0.163s] -- Up-to-date symlink: /home/kisangpark/lab_training/install/turtlebot3_navigation2/share/turtlebot3_navigation2/map/map.yaml
[0.166s] -- Up-to-date symlink: /home/kisangpark/lab_training/install/turtlebot3_navigation2/share/turtlebot3_navigation2/param/burger.yaml
[0.167s] -- Up-to-date symlink: /home/kisangpark/lab_training/install/turtlebot3_navigation2/share/turtlebot3_navigation2/param/waffle.yaml
[0.168s] -- Up-to-date symlink: /home/kisangpark/lab_training/install/turtlebot3_navigation2/share/turtlebot3_navigation2/param/waffle_pi.yaml
[0.173s] -- Up-to-date symlink: /home/kisangpark/lab_training/install/turtlebot3_navigation2/share/turtlebot3_navigation2/rviz/tb3_navigation2.rviz
[0.175s] -- Up-to-date symlink: /home/kisangpark/lab_training/install/turtlebot3_navigation2/share/ament_index/resource_index/package_run_dependencies/turtlebot3_navigation2
[0.177s] -- Up-to-date symlink: /home/kisangpark/lab_training/install/turtlebot3_navigation2/share/ament_index/resource_index/parent_prefix_path/turtlebot3_navigation2
[0.179s] -- Up-to-date symlink: /home/kisangpark/lab_training/install/turtlebot3_navigation2/share/turtlebot3_navigation2/environment/ament_prefix_path.sh
[0.182s] -- Up-to-date symlink: /home/kisangpark/lab_training/install/turtlebot3_navigation2/share/turtlebot3_navigation2/environment/ament_prefix_path.dsv
[0.185s] -- Up-to-date symlink: /home/kisangpark/lab_training/install/turtlebot3_navigation2/share/turtlebot3_navigation2/environment/path.sh
[0.187s] -- Up-to-date symlink: /home/kisangpark/lab_training/install/turtlebot3_navigation2/share/turtlebot3_navigation2/environment/path.dsv
[0.191s] -- Up-to-date symlink: /home/kisangpark/lab_training/install/turtlebot3_navigation2/share/turtlebot3_navigation2/local_setup.bash
[0.192s] -- Up-to-date symlink: /home/kisangpark/lab_training/install/turtlebot3_navigation2/share/turtlebot3_navigation2/local_setup.sh
[0.196s] -- Up-to-date symlink: /home/kisangpark/lab_training/install/turtlebot3_navigation2/share/turtlebot3_navigation2/local_setup.zsh
[0.197s] -- Up-to-date symlink: /home/kisangpark/lab_training/install/turtlebot3_navigation2/share/turtlebot3_navigation2/local_setup.dsv
[0.198s] -- Symlinking: /home/kisangpark/lab_training/install/turtlebot3_navigation2/share/turtlebot3_navigation2/package.dsv
[0.231s] -- Up-to-date symlink: /home/kisangpark/lab_training/install/turtlebot3_navigation2/share/ament_index/resource_index/packages/turtlebot3_navigation2
[0.237s] -- Up-to-date symlink: /home/kisangpark/lab_training/install/turtlebot3_navigation2/share/turtlebot3_navigation2/cmake/turtlebot3_navigation2Config.cmake
[0.238s] -- Up-to-date symlink: /home/kisangpark/lab_training/install/turtlebot3_navigation2/share/turtlebot3_navigation2/cmake/turtlebot3_navigation2Config-version.cmake
[0.239s] -- Up-to-date symlink: /home/kisangpark/lab_training/install/turtlebot3_navigation2/share/turtlebot3_navigation2/package.xml
[0.249s] Invoked command in '/home/kisangpark/lab_training/build/turtlebot3_navigation2' returned '0': CMAKE_PREFIX_PATH=/opt/ros/humble /usr/bin/cmake --install /home/kisangpark/lab_training/build/turtlebot3_navigation2
