[2.247s] Invoking command in '/home/kisangpark/lab_training/src/week3': PYTHONPATH=/home/kisangpark/lab_training/build/week3/prefix_override:/usr/lib/python3/dist-packages/colcon_core/task/python/colcon_distutils_commands:/home/kisangpark/lab_training/install/week3/lib/python3.10/site-packages:${PYTHONPATH} /usr/bin/python3 -W ignore:setup.py install is deprecated -W ignore:easy_install command is deprecated setup.py egg_info --egg-base ../../build/week3 build --build-base /home/kisangpark/lab_training/build/week3/build install --record /home/kisangpark/lab_training/build/week3/install.log --single-version-externally-managed install_data
[2.742s] running egg_info
[2.788s] writing ../../build/week3/week3.egg-info/PKG-INFO
[2.789s] writing dependency_links to ../../build/week3/week3.egg-info/dependency_links.txt
[2.790s] writing entry points to ../../build/week3/week3.egg-info/entry_points.txt
[2.799s] writing requirements to ../../build/week3/week3.egg-info/requires.txt
[2.799s] writing top-level names to ../../build/week3/week3.egg-info/top_level.txt
[2.861s] reading manifest file '../../build/week3/week3.egg-info/SOURCES.txt'
[2.862s] writing manifest file '../../build/week3/week3.egg-info/SOURCES.txt'
[2.863s] running build
[2.863s] running build_py
[2.863s] copying week3/pure_pursuit.py -> /home/kisangpark/lab_training/build/week3/build/lib/week3
[2.864s] copying week3/save_costmap.py -> /home/kisangpark/lab_training/build/week3/build/lib/week3
[2.864s] copying week3/__init__.py -> /home/kisangpark/lab_training/build/week3/build/lib/week3
[2.865s] copying week3/RRT_star.py -> /home/kisangpark/lab_training/build/week3/build/lib/week3
[2.866s] running install
[2.877s] running install_lib
[2.921s] copying /home/kisangpark/lab_training/build/week3/build/lib/week3/pure_pursuit.py -> /home/kisangpark/lab_training/install/week3/lib/python3.10/site-packages/week3
[2.922s] byte-compiling /home/kisangpark/lab_training/install/week3/lib/python3.10/site-packages/week3/pure_pursuit.py to pure_pursuit.cpython-310.pyc
[2.924s] running install_data
[2.924s] copying resource/week3 -> /home/kisangpark/lab_training/install/week3/share/ament_index/resource_index/packages
[2.924s] copying package.xml -> /home/kisangpark/lab_training/install/week3/share/week3
[2.925s] running install_egg_info
[2.945s] removing '/home/kisangpark/lab_training/install/week3/lib/python3.10/site-packages/week3-0.0.0-py3.10.egg-info' (and everything under it)
[2.946s] Copying ../../build/week3/week3.egg-info to /home/kisangpark/lab_training/install/week3/lib/python3.10/site-packages/week3-0.0.0-py3.10.egg-info
[2.948s] running install_scripts
[3.290s] Installing pure_pursuit script to /home/kisangpark/lab_training/install/week3/lib/week3
[3.292s] Installing rrt_star script to /home/kisangpark/lab_training/install/week3/lib/week3
[3.293s] Installing save_costmap script to /home/kisangpark/lab_training/install/week3/lib/week3
[3.295s] writing list of installed files to '/home/kisangpark/lab_training/build/week3/install.log'
[3.361s] Invoked command in '/home/kisangpark/lab_training/src/week3' returned '0': PYTHONPATH=/home/kisangpark/lab_training/build/week3/prefix_override:/usr/lib/python3/dist-packages/colcon_core/task/python/colcon_distutils_commands:/home/kisangpark/lab_training/install/week3/lib/python3.10/site-packages:${PYTHONPATH} /usr/bin/python3 -W ignore:setup.py install is deprecated -W ignore:easy_install command is deprecated setup.py egg_info --egg-base ../../build/week3 build --build-base /home/kisangpark/lab_training/build/week3/build install --record /home/kisangpark/lab_training/build/week3/install.log --single-version-externally-managed install_data
