[0.115s] Invoking command in '/home/kisangpark/lab_training/build/turtlebot3_fake_node': AMENT_PREFIX_PATH=/home/kisangpark/lab_training/install/turtlebot3_msgs:${AMENT_PREFIX_PATH} CMAKE_PREFIX_PATH=/home/kisangpark/lab_training/install/turtlebot3_msgs:/opt/ros/humble LD_LIBRARY_PATH=/home/kisangpark/lab_training/install/turtlebot3_msgs/lib:${LD_LIBRARY_PATH} PYTHONPATH=/home/kisangpark/lab_training/install/turtlebot3_msgs/local/lib/python3.10/dist-packages:${PYTHONPATH} /usr/bin/cmake --build /home/kisangpark/lab_training/build/turtlebot3_fake_node -- -j2 -l2
[0.561s] [100%] Built target turtlebot3_fake_node
[0.628s] Invoked command in '/home/kisangpark/lab_training/build/turtlebot3_fake_node' returned '0': AMENT_PREFIX_PATH=/home/kisangpark/lab_training/install/turtlebot3_msgs:${AMENT_PREFIX_PATH} CMAKE_PREFIX_PATH=/home/kisangpark/lab_training/install/turtlebot3_msgs:/opt/ros/humble LD_LIBRARY_PATH=/home/kisangpark/lab_training/install/turtlebot3_msgs/lib:${LD_LIBRARY_PATH} PYTHONPATH=/home/kisangpark/lab_training/install/turtlebot3_msgs/local/lib/python3.10/dist-packages:${PYTHONPATH} /usr/bin/cmake --build /home/kisangpark/lab_training/build/turtlebot3_fake_node -- -j2 -l2
[0.647s] Invoking command in '/home/kisangpark/lab_training/build/turtlebot3_fake_node': AMENT_PREFIX_PATH=/home/kisangpark/lab_training/install/turtlebot3_msgs:${AMENT_PREFIX_PATH} CMAKE_PREFIX_PATH=/home/kisangpark/lab_training/install/turtlebot3_msgs:/opt/ros/humble LD_LIBRARY_PATH=/home/kisangpark/lab_training/install/turtlebot3_msgs/lib:${LD_LIBRARY_PATH} PYTHONPATH=/home/kisangpark/lab_training/install/turtlebot3_msgs/local/lib/python3.10/dist-packages:${PYTHONPATH} /usr/bin/cmake --install /home/kisangpark/lab_training/build/turtlebot3_fake_node
[0.691s] -- Install configuration: ""
[0.694s] -- Execute custom install script
[0.705s] -- Up-to-date symlink: /home/kisangpark/lab_training/install/turtlebot3_fake_node/lib/turtlebot3_fake_node/turtlebot3_fake_node
[0.719s] -- Up-to-date symlink: /home/kisangpark/lab_training/install/turtlebot3_fake_node/share/turtlebot3_fake_node/launch/rviz2.launch.py
[0.720s] -- Up-to-date symlink: /home/kisangpark/lab_training/install/turtlebot3_fake_node/share/turtlebot3_fake_node/launch/turtlebot3_fake_node.launch.py
[0.725s] -- Up-to-date symlink: /home/kisangpark/lab_training/install/turtlebot3_fake_node/share/turtlebot3_fake_node/param/burger.yaml
[0.727s] -- Up-to-date symlink: /home/kisangpark/lab_training/install/turtlebot3_fake_node/share/turtlebot3_fake_node/param/waffle.yaml
[0.733s] -- Up-to-date symlink: /home/kisangpark/lab_training/install/turtlebot3_fake_node/share/turtlebot3_fake_node/param/waffle_pi.yaml
[0.736s] -- Up-to-date symlink: /home/kisangpark/lab_training/install/turtlebot3_fake_node/include//turtlebot3_fake_node/turtlebot3_fake_node.hpp
[0.739s] -- Up-to-date symlink: /home/kisangpark/lab_training/install/turtlebot3_fake_node/share/ament_index/resource_index/package_run_dependencies/turtlebot3_fake_node
[0.743s] -- Up-to-date symlink: /home/kisangpark/lab_training/install/turtlebot3_fake_node/share/ament_index/resource_index/parent_prefix_path/turtlebot3_fake_node
[0.748s] -- Up-to-date symlink: /home/kisangpark/lab_training/install/turtlebot3_fake_node/share/turtlebot3_fake_node/environment/ament_prefix_path.sh
[0.749s] -- Up-to-date symlink: /home/kisangpark/lab_training/install/turtlebot3_fake_node/share/turtlebot3_fake_node/environment/ament_prefix_path.dsv
[0.760s] -- Up-to-date symlink: /home/kisangpark/lab_training/install/turtlebot3_fake_node/share/turtlebot3_fake_node/environment/path.sh
[0.768s] -- Up-to-date symlink: /home/kisangpark/lab_training/install/turtlebot3_fake_node/share/turtlebot3_fake_node/environment/path.dsv
[0.769s] -- Up-to-date symlink: /home/kisangpark/lab_training/install/turtlebot3_fake_node/share/turtlebot3_fake_node/local_setup.bash
[0.773s] -- Up-to-date symlink: /home/kisangpark/lab_training/install/turtlebot3_fake_node/share/turtlebot3_fake_node/local_setup.sh
[0.773s] -- Up-to-date symlink: /home/kisangpark/lab_training/install/turtlebot3_fake_node/share/turtlebot3_fake_node/local_setup.zsh
[0.778s] -- Up-to-date symlink: /home/kisangpark/lab_training/install/turtlebot3_fake_node/share/turtlebot3_fake_node/local_setup.dsv
[0.780s] -- Symlinking: /home/kisangpark/lab_training/install/turtlebot3_fake_node/share/turtlebot3_fake_node/package.dsv
[0.845s] -- Up-to-date symlink: /home/kisangpark/lab_training/install/turtlebot3_fake_node/share/ament_index/resource_index/packages/turtlebot3_fake_node
[0.851s] -- Up-to-date symlink: /home/kisangpark/lab_training/install/turtlebot3_fake_node/share/turtlebot3_fake_node/cmake/ament_cmake_export_include_directories-extras.cmake
[0.852s] -- Up-to-date symlink: /home/kisangpark/lab_training/install/turtlebot3_fake_node/share/turtlebot3_fake_node/cmake/ament_cmake_export_dependencies-extras.cmake
[0.854s] -- Up-to-date symlink: /home/kisangpark/lab_training/install/turtlebot3_fake_node/share/turtlebot3_fake_node/cmake/turtlebot3_fake_nodeConfig.cmake
[0.856s] -- Up-to-date symlink: /home/kisangpark/lab_training/install/turtlebot3_fake_node/share/turtlebot3_fake_node/cmake/turtlebot3_fake_nodeConfig-version.cmake
[0.856s] -- Up-to-date symlink: /home/kisangpark/lab_training/install/turtlebot3_fake_node/share/turtlebot3_fake_node/package.xml
[0.881s] Invoked command in '/home/kisangpark/lab_training/build/turtlebot3_fake_node' returned '0': AMENT_PREFIX_PATH=/home/kisangpark/lab_training/install/turtlebot3_msgs:${AMENT_PREFIX_PATH} CMAKE_PREFIX_PATH=/home/kisangpark/lab_training/install/turtlebot3_msgs:/opt/ros/humble LD_LIBRARY_PATH=/home/kisangpark/lab_training/install/turtlebot3_msgs/lib:${LD_LIBRARY_PATH} PYTHONPATH=/home/kisangpark/lab_training/install/turtlebot3_msgs/local/lib/python3.10/dist-packages:${PYTHONPATH} /usr/bin/cmake --install /home/kisangpark/lab_training/build/turtlebot3_fake_node
