[0.088s] Invoking command in '/home/kisangpark/lab_training/build/turtlebot3_bringup': AMENT_PREFIX_PATH=/home/kisangpark/lab_training/install/turtlebot3_node:/home/kisangpark/lab_training/install/turtlebot3_msgs:/home/kisangpark/lab_training/install/turtlebot3_description:${AMENT_PREFIX_PATH} CMAKE_PREFIX_PATH=/home/kisangpark/lab_training/install/turtlebot3_node:/home/kisangpark/lab_training/install/turtlebot3_msgs:/home/kisangpark/lab_training/install/turtlebot3_description:/opt/ros/humble LD_LIBRARY_PATH=/home/kisangpark/lab_training/install/turtlebot3_msgs/lib:${LD_LIBRARY_PATH} PYTHONPATH=/home/kisangpark/lab_training/install/turtlebot3_msgs/local/lib/python3.10/dist-packages:${PYTHONPATH} /usr/bin/cmake --build /home/kisangpark/lab_training/build/turtlebot3_bringup -- -j2 -l2
[0.294s] Invoked command in '/home/kisangpark/lab_training/build/turtlebot3_bringup' returned '0': AMENT_PREFIX_PATH=/home/kisangpark/lab_training/install/turtlebot3_node:/home/kisangpark/lab_training/install/turtlebot3_msgs:/home/kisangpark/lab_training/install/turtlebot3_description:${AMENT_PREFIX_PATH} CMAKE_PREFIX_PATH=/home/kisangpark/lab_training/install/turtlebot3_node:/home/kisangpark/lab_training/install/turtlebot3_msgs:/home/kisangpark/lab_training/install/turtlebot3_description:/opt/ros/humble LD_LIBRARY_PATH=/home/kisangpark/lab_training/install/turtlebot3_msgs/lib:${LD_LIBRARY_PATH} PYTHONPATH=/home/kisangpark/lab_training/install/turtlebot3_msgs/local/lib/python3.10/dist-packages:${PYTHONPATH} /usr/bin/cmake --build /home/kisangpark/lab_training/build/turtlebot3_bringup -- -j2 -l2
[0.309s] Invoking command in '/home/kisangpark/lab_training/build/turtlebot3_bringup': AMENT_PREFIX_PATH=/home/kisangpark/lab_training/install/turtlebot3_node:/home/kisangpark/lab_training/install/turtlebot3_msgs:/home/kisangpark/lab_training/install/turtlebot3_description:${AMENT_PREFIX_PATH} CMAKE_PREFIX_PATH=/home/kisangpark/lab_training/install/turtlebot3_node:/home/kisangpark/lab_training/install/turtlebot3_msgs:/home/kisangpark/lab_training/install/turtlebot3_description:/opt/ros/humble LD_LIBRARY_PATH=/home/kisangpark/lab_training/install/turtlebot3_msgs/lib:${LD_LIBRARY_PATH} PYTHONPATH=/home/kisangpark/lab_training/install/turtlebot3_msgs/local/lib/python3.10/dist-packages:${PYTHONPATH} /usr/bin/cmake --install /home/kisangpark/lab_training/build/turtlebot3_bringup
[0.347s] -- Install configuration: ""
[0.353s] -- Execute custom install script
[0.360s] -- Up-to-date symlink: /home/kisangpark/lab_training/install/turtlebot3_bringup/share/turtlebot3_bringup/launch/robot.launch.py
[0.367s] -- Up-to-date symlink: /home/kisangpark/lab_training/install/turtlebot3_bringup/share/turtlebot3_bringup/launch/rviz2.launch.py
[0.368s] -- Up-to-date symlink: /home/kisangpark/lab_training/install/turtlebot3_bringup/share/turtlebot3_bringup/launch/turtlebot3_state_publisher.launch.py
[0.376s] -- Up-to-date symlink: /home/kisangpark/lab_training/install/turtlebot3_bringup/share/turtlebot3_bringup/param/burger.yaml
[0.382s] -- Up-to-date symlink: /home/kisangpark/lab_training/install/turtlebot3_bringup/share/turtlebot3_bringup/param/waffle.yaml
[0.384s] -- Up-to-date symlink: /home/kisangpark/lab_training/install/turtlebot3_bringup/share/turtlebot3_bringup/param/waffle_pi.yaml
[0.392s] -- Up-to-date symlink: /home/kisangpark/lab_training/install/turtlebot3_bringup/share/turtlebot3_bringup/script/99-turtlebot3-cdc.rules
[0.393s] -- Up-to-date symlink: /home/kisangpark/lab_training/install/turtlebot3_bringup/share/turtlebot3_bringup/script/create_udev_rules
[0.408s] -- Up-to-date symlink: /home/kisangpark/lab_training/install/turtlebot3_bringup/share/ament_index/resource_index/package_run_dependencies/turtlebot3_bringup
[0.409s] -- Up-to-date symlink: /home/kisangpark/lab_training/install/turtlebot3_bringup/share/ament_index/resource_index/parent_prefix_path/turtlebot3_bringup
[0.409s] -- Up-to-date symlink: /home/kisangpark/lab_training/install/turtlebot3_bringup/share/turtlebot3_bringup/environment/ament_prefix_path.sh
[0.411s] -- Up-to-date symlink: /home/kisangpark/lab_training/install/turtlebot3_bringup/share/turtlebot3_bringup/environment/ament_prefix_path.dsv
[0.414s] -- Up-to-date symlink: /home/kisangpark/lab_training/install/turtlebot3_bringup/share/turtlebot3_bringup/environment/path.sh
[0.415s] -- Up-to-date symlink: /home/kisangpark/lab_training/install/turtlebot3_bringup/share/turtlebot3_bringup/environment/path.dsv
[0.417s] -- Up-to-date symlink: /home/kisangpark/lab_training/install/turtlebot3_bringup/share/turtlebot3_bringup/local_setup.bash
[0.422s] -- Up-to-date symlink: /home/kisangpark/lab_training/install/turtlebot3_bringup/share/turtlebot3_bringup/local_setup.sh
[0.423s] -- Up-to-date symlink: /home/kisangpark/lab_training/install/turtlebot3_bringup/share/turtlebot3_bringup/local_setup.zsh
[0.428s] -- Up-to-date symlink: /home/kisangpark/lab_training/install/turtlebot3_bringup/share/turtlebot3_bringup/local_setup.dsv
[0.429s] -- Symlinking: /home/kisangpark/lab_training/install/turtlebot3_bringup/share/turtlebot3_bringup/package.dsv
[0.507s] -- Up-to-date symlink: /home/kisangpark/lab_training/install/turtlebot3_bringup/share/ament_index/resource_index/packages/turtlebot3_bringup
[0.510s] -- Up-to-date symlink: /home/kisangpark/lab_training/install/turtlebot3_bringup/share/turtlebot3_bringup/cmake/turtlebot3_bringupConfig.cmake
[0.515s] -- Up-to-date symlink: /home/kisangpark/lab_training/install/turtlebot3_bringup/share/turtlebot3_bringup/cmake/turtlebot3_bringupConfig-version.cmake
[0.517s] -- Up-to-date symlink: /home/kisangpark/lab_training/install/turtlebot3_bringup/share/turtlebot3_bringup/package.xml
[1.681s] Invoked command in '/home/kisangpark/lab_training/build/turtlebot3_bringup' returned '0': AMENT_PREFIX_PATH=/home/kisangpark/lab_training/install/turtlebot3_node:/home/kisangpark/lab_training/install/turtlebot3_msgs:/home/kisangpark/lab_training/install/turtlebot3_description:${AMENT_PREFIX_PATH} CMAKE_PREFIX_PATH=/home/kisangpark/lab_training/install/turtlebot3_node:/home/kisangpark/lab_training/install/turtlebot3_msgs:/home/kisangpark/lab_training/install/turtlebot3_description:/opt/ros/humble LD_LIBRARY_PATH=/home/kisangpark/lab_training/install/turtlebot3_msgs/lib:${LD_LIBRARY_PATH} PYTHONPATH=/home/kisangpark/lab_training/install/turtlebot3_msgs/local/lib/python3.10/dist-packages:${PYTHONPATH} /usr/bin/cmake --install /home/kisangpark/lab_training/build/turtlebot3_bringup
