[0.075s] Invoking command in '/home/kisangpark/lab_training/build/turtlebot3_cartographer': CMAKE_PREFIX_PATH=/opt/ros/humble /usr/bin/cmake --build /home/kisangpark/lab_training/build/turtlebot3_cartographer -- -j2 -l2
[0.421s] Invoked command in '/home/kisangpark/lab_training/build/turtlebot3_cartographer' returned '0': CMAKE_PREFIX_PATH=/opt/ros/humble /usr/bin/cmake --build /home/kisangpark/lab_training/build/turtlebot3_cartographer -- -j2 -l2
[0.436s] Invoking command in '/home/kisangpark/lab_training/build/turtlebot3_cartographer': CMAKE_PREFIX_PATH=/opt/ros/humble /usr/bin/cmake --install /home/kisangpark/lab_training/build/turtlebot3_cartographer
[0.493s] -- Install configuration: ""
[0.498s] -- Execute custom install script
[0.508s] -- Up-to-date symlink: /home/kisangpark/lab_training/install/turtlebot3_cartographer/share/turtlebot3_cartographer/config/turtlebot3_lds_2d.lua
[0.510s] -- Up-to-date symlink: /home/kisangpark/lab_training/install/turtlebot3_cartographer/share/turtlebot3_cartographer/launch/cartographer.launch.py
[0.520s] -- Up-to-date symlink: /home/kisangpark/lab_training/install/turtlebot3_cartographer/share/turtlebot3_cartographer/launch/occupancy_grid.launch.py
[0.526s] -- Up-to-date symlink: /home/kisangpark/lab_training/install/turtlebot3_cartographer/share/turtlebot3_cartographer/rviz/tb3_cartographer.rviz
[0.534s] -- Up-to-date symlink: /home/kisangpark/lab_training/install/turtlebot3_cartographer/share/ament_index/resource_index/package_run_dependencies/turtlebot3_cartographer
[0.537s] -- Up-to-date symlink: /home/kisangpark/lab_training/install/turtlebot3_cartographer/share/ament_index/resource_index/parent_prefix_path/turtlebot3_cartographer
[0.543s] -- Up-to-date symlink: /home/kisangpark/lab_training/install/turtlebot3_cartographer/share/turtlebot3_cartographer/environment/ament_prefix_path.sh
[0.551s] -- Up-to-date symlink: /home/kisangpark/lab_training/install/turtlebot3_cartographer/share/turtlebot3_cartographer/environment/ament_prefix_path.dsv
[0.562s] -- Up-to-date symlink: /home/kisangpark/lab_training/install/turtlebot3_cartographer/share/turtlebot3_cartographer/environment/path.sh
[0.564s] -- Up-to-date symlink: /home/kisangpark/lab_training/install/turtlebot3_cartographer/share/turtlebot3_cartographer/environment/path.dsv
[0.567s] -- Up-to-date symlink: /home/kisangpark/lab_training/install/turtlebot3_cartographer/share/turtlebot3_cartographer/local_setup.bash
[0.575s] -- Up-to-date symlink: /home/kisangpark/lab_training/install/turtlebot3_cartographer/share/turtlebot3_cartographer/local_setup.sh
[0.580s] -- Up-to-date symlink: /home/kisangpark/lab_training/install/turtlebot3_cartographer/share/turtlebot3_cartographer/local_setup.zsh
[0.589s] -- Up-to-date symlink: /home/kisangpark/lab_training/install/turtlebot3_cartographer/share/turtlebot3_cartographer/local_setup.dsv
[0.593s] -- Symlinking: /home/kisangpark/lab_training/install/turtlebot3_cartographer/share/turtlebot3_cartographer/package.dsv
[0.675s] -- Up-to-date symlink: /home/kisangpark/lab_training/install/turtlebot3_cartographer/share/ament_index/resource_index/packages/turtlebot3_cartographer
[0.679s] -- Up-to-date symlink: /home/kisangpark/lab_training/install/turtlebot3_cartographer/share/turtlebot3_cartographer/cmake/turtlebot3_cartographerConfig.cmake
[0.684s] -- Up-to-date symlink: /home/kisangpark/lab_training/install/turtlebot3_cartographer/share/turtlebot3_cartographer/cmake/turtlebot3_cartographerConfig-version.cmake
[0.685s] -- Up-to-date symlink: /home/kisangpark/lab_training/install/turtlebot3_cartographer/share/turtlebot3_cartographer/package.xml
[0.711s] Invoked command in '/home/kisangpark/lab_training/build/turtlebot3_cartographer' returned '0': CMAKE_PREFIX_PATH=/opt/ros/humble /usr/bin/cmake --install /home/kisangpark/lab_training/build/turtlebot3_cartographer
