[4.142s] Invoking command in '/home/kisangpark/lab_training/src/week3': PYTHONPATH=/home/kisangpark/lab_training/build/week3/prefix_override:/usr/lib/python3/dist-packages/colcon_core/task/python/colcon_distutils_commands:/home/kisangpark/lab_training/install/week3/lib/python3.10/site-packages:${PYTHONPATH} /usr/bin/python3 -W ignore:setup.py install is deprecated -W ignore:easy_install command is deprecated setup.py egg_info --egg-base ../../build/week3 build --build-base /home/kisangpark/lab_training/build/week3/build install --record /home/kisangpark/lab_training/build/week3/install.log --single-version-externally-managed install_data
[5.404s] running egg_info
[5.473s] writing ../../build/week3/week3.egg-info/PKG-INFO
[5.476s] writing dependency_links to ../../build/week3/week3.egg-info/dependency_links.txt
[5.481s] writing entry points to ../../build/week3/week3.egg-info/entry_points.txt
[5.482s] writing requirements to ../../build/week3/week3.egg-info/requires.txt
[5.483s] writing top-level names to ../../build/week3/week3.egg-info/top_level.txt
[5.650s] reading manifest file '../../build/week3/week3.egg-info/SOURCES.txt'
[5.654s] writing manifest file '../../build/week3/week3.egg-info/SOURCES.txt'
[5.657s] running build
[5.658s] running build_py
[5.658s] copying week3/RRT_star_2.py -> /home/kisangpark/lab_training/build/week3/build/lib/week3
[5.659s] copying week3/pure_pursuit.py -> /home/kisangpark/lab_training/build/week3/build/lib/week3
[5.659s] copying week3/save_costmap.py -> /home/kisangpark/lab_training/build/week3/build/lib/week3
[5.660s] copying week3/__init__.py -> /home/kisangpark/lab_training/build/week3/build/lib/week3
[5.661s] copying week3/RRT_star.py -> /home/kisangpark/lab_training/build/week3/build/lib/week3
[5.662s] running install
[5.684s] running install_lib
[5.774s] copying /home/kisangpark/lab_training/build/week3/build/lib/week3/RRT_star_2.py -> /home/kisangpark/lab_training/install/week3/lib/python3.10/site-packages/week3
[5.777s] byte-compiling /home/kisangpark/lab_training/install/week3/lib/python3.10/site-packages/week3/RRT_star_2.py to RRT_star_2.cpython-310.pyc
[5.786s] running install_data
[5.787s] copying resource/week3 -> /home/kisangpark/lab_training/install/week3/share/ament_index/resource_index/packages
[5.788s] copying package.xml -> /home/kisangpark/lab_training/install/week3/share/week3
[5.788s] copying launch/turtlebot.launch.py -> /home/kisangpark/lab_training/install/week3/share/week3/launch
[5.789s] running install_egg_info
[5.877s] removing '/home/kisangpark/lab_training/install/week3/lib/python3.10/site-packages/week3-0.0.0-py3.10.egg-info' (and everything under it)
[5.881s] Copying ../../build/week3/week3.egg-info to /home/kisangpark/lab_training/install/week3/lib/python3.10/site-packages/week3-0.0.0-py3.10.egg-info
[5.882s] running install_scripts
[6.579s] Installing pure_pursuit script to /home/kisangpark/lab_training/install/week3/lib/week3
[6.580s] Installing rrt_star script to /home/kisangpark/lab_training/install/week3/lib/week3
[6.582s] Installing rrt_star_2 script to /home/kisangpark/lab_training/install/week3/lib/week3
[6.583s] Installing save_costmap script to /home/kisangpark/lab_training/install/week3/lib/week3
[6.585s] writing list of installed files to '/home/kisangpark/lab_training/build/week3/install.log'
[6.704s] Invoked command in '/home/kisangpark/lab_training/src/week3' returned '0': PYTHONPATH=/home/kisangpark/lab_training/build/week3/prefix_override:/usr/lib/python3/dist-packages/colcon_core/task/python/colcon_distutils_commands:/home/kisangpark/lab_training/install/week3/lib/python3.10/site-packages:${PYTHONPATH} /usr/bin/python3 -W ignore:setup.py install is deprecated -W ignore:easy_install command is deprecated setup.py egg_info --egg-base ../../build/week3 build --build-base /home/kisangpark/lab_training/build/week3/build install --record /home/kisangpark/lab_training/build/week3/install.log --single-version-externally-managed install_data
