[6.065s] Invoking command in '/home/kisangpark/lab_training/src/week3': PYTHONPATH=/home/kisangpark/lab_training/build/week3/prefix_override:/usr/lib/python3/dist-packages/colcon_core/task/python/colcon_distutils_commands:/home/kisangpark/lab_training/install/week3/lib/python3.10/site-packages:${PYTHONPATH} /usr/bin/python3 -W ignore:setup.py install is deprecated -W ignore:easy_install command is deprecated setup.py egg_info --egg-base ../../build/week3 build --build-base /home/kisangpark/lab_training/build/week3/build install --record /home/kisangpark/lab_training/build/week3/install.log --single-version-externally-managed install_data
[7.284s] running egg_info
[7.357s] writing ../../build/week3/week3.egg-info/PKG-INFO
[7.372s] writing dependency_links to ../../build/week3/week3.egg-info/dependency_links.txt
[7.374s] writing entry points to ../../build/week3/week3.egg-info/entry_points.txt
[7.375s] writing requirements to ../../build/week3/week3.egg-info/requires.txt
[7.376s] writing top-level names to ../../build/week3/week3.egg-info/top_level.txt
[7.547s] reading manifest file '../../build/week3/week3.egg-info/SOURCES.txt'
[7.552s] writing manifest file '../../build/week3/week3.egg-info/SOURCES.txt'
[7.554s] running build
[7.554s] running build_py
[7.563s] copying week3/RRT_star_2.py -> /home/kisangpark/lab_training/build/week3/build/lib/week3
[7.565s] copying week3/pure_pursuit.py -> /home/kisangpark/lab_training/build/week3/build/lib/week3
[7.565s] copying week3/save_costmap.py -> /home/kisangpark/lab_training/build/week3/build/lib/week3
[7.567s] copying week3/rrt_debug.py -> /home/kisangpark/lab_training/build/week3/build/lib/week3
[7.568s] copying week3/__init__.py -> /home/kisangpark/lab_training/build/week3/build/lib/week3
[7.569s] copying week3/RRT_star.py -> /home/kisangpark/lab_training/build/week3/build/lib/week3
[7.572s] running install
[7.605s] running install_lib
[7.701s] copying /home/kisangpark/lab_training/build/week3/build/lib/week3/rrt_debug.py -> /home/kisangpark/lab_training/install/week3/lib/python3.10/site-packages/week3
[7.707s] byte-compiling /home/kisangpark/lab_training/install/week3/lib/python3.10/site-packages/week3/rrt_debug.py to rrt_debug.cpython-310.pyc
[7.722s]   File "/home/kisangpark/lab_training/install/week3/lib/python3.10/site-packages/week3/rrt_debug.py", line 221
[7.723s]     cv2.line(rgb_img, new_node.point, nearest.point, (,255,0), 2)
[7.723s]                                                       ^
[7.724s] SyntaxError: invalid syntax
[7.724s] 
[7.725s] running install_data
[7.729s] copying resource/week3 -> /home/kisangpark/lab_training/install/week3/share/ament_index/resource_index/packages
[7.729s] copying package.xml -> /home/kisangpark/lab_training/install/week3/share/week3
[7.733s] copying launch/turtlebot.launch.py -> /home/kisangpark/lab_training/install/week3/share/week3/launch
[7.738s] running install_egg_info
[7.813s] removing '/home/kisangpark/lab_training/install/week3/lib/python3.10/site-packages/week3-0.0.0-py3.10.egg-info' (and everything under it)
[7.815s] Copying ../../build/week3/week3.egg-info to /home/kisangpark/lab_training/install/week3/lib/python3.10/site-packages/week3-0.0.0-py3.10.egg-info
[7.822s] running install_scripts
[8.584s] Installing pure_pursuit script to /home/kisangpark/lab_training/install/week3/lib/week3
[8.599s] Installing rrt_debug script to /home/kisangpark/lab_training/install/week3/lib/week3
[8.601s] Installing rrt_star script to /home/kisangpark/lab_training/install/week3/lib/week3
[8.602s] Installing rrt_star_2 script to /home/kisangpark/lab_training/install/week3/lib/week3
[8.603s] Installing save_costmap script to /home/kisangpark/lab_training/install/week3/lib/week3
[8.606s] writing list of installed files to '/home/kisangpark/lab_training/build/week3/install.log'
[8.727s] Invoked command in '/home/kisangpark/lab_training/src/week3' returned '0': PYTHONPATH=/home/kisangpark/lab_training/build/week3/prefix_override:/usr/lib/python3/dist-packages/colcon_core/task/python/colcon_distutils_commands:/home/kisangpark/lab_training/install/week3/lib/python3.10/site-packages:${PYTHONPATH} /usr/bin/python3 -W ignore:setup.py install is deprecated -W ignore:easy_install command is deprecated setup.py egg_info --egg-base ../../build/week3 build --build-base /home/kisangpark/lab_training/build/week3/build install --record /home/kisangpark/lab_training/build/week3/install.log --single-version-externally-managed install_data
