[3.640s] Invoking command in '/home/kisangpark/lab_training/build/turtlebot3_teleop': PYTHONPATH=/home/kisangpark/lab_training/build/turtlebot3_teleop/prefix_override:/usr/lib/python3/dist-packages/colcon_core/task/python/colcon_distutils_commands:/home/kisangpark/lab_training/install/turtlebot3_teleop/lib/python3.10/site-packages:${PYTHONPATH} /usr/bin/python3 -W ignore:setup.py install is deprecated -W ignore:easy_install command is deprecated setup.py develop --editable --build-directory /home/kisangpark/lab_training/build/turtlebot3_teleop/build --no-deps symlink_data
[4.629s] running develop
[5.281s] running egg_info
[5.283s] creating turtlebot3_teleop.egg-info
[5.357s] writing turtlebot3_teleop.egg-info/PKG-INFO
[5.358s] writing dependency_links to turtlebot3_teleop.egg-info/dependency_links.txt
[5.360s] writing entry points to turtlebot3_teleop.egg-info/entry_points.txt
[5.361s] writing requirements to turtlebot3_teleop.egg-info/requires.txt
[5.361s] writing top-level names to turtlebot3_teleop.egg-info/top_level.txt
[5.362s] writing manifest file 'turtlebot3_teleop.egg-info/SOURCES.txt'
[5.429s] reading manifest file 'turtlebot3_teleop.egg-info/SOURCES.txt'
[5.432s] writing manifest file 'turtlebot3_teleop.egg-info/SOURCES.txt'
[5.498s] running build_ext
[5.498s] Creating /home/kisangpark/lab_training/install/turtlebot3_teleop/lib/python3.10/site-packages/turtlebot3-teleop.egg-link (link to .)
[5.504s] Installing teleop_keyboard script to /home/kisangpark/lab_training/install/turtlebot3_teleop/lib/turtlebot3_teleop
[5.504s] 
[5.505s] Installed /home/kisangpark/lab_training/build/turtlebot3_teleop
[5.507s] running symlink_data
[5.508s] creating /home/kisangpark/lab_training/install/turtlebot3_teleop/share/ament_index
[5.509s] creating /home/kisangpark/lab_training/install/turtlebot3_teleop/share/ament_index/resource_index
[5.515s] creating /home/kisangpark/lab_training/install/turtlebot3_teleop/share/ament_index/resource_index/packages
[5.515s] symbolically linking /home/kisangpark/lab_training/build/turtlebot3_teleop/resource/turtlebot3_teleop -> /home/kisangpark/lab_training/install/turtlebot3_teleop/share/ament_index/resource_index/packages
[5.518s] symbolically linking /home/kisangpark/lab_training/build/turtlebot3_teleop/package.xml -> /home/kisangpark/lab_training/install/turtlebot3_teleop/share/turtlebot3_teleop
[5.624s] Invoked command in '/home/kisangpark/lab_training/build/turtlebot3_teleop' returned '0': PYTHONPATH=/home/kisangpark/lab_training/build/turtlebot3_teleop/prefix_override:/usr/lib/python3/dist-packages/colcon_core/task/python/colcon_distutils_commands:/home/kisangpark/lab_training/install/turtlebot3_teleop/lib/python3.10/site-packages:${PYTHONPATH} /usr/bin/python3 -W ignore:setup.py install is deprecated -W ignore:easy_install command is deprecated setup.py develop --editable --build-directory /home/kisangpark/lab_training/build/turtlebot3_teleop/build --no-deps symlink_data
