[0.166s] Invoking command in '/home/kisangpark/lab_training/build/turtlebot3_msgs': CMAKE_PREFIX_PATH=${CMAKE_PREFIX_PATH}:/home/kisangpark/lab_training/install/week3:/home/kisangpark/lab_training/install/turtlebot3_teleop:/home/kisangpark/lab_training/install/turtlebot3_example:/home/kisangpark/lab_training/install/SLAM:/opt/ros/humble /usr/bin/cmake --build /home/kisangpark/lab_training/build/turtlebot3_msgs -- -j2 -l2
[0.496s] [  1%] Built target turtlebot3_msgs__cpp
[0.685s] [ 12%] Built target turtlebot3_msgs__rosidl_generator_c
[0.964s] [ 12%] Built target ament_cmake_python_symlink_turtlebot3_msgs
[1.181s] [ 23%] Built target turtlebot3_msgs__rosidl_typesupport_cpp
[1.351s] [ 35%] Built target turtlebot3_msgs__rosidl_typesupport_fastrtps_c
[1.541s] [ 46%] Built target turtlebot3_msgs__rosidl_typesupport_fastrtps_cpp
[1.740s] [ 57%] Built target turtlebot3_msgs__rosidl_typesupport_introspection_c
[1.944s] [ 69%] Built target turtlebot3_msgs__rosidl_typesupport_c
[2.103s] [ 80%] Built target turtlebot3_msgs__rosidl_typesupport_introspection_cpp
[4.954s] running egg_info
[5.191s] writing turtlebot3_msgs.egg-info/PKG-INFO
[5.201s] writing dependency_links to turtlebot3_msgs.egg-info/dependency_links.txt
[5.212s] writing top-level names to turtlebot3_msgs.egg-info/top_level.txt
[5.801s] reading manifest file 'turtlebot3_msgs.egg-info/SOURCES.txt'
[5.819s] writing manifest file 'turtlebot3_msgs.egg-info/SOURCES.txt'
[6.112s] [ 80%] Built target ament_cmake_python_build_turtlebot3_msgs_egg
[6.346s] [ 80%] Built target turtlebot3_msgs
[6.595s] [ 81%] Built target turtlebot3_msgs__py
[6.864s] [ 91%] Built target turtlebot3_msgs__rosidl_generator_py
[7.032s] [ 94%] Built target turtlebot3_msgs__rosidl_typesupport_fastrtps_c__pyext
[7.227s] [ 97%] Built target turtlebot3_msgs__rosidl_typesupport_introspection_c__pyext
[7.381s] [100%] Built target turtlebot3_msgs__rosidl_typesupport_c__pyext
[7.448s] Invoked command in '/home/kisangpark/lab_training/build/turtlebot3_msgs' returned '0': CMAKE_PREFIX_PATH=${CMAKE_PREFIX_PATH}:/home/kisangpark/lab_training/install/week3:/home/kisangpark/lab_training/install/turtlebot3_teleop:/home/kisangpark/lab_training/install/turtlebot3_example:/home/kisangpark/lab_training/install/SLAM:/opt/ros/humble /usr/bin/cmake --build /home/kisangpark/lab_training/build/turtlebot3_msgs -- -j2 -l2
[7.467s] Invoking command in '/home/kisangpark/lab_training/build/turtlebot3_msgs': CMAKE_PREFIX_PATH=${CMAKE_PREFIX_PATH}:/home/kisangpark/lab_training/install/week3:/home/kisangpark/lab_training/install/turtlebot3_teleop:/home/kisangpark/lab_training/install/turtlebot3_example:/home/kisangpark/lab_training/install/SLAM:/opt/ros/humble /usr/bin/cmake --install /home/kisangpark/lab_training/build/turtlebot3_msgs
[7.559s] -- Install configuration: ""
[7.564s] -- Execute custom install script
[7.565s] -- Up-to-date symlink: /home/kisangpark/lab_training/install/turtlebot3_msgs/share/ament_index/resource_index/rosidl_interfaces/turtlebot3_msgs
[7.577s] -- Up-to-date symlink: /home/kisangpark/lab_training/install/turtlebot3_msgs/include/turtlebot3_msgs/turtlebot3_msgs/action/detail/patrol__functions.h
[7.585s] -- Up-to-date symlink: /home/kisangpark/lab_training/install/turtlebot3_msgs/include/turtlebot3_msgs/turtlebot3_msgs/action/detail/patrol__struct.h
[7.586s] -- Up-to-date symlink: /home/kisangpark/lab_training/install/turtlebot3_msgs/include/turtlebot3_msgs/turtlebot3_msgs/action/detail/patrol__type_support.h
[7.586s] -- Up-to-date symlink: /home/kisangpark/lab_training/install/turtlebot3_msgs/include/turtlebot3_msgs/turtlebot3_msgs/action/patrol.h
[7.593s] -- Up-to-date symlink: /home/kisangpark/lab_training/install/turtlebot3_msgs/include/turtlebot3_msgs/turtlebot3_msgs/msg/detail/sensor_state__functions.h
[7.593s] -- Up-to-date symlink: /home/kisangpark/lab_training/install/turtlebot3_msgs/include/turtlebot3_msgs/turtlebot3_msgs/msg/detail/sensor_state__struct.h
[7.593s] -- Up-to-date symlink: /home/kisangpark/lab_training/install/turtlebot3_msgs/include/turtlebot3_msgs/turtlebot3_msgs/msg/detail/sensor_state__type_support.h
[7.595s] -- Up-to-date symlink: /home/kisangpark/lab_training/install/turtlebot3_msgs/include/turtlebot3_msgs/turtlebot3_msgs/msg/detail/sound__functions.h
[7.598s] -- Up-to-date symlink: /home/kisangpark/lab_training/install/turtlebot3_msgs/include/turtlebot3_msgs/turtlebot3_msgs/msg/detail/sound__struct.h
[7.599s] -- Up-to-date symlink: /home/kisangpark/lab_training/install/turtlebot3_msgs/include/turtlebot3_msgs/turtlebot3_msgs/msg/detail/sound__type_support.h
[7.600s] -- Up-to-date symlink: /home/kisangpark/lab_training/install/turtlebot3_msgs/include/turtlebot3_msgs/turtlebot3_msgs/msg/detail/version_info__functions.h
[7.604s] -- Up-to-date symlink: /home/kisangpark/lab_training/install/turtlebot3_msgs/include/turtlebot3_msgs/turtlebot3_msgs/msg/detail/version_info__struct.h
[7.608s] -- Up-to-date symlink: /home/kisangpark/lab_training/install/turtlebot3_msgs/include/turtlebot3_msgs/turtlebot3_msgs/msg/detail/version_info__type_support.h
[7.610s] -- Up-to-date symlink: /home/kisangpark/lab_training/install/turtlebot3_msgs/include/turtlebot3_msgs/turtlebot3_msgs/msg/rosidl_generator_c__visibility_control.h
[7.610s] -- Up-to-date symlink: /home/kisangpark/lab_training/install/turtlebot3_msgs/include/turtlebot3_msgs/turtlebot3_msgs/msg/sensor_state.h
[7.610s] -- Up-to-date symlink: /home/kisangpark/lab_training/install/turtlebot3_msgs/include/turtlebot3_msgs/turtlebot3_msgs/msg/sound.h
[7.615s] -- Up-to-date symlink: /home/kisangpark/lab_training/install/turtlebot3_msgs/include/turtlebot3_msgs/turtlebot3_msgs/msg/version_info.h
[7.617s] -- Up-to-date symlink: /home/kisangpark/lab_training/install/turtlebot3_msgs/include/turtlebot3_msgs/turtlebot3_msgs/srv/detail/dqn__functions.h
[7.618s] -- Up-to-date symlink: /home/kisangpark/lab_training/install/turtlebot3_msgs/include/turtlebot3_msgs/turtlebot3_msgs/srv/detail/dqn__struct.h
[7.622s] -- Up-to-date symlink: /home/kisangpark/lab_training/install/turtlebot3_msgs/include/turtlebot3_msgs/turtlebot3_msgs/srv/detail/dqn__type_support.h
[7.624s] -- Up-to-date symlink: /home/kisangpark/lab_training/install/turtlebot3_msgs/include/turtlebot3_msgs/turtlebot3_msgs/srv/detail/sound__functions.h
[7.626s] -- Up-to-date symlink: /home/kisangpark/lab_training/install/turtlebot3_msgs/include/turtlebot3_msgs/turtlebot3_msgs/srv/detail/sound__struct.h
[7.629s] -- Up-to-date symlink: /home/kisangpark/lab_training/install/turtlebot3_msgs/include/turtlebot3_msgs/turtlebot3_msgs/srv/detail/sound__type_support.h
[7.629s] -- Up-to-date symlink: /home/kisangpark/lab_training/install/turtlebot3_msgs/include/turtlebot3_msgs/turtlebot3_msgs/srv/dqn.h
[7.632s] -- Up-to-date symlink: /home/kisangpark/lab_training/install/turtlebot3_msgs/include/turtlebot3_msgs/turtlebot3_msgs/srv/sound.h
[7.639s] -- Up-to-date symlink: /home/kisangpark/lab_training/install/turtlebot3_msgs/share/turtlebot3_msgs/environment/library_path.sh
[7.644s] -- Up-to-date symlink: /home/kisangpark/lab_training/install/turtlebot3_msgs/share/turtlebot3_msgs/environment/library_path.dsv
[7.645s] -- Up-to-date symlink: /home/kisangpark/lab_training/install/turtlebot3_msgs/include/turtlebot3_msgs/turtlebot3_msgs/action/detail/patrol__rosidl_typesupport_fastrtps_c.h
[7.648s] -- Up-to-date symlink: /home/kisangpark/lab_training/install/turtlebot3_msgs/include/turtlebot3_msgs/turtlebot3_msgs/msg/detail/sensor_state__rosidl_typesupport_fastrtps_c.h
[7.650s] -- Up-to-date symlink: /home/kisangpark/lab_training/install/turtlebot3_msgs/include/turtlebot3_msgs/turtlebot3_msgs/msg/detail/sound__rosidl_typesupport_fastrtps_c.h
[7.650s] -- Up-to-date symlink: /home/kisangpark/lab_training/install/turtlebot3_msgs/include/turtlebot3_msgs/turtlebot3_msgs/msg/detail/version_info__rosidl_typesupport_fastrtps_c.h
[7.654s] -- Up-to-date symlink: /home/kisangpark/lab_training/install/turtlebot3_msgs/include/turtlebot3_msgs/turtlebot3_msgs/msg/rosidl_typesupport_fastrtps_c__visibility_control.h
[7.663s] -- Up-to-date symlink: /home/kisangpark/lab_training/install/turtlebot3_msgs/include/turtlebot3_msgs/turtlebot3_msgs/srv/detail/dqn__rosidl_typesupport_fastrtps_c.h
[7.664s] -- Up-to-date symlink: /home/kisangpark/lab_training/install/turtlebot3_msgs/include/turtlebot3_msgs/turtlebot3_msgs/srv/detail/sound__rosidl_typesupport_fastrtps_c.h
[7.667s] -- Up-to-date symlink: /home/kisangpark/lab_training/install/turtlebot3_msgs/include/turtlebot3_msgs/turtlebot3_msgs/action/detail/patrol__builder.hpp
[7.670s] -- Up-to-date symlink: /home/kisangpark/lab_training/install/turtlebot3_msgs/include/turtlebot3_msgs/turtlebot3_msgs/action/detail/patrol__struct.hpp
[7.675s] -- Up-to-date symlink: /home/kisangpark/lab_training/install/turtlebot3_msgs/include/turtlebot3_msgs/turtlebot3_msgs/action/detail/patrol__traits.hpp
[7.680s] -- Up-to-date symlink: /home/kisangpark/lab_training/install/turtlebot3_msgs/include/turtlebot3_msgs/turtlebot3_msgs/action/patrol.hpp
[7.686s] -- Up-to-date symlink: /home/kisangpark/lab_training/install/turtlebot3_msgs/include/turtlebot3_msgs/turtlebot3_msgs/msg/detail/sensor_state__builder.hpp
[7.686s] -- Up-to-date symlink: /home/kisangpark/lab_training/install/turtlebot3_msgs/include/turtlebot3_msgs/turtlebot3_msgs/msg/detail/sensor_state__struct.hpp
[7.689s] -- Up-to-date symlink: /home/kisangpark/lab_training/install/turtlebot3_msgs/include/turtlebot3_msgs/turtlebot3_msgs/msg/detail/sensor_state__traits.hpp
[7.694s] -- Up-to-date symlink: /home/kisangpark/lab_training/install/turtlebot3_msgs/include/turtlebot3_msgs/turtlebot3_msgs/msg/detail/sound__builder.hpp
[7.695s] -- Up-to-date symlink: /home/kisangpark/lab_training/install/turtlebot3_msgs/include/turtlebot3_msgs/turtlebot3_msgs/msg/detail/sound__struct.hpp
[7.697s] -- Up-to-date symlink: /home/kisangpark/lab_training/install/turtlebot3_msgs/include/turtlebot3_msgs/turtlebot3_msgs/msg/detail/sound__traits.hpp
[7.698s] -- Up-to-date symlink: /home/kisangpark/lab_training/install/turtlebot3_msgs/include/turtlebot3_msgs/turtlebot3_msgs/msg/detail/version_info__builder.hpp
[7.701s] -- Up-to-date symlink: /home/kisangpark/lab_training/install/turtlebot3_msgs/include/turtlebot3_msgs/turtlebot3_msgs/msg/detail/version_info__struct.hpp
[7.701s] -- Up-to-date symlink: /home/kisangpark/lab_training/install/turtlebot3_msgs/include/turtlebot3_msgs/turtlebot3_msgs/msg/detail/version_info__traits.hpp
[7.703s] -- Up-to-date symlink: /home/kisangpark/lab_training/install/turtlebot3_msgs/include/turtlebot3_msgs/turtlebot3_msgs/msg/sensor_state.hpp
[7.706s] -- Up-to-date symlink: /home/kisangpark/lab_training/install/turtlebot3_msgs/include/turtlebot3_msgs/turtlebot3_msgs/msg/sound.hpp
[7.708s] -- Up-to-date symlink: /home/kisangpark/lab_training/install/turtlebot3_msgs/include/turtlebot3_msgs/turtlebot3_msgs/msg/version_info.hpp
[7.711s] -- Up-to-date symlink: /home/kisangpark/lab_training/install/turtlebot3_msgs/include/turtlebot3_msgs/turtlebot3_msgs/srv/detail/dqn__builder.hpp
[7.712s] -- Up-to-date symlink: /home/kisangpark/lab_training/install/turtlebot3_msgs/include/turtlebot3_msgs/turtlebot3_msgs/srv/detail/dqn__struct.hpp
[7.714s] -- Up-to-date symlink: /home/kisangpark/lab_training/install/turtlebot3_msgs/include/turtlebot3_msgs/turtlebot3_msgs/srv/detail/dqn__traits.hpp
[7.717s] -- Up-to-date symlink: /home/kisangpark/lab_training/install/turtlebot3_msgs/include/turtlebot3_msgs/turtlebot3_msgs/srv/detail/sound__builder.hpp
[7.718s] -- Up-to-date symlink: /home/kisangpark/lab_training/install/turtlebot3_msgs/include/turtlebot3_msgs/turtlebot3_msgs/srv/detail/sound__struct.hpp
[7.718s] -- Up-to-date symlink: /home/kisangpark/lab_training/install/turtlebot3_msgs/include/turtlebot3_msgs/turtlebot3_msgs/srv/detail/sound__traits.hpp
[7.721s] -- Up-to-date symlink: /home/kisangpark/lab_training/install/turtlebot3_msgs/include/turtlebot3_msgs/turtlebot3_msgs/srv/dqn.hpp
[7.721s] -- Up-to-date symlink: /home/kisangpark/lab_training/install/turtlebot3_msgs/include/turtlebot3_msgs/turtlebot3_msgs/srv/sound.hpp
[7.728s] -- Up-to-date symlink: /home/kisangpark/lab_training/install/turtlebot3_msgs/include/turtlebot3_msgs/turtlebot3_msgs/action/detail/patrol__rosidl_typesupport_fastrtps_cpp.hpp
[7.731s] -- Up-to-date symlink: /home/kisangpark/lab_training/install/turtlebot3_msgs/include/turtlebot3_msgs/turtlebot3_msgs/msg/detail/sensor_state__rosidl_typesupport_fastrtps_cpp.hpp
[7.731s] -- Up-to-date symlink: /home/kisangpark/lab_training/install/turtlebot3_msgs/include/turtlebot3_msgs/turtlebot3_msgs/msg/detail/sound__rosidl_typesupport_fastrtps_cpp.hpp
[7.735s] -- Up-to-date symlink: /home/kisangpark/lab_training/install/turtlebot3_msgs/include/turtlebot3_msgs/turtlebot3_msgs/msg/detail/version_info__rosidl_typesupport_fastrtps_cpp.hpp
[7.736s] -- Up-to-date symlink: /home/kisangpark/lab_training/install/turtlebot3_msgs/include/turtlebot3_msgs/turtlebot3_msgs/msg/rosidl_typesupport_fastrtps_cpp__visibility_control.h
[7.738s] -- Up-to-date symlink: /home/kisangpark/lab_training/install/turtlebot3_msgs/include/turtlebot3_msgs/turtlebot3_msgs/srv/detail/dqn__rosidl_typesupport_fastrtps_cpp.hpp
[7.740s] -- Up-to-date symlink: /home/kisangpark/lab_training/install/turtlebot3_msgs/include/turtlebot3_msgs/turtlebot3_msgs/srv/detail/sound__rosidl_typesupport_fastrtps_cpp.hpp
[7.745s] -- Up-to-date symlink: /home/kisangpark/lab_training/install/turtlebot3_msgs/include/turtlebot3_msgs/turtlebot3_msgs/action/detail/patrol__rosidl_typesupport_introspection_c.h
[7.749s] -- Up-to-date symlink: /home/kisangpark/lab_training/install/turtlebot3_msgs/include/turtlebot3_msgs/turtlebot3_msgs/msg/detail/sensor_state__rosidl_typesupport_introspection_c.h
[7.754s] -- Up-to-date symlink: /home/kisangpark/lab_training/install/turtlebot3_msgs/include/turtlebot3_msgs/turtlebot3_msgs/msg/detail/sound__rosidl_typesupport_introspection_c.h
[7.754s] -- Up-to-date symlink: /home/kisangpark/lab_training/install/turtlebot3_msgs/include/turtlebot3_msgs/turtlebot3_msgs/msg/detail/version_info__rosidl_typesupport_introspection_c.h
[7.761s] -- Up-to-date symlink: /home/kisangpark/lab_training/install/turtlebot3_msgs/include/turtlebot3_msgs/turtlebot3_msgs/msg/rosidl_typesupport_introspection_c__visibility_control.h
[7.761s] -- Up-to-date symlink: /home/kisangpark/lab_training/install/turtlebot3_msgs/include/turtlebot3_msgs/turtlebot3_msgs/srv/detail/dqn__rosidl_typesupport_introspection_c.h
[7.761s] -- Up-to-date symlink: /home/kisangpark/lab_training/install/turtlebot3_msgs/include/turtlebot3_msgs/turtlebot3_msgs/srv/detail/sound__rosidl_typesupport_introspection_c.h
[7.770s] -- Up-to-date symlink: /home/kisangpark/lab_training/install/turtlebot3_msgs/include/turtlebot3_msgs/turtlebot3_msgs/action/detail/patrol__rosidl_typesupport_introspection_cpp.hpp
[7.771s] -- Up-to-date symlink: /home/kisangpark/lab_training/install/turtlebot3_msgs/include/turtlebot3_msgs/turtlebot3_msgs/msg/detail/sensor_state__rosidl_typesupport_introspection_cpp.hpp
[7.774s] -- Up-to-date symlink: /home/kisangpark/lab_training/install/turtlebot3_msgs/include/turtlebot3_msgs/turtlebot3_msgs/msg/detail/sound__rosidl_typesupport_introspection_cpp.hpp
[7.774s] -- Up-to-date symlink: /home/kisangpark/lab_training/install/turtlebot3_msgs/include/turtlebot3_msgs/turtlebot3_msgs/msg/detail/version_info__rosidl_typesupport_introspection_cpp.hpp
[7.778s] -- Up-to-date symlink: /home/kisangpark/lab_training/install/turtlebot3_msgs/include/turtlebot3_msgs/turtlebot3_msgs/srv/detail/dqn__rosidl_typesupport_introspection_cpp.hpp
[7.785s] -- Up-to-date symlink: /home/kisangpark/lab_training/install/turtlebot3_msgs/include/turtlebot3_msgs/turtlebot3_msgs/srv/detail/sound__rosidl_typesupport_introspection_cpp.hpp
[7.788s] -- Up-to-date symlink: /home/kisangpark/lab_training/install/turtlebot3_msgs/share/turtlebot3_msgs/environment/pythonpath.sh
[7.793s] -- Up-to-date symlink: /home/kisangpark/lab_training/install/turtlebot3_msgs/share/turtlebot3_msgs/environment/pythonpath.dsv
[7.799s] -- Up-to-date symlink: /home/kisangpark/lab_training/install/turtlebot3_msgs/local/lib/python3.10/dist-packages/turtlebot3_msgs-2.2.3-py3.10.egg-info/PKG-INFO
[7.804s] -- Up-to-date symlink: /home/kisangpark/lab_training/install/turtlebot3_msgs/local/lib/python3.10/dist-packages/turtlebot3_msgs-2.2.3-py3.10.egg-info/SOURCES.txt
[7.806s] -- Up-to-date symlink: /home/kisangpark/lab_training/install/turtlebot3_msgs/local/lib/python3.10/dist-packages/turtlebot3_msgs-2.2.3-py3.10.egg-info/dependency_links.txt
[7.809s] -- Up-to-date symlink: /home/kisangpark/lab_training/install/turtlebot3_msgs/local/lib/python3.10/dist-packages/turtlebot3_msgs-2.2.3-py3.10.egg-info/top_level.txt
[7.812s] -- Up-to-date symlink: /home/kisangpark/lab_training/install/turtlebot3_msgs/local/lib/python3.10/dist-packages/turtlebot3_msgs/__init__.py
[7.814s] -- Up-to-date symlink: /home/kisangpark/lab_training/install/turtlebot3_msgs/local/lib/python3.10/dist-packages/turtlebot3_msgs/_turtlebot3_msgs_s.ep.rosidl_typesupport_c.c
[7.817s] -- Up-to-date symlink: /home/kisangpark/lab_training/install/turtlebot3_msgs/local/lib/python3.10/dist-packages/turtlebot3_msgs/_turtlebot3_msgs_s.ep.rosidl_typesupport_fastrtps_c.c
[7.818s] -- Up-to-date symlink: /home/kisangpark/lab_training/install/turtlebot3_msgs/local/lib/python3.10/dist-packages/turtlebot3_msgs/_turtlebot3_msgs_s.ep.rosidl_typesupport_introspection_c.c
[7.820s] -- Up-to-date symlink: /home/kisangpark/lab_training/install/turtlebot3_msgs/local/lib/python3.10/dist-packages/turtlebot3_msgs/action/__init__.py
[7.821s] -- Up-to-date symlink: /home/kisangpark/lab_training/install/turtlebot3_msgs/local/lib/python3.10/dist-packages/turtlebot3_msgs/action/_patrol.py
[7.822s] -- Up-to-date symlink: /home/kisangpark/lab_training/install/turtlebot3_msgs/local/lib/python3.10/dist-packages/turtlebot3_msgs/action/_patrol_s.c
[7.822s] -- Up-to-date symlink: /home/kisangpark/lab_training/install/turtlebot3_msgs/local/lib/python3.10/dist-packages/turtlebot3_msgs/libturtlebot3_msgs__rosidl_generator_py.so
[7.824s] -- Up-to-date symlink: /home/kisangpark/lab_training/install/turtlebot3_msgs/local/lib/python3.10/dist-packages/turtlebot3_msgs/msg/__init__.py
[7.824s] -- Up-to-date symlink: /home/kisangpark/lab_training/install/turtlebot3_msgs/local/lib/python3.10/dist-packages/turtlebot3_msgs/msg/_sensor_state.py
[7.826s] -- Up-to-date symlink: /home/kisangpark/lab_training/install/turtlebot3_msgs/local/lib/python3.10/dist-packages/turtlebot3_msgs/msg/_sensor_state_s.c
[7.829s] -- Up-to-date symlink: /home/kisangpark/lab_training/install/turtlebot3_msgs/local/lib/python3.10/dist-packages/turtlebot3_msgs/msg/_sound.py
[7.830s] -- Up-to-date symlink: /home/kisangpark/lab_training/install/turtlebot3_msgs/local/lib/python3.10/dist-packages/turtlebot3_msgs/msg/_sound_s.c
[7.832s] -- Up-to-date symlink: /home/kisangpark/lab_training/install/turtlebot3_msgs/local/lib/python3.10/dist-packages/turtlebot3_msgs/msg/_version_info.py
[7.837s] -- Up-to-date symlink: /home/kisangpark/lab_training/install/turtlebot3_msgs/local/lib/python3.10/dist-packages/turtlebot3_msgs/msg/_version_info_s.c
[7.838s] -- Up-to-date symlink: /home/kisangpark/lab_training/install/turtlebot3_msgs/local/lib/python3.10/dist-packages/turtlebot3_msgs/srv/__init__.py
[7.838s] -- Up-to-date symlink: /home/kisangpark/lab_training/install/turtlebot3_msgs/local/lib/python3.10/dist-packages/turtlebot3_msgs/srv/_dqn.py
[7.839s] -- Up-to-date symlink: /home/kisangpark/lab_training/install/turtlebot3_msgs/local/lib/python3.10/dist-packages/turtlebot3_msgs/srv/_dqn_s.c
[7.839s] -- Up-to-date symlink: /home/kisangpark/lab_training/install/turtlebot3_msgs/local/lib/python3.10/dist-packages/turtlebot3_msgs/srv/_sound.py
[7.840s] -- Up-to-date symlink: /home/kisangpark/lab_training/install/turtlebot3_msgs/local/lib/python3.10/dist-packages/turtlebot3_msgs/srv/_sound_s.c
[7.840s] -- Up-to-date symlink: /home/kisangpark/lab_training/install/turtlebot3_msgs/local/lib/python3.10/dist-packages/turtlebot3_msgs/turtlebot3_msgs_s__rosidl_typesupport_c.cpython-310-x86_64-linux-gnu.so
[7.841s] -- Up-to-date symlink: /home/kisangpark/lab_training/install/turtlebot3_msgs/local/lib/python3.10/dist-packages/turtlebot3_msgs/turtlebot3_msgs_s__rosidl_typesupport_fastrtps_c.cpython-310-x86_64-linux-gnu.so
[7.842s] -- Up-to-date symlink: /home/kisangpark/lab_training/install/turtlebot3_msgs/local/lib/python3.10/dist-packages/turtlebot3_msgs/turtlebot3_msgs_s__rosidl_typesupport_introspection_c.cpython-310-x86_64-linux-gnu.so
[7.844s] -- Up-to-date symlink: /home/kisangpark/lab_training/install/turtlebot3_msgs/local/lib/python3.10/dist-packages/turtlebot3_msgs/turtlebot3_msgs_s__rosidl_typesupport_fastrtps_c.cpython-310-x86_64-linux-gnu.so
[7.846s] -- Up-to-date symlink: /home/kisangpark/lab_training/install/turtlebot3_msgs/local/lib/python3.10/dist-packages/turtlebot3_msgs/turtlebot3_msgs_s__rosidl_typesupport_introspection_c.cpython-310-x86_64-linux-gnu.so
[7.849s] -- Up-to-date symlink: /home/kisangpark/lab_training/install/turtlebot3_msgs/local/lib/python3.10/dist-packages/turtlebot3_msgs/turtlebot3_msgs_s__rosidl_typesupport_c.cpython-310-x86_64-linux-gnu.so
[7.852s] -- Up-to-date symlink: /home/kisangpark/lab_training/install/turtlebot3_msgs/share/turtlebot3_msgs/msg/SensorState.idl
[7.859s] -- Up-to-date symlink: /home/kisangpark/lab_training/install/turtlebot3_msgs/share/turtlebot3_msgs/msg/Sound.idl
[7.859s] -- Up-to-date symlink: /home/kisangpark/lab_training/install/turtlebot3_msgs/share/turtlebot3_msgs/msg/VersionInfo.idl
[7.864s] -- Up-to-date symlink: /home/kisangpark/lab_training/install/turtlebot3_msgs/share/turtlebot3_msgs/srv/Sound.idl
[7.867s] -- Up-to-date symlink: /home/kisangpark/lab_training/install/turtlebot3_msgs/share/turtlebot3_msgs/srv/Dqn.idl
[7.870s] -- Up-to-date symlink: /home/kisangpark/lab_training/install/turtlebot3_msgs/share/turtlebot3_msgs/action/Patrol.idl
[7.871s] -- Up-to-date symlink: /home/kisangpark/lab_training/install/turtlebot3_msgs/share/turtlebot3_msgs/msg/SensorState.msg
[7.873s] -- Up-to-date symlink: /home/kisangpark/lab_training/install/turtlebot3_msgs/share/turtlebot3_msgs/msg/Sound.msg
[7.882s] -- Up-to-date symlink: /home/kisangpark/lab_training/install/turtlebot3_msgs/share/turtlebot3_msgs/msg/VersionInfo.msg
[7.882s] -- Up-to-date symlink: /home/kisangpark/lab_training/install/turtlebot3_msgs/share/turtlebot3_msgs/srv/Sound.srv
[7.885s] -- Up-to-date symlink: /home/kisangpark/lab_training/install/turtlebot3_msgs/share/turtlebot3_msgs/srv/Sound_Request.msg
[7.885s] -- Up-to-date symlink: /home/kisangpark/lab_training/install/turtlebot3_msgs/share/turtlebot3_msgs/srv/Sound_Response.msg
[7.890s] -- Up-to-date symlink: /home/kisangpark/lab_training/install/turtlebot3_msgs/share/turtlebot3_msgs/srv/Dqn.srv
[7.896s] -- Up-to-date symlink: /home/kisangpark/lab_training/install/turtlebot3_msgs/share/turtlebot3_msgs/srv/Dqn_Request.msg
[7.898s] -- Up-to-date symlink: /home/kisangpark/lab_training/install/turtlebot3_msgs/share/turtlebot3_msgs/srv/Dqn_Response.msg
[7.899s] -- Up-to-date symlink: /home/kisangpark/lab_training/install/turtlebot3_msgs/share/turtlebot3_msgs/action/Patrol.action
[7.901s] -- Up-to-date symlink: /home/kisangpark/lab_training/install/turtlebot3_msgs/share/ament_index/resource_index/package_run_dependencies/turtlebot3_msgs
[7.902s] -- Up-to-date symlink: /home/kisangpark/lab_training/install/turtlebot3_msgs/share/ament_index/resource_index/parent_prefix_path/turtlebot3_msgs
[7.906s] -- Up-to-date symlink: /home/kisangpark/lab_training/install/turtlebot3_msgs/share/turtlebot3_msgs/environment/ament_prefix_path.sh
[7.908s] -- Up-to-date symlink: /home/kisangpark/lab_training/install/turtlebot3_msgs/share/turtlebot3_msgs/environment/ament_prefix_path.dsv
[7.909s] -- Up-to-date symlink: /home/kisangpark/lab_training/install/turtlebot3_msgs/share/turtlebot3_msgs/environment/path.sh
[7.910s] -- Up-to-date symlink: /home/kisangpark/lab_training/install/turtlebot3_msgs/share/turtlebot3_msgs/environment/path.dsv
[7.914s] -- Up-to-date symlink: /home/kisangpark/lab_training/install/turtlebot3_msgs/share/turtlebot3_msgs/local_setup.bash
[7.915s] -- Up-to-date symlink: /home/kisangpark/lab_training/install/turtlebot3_msgs/share/turtlebot3_msgs/local_setup.sh
[7.918s] -- Up-to-date symlink: /home/kisangpark/lab_training/install/turtlebot3_msgs/share/turtlebot3_msgs/local_setup.zsh
[7.918s] -- Up-to-date symlink: /home/kisangpark/lab_training/install/turtlebot3_msgs/share/turtlebot3_msgs/local_setup.dsv
[7.919s] -- Symlinking: /home/kisangpark/lab_training/install/turtlebot3_msgs/share/turtlebot3_msgs/package.dsv
[8.031s] -- Up-to-date symlink: /home/kisangpark/lab_training/install/turtlebot3_msgs/share/ament_index/resource_index/packages/turtlebot3_msgs
[8.036s] -- Up-to-date symlink: /home/kisangpark/lab_training/install/turtlebot3_msgs/share/turtlebot3_msgs/cmake/rosidl_cmake-extras.cmake
[8.038s] -- Up-to-date symlink: /home/kisangpark/lab_training/install/turtlebot3_msgs/share/turtlebot3_msgs/cmake/ament_cmake_export_dependencies-extras.cmake
[8.041s] -- Up-to-date symlink: /home/kisangpark/lab_training/install/turtlebot3_msgs/share/turtlebot3_msgs/cmake/ament_cmake_export_include_directories-extras.cmake
[8.043s] -- Up-to-date symlink: /home/kisangpark/lab_training/install/turtlebot3_msgs/share/turtlebot3_msgs/cmake/ament_cmake_export_libraries-extras.cmake
[8.047s] -- Up-to-date symlink: /home/kisangpark/lab_training/install/turtlebot3_msgs/share/turtlebot3_msgs/cmake/ament_cmake_export_targets-extras.cmake
[8.047s] -- Up-to-date symlink: /home/kisangpark/lab_training/install/turtlebot3_msgs/share/turtlebot3_msgs/cmake/rosidl_cmake_export_typesupport_targets-extras.cmake
[8.051s] -- Up-to-date symlink: /home/kisangpark/lab_training/install/turtlebot3_msgs/share/turtlebot3_msgs/cmake/rosidl_cmake_export_typesupport_libraries-extras.cmake
[8.053s] -- Up-to-date symlink: /home/kisangpark/lab_training/install/turtlebot3_msgs/share/turtlebot3_msgs/cmake/turtlebot3_msgsConfig.cmake
[8.053s] -- Up-to-date symlink: /home/kisangpark/lab_training/install/turtlebot3_msgs/share/turtlebot3_msgs/cmake/turtlebot3_msgsConfig-version.cmake
[8.054s] -- Up-to-date symlink: /home/kisangpark/lab_training/install/turtlebot3_msgs/share/turtlebot3_msgs/package.xml
[8.057s] -- Up-to-date: /home/kisangpark/lab_training/install/turtlebot3_msgs/lib/libturtlebot3_msgs__rosidl_generator_c.so
[8.057s] -- Up-to-date: /home/kisangpark/lab_training/install/turtlebot3_msgs/lib/libturtlebot3_msgs__rosidl_typesupport_fastrtps_c.so
[8.058s] -- Up-to-date: /home/kisangpark/lab_training/install/turtlebot3_msgs/lib/libturtlebot3_msgs__rosidl_typesupport_fastrtps_cpp.so
[8.061s] -- Up-to-date: /home/kisangpark/lab_training/install/turtlebot3_msgs/lib/libturtlebot3_msgs__rosidl_typesupport_introspection_c.so
[8.071s] -- Up-to-date: /home/kisangpark/lab_training/install/turtlebot3_msgs/lib/libturtlebot3_msgs__rosidl_typesupport_c.so
[8.072s] -- Up-to-date: /home/kisangpark/lab_training/install/turtlebot3_msgs/lib/libturtlebot3_msgs__rosidl_typesupport_introspection_cpp.so
[8.075s] -- Up-to-date: /home/kisangpark/lab_training/install/turtlebot3_msgs/lib/libturtlebot3_msgs__rosidl_typesupport_cpp.so
[8.369s] Listing '/home/kisangpark/lab_training/install/turtlebot3_msgs/local/lib/python3.10/dist-packages/turtlebot3_msgs'...
[8.369s] Listing '/home/kisangpark/lab_training/install/turtlebot3_msgs/local/lib/python3.10/dist-packages/turtlebot3_msgs/action'...
[8.369s] Listing '/home/kisangpark/lab_training/install/turtlebot3_msgs/local/lib/python3.10/dist-packages/turtlebot3_msgs/msg'...
[8.370s] Listing '/home/kisangpark/lab_training/install/turtlebot3_msgs/local/lib/python3.10/dist-packages/turtlebot3_msgs/srv'...
[8.422s] -- Up-to-date: /home/kisangpark/lab_training/install/turtlebot3_msgs/lib/libturtlebot3_msgs__rosidl_generator_py.so
[8.423s] -- Up-to-date: /home/kisangpark/lab_training/install/turtlebot3_msgs/share/turtlebot3_msgs/cmake/export_turtlebot3_msgs__rosidl_generator_cExport.cmake
[8.423s] -- Up-to-date: /home/kisangpark/lab_training/install/turtlebot3_msgs/share/turtlebot3_msgs/cmake/export_turtlebot3_msgs__rosidl_generator_cExport-noconfig.cmake
[8.427s] -- Up-to-date: /home/kisangpark/lab_training/install/turtlebot3_msgs/share/turtlebot3_msgs/cmake/export_turtlebot3_msgs__rosidl_typesupport_fastrtps_cExport.cmake
[8.430s] -- Up-to-date: /home/kisangpark/lab_training/install/turtlebot3_msgs/share/turtlebot3_msgs/cmake/export_turtlebot3_msgs__rosidl_typesupport_fastrtps_cExport-noconfig.cmake
[8.432s] -- Up-to-date: /home/kisangpark/lab_training/install/turtlebot3_msgs/share/turtlebot3_msgs/cmake/export_turtlebot3_msgs__rosidl_generator_cppExport.cmake
[8.432s] -- Up-to-date: /home/kisangpark/lab_training/install/turtlebot3_msgs/share/turtlebot3_msgs/cmake/export_turtlebot3_msgs__rosidl_typesupport_fastrtps_cppExport.cmake
[8.433s] -- Up-to-date: /home/kisangpark/lab_training/install/turtlebot3_msgs/share/turtlebot3_msgs/cmake/export_turtlebot3_msgs__rosidl_typesupport_fastrtps_cppExport-noconfig.cmake
[8.433s] -- Up-to-date: /home/kisangpark/lab_training/install/turtlebot3_msgs/share/turtlebot3_msgs/cmake/turtlebot3_msgs__rosidl_typesupport_introspection_cExport.cmake
[8.433s] -- Up-to-date: /home/kisangpark/lab_training/install/turtlebot3_msgs/share/turtlebot3_msgs/cmake/turtlebot3_msgs__rosidl_typesupport_introspection_cExport-noconfig.cmake
[8.436s] -- Up-to-date: /home/kisangpark/lab_training/install/turtlebot3_msgs/share/turtlebot3_msgs/cmake/turtlebot3_msgs__rosidl_typesupport_cExport.cmake
[8.438s] -- Up-to-date: /home/kisangpark/lab_training/install/turtlebot3_msgs/share/turtlebot3_msgs/cmake/turtlebot3_msgs__rosidl_typesupport_cExport-noconfig.cmake
[8.439s] -- Up-to-date: /home/kisangpark/lab_training/install/turtlebot3_msgs/share/turtlebot3_msgs/cmake/turtlebot3_msgs__rosidl_typesupport_introspection_cppExport.cmake
[8.440s] -- Up-to-date: /home/kisangpark/lab_training/install/turtlebot3_msgs/share/turtlebot3_msgs/cmake/turtlebot3_msgs__rosidl_typesupport_introspection_cppExport-noconfig.cmake
[8.440s] -- Up-to-date: /home/kisangpark/lab_training/install/turtlebot3_msgs/share/turtlebot3_msgs/cmake/turtlebot3_msgs__rosidl_typesupport_cppExport.cmake
[8.440s] -- Up-to-date: /home/kisangpark/lab_training/install/turtlebot3_msgs/share/turtlebot3_msgs/cmake/turtlebot3_msgs__rosidl_typesupport_cppExport-noconfig.cmake
[8.441s] -- Up-to-date: /home/kisangpark/lab_training/install/turtlebot3_msgs/share/turtlebot3_msgs/cmake/export_turtlebot3_msgs__rosidl_generator_pyExport.cmake
[8.441s] -- Up-to-date: /home/kisangpark/lab_training/install/turtlebot3_msgs/share/turtlebot3_msgs/cmake/export_turtlebot3_msgs__rosidl_generator_pyExport-noconfig.cmake
[8.462s] Invoked command in '/home/kisangpark/lab_training/build/turtlebot3_msgs' returned '0': CMAKE_PREFIX_PATH=${CMAKE_PREFIX_PATH}:/home/kisangpark/lab_training/install/week3:/home/kisangpark/lab_training/install/turtlebot3_teleop:/home/kisangpark/lab_training/install/turtlebot3_example:/home/kisangpark/lab_training/install/SLAM:/opt/ros/humble /usr/bin/cmake --install /home/kisangpark/lab_training/build/turtlebot3_msgs
