[2.334s] Invoking command in '/home/kisangpark/lab_training/src/week3': PYTHONPATH=/home/kisangpark/lab_training/build/week3/prefix_override:/usr/lib/python3/dist-packages/colcon_core/task/python/colcon_distutils_commands:/home/kisangpark/lab_training/install/week3/lib/python3.10/site-packages:${PYTHONPATH} /usr/bin/python3 -W ignore:setup.py install is deprecated -W ignore:easy_install command is deprecated setup.py egg_info --egg-base ../../build/week3 build --build-base /home/kisangpark/lab_training/build/week3/build install --record /home/kisangpark/lab_training/build/week3/install.log --single-version-externally-managed install_data
[3.132s] running egg_info
[3.163s] writing ../../build/week3/week3.egg-info/PKG-INFO
[3.165s] writing dependency_links to ../../build/week3/week3.egg-info/dependency_links.txt
[3.166s] writing entry points to ../../build/week3/week3.egg-info/entry_points.txt
[3.166s] writing requirements to ../../build/week3/week3.egg-info/requires.txt
[3.167s] writing top-level names to ../../build/week3/week3.egg-info/top_level.txt
[3.277s] reading manifest file '../../build/week3/week3.egg-info/SOURCES.txt'
[3.280s] writing manifest file '../../build/week3/week3.egg-info/SOURCES.txt'
[3.280s] running build
[3.281s] running build_py
[3.281s] copying week3/pure_pursuit.py -> /home/kisangpark/lab_training/build/week3/build/lib/week3
[3.283s] copying week3/save_costmap.py -> /home/kisangpark/lab_training/build/week3/build/lib/week3
[3.284s] copying week3/__init__.py -> /home/kisangpark/lab_training/build/week3/build/lib/week3
[3.284s] copying week3/RRT_star.py -> /home/kisangpark/lab_training/build/week3/build/lib/week3
[3.285s] running install
[3.293s] running install_lib
[3.343s] copying /home/kisangpark/lab_training/build/week3/build/lib/week3/RRT_star.py -> /home/kisangpark/lab_training/install/week3/lib/python3.10/site-packages/week3
[3.345s] byte-compiling /home/kisangpark/lab_training/install/week3/lib/python3.10/site-packages/week3/RRT_star.py to RRT_star.cpython-310.pyc
[3.353s] running install_data
[3.354s] copying resource/week3 -> /home/kisangpark/lab_training/install/week3/share/ament_index/resource_index/packages
[3.354s] copying package.xml -> /home/kisangpark/lab_training/install/week3/share/week3
[3.355s] running install_egg_info
[3.404s] removing '/home/kisangpark/lab_training/install/week3/lib/python3.10/site-packages/week3-0.0.0-py3.10.egg-info' (and everything under it)
[3.404s] Copying ../../build/week3/week3.egg-info to /home/kisangpark/lab_training/install/week3/lib/python3.10/site-packages/week3-0.0.0-py3.10.egg-info
[3.407s] running install_scripts
[3.812s] Installing rrt_star script to /home/kisangpark/lab_training/install/week3/lib/week3
[3.815s] Installing save_costmap script to /home/kisangpark/lab_training/install/week3/lib/week3
[3.817s] writing list of installed files to '/home/kisangpark/lab_training/build/week3/install.log'
[3.920s] Invoked command in '/home/kisangpark/lab_training/src/week3' returned '0': PYTHONPATH=/home/kisangpark/lab_training/build/week3/prefix_override:/usr/lib/python3/dist-packages/colcon_core/task/python/colcon_distutils_commands:/home/kisangpark/lab_training/install/week3/lib/python3.10/site-packages:${PYTHONPATH} /usr/bin/python3 -W ignore:setup.py install is deprecated -W ignore:easy_install command is deprecated setup.py egg_info --egg-base ../../build/week3 build --build-base /home/kisangpark/lab_training/build/week3/build install --record /home/kisangpark/lab_training/build/week3/install.log --single-version-externally-managed install_data
