[0.129s] Invoking command in '/home/kisangpark/lab_training/build/turtlebot3_description': CMAKE_PREFIX_PATH=${CMAKE_PREFIX_PATH}:/home/kisangpark/lab_training/install/week3:/home/kisangpark/lab_training/install/turtlebot3_teleop:/home/kisangpark/lab_training/install/turtlebot3_example:/home/kisangpark/lab_training/install/SLAM:/opt/ros/humble /usr/bin/cmake --build /home/kisangpark/lab_training/build/turtlebot3_description -- -j2 -l2
[0.545s] Invoked command in '/home/kisangpark/lab_training/build/turtlebot3_description' returned '0': CMAKE_PREFIX_PATH=${CMAKE_PREFIX_PATH}:/home/kisangpark/lab_training/install/week3:/home/kisangpark/lab_training/install/turtlebot3_teleop:/home/kisangpark/lab_training/install/turtlebot3_example:/home/kisangpark/lab_training/install/SLAM:/opt/ros/humble /usr/bin/cmake --build /home/kisangpark/lab_training/build/turtlebot3_description -- -j2 -l2
[0.661s] Invoking command in '/home/kisangpark/lab_training/build/turtlebot3_description': CMAKE_PREFIX_PATH=${CMAKE_PREFIX_PATH}:/home/kisangpark/lab_training/install/week3:/home/kisangpark/lab_training/install/turtlebot3_teleop:/home/kisangpark/lab_training/install/turtlebot3_example:/home/kisangpark/lab_training/install/SLAM:/opt/ros/humble /usr/bin/cmake --install /home/kisangpark/lab_training/build/turtlebot3_description
[0.732s] -- Install configuration: ""
[0.736s] -- Execute custom install script
[0.744s] -- Up-to-date symlink: /home/kisangpark/lab_training/install/turtlebot3_description/share/turtlebot3_description/meshes/bases/burger_base.stl
[0.747s] -- Up-to-date symlink: /home/kisangpark/lab_training/install/turtlebot3_description/share/turtlebot3_description/meshes/bases/waffle_base.stl
[0.748s] -- Up-to-date symlink: /home/kisangpark/lab_training/install/turtlebot3_description/share/turtlebot3_description/meshes/bases/waffle_pi_base.stl
[0.752s] -- Up-to-date symlink: /home/kisangpark/lab_training/install/turtlebot3_description/share/turtlebot3_description/meshes/sensors/astra.dae
[0.752s] -- Up-to-date symlink: /home/kisangpark/lab_training/install/turtlebot3_description/share/turtlebot3_description/meshes/sensors/astra.jpg
[0.753s] -- Up-to-date symlink: /home/kisangpark/lab_training/install/turtlebot3_description/share/turtlebot3_description/meshes/sensors/lds.stl
[0.754s] -- Up-to-date symlink: /home/kisangpark/lab_training/install/turtlebot3_description/share/turtlebot3_description/meshes/sensors/r200.dae
[0.755s] -- Up-to-date symlink: /home/kisangpark/lab_training/install/turtlebot3_description/share/turtlebot3_description/meshes/sensors/r200.jpg
[0.758s] -- Up-to-date symlink: /home/kisangpark/lab_training/install/turtlebot3_description/share/turtlebot3_description/meshes/wheels/left_tire.stl
[0.768s] -- Up-to-date symlink: /home/kisangpark/lab_training/install/turtlebot3_description/share/turtlebot3_description/meshes/wheels/right_tire.stl
[0.775s] -- Up-to-date symlink: /home/kisangpark/lab_training/install/turtlebot3_description/share/turtlebot3_description/rviz/model.rviz
[0.777s] -- Up-to-date symlink: /home/kisangpark/lab_training/install/turtlebot3_description/share/turtlebot3_description/urdf/common_properties.urdf
[0.779s] -- Up-to-date symlink: /home/kisangpark/lab_training/install/turtlebot3_description/share/turtlebot3_description/urdf/turtlebot3_burger.urdf
[0.779s] -- Up-to-date symlink: /home/kisangpark/lab_training/install/turtlebot3_description/share/turtlebot3_description/urdf/turtlebot3_waffle.urdf
[0.780s] -- Up-to-date symlink: /home/kisangpark/lab_training/install/turtlebot3_description/share/turtlebot3_description/urdf/turtlebot3_waffle_pi.urdf
[0.785s] -- Up-to-date symlink: /home/kisangpark/lab_training/install/turtlebot3_description/share/ament_index/resource_index/package_run_dependencies/turtlebot3_description
[0.792s] -- Up-to-date symlink: /home/kisangpark/lab_training/install/turtlebot3_description/share/ament_index/resource_index/parent_prefix_path/turtlebot3_description
[0.793s] -- Up-to-date symlink: /home/kisangpark/lab_training/install/turtlebot3_description/share/turtlebot3_description/environment/ament_prefix_path.sh
[0.795s] -- Up-to-date symlink: /home/kisangpark/lab_training/install/turtlebot3_description/share/turtlebot3_description/environment/ament_prefix_path.dsv
[0.798s] -- Up-to-date symlink: /home/kisangpark/lab_training/install/turtlebot3_description/share/turtlebot3_description/environment/path.sh
[0.800s] -- Up-to-date symlink: /home/kisangpark/lab_training/install/turtlebot3_description/share/turtlebot3_description/environment/path.dsv
[0.801s] -- Up-to-date symlink: /home/kisangpark/lab_training/install/turtlebot3_description/share/turtlebot3_description/local_setup.bash
[0.803s] -- Up-to-date symlink: /home/kisangpark/lab_training/install/turtlebot3_description/share/turtlebot3_description/local_setup.sh
[0.807s] -- Up-to-date symlink: /home/kisangpark/lab_training/install/turtlebot3_description/share/turtlebot3_description/local_setup.zsh
[0.808s] -- Up-to-date symlink: /home/kisangpark/lab_training/install/turtlebot3_description/share/turtlebot3_description/local_setup.dsv
[0.810s] -- Symlinking: /home/kisangpark/lab_training/install/turtlebot3_description/share/turtlebot3_description/package.dsv
[0.867s] -- Up-to-date symlink: /home/kisangpark/lab_training/install/turtlebot3_description/share/ament_index/resource_index/packages/turtlebot3_description
[0.874s] -- Up-to-date symlink: /home/kisangpark/lab_training/install/turtlebot3_description/share/turtlebot3_description/cmake/turtlebot3_descriptionConfig.cmake
[0.879s] -- Up-to-date symlink: /home/kisangpark/lab_training/install/turtlebot3_description/share/turtlebot3_description/cmake/turtlebot3_descriptionConfig-version.cmake
[0.879s] -- Up-to-date symlink: /home/kisangpark/lab_training/install/turtlebot3_description/share/turtlebot3_description/package.xml
[0.896s] Invoked command in '/home/kisangpark/lab_training/build/turtlebot3_description' returned '0': CMAKE_PREFIX_PATH=${CMAKE_PREFIX_PATH}:/home/kisangpark/lab_training/install/week3:/home/kisangpark/lab_training/install/turtlebot3_teleop:/home/kisangpark/lab_training/install/turtlebot3_example:/home/kisangpark/lab_training/install/SLAM:/opt/ros/humble /usr/bin/cmake --install /home/kisangpark/lab_training/build/turtlebot3_description
