[2.160s] Invoking command in '/home/kisangpark/lab_training/src/week3': PYTHONPATH=/home/kisangpark/lab_training/build/week3/prefix_override:/usr/lib/python3/dist-packages/colcon_core/task/python/colcon_distutils_commands:/home/kisangpark/lab_training/install/week3/lib/python3.10/site-packages:${PYTHONPATH} /usr/bin/python3 -W ignore:setup.py install is deprecated -W ignore:easy_install command is deprecated setup.py egg_info --egg-base ../../build/week3 build --build-base /home/kisangpark/lab_training/build/week3/build install --record /home/kisangpark/lab_training/build/week3/install.log --single-version-externally-managed install_data
[2.809s] running egg_info
[2.857s] writing ../../build/week3/week3.egg-info/PKG-INFO
[2.858s] writing dependency_links to ../../build/week3/week3.egg-info/dependency_links.txt
[2.859s] writing entry points to ../../build/week3/week3.egg-info/entry_points.txt
[2.861s] writing requirements to ../../build/week3/week3.egg-info/requires.txt
[2.861s] writing top-level names to ../../build/week3/week3.egg-info/top_level.txt
[2.972s] reading manifest file '../../build/week3/week3.egg-info/SOURCES.txt'
[2.973s] writing manifest file '../../build/week3/week3.egg-info/SOURCES.txt'
[2.974s] running build
[2.974s] running build_py
[2.975s] copying week3/RRT_star_2.py -> /home/kisangpark/lab_training/build/week3/build/lib/week3
[2.975s] copying week3/pure_pursuit.py -> /home/kisangpark/lab_training/build/week3/build/lib/week3
[2.976s] copying week3/save_costmap.py -> /home/kisangpark/lab_training/build/week3/build/lib/week3
[2.976s] copying week3/__init__.py -> /home/kisangpark/lab_training/build/week3/build/lib/week3
[2.977s] copying week3/RRT_star.py -> /home/kisangpark/lab_training/build/week3/build/lib/week3
[2.978s] running install
[2.998s] running install_lib
[3.051s] copying /home/kisangpark/lab_training/build/week3/build/lib/week3/RRT_star_2.py -> /home/kisangpark/lab_training/install/week3/lib/python3.10/site-packages/week3
[3.054s] byte-compiling /home/kisangpark/lab_training/install/week3/lib/python3.10/site-packages/week3/RRT_star_2.py to RRT_star_2.cpython-310.pyc
[3.056s] running install_data
[3.056s] copying resource/week3 -> /home/kisangpark/lab_training/install/week3/share/ament_index/resource_index/packages
[3.056s] copying package.xml -> /home/kisangpark/lab_training/install/week3/share/week3
[3.057s] running install_egg_info
[3.110s] removing '/home/kisangpark/lab_training/install/week3/lib/python3.10/site-packages/week3-0.0.0-py3.10.egg-info' (and everything under it)
[3.111s] Copying ../../build/week3/week3.egg-info to /home/kisangpark/lab_training/install/week3/lib/python3.10/site-packages/week3-0.0.0-py3.10.egg-info
[3.112s] running install_scripts
[3.460s] Installing pure_pursuit script to /home/kisangpark/lab_training/install/week3/lib/week3
[3.461s] Installing rrt_star script to /home/kisangpark/lab_training/install/week3/lib/week3
[3.461s] Installing rrt_star_2 script to /home/kisangpark/lab_training/install/week3/lib/week3
[3.462s] Installing save_costmap script to /home/kisangpark/lab_training/install/week3/lib/week3
[3.462s] writing list of installed files to '/home/kisangpark/lab_training/build/week3/install.log'
[3.520s] Invoked command in '/home/kisangpark/lab_training/src/week3' returned '0': PYTHONPATH=/home/kisangpark/lab_training/build/week3/prefix_override:/usr/lib/python3/dist-packages/colcon_core/task/python/colcon_distutils_commands:/home/kisangpark/lab_training/install/week3/lib/python3.10/site-packages:${PYTHONPATH} /usr/bin/python3 -W ignore:setup.py install is deprecated -W ignore:easy_install command is deprecated setup.py egg_info --egg-base ../../build/week3 build --build-base /home/kisangpark/lab_training/build/week3/build install --record /home/kisangpark/lab_training/build/week3/install.log --single-version-externally-managed install_data
