[3.954s] Invoking command in '/home/kisangpark/lab_training/src/week3': PYTHONPATH=/home/kisangpark/lab_training/build/week3/prefix_override:/usr/lib/python3/dist-packages/colcon_core/task/python/colcon_distutils_commands:/home/kisangpark/lab_training/install/week3/lib/python3.10/site-packages:${PYTHONPATH} /usr/bin/python3 -W ignore:setup.py install is deprecated -W ignore:easy_install command is deprecated setup.py egg_info --egg-base ../../build/week3 build --build-base /home/kisangpark/lab_training/build/week3/build install --record /home/kisangpark/lab_training/build/week3/install.log --single-version-externally-managed install_data
[5.251s] running egg_info
[5.329s] writing ../../build/week3/week3.egg-info/PKG-INFO
[5.332s] writing dependency_links to ../../build/week3/week3.egg-info/dependency_links.txt
[5.334s] writing entry points to ../../build/week3/week3.egg-info/entry_points.txt
[5.335s] writing requirements to ../../build/week3/week3.egg-info/requires.txt
[5.336s] writing top-level names to ../../build/week3/week3.egg-info/top_level.txt
[5.505s] reading manifest file '../../build/week3/week3.egg-info/SOURCES.txt'
[5.509s] writing manifest file '../../build/week3/week3.egg-info/SOURCES.txt'
[5.513s] running build
[5.515s] running build_py
[5.515s] copying week3/RRT_star_2.py -> /home/kisangpark/lab_training/build/week3/build/lib/week3
[5.516s] copying week3/pure_pursuit.py -> /home/kisangpark/lab_training/build/week3/build/lib/week3
[5.518s] copying week3/save_costmap.py -> /home/kisangpark/lab_training/build/week3/build/lib/week3
[5.519s] copying week3/rrt_debug.py -> /home/kisangpark/lab_training/build/week3/build/lib/week3
[5.520s] copying week3/__init__.py -> /home/kisangpark/lab_training/build/week3/build/lib/week3
[5.520s] copying week3/RRT_star.py -> /home/kisangpark/lab_training/build/week3/build/lib/week3
[5.521s] running install
[5.547s] running install_lib
[5.631s] running install_data
[5.631s] copying resource/week3 -> /home/kisangpark/lab_training/install/week3/share/ament_index/resource_index/packages
[5.632s] copying package.xml -> /home/kisangpark/lab_training/install/week3/share/week3
[5.634s] copying launch/turtlebot.launch.py -> /home/kisangpark/lab_training/install/week3/share/week3/launch
[5.635s] running install_egg_info
[5.725s] removing '/home/kisangpark/lab_training/install/week3/lib/python3.10/site-packages/week3-0.0.0-py3.10.egg-info' (and everything under it)
[5.727s] Copying ../../build/week3/week3.egg-info to /home/kisangpark/lab_training/install/week3/lib/python3.10/site-packages/week3-0.0.0-py3.10.egg-info
[5.731s] running install_scripts
[6.523s] Installing pure_pursuit script to /home/kisangpark/lab_training/install/week3/lib/week3
[6.524s] Installing rrt_debug script to /home/kisangpark/lab_training/install/week3/lib/week3
[6.524s] Installing rrt_star script to /home/kisangpark/lab_training/install/week3/lib/week3
[6.525s] Installing rrt_star_2 script to /home/kisangpark/lab_training/install/week3/lib/week3
[6.526s] Installing save_costmap script to /home/kisangpark/lab_training/install/week3/lib/week3
[6.530s] writing list of installed files to '/home/kisangpark/lab_training/build/week3/install.log'
[6.650s] Invoked command in '/home/kisangpark/lab_training/src/week3' returned '0': PYTHONPATH=/home/kisangpark/lab_training/build/week3/prefix_override:/usr/lib/python3/dist-packages/colcon_core/task/python/colcon_distutils_commands:/home/kisangpark/lab_training/install/week3/lib/python3.10/site-packages:${PYTHONPATH} /usr/bin/python3 -W ignore:setup.py install is deprecated -W ignore:easy_install command is deprecated setup.py egg_info --egg-base ../../build/week3 build --build-base /home/kisangpark/lab_training/build/week3/build install --record /home/kisangpark/lab_training/build/week3/install.log --single-version-externally-managed install_data
