[0.078s] Invoking command in '/home/kisangpark/lab_training/build/turtlebot3_cartographer': CMAKE_PREFIX_PATH=/opt/ros/humble /usr/bin/cmake --build /home/kisangpark/lab_training/build/turtlebot3_cartographer -- -j2 -l2
[0.395s] Invoked command in '/home/kisangpark/lab_training/build/turtlebot3_cartographer' returned '0': CMAKE_PREFIX_PATH=/opt/ros/humble /usr/bin/cmake --build /home/kisangpark/lab_training/build/turtlebot3_cartographer -- -j2 -l2
[0.401s] Invoking command in '/home/kisangpark/lab_training/build/turtlebot3_cartographer': CMAKE_PREFIX_PATH=/opt/ros/humble /usr/bin/cmake --install /home/kisangpark/lab_training/build/turtlebot3_cartographer
[0.435s] -- Install configuration: ""
[0.444s] -- Execute custom install script
[0.450s] -- Up-to-date symlink: /home/kisangpark/lab_training/install/turtlebot3_cartographer/share/turtlebot3_cartographer/config/turtlebot3_lds_2d.lua
[0.454s] -- Up-to-date symlink: /home/kisangpark/lab_training/install/turtlebot3_cartographer/share/turtlebot3_cartographer/launch/cartographer.launch.py
[0.455s] -- Up-to-date symlink: /home/kisangpark/lab_training/install/turtlebot3_cartographer/share/turtlebot3_cartographer/launch/occupancy_grid.launch.py
[0.461s] -- Up-to-date symlink: /home/kisangpark/lab_training/install/turtlebot3_cartographer/share/turtlebot3_cartographer/rviz/tb3_cartographer.rviz
[0.469s] -- Up-to-date symlink: /home/kisangpark/lab_training/install/turtlebot3_cartographer/share/ament_index/resource_index/package_run_dependencies/turtlebot3_cartographer
[0.471s] -- Up-to-date symlink: /home/kisangpark/lab_training/install/turtlebot3_cartographer/share/ament_index/resource_index/parent_prefix_path/turtlebot3_cartographer
[0.477s] -- Up-to-date symlink: /home/kisangpark/lab_training/install/turtlebot3_cartographer/share/turtlebot3_cartographer/environment/ament_prefix_path.sh
[0.481s] -- Up-to-date symlink: /home/kisangpark/lab_training/install/turtlebot3_cartographer/share/turtlebot3_cartographer/environment/ament_prefix_path.dsv
[0.483s] -- Up-to-date symlink: /home/kisangpark/lab_training/install/turtlebot3_cartographer/share/turtlebot3_cartographer/environment/path.sh
[0.484s] -- Up-to-date symlink: /home/kisangpark/lab_training/install/turtlebot3_cartographer/share/turtlebot3_cartographer/environment/path.dsv
[0.486s] -- Up-to-date symlink: /home/kisangpark/lab_training/install/turtlebot3_cartographer/share/turtlebot3_cartographer/local_setup.bash
[0.489s] -- Up-to-date symlink: /home/kisangpark/lab_training/install/turtlebot3_cartographer/share/turtlebot3_cartographer/local_setup.sh
[0.489s] -- Up-to-date symlink: /home/kisangpark/lab_training/install/turtlebot3_cartographer/share/turtlebot3_cartographer/local_setup.zsh
[0.491s] -- Up-to-date symlink: /home/kisangpark/lab_training/install/turtlebot3_cartographer/share/turtlebot3_cartographer/local_setup.dsv
[0.494s] -- Symlinking: /home/kisangpark/lab_training/install/turtlebot3_cartographer/share/turtlebot3_cartographer/package.dsv
[0.524s] -- Up-to-date symlink: /home/kisangpark/lab_training/install/turtlebot3_cartographer/share/ament_index/resource_index/packages/turtlebot3_cartographer
[0.534s] -- Up-to-date symlink: /home/kisangpark/lab_training/install/turtlebot3_cartographer/share/turtlebot3_cartographer/cmake/turtlebot3_cartographerConfig.cmake
[0.534s] -- Up-to-date symlink: /home/kisangpark/lab_training/install/turtlebot3_cartographer/share/turtlebot3_cartographer/cmake/turtlebot3_cartographerConfig-version.cmake
[0.537s] -- Up-to-date symlink: /home/kisangpark/lab_training/install/turtlebot3_cartographer/share/turtlebot3_cartographer/package.xml
[0.555s] Invoked command in '/home/kisangpark/lab_training/build/turtlebot3_cartographer' returned '0': CMAKE_PREFIX_PATH=/opt/ros/humble /usr/bin/cmake --install /home/kisangpark/lab_training/build/turtlebot3_cartographer
