[0.069s] Invoking command in '/home/kisangpark/lab_training/build/turtlebot3_simulations': AMENT_PREFIX_PATH=/home/kisangpark/lab_training/install/turtlebot3_fake_node:/home/kisangpark/lab_training/install/turtlebot3_msgs:/home/kisangpark/lab_training/install/turtlebot3_gazebo:${AMENT_PREFIX_PATH} CMAKE_PREFIX_PATH=/home/kisangpark/lab_training/install/turtlebot3_fake_node:/home/kisangpark/lab_training/install/turtlebot3_msgs:/home/kisangpark/lab_training/install/turtlebot3_gazebo:/opt/ros/humble LD_LIBRARY_PATH=/home/kisangpark/lab_training/install/turtlebot3_msgs/lib:${LD_LIBRARY_PATH} PYTHONPATH=/home/kisangpark/lab_training/install/turtlebot3_msgs/local/lib/python3.10/dist-packages:${PYTHONPATH} /usr/bin/cmake --build /home/kisangpark/lab_training/build/turtlebot3_simulations -- -j2 -l2
[0.300s] Invoked command in '/home/kisangpark/lab_training/build/turtlebot3_simulations' returned '0': AMENT_PREFIX_PATH=/home/kisangpark/lab_training/install/turtlebot3_fake_node:/home/kisangpark/lab_training/install/turtlebot3_msgs:/home/kisangpark/lab_training/install/turtlebot3_gazebo:${AMENT_PREFIX_PATH} CMAKE_PREFIX_PATH=/home/kisangpark/lab_training/install/turtlebot3_fake_node:/home/kisangpark/lab_training/install/turtlebot3_msgs:/home/kisangpark/lab_training/install/turtlebot3_gazebo:/opt/ros/humble LD_LIBRARY_PATH=/home/kisangpark/lab_training/install/turtlebot3_msgs/lib:${LD_LIBRARY_PATH} PYTHONPATH=/home/kisangpark/lab_training/install/turtlebot3_msgs/local/lib/python3.10/dist-packages:${PYTHONPATH} /usr/bin/cmake --build /home/kisangpark/lab_training/build/turtlebot3_simulations -- -j2 -l2
[0.309s] Invoking command in '/home/kisangpark/lab_training/build/turtlebot3_simulations': AMENT_PREFIX_PATH=/home/kisangpark/lab_training/install/turtlebot3_fake_node:/home/kisangpark/lab_training/install/turtlebot3_msgs:/home/kisangpark/lab_training/install/turtlebot3_gazebo:${AMENT_PREFIX_PATH} CMAKE_PREFIX_PATH=/home/kisangpark/lab_training/install/turtlebot3_fake_node:/home/kisangpark/lab_training/install/turtlebot3_msgs:/home/kisangpark/lab_training/install/turtlebot3_gazebo:/opt/ros/humble LD_LIBRARY_PATH=/home/kisangpark/lab_training/install/turtlebot3_msgs/lib:${LD_LIBRARY_PATH} PYTHONPATH=/home/kisangpark/lab_training/install/turtlebot3_msgs/local/lib/python3.10/dist-packages:${PYTHONPATH} /usr/bin/cmake --install /home/kisangpark/lab_training/build/turtlebot3_simulations
[0.338s] -- Install configuration: ""
[0.341s] -- Execute custom install script
[0.349s] -- Up-to-date symlink: /home/kisangpark/lab_training/install/turtlebot3_simulations/share/ament_index/resource_index/package_run_dependencies/turtlebot3_simulations
[0.352s] -- Up-to-date symlink: /home/kisangpark/lab_training/install/turtlebot3_simulations/share/ament_index/resource_index/parent_prefix_path/turtlebot3_simulations
[0.354s] -- Up-to-date symlink: /home/kisangpark/lab_training/install/turtlebot3_simulations/share/turtlebot3_simulations/environment/ament_prefix_path.sh
[0.355s] -- Up-to-date symlink: /home/kisangpark/lab_training/install/turtlebot3_simulations/share/turtlebot3_simulations/environment/ament_prefix_path.dsv
[0.357s] -- Up-to-date symlink: /home/kisangpark/lab_training/install/turtlebot3_simulations/share/turtlebot3_simulations/environment/path.sh
[0.359s] -- Up-to-date symlink: /home/kisangpark/lab_training/install/turtlebot3_simulations/share/turtlebot3_simulations/environment/path.dsv
[0.361s] -- Up-to-date symlink: /home/kisangpark/lab_training/install/turtlebot3_simulations/share/turtlebot3_simulations/local_setup.bash
[0.362s] -- Up-to-date symlink: /home/kisangpark/lab_training/install/turtlebot3_simulations/share/turtlebot3_simulations/local_setup.sh
[0.363s] -- Up-to-date symlink: /home/kisangpark/lab_training/install/turtlebot3_simulations/share/turtlebot3_simulations/local_setup.zsh
[0.364s] -- Up-to-date symlink: /home/kisangpark/lab_training/install/turtlebot3_simulations/share/turtlebot3_simulations/local_setup.dsv
[0.366s] -- Symlinking: /home/kisangpark/lab_training/install/turtlebot3_simulations/share/turtlebot3_simulations/package.dsv
[0.413s] -- Up-to-date symlink: /home/kisangpark/lab_training/install/turtlebot3_simulations/share/ament_index/resource_index/packages/turtlebot3_simulations
[0.416s] -- Up-to-date symlink: /home/kisangpark/lab_training/install/turtlebot3_simulations/share/turtlebot3_simulations/cmake/turtlebot3_simulationsConfig.cmake
[0.417s] -- Up-to-date symlink: /home/kisangpark/lab_training/install/turtlebot3_simulations/share/turtlebot3_simulations/cmake/turtlebot3_simulationsConfig-version.cmake
[0.418s] -- Up-to-date symlink: /home/kisangpark/lab_training/install/turtlebot3_simulations/share/turtlebot3_simulations/package.xml
[0.426s] Invoked command in '/home/kisangpark/lab_training/build/turtlebot3_simulations' returned '0': AMENT_PREFIX_PATH=/home/kisangpark/lab_training/install/turtlebot3_fake_node:/home/kisangpark/lab_training/install/turtlebot3_msgs:/home/kisangpark/lab_training/install/turtlebot3_gazebo:${AMENT_PREFIX_PATH} CMAKE_PREFIX_PATH=/home/kisangpark/lab_training/install/turtlebot3_fake_node:/home/kisangpark/lab_training/install/turtlebot3_msgs:/home/kisangpark/lab_training/install/turtlebot3_gazebo:/opt/ros/humble LD_LIBRARY_PATH=/home/kisangpark/lab_training/install/turtlebot3_msgs/lib:${LD_LIBRARY_PATH} PYTHONPATH=/home/kisangpark/lab_training/install/turtlebot3_msgs/local/lib/python3.10/dist-packages:${PYTHONPATH} /usr/bin/cmake --install /home/kisangpark/lab_training/build/turtlebot3_simulations
