[9.820s] Invoking command in '/home/kisangpark/lab_training/build/turtlebot3_example': AMENT_PREFIX_PATH=/home/kisangpark/lab_training/install/turtlebot3_msgs:${AMENT_PREFIX_PATH} CMAKE_PREFIX_PATH=/home/kisangpark/lab_training/install/turtlebot3_msgs LD_LIBRARY_PATH=/home/kisangpark/lab_training/install/turtlebot3_msgs/lib:${LD_LIBRARY_PATH} PYTHONPATH=/home/kisangpark/lab_training/build/turtlebot3_example/prefix_override:/usr/lib/python3/dist-packages/colcon_core/task/python/colcon_distutils_commands:/home/kisangpark/lab_training/install/turtlebot3_example/lib/python3.10/site-packages:/home/kisangpark/lab_training/install/turtlebot3_msgs/local/lib/python3.10/dist-packages:${PYTHONPATH} /usr/bin/python3 -W ignore:setup.py install is deprecated -W ignore:easy_install command is deprecated setup.py develop --editable --build-directory /home/kisangpark/lab_training/build/turtlebot3_example/build --no-deps symlink_data
[14.480s] running develop
[15.589s] running egg_info
[15.651s] writing turtlebot3_example.egg-info/PKG-INFO
[15.655s] writing dependency_links to turtlebot3_example.egg-info/dependency_links.txt
[15.655s] writing entry points to turtlebot3_example.egg-info/entry_points.txt
[15.660s] writing requirements to turtlebot3_example.egg-info/requires.txt
[15.660s] writing top-level names to turtlebot3_example.egg-info/top_level.txt
[15.830s] reading manifest file 'turtlebot3_example.egg-info/SOURCES.txt'
[15.838s] writing manifest file 'turtlebot3_example.egg-info/SOURCES.txt'
[16.001s] running build_ext
[16.001s] Creating /home/kisangpark/lab_training/install/turtlebot3_example/lib/python3.10/site-packages/turtlebot3-example.egg-link (link to .)
[16.007s] Installing turtlebot3_obstacle_detection script to /home/kisangpark/lab_training/install/turtlebot3_example/lib/turtlebot3_example
[16.014s] Installing turtlebot3_patrol_client script to /home/kisangpark/lab_training/install/turtlebot3_example/lib/turtlebot3_example
[16.016s] Installing turtlebot3_patrol_server script to /home/kisangpark/lab_training/install/turtlebot3_example/lib/turtlebot3_example
[16.020s] Installing turtlebot3_position_control script to /home/kisangpark/lab_training/install/turtlebot3_example/lib/turtlebot3_example
[16.021s] 
[16.022s] Installed /home/kisangpark/lab_training/build/turtlebot3_example
[16.028s] running symlink_data
[16.132s] Invoked command in '/home/kisangpark/lab_training/build/turtlebot3_example' returned '0': AMENT_PREFIX_PATH=/home/kisangpark/lab_training/install/turtlebot3_msgs:${AMENT_PREFIX_PATH} CMAKE_PREFIX_PATH=/home/kisangpark/lab_training/install/turtlebot3_msgs LD_LIBRARY_PATH=/home/kisangpark/lab_training/install/turtlebot3_msgs/lib:${LD_LIBRARY_PATH} PYTHONPATH=/home/kisangpark/lab_training/build/turtlebot3_example/prefix_override:/usr/lib/python3/dist-packages/colcon_core/task/python/colcon_distutils_commands:/home/kisangpark/lab_training/install/turtlebot3_example/lib/python3.10/site-packages:/home/kisangpark/lab_training/install/turtlebot3_msgs/local/lib/python3.10/dist-packages:${PYTHONPATH} /usr/bin/python3 -W ignore:setup.py install is deprecated -W ignore:easy_install command is deprecated setup.py develop --editable --build-directory /home/kisangpark/lab_training/build/turtlebot3_example/build --no-deps symlink_data
