[3.808s] Invoking command in '/home/kisangpark/lab_training/src/week3': PYTHONPATH=/home/kisangpark/lab_training/build/week3/prefix_override:/usr/lib/python3/dist-packages/colcon_core/task/python/colcon_distutils_commands:/home/kisangpark/lab_training/install/week3/lib/python3.10/site-packages:${PYTHONPATH} /usr/bin/python3 -W ignore:setup.py install is deprecated -W ignore:easy_install command is deprecated setup.py egg_info --egg-base ../../build/week3 build --build-base /home/kisangpark/lab_training/build/week3/build install --record /home/kisangpark/lab_training/build/week3/install.log --single-version-externally-managed install_data
[5.052s] running egg_info
[5.134s] writing ../../build/week3/week3.egg-info/PKG-INFO
[5.137s] writing dependency_links to ../../build/week3/week3.egg-info/dependency_links.txt
[5.139s] writing entry points to ../../build/week3/week3.egg-info/entry_points.txt
[5.140s] writing requirements to ../../build/week3/week3.egg-info/requires.txt
[5.141s] writing top-level names to ../../build/week3/week3.egg-info/top_level.txt
[5.304s] reading manifest file '../../build/week3/week3.egg-info/SOURCES.txt'
[5.307s] writing manifest file '../../build/week3/week3.egg-info/SOURCES.txt'
[5.308s] running build
[5.308s] running build_py
[5.309s] copying week3/RRT_star_2.py -> /home/kisangpark/lab_training/build/week3/build/lib/week3
[5.309s] copying week3/pure_pursuit.py -> /home/kisangpark/lab_training/build/week3/build/lib/week3
[5.309s] copying week3/save_costmap.py -> /home/kisangpark/lab_training/build/week3/build/lib/week3
[5.311s] copying week3/__init__.py -> /home/kisangpark/lab_training/build/week3/build/lib/week3
[5.311s] copying week3/RRT_star.py -> /home/kisangpark/lab_training/build/week3/build/lib/week3
[5.312s] running install
[5.334s] running install_lib
[5.418s] copying /home/kisangpark/lab_training/build/week3/build/lib/week3/RRT_star_2.py -> /home/kisangpark/lab_training/install/week3/lib/python3.10/site-packages/week3
[5.421s] byte-compiling /home/kisangpark/lab_training/install/week3/lib/python3.10/site-packages/week3/RRT_star_2.py to RRT_star_2.cpython-310.pyc
[5.431s] running install_data
[5.432s] copying resource/week3 -> /home/kisangpark/lab_training/install/week3/share/ament_index/resource_index/packages
[5.433s] copying package.xml -> /home/kisangpark/lab_training/install/week3/share/week3
[5.434s] copying launch/turtlebot.launch.py -> /home/kisangpark/lab_training/install/week3/share/week3/launch
[5.435s] running install_egg_info
[5.523s] removing '/home/kisangpark/lab_training/install/week3/lib/python3.10/site-packages/week3-0.0.0-py3.10.egg-info' (and everything under it)
[5.525s] Copying ../../build/week3/week3.egg-info to /home/kisangpark/lab_training/install/week3/lib/python3.10/site-packages/week3-0.0.0-py3.10.egg-info
[5.528s] running install_scripts
[6.216s] Installing pure_pursuit script to /home/kisangpark/lab_training/install/week3/lib/week3
[6.217s] Installing rrt_star script to /home/kisangpark/lab_training/install/week3/lib/week3
[6.218s] Installing rrt_star_2 script to /home/kisangpark/lab_training/install/week3/lib/week3
[6.219s] Installing save_costmap script to /home/kisangpark/lab_training/install/week3/lib/week3
[6.222s] writing list of installed files to '/home/kisangpark/lab_training/build/week3/install.log'
[6.338s] Invoked command in '/home/kisangpark/lab_training/src/week3' returned '0': PYTHONPATH=/home/kisangpark/lab_training/build/week3/prefix_override:/usr/lib/python3/dist-packages/colcon_core/task/python/colcon_distutils_commands:/home/kisangpark/lab_training/install/week3/lib/python3.10/site-packages:${PYTHONPATH} /usr/bin/python3 -W ignore:setup.py install is deprecated -W ignore:easy_install command is deprecated setup.py egg_info --egg-base ../../build/week3 build --build-base /home/kisangpark/lab_training/build/week3/build install --record /home/kisangpark/lab_training/build/week3/install.log --single-version-externally-managed install_data
