[0.060s] Invoking command in '/home/kisangpark/lab_training/build/turtlebot3_navigation2': CMAKE_PREFIX_PATH=${CMAKE_PREFIX_PATH}:/home/kisangpark/lab_training/install/week3:/home/kisangpark/lab_training/install/turtlebot3_teleop:/home/kisangpark/lab_training/install/turtlebot3_example:/home/kisangpark/lab_training/install/SLAM:/opt/ros/humble /usr/bin/cmake --build /home/kisangpark/lab_training/build/turtlebot3_navigation2 -- -j2 -l2
[0.119s] Invoked command in '/home/kisangpark/lab_training/build/turtlebot3_navigation2' returned '0': CMAKE_PREFIX_PATH=${CMAKE_PREFIX_PATH}:/home/kisangpark/lab_training/install/week3:/home/kisangpark/lab_training/install/turtlebot3_teleop:/home/kisangpark/lab_training/install/turtlebot3_example:/home/kisangpark/lab_training/install/SLAM:/opt/ros/humble /usr/bin/cmake --build /home/kisangpark/lab_training/build/turtlebot3_navigation2 -- -j2 -l2
[0.125s] Invoking command in '/home/kisangpark/lab_training/build/turtlebot3_navigation2': CMAKE_PREFIX_PATH=${CMAKE_PREFIX_PATH}:/home/kisangpark/lab_training/install/week3:/home/kisangpark/lab_training/install/turtlebot3_teleop:/home/kisangpark/lab_training/install/turtlebot3_example:/home/kisangpark/lab_training/install/SLAM:/opt/ros/humble /usr/bin/cmake --install /home/kisangpark/lab_training/build/turtlebot3_navigation2
[0.138s] -- Install configuration: ""
[0.138s] -- Execute custom install script
[0.139s] -- Up-to-date symlink: /home/kisangpark/lab_training/install/turtlebot3_navigation2/share/turtlebot3_navigation2/launch/navigation2.launch.py
[0.139s] -- Up-to-date symlink: /home/kisangpark/lab_training/install/turtlebot3_navigation2/share/turtlebot3_navigation2/map/map.pgm
[0.140s] -- Up-to-date symlink: /home/kisangpark/lab_training/install/turtlebot3_navigation2/share/turtlebot3_navigation2/map/map.yaml
[0.140s] -- Up-to-date symlink: /home/kisangpark/lab_training/install/turtlebot3_navigation2/share/turtlebot3_navigation2/param/burger.yaml
[0.143s] -- Up-to-date symlink: /home/kisangpark/lab_training/install/turtlebot3_navigation2/share/turtlebot3_navigation2/param/waffle.yaml
[0.144s] -- Up-to-date symlink: /home/kisangpark/lab_training/install/turtlebot3_navigation2/share/turtlebot3_navigation2/param/waffle_pi.yaml
[0.145s] -- Up-to-date symlink: /home/kisangpark/lab_training/install/turtlebot3_navigation2/share/turtlebot3_navigation2/rviz/tb3_navigation2.rviz
[0.146s] -- Up-to-date symlink: /home/kisangpark/lab_training/install/turtlebot3_navigation2/share/ament_index/resource_index/package_run_dependencies/turtlebot3_navigation2
[0.146s] -- Up-to-date symlink: /home/kisangpark/lab_training/install/turtlebot3_navigation2/share/ament_index/resource_index/parent_prefix_path/turtlebot3_navigation2
[0.150s] -- Up-to-date symlink: /home/kisangpark/lab_training/install/turtlebot3_navigation2/share/turtlebot3_navigation2/environment/ament_prefix_path.sh
[0.150s] -- Up-to-date symlink: /home/kisangpark/lab_training/install/turtlebot3_navigation2/share/turtlebot3_navigation2/environment/ament_prefix_path.dsv
[0.151s] -- Up-to-date symlink: /home/kisangpark/lab_training/install/turtlebot3_navigation2/share/turtlebot3_navigation2/environment/path.sh
[0.151s] -- Up-to-date symlink: /home/kisangpark/lab_training/install/turtlebot3_navigation2/share/turtlebot3_navigation2/environment/path.dsv
[0.151s] -- Up-to-date symlink: /home/kisangpark/lab_training/install/turtlebot3_navigation2/share/turtlebot3_navigation2/local_setup.bash
[0.151s] -- Up-to-date symlink: /home/kisangpark/lab_training/install/turtlebot3_navigation2/share/turtlebot3_navigation2/local_setup.sh
[0.151s] -- Up-to-date symlink: /home/kisangpark/lab_training/install/turtlebot3_navigation2/share/turtlebot3_navigation2/local_setup.zsh
[0.151s] -- Up-to-date symlink: /home/kisangpark/lab_training/install/turtlebot3_navigation2/share/turtlebot3_navigation2/local_setup.dsv
[0.152s] -- Symlinking: /home/kisangpark/lab_training/install/turtlebot3_navigation2/share/turtlebot3_navigation2/package.dsv
[0.167s] -- Up-to-date symlink: /home/kisangpark/lab_training/install/turtlebot3_navigation2/share/ament_index/resource_index/packages/turtlebot3_navigation2
[0.171s] -- Up-to-date symlink: /home/kisangpark/lab_training/install/turtlebot3_navigation2/share/turtlebot3_navigation2/cmake/turtlebot3_navigation2Config.cmake
[0.173s] -- Up-to-date symlink: /home/kisangpark/lab_training/install/turtlebot3_navigation2/share/turtlebot3_navigation2/cmake/turtlebot3_navigation2Config-version.cmake
[0.175s] -- Up-to-date symlink: /home/kisangpark/lab_training/install/turtlebot3_navigation2/share/turtlebot3_navigation2/package.xml
[0.176s] Invoked command in '/home/kisangpark/lab_training/build/turtlebot3_navigation2' returned '0': CMAKE_PREFIX_PATH=${CMAKE_PREFIX_PATH}:/home/kisangpark/lab_training/install/week3:/home/kisangpark/lab_training/install/turtlebot3_teleop:/home/kisangpark/lab_training/install/turtlebot3_example:/home/kisangpark/lab_training/install/SLAM:/opt/ros/humble /usr/bin/cmake --install /home/kisangpark/lab_training/build/turtlebot3_navigation2
