[0.100s] Invoking command in '/home/kisangpark/lab_training/build/turtlebot3_fake_node': CMAKE_PREFIX_PATH=/home/kisangpark/lab_training/install/turtlebot3_msgs:/home/kisangpark/lab_training/install/turtlebot3:/home/kisangpark/lab_training/install/turtlebot3_simulations:/home/kisangpark/lab_training/install/turtlebot3_bringup:/home/kisangpark/lab_training/install/turtlebot3_node:/home/kisangpark/lab_training/install/turtlebot3_navigation2:/home/kisangpark/lab_training/install/turtlebot3_fake_node:/home/kisangpark/lab_training/install/turtlebot3_gazebo:/home/kisangpark/lab_training/install/turtlebot3_description:/home/kisangpark/lab_training/install/turtlebot3_cartographer:/home/kisangpark/lab_training/install/week3:/home/kisangpark/lab_training/install/turtlebot3_teleop:/home/kisangpark/lab_training/install/turtlebot3_example:/home/kisangpark/lab_training/install/SLAM:/opt/ros/humble /usr/bin/cmake --build /home/kisangpark/lab_training/build/turtlebot3_fake_node -- -j2 -l2
[0.372s] [100%] Built target turtlebot3_fake_node
[0.417s] Invoked command in '/home/kisangpark/lab_training/build/turtlebot3_fake_node' returned '0': CMAKE_PREFIX_PATH=/home/kisangpark/lab_training/install/turtlebot3_msgs:/home/kisangpark/lab_training/install/turtlebot3:/home/kisangpark/lab_training/install/turtlebot3_simulations:/home/kisangpark/lab_training/install/turtlebot3_bringup:/home/kisangpark/lab_training/install/turtlebot3_node:/home/kisangpark/lab_training/install/turtlebot3_navigation2:/home/kisangpark/lab_training/install/turtlebot3_fake_node:/home/kisangpark/lab_training/install/turtlebot3_gazebo:/home/kisangpark/lab_training/install/turtlebot3_description:/home/kisangpark/lab_training/install/turtlebot3_cartographer:/home/kisangpark/lab_training/install/week3:/home/kisangpark/lab_training/install/turtlebot3_teleop:/home/kisangpark/lab_training/install/turtlebot3_example:/home/kisangpark/lab_training/install/SLAM:/opt/ros/humble /usr/bin/cmake --build /home/kisangpark/lab_training/build/turtlebot3_fake_node -- -j2 -l2
[0.424s] Invoking command in '/home/kisangpark/lab_training/build/turtlebot3_fake_node': CMAKE_PREFIX_PATH=/home/kisangpark/lab_training/install/turtlebot3_msgs:/home/kisangpark/lab_training/install/turtlebot3:/home/kisangpark/lab_training/install/turtlebot3_simulations:/home/kisangpark/lab_training/install/turtlebot3_bringup:/home/kisangpark/lab_training/install/turtlebot3_node:/home/kisangpark/lab_training/install/turtlebot3_navigation2:/home/kisangpark/lab_training/install/turtlebot3_fake_node:/home/kisangpark/lab_training/install/turtlebot3_gazebo:/home/kisangpark/lab_training/install/turtlebot3_description:/home/kisangpark/lab_training/install/turtlebot3_cartographer:/home/kisangpark/lab_training/install/week3:/home/kisangpark/lab_training/install/turtlebot3_teleop:/home/kisangpark/lab_training/install/turtlebot3_example:/home/kisangpark/lab_training/install/SLAM:/opt/ros/humble /usr/bin/cmake --install /home/kisangpark/lab_training/build/turtlebot3_fake_node
[0.470s] -- Install configuration: ""
[0.473s] -- Execute custom install script
[0.477s] -- Up-to-date symlink: /home/kisangpark/lab_training/install/turtlebot3_fake_node/lib/turtlebot3_fake_node/turtlebot3_fake_node
[0.480s] -- Up-to-date symlink: /home/kisangpark/lab_training/install/turtlebot3_fake_node/share/turtlebot3_fake_node/launch/rviz2.launch.py
[0.483s] -- Up-to-date symlink: /home/kisangpark/lab_training/install/turtlebot3_fake_node/share/turtlebot3_fake_node/launch/turtlebot3_fake_node.launch.py
[0.487s] -- Up-to-date symlink: /home/kisangpark/lab_training/install/turtlebot3_fake_node/share/turtlebot3_fake_node/param/burger.yaml
[0.489s] -- Up-to-date symlink: /home/kisangpark/lab_training/install/turtlebot3_fake_node/share/turtlebot3_fake_node/param/waffle.yaml
[0.490s] -- Up-to-date symlink: /home/kisangpark/lab_training/install/turtlebot3_fake_node/share/turtlebot3_fake_node/param/waffle_pi.yaml
[0.493s] -- Up-to-date symlink: /home/kisangpark/lab_training/install/turtlebot3_fake_node/include//turtlebot3_fake_node/turtlebot3_fake_node.hpp
[0.496s] -- Up-to-date symlink: /home/kisangpark/lab_training/install/turtlebot3_fake_node/share/ament_index/resource_index/package_run_dependencies/turtlebot3_fake_node
[0.497s] -- Up-to-date symlink: /home/kisangpark/lab_training/install/turtlebot3_fake_node/share/ament_index/resource_index/parent_prefix_path/turtlebot3_fake_node
[0.498s] -- Up-to-date symlink: /home/kisangpark/lab_training/install/turtlebot3_fake_node/share/turtlebot3_fake_node/environment/ament_prefix_path.sh
[0.500s] -- Up-to-date symlink: /home/kisangpark/lab_training/install/turtlebot3_fake_node/share/turtlebot3_fake_node/environment/ament_prefix_path.dsv
[0.501s] -- Up-to-date symlink: /home/kisangpark/lab_training/install/turtlebot3_fake_node/share/turtlebot3_fake_node/environment/path.sh
[0.502s] -- Up-to-date symlink: /home/kisangpark/lab_training/install/turtlebot3_fake_node/share/turtlebot3_fake_node/environment/path.dsv
[0.503s] -- Up-to-date symlink: /home/kisangpark/lab_training/install/turtlebot3_fake_node/share/turtlebot3_fake_node/local_setup.bash
[0.504s] -- Up-to-date symlink: /home/kisangpark/lab_training/install/turtlebot3_fake_node/share/turtlebot3_fake_node/local_setup.sh
[0.505s] -- Up-to-date symlink: /home/kisangpark/lab_training/install/turtlebot3_fake_node/share/turtlebot3_fake_node/local_setup.zsh
[0.506s] -- Up-to-date symlink: /home/kisangpark/lab_training/install/turtlebot3_fake_node/share/turtlebot3_fake_node/local_setup.dsv
[0.507s] -- Symlinking: /home/kisangpark/lab_training/install/turtlebot3_fake_node/share/turtlebot3_fake_node/package.dsv
[0.547s] -- Up-to-date symlink: /home/kisangpark/lab_training/install/turtlebot3_fake_node/share/ament_index/resource_index/packages/turtlebot3_fake_node
[0.551s] -- Up-to-date symlink: /home/kisangpark/lab_training/install/turtlebot3_fake_node/share/turtlebot3_fake_node/cmake/ament_cmake_export_include_directories-extras.cmake
[0.554s] -- Up-to-date symlink: /home/kisangpark/lab_training/install/turtlebot3_fake_node/share/turtlebot3_fake_node/cmake/ament_cmake_export_dependencies-extras.cmake
[0.557s] -- Up-to-date symlink: /home/kisangpark/lab_training/install/turtlebot3_fake_node/share/turtlebot3_fake_node/cmake/turtlebot3_fake_nodeConfig.cmake
[0.560s] -- Up-to-date symlink: /home/kisangpark/lab_training/install/turtlebot3_fake_node/share/turtlebot3_fake_node/cmake/turtlebot3_fake_nodeConfig-version.cmake
[0.560s] -- Up-to-date symlink: /home/kisangpark/lab_training/install/turtlebot3_fake_node/share/turtlebot3_fake_node/package.xml
[0.572s] Invoked command in '/home/kisangpark/lab_training/build/turtlebot3_fake_node' returned '0': CMAKE_PREFIX_PATH=/home/kisangpark/lab_training/install/turtlebot3_msgs:/home/kisangpark/lab_training/install/turtlebot3:/home/kisangpark/lab_training/install/turtlebot3_simulations:/home/kisangpark/lab_training/install/turtlebot3_bringup:/home/kisangpark/lab_training/install/turtlebot3_node:/home/kisangpark/lab_training/install/turtlebot3_navigation2:/home/kisangpark/lab_training/install/turtlebot3_fake_node:/home/kisangpark/lab_training/install/turtlebot3_gazebo:/home/kisangpark/lab_training/install/turtlebot3_description:/home/kisangpark/lab_training/install/turtlebot3_cartographer:/home/kisangpark/lab_training/install/week3:/home/kisangpark/lab_training/install/turtlebot3_teleop:/home/kisangpark/lab_training/install/turtlebot3_example:/home/kisangpark/lab_training/install/SLAM:/opt/ros/humble /usr/bin/cmake --install /home/kisangpark/lab_training/build/turtlebot3_fake_node
