[4.179s] Invoking command in '/home/kisangpark/lab_training/src/week3': PYTHONPATH=/home/kisangpark/lab_training/build/week3/prefix_override:/usr/lib/python3/dist-packages/colcon_core/task/python/colcon_distutils_commands:/home/kisangpark/lab_training/install/week3/lib/python3.10/site-packages:${PYTHONPATH} /usr/bin/python3 -W ignore:setup.py install is deprecated -W ignore:easy_install command is deprecated setup.py egg_info --egg-base ../../build/week3 build --build-base /home/kisangpark/lab_training/build/week3/build install --record /home/kisangpark/lab_training/build/week3/install.log --single-version-externally-managed install_data
[5.470s] running egg_info
[5.558s] writing ../../build/week3/week3.egg-info/PKG-INFO
[5.561s] writing dependency_links to ../../build/week3/week3.egg-info/dependency_links.txt
[5.563s] writing entry points to ../../build/week3/week3.egg-info/entry_points.txt
[5.565s] writing requirements to ../../build/week3/week3.egg-info/requires.txt
[5.566s] writing top-level names to ../../build/week3/week3.egg-info/top_level.txt
[5.757s] reading manifest file '../../build/week3/week3.egg-info/SOURCES.txt'
[5.761s] writing manifest file '../../build/week3/week3.egg-info/SOURCES.txt'
[5.763s] running build
[5.763s] running build_py
[5.766s] copying week3/RRT_star_2.py -> /home/kisangpark/lab_training/build/week3/build/lib/week3
[5.766s] copying week3/pure_pursuit.py -> /home/kisangpark/lab_training/build/week3/build/lib/week3
[5.767s] copying week3/save_costmap.py -> /home/kisangpark/lab_training/build/week3/build/lib/week3
[5.768s] copying week3/__init__.py -> /home/kisangpark/lab_training/build/week3/build/lib/week3
[5.768s] copying week3/RRT_star.py -> /home/kisangpark/lab_training/build/week3/build/lib/week3
[5.769s] running install
[5.793s] running install_lib
[5.900s] copying /home/kisangpark/lab_training/build/week3/build/lib/week3/RRT_star_2.py -> /home/kisangpark/lab_training/install/week3/lib/python3.10/site-packages/week3
[5.906s] byte-compiling /home/kisangpark/lab_training/install/week3/lib/python3.10/site-packages/week3/RRT_star_2.py to RRT_star_2.cpython-310.pyc
[5.913s] running install_data
[5.914s] copying resource/week3 -> /home/kisangpark/lab_training/install/week3/share/ament_index/resource_index/packages
[5.915s] copying package.xml -> /home/kisangpark/lab_training/install/week3/share/week3
[5.915s] copying launch/turtlebot.launch.py -> /home/kisangpark/lab_training/install/week3/share/week3/launch
[5.915s] running install_egg_info
[6.013s] removing '/home/kisangpark/lab_training/install/week3/lib/python3.10/site-packages/week3-0.0.0-py3.10.egg-info' (and everything under it)
[6.014s] Copying ../../build/week3/week3.egg-info to /home/kisangpark/lab_training/install/week3/lib/python3.10/site-packages/week3-0.0.0-py3.10.egg-info
[6.017s] running install_scripts
[6.760s] Installing pure_pursuit script to /home/kisangpark/lab_training/install/week3/lib/week3
[6.761s] Installing rrt_star script to /home/kisangpark/lab_training/install/week3/lib/week3
[6.763s] Installing rrt_star_2 script to /home/kisangpark/lab_training/install/week3/lib/week3
[6.764s] Installing save_costmap script to /home/kisangpark/lab_training/install/week3/lib/week3
[6.766s] writing list of installed files to '/home/kisangpark/lab_training/build/week3/install.log'
[6.878s] Invoked command in '/home/kisangpark/lab_training/src/week3' returned '0': PYTHONPATH=/home/kisangpark/lab_training/build/week3/prefix_override:/usr/lib/python3/dist-packages/colcon_core/task/python/colcon_distutils_commands:/home/kisangpark/lab_training/install/week3/lib/python3.10/site-packages:${PYTHONPATH} /usr/bin/python3 -W ignore:setup.py install is deprecated -W ignore:easy_install command is deprecated setup.py egg_info --egg-base ../../build/week3 build --build-base /home/kisangpark/lab_training/build/week3/build install --record /home/kisangpark/lab_training/build/week3/install.log --single-version-externally-managed install_data
