[3.851s] Invoking command in '/home/kisangpark/lab_training/build/week3': PYTHONPATH=/home/kisangpark/lab_training/build/week3/prefix_override:/usr/lib/python3/dist-packages/colcon_core/task/python/colcon_distutils_commands:/home/kisangpark/lab_training/install/week3/lib/python3.10/site-packages:${PYTHONPATH} /usr/bin/python3 -W ignore:setup.py install is deprecated -W ignore:easy_install command is deprecated setup.py develop --uninstall --editable --build-directory /home/kisangpark/lab_training/build/week3/build
[5.369s] running develop
[6.559s] Removing /home/kisangpark/lab_training/install/week3/lib/python3.10/site-packages/week3.egg-link (link to .)
[6.693s] Invoked command in '/home/kisangpark/lab_training/build/week3' returned '0': PYTHONPATH=/home/kisangpark/lab_training/build/week3/prefix_override:/usr/lib/python3/dist-packages/colcon_core/task/python/colcon_distutils_commands:/home/kisangpark/lab_training/install/week3/lib/python3.10/site-packages:${PYTHONPATH} /usr/bin/python3 -W ignore:setup.py install is deprecated -W ignore:easy_install command is deprecated setup.py develop --uninstall --editable --build-directory /home/kisangpark/lab_training/build/week3/build
[6.700s] Invoking command in '/home/kisangpark/lab_training/src/week3': PYTHONPATH=/home/kisangpark/lab_training/build/week3/prefix_override:/usr/lib/python3/dist-packages/colcon_core/task/python/colcon_distutils_commands:/home/kisangpark/lab_training/install/week3/lib/python3.10/site-packages:${PYTHONPATH} /usr/bin/python3 -W ignore:setup.py install is deprecated -W ignore:easy_install command is deprecated setup.py egg_info --egg-base ../../build/week3 build --build-base /home/kisangpark/lab_training/build/week3/build install --record /home/kisangpark/lab_training/build/week3/install.log --single-version-externally-managed install_data --force
[8.252s] running egg_info
[8.345s] writing ../../build/week3/week3.egg-info/PKG-INFO
[8.348s] writing dependency_links to ../../build/week3/week3.egg-info/dependency_links.txt
[8.350s] writing entry points to ../../build/week3/week3.egg-info/entry_points.txt
[8.351s] writing requirements to ../../build/week3/week3.egg-info/requires.txt
[8.354s] writing top-level names to ../../build/week3/week3.egg-info/top_level.txt
[8.578s] reading manifest file '../../build/week3/week3.egg-info/SOURCES.txt'
[8.581s] writing manifest file '../../build/week3/week3.egg-info/SOURCES.txt'
[8.584s] running build
[8.585s] running build_py
[8.585s] copying week3/RRT_star_2.py -> /home/kisangpark/lab_training/build/week3/build/lib/week3
[8.587s] copying week3/pure_pursuit.py -> /home/kisangpark/lab_training/build/week3/build/lib/week3
[8.588s] copying week3/save_costmap.py -> /home/kisangpark/lab_training/build/week3/build/lib/week3
[8.589s] copying week3/__init__.py -> /home/kisangpark/lab_training/build/week3/build/lib/week3
[8.592s] copying week3/RRT_star.py -> /home/kisangpark/lab_training/build/week3/build/lib/week3
[8.593s] running install
[8.617s] running install_lib
[8.719s] creating /home/kisangpark/lab_training/install/week3/lib/python3.10/site-packages/week3
[8.720s] copying /home/kisangpark/lab_training/build/week3/build/lib/week3/RRT_star_2.py -> /home/kisangpark/lab_training/install/week3/lib/python3.10/site-packages/week3
[8.721s] copying /home/kisangpark/lab_training/build/week3/build/lib/week3/pure_pursuit.py -> /home/kisangpark/lab_training/install/week3/lib/python3.10/site-packages/week3
[8.722s] copying /home/kisangpark/lab_training/build/week3/build/lib/week3/save_costmap.py -> /home/kisangpark/lab_training/install/week3/lib/python3.10/site-packages/week3
[8.722s] copying /home/kisangpark/lab_training/build/week3/build/lib/week3/__init__.py -> /home/kisangpark/lab_training/install/week3/lib/python3.10/site-packages/week3
[8.723s] copying /home/kisangpark/lab_training/build/week3/build/lib/week3/RRT_star.py -> /home/kisangpark/lab_training/install/week3/lib/python3.10/site-packages/week3
[8.726s] byte-compiling /home/kisangpark/lab_training/install/week3/lib/python3.10/site-packages/week3/RRT_star_2.py to RRT_star_2.cpython-310.pyc
[8.738s] byte-compiling /home/kisangpark/lab_training/install/week3/lib/python3.10/site-packages/week3/pure_pursuit.py to pure_pursuit.cpython-310.pyc
[8.742s] byte-compiling /home/kisangpark/lab_training/install/week3/lib/python3.10/site-packages/week3/save_costmap.py to save_costmap.cpython-310.pyc
[8.744s] byte-compiling /home/kisangpark/lab_training/install/week3/lib/python3.10/site-packages/week3/__init__.py to __init__.cpython-310.pyc
[8.748s] byte-compiling /home/kisangpark/lab_training/install/week3/lib/python3.10/site-packages/week3/RRT_star.py to RRT_star.cpython-310.pyc
[8.756s] running install_data
[8.757s] copying resource/week3 -> /home/kisangpark/lab_training/install/week3/share/ament_index/resource_index/packages
[8.758s] copying package.xml -> /home/kisangpark/lab_training/install/week3/share/week3
[8.759s] copying launch/turtlebot.launch.py -> /home/kisangpark/lab_training/install/week3/share/week3/launch
[8.760s] running install_egg_info
[8.868s] Copying ../../build/week3/week3.egg-info to /home/kisangpark/lab_training/install/week3/lib/python3.10/site-packages/week3-0.0.0-py3.10.egg-info
[8.873s] running install_scripts
[9.723s] Installing pure_pursuit script to /home/kisangpark/lab_training/install/week3/lib/week3
[9.726s] Installing rrt_star script to /home/kisangpark/lab_training/install/week3/lib/week3
[9.726s] Installing rrt_star_2 script to /home/kisangpark/lab_training/install/week3/lib/week3
[9.728s] Installing save_costmap script to /home/kisangpark/lab_training/install/week3/lib/week3
[9.731s] writing list of installed files to '/home/kisangpark/lab_training/build/week3/install.log'
[9.836s] Invoked command in '/home/kisangpark/lab_training/src/week3' returned '0': PYTHONPATH=/home/kisangpark/lab_training/build/week3/prefix_override:/usr/lib/python3/dist-packages/colcon_core/task/python/colcon_distutils_commands:/home/kisangpark/lab_training/install/week3/lib/python3.10/site-packages:${PYTHONPATH} /usr/bin/python3 -W ignore:setup.py install is deprecated -W ignore:easy_install command is deprecated setup.py egg_info --egg-base ../../build/week3 build --build-base /home/kisangpark/lab_training/build/week3/build install --record /home/kisangpark/lab_training/build/week3/install.log --single-version-externally-managed install_data --force
