[0.042s] Invoking command in '/home/kisangpark/lab_training/build/turtlebot3_navigation2': CMAKE_PREFIX_PATH=/opt/ros/humble /usr/bin/cmake --build /home/kisangpark/lab_training/build/turtlebot3_navigation2 -- -j2 -l2
[0.309s] Invoked command in '/home/kisangpark/lab_training/build/turtlebot3_navigation2' returned '0': CMAKE_PREFIX_PATH=/opt/ros/humble /usr/bin/cmake --build /home/kisangpark/lab_training/build/turtlebot3_navigation2 -- -j2 -l2
[0.319s] Invoking command in '/home/kisangpark/lab_training/build/turtlebot3_navigation2': CMAKE_PREFIX_PATH=/opt/ros/humble /usr/bin/cmake --install /home/kisangpark/lab_training/build/turtlebot3_navigation2
[0.375s] -- Install configuration: ""
[0.383s] -- Execute custom install script
[0.398s] -- Symlinking: /home/kisangpark/lab_training/install/turtlebot3_navigation2/share/turtlebot3_navigation2/launch/__pycache__/navigation2.launch.cpython-310.pyc
[0.438s] -- Up-to-date symlink: /home/kisangpark/lab_training/install/turtlebot3_navigation2/share/turtlebot3_navigation2/launch/navigation2.launch.py
[0.442s] -- Up-to-date symlink: /home/kisangpark/lab_training/install/turtlebot3_navigation2/share/turtlebot3_navigation2/map/map.pgm
[0.442s] -- Up-to-date symlink: /home/kisangpark/lab_training/install/turtlebot3_navigation2/share/turtlebot3_navigation2/map/map.yaml
[0.454s] -- Up-to-date symlink: /home/kisangpark/lab_training/install/turtlebot3_navigation2/share/turtlebot3_navigation2/param/burger.yaml
[0.455s] -- Up-to-date symlink: /home/kisangpark/lab_training/install/turtlebot3_navigation2/share/turtlebot3_navigation2/param/waffle.yaml
[0.463s] -- Up-to-date symlink: /home/kisangpark/lab_training/install/turtlebot3_navigation2/share/turtlebot3_navigation2/param/waffle_pi.yaml
[0.465s] -- Up-to-date symlink: /home/kisangpark/lab_training/install/turtlebot3_navigation2/share/turtlebot3_navigation2/rviz/tb3_navigation2.rviz
[0.468s] -- Up-to-date symlink: /home/kisangpark/lab_training/install/turtlebot3_navigation2/share/ament_index/resource_index/package_run_dependencies/turtlebot3_navigation2
[0.469s] -- Up-to-date symlink: /home/kisangpark/lab_training/install/turtlebot3_navigation2/share/ament_index/resource_index/parent_prefix_path/turtlebot3_navigation2
[0.472s] -- Up-to-date symlink: /home/kisangpark/lab_training/install/turtlebot3_navigation2/share/turtlebot3_navigation2/environment/ament_prefix_path.sh
[0.472s] -- Up-to-date symlink: /home/kisangpark/lab_training/install/turtlebot3_navigation2/share/turtlebot3_navigation2/environment/ament_prefix_path.dsv
[0.473s] -- Up-to-date symlink: /home/kisangpark/lab_training/install/turtlebot3_navigation2/share/turtlebot3_navigation2/environment/path.sh
[0.473s] -- Up-to-date symlink: /home/kisangpark/lab_training/install/turtlebot3_navigation2/share/turtlebot3_navigation2/environment/path.dsv
[0.477s] -- Up-to-date symlink: /home/kisangpark/lab_training/install/turtlebot3_navigation2/share/turtlebot3_navigation2/local_setup.bash
[0.478s] -- Up-to-date symlink: /home/kisangpark/lab_training/install/turtlebot3_navigation2/share/turtlebot3_navigation2/local_setup.sh
[0.478s] -- Up-to-date symlink: /home/kisangpark/lab_training/install/turtlebot3_navigation2/share/turtlebot3_navigation2/local_setup.zsh
[0.478s] -- Up-to-date symlink: /home/kisangpark/lab_training/install/turtlebot3_navigation2/share/turtlebot3_navigation2/local_setup.dsv
[0.478s] -- Symlinking: /home/kisangpark/lab_training/install/turtlebot3_navigation2/share/turtlebot3_navigation2/package.dsv
[0.537s] -- Up-to-date symlink: /home/kisangpark/lab_training/install/turtlebot3_navigation2/share/ament_index/resource_index/packages/turtlebot3_navigation2
[0.537s] -- Up-to-date symlink: /home/kisangpark/lab_training/install/turtlebot3_navigation2/share/turtlebot3_navigation2/cmake/turtlebot3_navigation2Config.cmake
[0.537s] -- Up-to-date symlink: /home/kisangpark/lab_training/install/turtlebot3_navigation2/share/turtlebot3_navigation2/cmake/turtlebot3_navigation2Config-version.cmake
[0.538s] -- Up-to-date symlink: /home/kisangpark/lab_training/install/turtlebot3_navigation2/share/turtlebot3_navigation2/package.xml
[0.547s] Invoked command in '/home/kisangpark/lab_training/build/turtlebot3_navigation2' returned '0': CMAKE_PREFIX_PATH=/opt/ros/humble /usr/bin/cmake --install /home/kisangpark/lab_training/build/turtlebot3_navigation2
