[0.048s] Invoking command in '/home/kisangpark/lab_training/build/turtlebot3_fake_node': AMENT_PREFIX_PATH=/home/kisangpark/lab_training/install/turtlebot3_msgs:${AMENT_PREFIX_PATH} CMAKE_PREFIX_PATH=/home/kisangpark/lab_training/install/turtlebot3_msgs:/opt/ros/humble LD_LIBRARY_PATH=/home/kisangpark/lab_training/install/turtlebot3_msgs/lib:${LD_LIBRARY_PATH} PYTHONPATH=/home/kisangpark/lab_training/install/turtlebot3_msgs/local/lib/python3.10/dist-packages:${PYTHONPATH} /usr/bin/cmake --build /home/kisangpark/lab_training/build/turtlebot3_fake_node -- -j2 -l2
[0.361s] [100%] Built target turtlebot3_fake_node
[0.405s] Invoked command in '/home/kisangpark/lab_training/build/turtlebot3_fake_node' returned '0': AMENT_PREFIX_PATH=/home/kisangpark/lab_training/install/turtlebot3_msgs:${AMENT_PREFIX_PATH} CMAKE_PREFIX_PATH=/home/kisangpark/lab_training/install/turtlebot3_msgs:/opt/ros/humble LD_LIBRARY_PATH=/home/kisangpark/lab_training/install/turtlebot3_msgs/lib:${LD_LIBRARY_PATH} PYTHONPATH=/home/kisangpark/lab_training/install/turtlebot3_msgs/local/lib/python3.10/dist-packages:${PYTHONPATH} /usr/bin/cmake --build /home/kisangpark/lab_training/build/turtlebot3_fake_node -- -j2 -l2
[0.416s] Invoking command in '/home/kisangpark/lab_training/build/turtlebot3_fake_node': AMENT_PREFIX_PATH=/home/kisangpark/lab_training/install/turtlebot3_msgs:${AMENT_PREFIX_PATH} CMAKE_PREFIX_PATH=/home/kisangpark/lab_training/install/turtlebot3_msgs:/opt/ros/humble LD_LIBRARY_PATH=/home/kisangpark/lab_training/install/turtlebot3_msgs/lib:${LD_LIBRARY_PATH} PYTHONPATH=/home/kisangpark/lab_training/install/turtlebot3_msgs/local/lib/python3.10/dist-packages:${PYTHONPATH} /usr/bin/cmake --install /home/kisangpark/lab_training/build/turtlebot3_fake_node
[0.462s] -- Install configuration: ""
[0.466s] -- Execute custom install script
[0.473s] -- Up-to-date symlink: /home/kisangpark/lab_training/install/turtlebot3_fake_node/lib/turtlebot3_fake_node/turtlebot3_fake_node
[0.481s] -- Up-to-date symlink: /home/kisangpark/lab_training/install/turtlebot3_fake_node/share/turtlebot3_fake_node/launch/rviz2.launch.py
[0.483s] -- Up-to-date symlink: /home/kisangpark/lab_training/install/turtlebot3_fake_node/share/turtlebot3_fake_node/launch/turtlebot3_fake_node.launch.py
[0.485s] -- Up-to-date symlink: /home/kisangpark/lab_training/install/turtlebot3_fake_node/share/turtlebot3_fake_node/param/burger.yaml
[0.489s] -- Up-to-date symlink: /home/kisangpark/lab_training/install/turtlebot3_fake_node/share/turtlebot3_fake_node/param/waffle.yaml
[0.491s] -- Up-to-date symlink: /home/kisangpark/lab_training/install/turtlebot3_fake_node/share/turtlebot3_fake_node/param/waffle_pi.yaml
[0.495s] -- Up-to-date symlink: /home/kisangpark/lab_training/install/turtlebot3_fake_node/include//turtlebot3_fake_node/turtlebot3_fake_node.hpp
[0.501s] -- Up-to-date symlink: /home/kisangpark/lab_training/install/turtlebot3_fake_node/share/ament_index/resource_index/package_run_dependencies/turtlebot3_fake_node
[0.504s] -- Up-to-date symlink: /home/kisangpark/lab_training/install/turtlebot3_fake_node/share/ament_index/resource_index/parent_prefix_path/turtlebot3_fake_node
[0.506s] -- Up-to-date symlink: /home/kisangpark/lab_training/install/turtlebot3_fake_node/share/turtlebot3_fake_node/environment/ament_prefix_path.sh
[0.510s] -- Up-to-date symlink: /home/kisangpark/lab_training/install/turtlebot3_fake_node/share/turtlebot3_fake_node/environment/ament_prefix_path.dsv
[0.511s] -- Up-to-date symlink: /home/kisangpark/lab_training/install/turtlebot3_fake_node/share/turtlebot3_fake_node/environment/path.sh
[0.512s] -- Up-to-date symlink: /home/kisangpark/lab_training/install/turtlebot3_fake_node/share/turtlebot3_fake_node/environment/path.dsv
[0.516s] -- Up-to-date symlink: /home/kisangpark/lab_training/install/turtlebot3_fake_node/share/turtlebot3_fake_node/local_setup.bash
[0.517s] -- Up-to-date symlink: /home/kisangpark/lab_training/install/turtlebot3_fake_node/share/turtlebot3_fake_node/local_setup.sh
[0.521s] -- Up-to-date symlink: /home/kisangpark/lab_training/install/turtlebot3_fake_node/share/turtlebot3_fake_node/local_setup.zsh
[0.522s] -- Up-to-date symlink: /home/kisangpark/lab_training/install/turtlebot3_fake_node/share/turtlebot3_fake_node/local_setup.dsv
[0.524s] -- Symlinking: /home/kisangpark/lab_training/install/turtlebot3_fake_node/share/turtlebot3_fake_node/package.dsv
[0.561s] -- Up-to-date symlink: /home/kisangpark/lab_training/install/turtlebot3_fake_node/share/ament_index/resource_index/packages/turtlebot3_fake_node
[0.571s] -- Up-to-date symlink: /home/kisangpark/lab_training/install/turtlebot3_fake_node/share/turtlebot3_fake_node/cmake/ament_cmake_export_include_directories-extras.cmake
[0.574s] -- Up-to-date symlink: /home/kisangpark/lab_training/install/turtlebot3_fake_node/share/turtlebot3_fake_node/cmake/ament_cmake_export_dependencies-extras.cmake
[0.576s] -- Up-to-date symlink: /home/kisangpark/lab_training/install/turtlebot3_fake_node/share/turtlebot3_fake_node/cmake/turtlebot3_fake_nodeConfig.cmake
[0.585s] -- Up-to-date symlink: /home/kisangpark/lab_training/install/turtlebot3_fake_node/share/turtlebot3_fake_node/cmake/turtlebot3_fake_nodeConfig-version.cmake
[0.585s] -- Up-to-date symlink: /home/kisangpark/lab_training/install/turtlebot3_fake_node/share/turtlebot3_fake_node/package.xml
[0.591s] Invoked command in '/home/kisangpark/lab_training/build/turtlebot3_fake_node' returned '0': AMENT_PREFIX_PATH=/home/kisangpark/lab_training/install/turtlebot3_msgs:${AMENT_PREFIX_PATH} CMAKE_PREFIX_PATH=/home/kisangpark/lab_training/install/turtlebot3_msgs:/opt/ros/humble LD_LIBRARY_PATH=/home/kisangpark/lab_training/install/turtlebot3_msgs/lib:${LD_LIBRARY_PATH} PYTHONPATH=/home/kisangpark/lab_training/install/turtlebot3_msgs/local/lib/python3.10/dist-packages:${PYTHONPATH} /usr/bin/cmake --install /home/kisangpark/lab_training/build/turtlebot3_fake_node
