[2.629s] Invoking command in '/home/kisangpark/lab_training/build/week3': PYTHONPATH=/home/kisangpark/lab_training/build/week3/prefix_override:/usr/lib/python3/dist-packages/colcon_core/task/python/colcon_distutils_commands:/home/kisangpark/lab_training/install/week3/lib/python3.10/site-packages:${PYTHONPATH} /usr/bin/python3 -W ignore:setup.py install is deprecated -W ignore:easy_install command is deprecated setup.py develop --uninstall --editable --build-directory /home/kisangpark/lab_training/build/week3/build
[3.489s] running develop
[4.060s] Removing /home/kisangpark/lab_training/install/week3/lib/python3.10/site-packages/week3.egg-link (link to .)
[4.171s] Invoked command in '/home/kisangpark/lab_training/build/week3' returned '0': PYTHONPATH=/home/kisangpark/lab_training/build/week3/prefix_override:/usr/lib/python3/dist-packages/colcon_core/task/python/colcon_distutils_commands:/home/kisangpark/lab_training/install/week3/lib/python3.10/site-packages:${PYTHONPATH} /usr/bin/python3 -W ignore:setup.py install is deprecated -W ignore:easy_install command is deprecated setup.py develop --uninstall --editable --build-directory /home/kisangpark/lab_training/build/week3/build
[4.174s] Invoking command in '/home/kisangpark/lab_training/src/week3': PYTHONPATH=/home/kisangpark/lab_training/build/week3/prefix_override:/usr/lib/python3/dist-packages/colcon_core/task/python/colcon_distutils_commands:/home/kisangpark/lab_training/install/week3/lib/python3.10/site-packages:${PYTHONPATH} /usr/bin/python3 -W ignore:setup.py install is deprecated -W ignore:easy_install command is deprecated setup.py egg_info --egg-base ../../build/week3 build --build-base /home/kisangpark/lab_training/build/week3/build install --record /home/kisangpark/lab_training/build/week3/install.log --single-version-externally-managed install_data --force
[4.958s] running egg_info
[4.991s] writing ../../build/week3/week3.egg-info/PKG-INFO
[4.993s] writing dependency_links to ../../build/week3/week3.egg-info/dependency_links.txt
[4.993s] writing entry points to ../../build/week3/week3.egg-info/entry_points.txt
[4.995s] writing requirements to ../../build/week3/week3.egg-info/requires.txt
[4.996s] writing top-level names to ../../build/week3/week3.egg-info/top_level.txt
[5.078s] reading manifest file '../../build/week3/week3.egg-info/SOURCES.txt'
[5.080s] writing manifest file '../../build/week3/week3.egg-info/SOURCES.txt'
[5.080s] running build
[5.080s] running build_py
[5.082s] copying week3/pure_pursuit.py -> /home/kisangpark/lab_training/build/week3/build/lib/week3
[5.082s] copying week3/save_costmap.py -> /home/kisangpark/lab_training/build/week3/build/lib/week3
[5.083s] copying week3/__init__.py -> /home/kisangpark/lab_training/build/week3/build/lib/week3
[5.083s] copying week3/RRT_star.py -> /home/kisangpark/lab_training/build/week3/build/lib/week3
[5.083s] running install
[5.091s] running install_lib
[5.127s] creating /home/kisangpark/lab_training/install/week3/lib/python3.10/site-packages/week3
[5.128s] copying /home/kisangpark/lab_training/build/week3/build/lib/week3/pure_pursuit.py -> /home/kisangpark/lab_training/install/week3/lib/python3.10/site-packages/week3
[5.129s] copying /home/kisangpark/lab_training/build/week3/build/lib/week3/save_costmap.py -> /home/kisangpark/lab_training/install/week3/lib/python3.10/site-packages/week3
[5.130s] copying /home/kisangpark/lab_training/build/week3/build/lib/week3/__init__.py -> /home/kisangpark/lab_training/install/week3/lib/python3.10/site-packages/week3
[5.130s] copying /home/kisangpark/lab_training/build/week3/build/lib/week3/RRT_star.py -> /home/kisangpark/lab_training/install/week3/lib/python3.10/site-packages/week3
[5.134s] byte-compiling /home/kisangpark/lab_training/install/week3/lib/python3.10/site-packages/week3/pure_pursuit.py to pure_pursuit.cpython-310.pyc
[5.136s] byte-compiling /home/kisangpark/lab_training/install/week3/lib/python3.10/site-packages/week3/save_costmap.py to save_costmap.cpython-310.pyc
[5.137s] byte-compiling /home/kisangpark/lab_training/install/week3/lib/python3.10/site-packages/week3/__init__.py to __init__.cpython-310.pyc
[5.138s] byte-compiling /home/kisangpark/lab_training/install/week3/lib/python3.10/site-packages/week3/RRT_star.py to RRT_star.cpython-310.pyc
[5.144s] running install_data
[5.144s] copying resource/week3 -> /home/kisangpark/lab_training/install/week3/share/ament_index/resource_index/packages
[5.145s] copying package.xml -> /home/kisangpark/lab_training/install/week3/share/week3
[5.148s] running install_egg_info
[5.205s] Copying ../../build/week3/week3.egg-info to /home/kisangpark/lab_training/install/week3/lib/python3.10/site-packages/week3-0.0.0-py3.10.egg-info
[5.212s] running install_scripts
[5.538s] Installing rrt_star script to /home/kisangpark/lab_training/install/week3/lib/week3
[5.539s] Installing save_costmap script to /home/kisangpark/lab_training/install/week3/lib/week3
[5.540s] writing list of installed files to '/home/kisangpark/lab_training/build/week3/install.log'
[5.639s] Invoked command in '/home/kisangpark/lab_training/src/week3' returned '0': PYTHONPATH=/home/kisangpark/lab_training/build/week3/prefix_override:/usr/lib/python3/dist-packages/colcon_core/task/python/colcon_distutils_commands:/home/kisangpark/lab_training/install/week3/lib/python3.10/site-packages:${PYTHONPATH} /usr/bin/python3 -W ignore:setup.py install is deprecated -W ignore:easy_install command is deprecated setup.py egg_info --egg-base ../../build/week3 build --build-base /home/kisangpark/lab_training/build/week3/build install --record /home/kisangpark/lab_training/build/week3/install.log --single-version-externally-managed install_data --force
