[0.204s] Invoking command in '/home/kisangpark/lab_training/build/turtlebot3_description': CMAKE_PREFIX_PATH=/opt/ros/humble /usr/bin/cmake --build /home/kisangpark/lab_training/build/turtlebot3_description -- -j2 -l2
[0.953s] Invoked command in '/home/kisangpark/lab_training/build/turtlebot3_description' returned '0': CMAKE_PREFIX_PATH=/opt/ros/humble /usr/bin/cmake --build /home/kisangpark/lab_training/build/turtlebot3_description -- -j2 -l2
[1.083s] Invoking command in '/home/kisangpark/lab_training/build/turtlebot3_description': CMAKE_PREFIX_PATH=/opt/ros/humble /usr/bin/cmake --install /home/kisangpark/lab_training/build/turtlebot3_description
[1.187s] -- Install configuration: ""
[1.203s] -- Execute custom install script
[1.229s] -- Up-to-date symlink: /home/kisangpark/lab_training/install/turtlebot3_description/share/turtlebot3_description/meshes/bases/burger_base.stl
[1.235s] -- Up-to-date symlink: /home/kisangpark/lab_training/install/turtlebot3_description/share/turtlebot3_description/meshes/bases/waffle_base.stl
[1.246s] -- Up-to-date symlink: /home/kisangpark/lab_training/install/turtlebot3_description/share/turtlebot3_description/meshes/bases/waffle_pi_base.stl
[1.246s] -- Up-to-date symlink: /home/kisangpark/lab_training/install/turtlebot3_description/share/turtlebot3_description/meshes/sensors/astra.dae
[1.250s] -- Up-to-date symlink: /home/kisangpark/lab_training/install/turtlebot3_description/share/turtlebot3_description/meshes/sensors/astra.jpg
[1.251s] -- Up-to-date symlink: /home/kisangpark/lab_training/install/turtlebot3_description/share/turtlebot3_description/meshes/sensors/lds.stl
[1.256s] -- Up-to-date symlink: /home/kisangpark/lab_training/install/turtlebot3_description/share/turtlebot3_description/meshes/sensors/r200.dae
[1.260s] -- Up-to-date symlink: /home/kisangpark/lab_training/install/turtlebot3_description/share/turtlebot3_description/meshes/sensors/r200.jpg
[1.263s] -- Up-to-date symlink: /home/kisangpark/lab_training/install/turtlebot3_description/share/turtlebot3_description/meshes/wheels/left_tire.stl
[1.264s] -- Up-to-date symlink: /home/kisangpark/lab_training/install/turtlebot3_description/share/turtlebot3_description/meshes/wheels/right_tire.stl
[1.270s] -- Up-to-date symlink: /home/kisangpark/lab_training/install/turtlebot3_description/share/turtlebot3_description/rviz/model.rviz
[1.279s] -- Up-to-date symlink: /home/kisangpark/lab_training/install/turtlebot3_description/share/turtlebot3_description/urdf/common_properties.urdf
[1.280s] -- Up-to-date symlink: /home/kisangpark/lab_training/install/turtlebot3_description/share/turtlebot3_description/urdf/turtlebot3_burger.urdf
[1.280s] -- Up-to-date symlink: /home/kisangpark/lab_training/install/turtlebot3_description/share/turtlebot3_description/urdf/turtlebot3_waffle.urdf
[1.295s] -- Up-to-date symlink: /home/kisangpark/lab_training/install/turtlebot3_description/share/turtlebot3_description/urdf/turtlebot3_waffle_pi.urdf
[1.297s] -- Up-to-date symlink: /home/kisangpark/lab_training/install/turtlebot3_description/share/ament_index/resource_index/package_run_dependencies/turtlebot3_description
[1.297s] -- Up-to-date symlink: /home/kisangpark/lab_training/install/turtlebot3_description/share/ament_index/resource_index/parent_prefix_path/turtlebot3_description
[1.305s] -- Up-to-date symlink: /home/kisangpark/lab_training/install/turtlebot3_description/share/turtlebot3_description/environment/ament_prefix_path.sh
[1.310s] -- Up-to-date symlink: /home/kisangpark/lab_training/install/turtlebot3_description/share/turtlebot3_description/environment/ament_prefix_path.dsv
[1.323s] -- Up-to-date symlink: /home/kisangpark/lab_training/install/turtlebot3_description/share/turtlebot3_description/environment/path.sh
[1.329s] -- Up-to-date symlink: /home/kisangpark/lab_training/install/turtlebot3_description/share/turtlebot3_description/environment/path.dsv
[1.333s] -- Up-to-date symlink: /home/kisangpark/lab_training/install/turtlebot3_description/share/turtlebot3_description/local_setup.bash
[1.353s] -- Up-to-date symlink: /home/kisangpark/lab_training/install/turtlebot3_description/share/turtlebot3_description/local_setup.sh
[1.363s] -- Up-to-date symlink: /home/kisangpark/lab_training/install/turtlebot3_description/share/turtlebot3_description/local_setup.zsh
[1.371s] -- Up-to-date symlink: /home/kisangpark/lab_training/install/turtlebot3_description/share/turtlebot3_description/local_setup.dsv
[1.372s] -- Symlinking: /home/kisangpark/lab_training/install/turtlebot3_description/share/turtlebot3_description/package.dsv
[1.527s] -- Up-to-date symlink: /home/kisangpark/lab_training/install/turtlebot3_description/share/ament_index/resource_index/packages/turtlebot3_description
[1.535s] -- Up-to-date symlink: /home/kisangpark/lab_training/install/turtlebot3_description/share/turtlebot3_description/cmake/turtlebot3_descriptionConfig.cmake
[1.535s] -- Up-to-date symlink: /home/kisangpark/lab_training/install/turtlebot3_description/share/turtlebot3_description/cmake/turtlebot3_descriptionConfig-version.cmake
[1.546s] -- Up-to-date symlink: /home/kisangpark/lab_training/install/turtlebot3_description/share/turtlebot3_description/package.xml
[1.572s] Invoked command in '/home/kisangpark/lab_training/build/turtlebot3_description' returned '0': CMAKE_PREFIX_PATH=/opt/ros/humble /usr/bin/cmake --install /home/kisangpark/lab_training/build/turtlebot3_description
