[0.101s] Invoking command in '/home/kisangpark/lab_training/build/turtlebot3_simulations': AMENT_PREFIX_PATH=/home/kisangpark/lab_training/install/turtlebot3_fake_node:/home/kisangpark/lab_training/install/turtlebot3_msgs:/home/kisangpark/lab_training/install/turtlebot3_gazebo:${AMENT_PREFIX_PATH} CMAKE_PREFIX_PATH=/home/kisangpark/lab_training/install/turtlebot3_fake_node:/home/kisangpark/lab_training/install/turtlebot3_msgs:/home/kisangpark/lab_training/install/turtlebot3_gazebo:/opt/ros/humble LD_LIBRARY_PATH=/home/kisangpark/lab_training/install/turtlebot3_msgs/lib:${LD_LIBRARY_PATH} PYTHONPATH=/home/kisangpark/lab_training/install/turtlebot3_msgs/local/lib/python3.10/dist-packages:${PYTHONPATH} /usr/bin/cmake --build /home/kisangpark/lab_training/build/turtlebot3_simulations -- -j2 -l2
[0.345s] Invoked command in '/home/kisangpark/lab_training/build/turtlebot3_simulations' returned '0': AMENT_PREFIX_PATH=/home/kisangpark/lab_training/install/turtlebot3_fake_node:/home/kisangpark/lab_training/install/turtlebot3_msgs:/home/kisangpark/lab_training/install/turtlebot3_gazebo:${AMENT_PREFIX_PATH} CMAKE_PREFIX_PATH=/home/kisangpark/lab_training/install/turtlebot3_fake_node:/home/kisangpark/lab_training/install/turtlebot3_msgs:/home/kisangpark/lab_training/install/turtlebot3_gazebo:/opt/ros/humble LD_LIBRARY_PATH=/home/kisangpark/lab_training/install/turtlebot3_msgs/lib:${LD_LIBRARY_PATH} PYTHONPATH=/home/kisangpark/lab_training/install/turtlebot3_msgs/local/lib/python3.10/dist-packages:${PYTHONPATH} /usr/bin/cmake --build /home/kisangpark/lab_training/build/turtlebot3_simulations -- -j2 -l2
[0.357s] Invoking command in '/home/kisangpark/lab_training/build/turtlebot3_simulations': AMENT_PREFIX_PATH=/home/kisangpark/lab_training/install/turtlebot3_fake_node:/home/kisangpark/lab_training/install/turtlebot3_msgs:/home/kisangpark/lab_training/install/turtlebot3_gazebo:${AMENT_PREFIX_PATH} CMAKE_PREFIX_PATH=/home/kisangpark/lab_training/install/turtlebot3_fake_node:/home/kisangpark/lab_training/install/turtlebot3_msgs:/home/kisangpark/lab_training/install/turtlebot3_gazebo:/opt/ros/humble LD_LIBRARY_PATH=/home/kisangpark/lab_training/install/turtlebot3_msgs/lib:${LD_LIBRARY_PATH} PYTHONPATH=/home/kisangpark/lab_training/install/turtlebot3_msgs/local/lib/python3.10/dist-packages:${PYTHONPATH} /usr/bin/cmake --install /home/kisangpark/lab_training/build/turtlebot3_simulations
[0.392s] -- Install configuration: ""
[0.399s] -- Execute custom install script
[0.408s] -- Up-to-date symlink: /home/kisangpark/lab_training/install/turtlebot3_simulations/share/ament_index/resource_index/package_run_dependencies/turtlebot3_simulations
[0.409s] -- Up-to-date symlink: /home/kisangpark/lab_training/install/turtlebot3_simulations/share/ament_index/resource_index/parent_prefix_path/turtlebot3_simulations
[0.416s] -- Up-to-date symlink: /home/kisangpark/lab_training/install/turtlebot3_simulations/share/turtlebot3_simulations/environment/ament_prefix_path.sh
[0.419s] -- Up-to-date symlink: /home/kisangpark/lab_training/install/turtlebot3_simulations/share/turtlebot3_simulations/environment/ament_prefix_path.dsv
[0.420s] -- Up-to-date symlink: /home/kisangpark/lab_training/install/turtlebot3_simulations/share/turtlebot3_simulations/environment/path.sh
[0.422s] -- Up-to-date symlink: /home/kisangpark/lab_training/install/turtlebot3_simulations/share/turtlebot3_simulations/environment/path.dsv
[0.423s] -- Up-to-date symlink: /home/kisangpark/lab_training/install/turtlebot3_simulations/share/turtlebot3_simulations/local_setup.bash
[0.426s] -- Up-to-date symlink: /home/kisangpark/lab_training/install/turtlebot3_simulations/share/turtlebot3_simulations/local_setup.sh
[0.427s] -- Up-to-date symlink: /home/kisangpark/lab_training/install/turtlebot3_simulations/share/turtlebot3_simulations/local_setup.zsh
[0.432s] -- Up-to-date symlink: /home/kisangpark/lab_training/install/turtlebot3_simulations/share/turtlebot3_simulations/local_setup.dsv
[0.432s] -- Symlinking: /home/kisangpark/lab_training/install/turtlebot3_simulations/share/turtlebot3_simulations/package.dsv
[0.487s] -- Up-to-date symlink: /home/kisangpark/lab_training/install/turtlebot3_simulations/share/ament_index/resource_index/packages/turtlebot3_simulations
[0.491s] -- Up-to-date symlink: /home/kisangpark/lab_training/install/turtlebot3_simulations/share/turtlebot3_simulations/cmake/turtlebot3_simulationsConfig.cmake
[0.494s] -- Up-to-date symlink: /home/kisangpark/lab_training/install/turtlebot3_simulations/share/turtlebot3_simulations/cmake/turtlebot3_simulationsConfig-version.cmake
[0.499s] -- Up-to-date symlink: /home/kisangpark/lab_training/install/turtlebot3_simulations/share/turtlebot3_simulations/package.xml
[0.514s] Invoked command in '/home/kisangpark/lab_training/build/turtlebot3_simulations' returned '0': AMENT_PREFIX_PATH=/home/kisangpark/lab_training/install/turtlebot3_fake_node:/home/kisangpark/lab_training/install/turtlebot3_msgs:/home/kisangpark/lab_training/install/turtlebot3_gazebo:${AMENT_PREFIX_PATH} CMAKE_PREFIX_PATH=/home/kisangpark/lab_training/install/turtlebot3_fake_node:/home/kisangpark/lab_training/install/turtlebot3_msgs:/home/kisangpark/lab_training/install/turtlebot3_gazebo:/opt/ros/humble LD_LIBRARY_PATH=/home/kisangpark/lab_training/install/turtlebot3_msgs/lib:${LD_LIBRARY_PATH} PYTHONPATH=/home/kisangpark/lab_training/install/turtlebot3_msgs/local/lib/python3.10/dist-packages:${PYTHONPATH} /usr/bin/cmake --install /home/kisangpark/lab_training/build/turtlebot3_simulations
