[4.627s] Invoking command in '/home/kisangpark/lab_training/build/week3': PYTHONPATH=/home/kisangpark/lab_training/build/week3/prefix_override:/usr/lib/python3/dist-packages/colcon_core/task/python/colcon_distutils_commands:/home/kisangpark/lab_training/install/week3/lib/python3.10/site-packages:${PYTHONPATH} /usr/bin/python3 -W ignore:setup.py install is deprecated -W ignore:easy_install command is deprecated setup.py develop --editable --build-directory /home/kisangpark/lab_training/build/week3/build --no-deps symlink_data --force
[6.818s] running develop
[7.989s] running egg_info
[8.090s] writing week3.egg-info/PKG-INFO
[8.094s] writing dependency_links to week3.egg-info/dependency_links.txt
[8.098s] writing entry points to week3.egg-info/entry_points.txt
[8.099s] writing requirements to week3.egg-info/requires.txt
[8.103s] writing top-level names to week3.egg-info/top_level.txt
[8.214s] reading manifest file 'week3.egg-info/SOURCES.txt'
[8.217s] writing manifest file 'week3.egg-info/SOURCES.txt'
[8.347s] running build_ext
[8.347s] Creating /home/kisangpark/lab_training/install/week3/lib/python3.10/site-packages/week3.egg-link (link to .)
[8.355s] Installing rrt_star script to /home/kisangpark/lab_training/install/week3/lib/week3
[8.358s] Installing save_costmap script to /home/kisangpark/lab_training/install/week3/lib/week3
[8.360s] 
[8.361s] Installed /home/kisangpark/lab_training/build/week3
[8.365s] running symlink_data
[8.368s] symbolically linking /home/kisangpark/lab_training/build/week3/resource/week3 -> /home/kisangpark/lab_training/install/week3/share/ament_index/resource_index/packages
[8.371s] symbolically linking /home/kisangpark/lab_training/build/week3/package.xml -> /home/kisangpark/lab_training/install/week3/share/week3
[8.573s] Invoked command in '/home/kisangpark/lab_training/build/week3' returned '0': PYTHONPATH=/home/kisangpark/lab_training/build/week3/prefix_override:/usr/lib/python3/dist-packages/colcon_core/task/python/colcon_distutils_commands:/home/kisangpark/lab_training/install/week3/lib/python3.10/site-packages:${PYTHONPATH} /usr/bin/python3 -W ignore:setup.py install is deprecated -W ignore:easy_install command is deprecated setup.py develop --editable --build-directory /home/kisangpark/lab_training/build/week3/build --no-deps symlink_data --force
