[0.119s] Invoking command in '/home/kisangpark/lab_training/build/turtlebot3_msgs': CMAKE_PREFIX_PATH=/opt/ros/humble /usr/bin/cmake /home/kisangpark/lab_training/src/turtlebot3_msgs -DAMENT_CMAKE_SYMLINK_INSTALL=1 -DCMAKE_INSTALL_PREFIX=/home/kisangpark/lab_training/install/turtlebot3_msgs
[0.741s] -- The C compiler identification is GNU 11.4.0
[1.192s] -- The CXX compiler identification is GNU 11.4.0
[1.249s] -- Detecting C compiler ABI info
[1.440s] -- Detecting C compiler ABI info - done
[1.459s] -- Check for working C compiler: /usr/bin/cc - skipped
[1.460s] -- Detecting C compile features
[1.462s] -- Detecting C compile features - done
[1.470s] -- Detecting CXX compiler ABI info
[1.722s] -- Detecting CXX compiler ABI info - done
[1.736s] -- Check for working CXX compiler: /usr/bin/c++ - skipped
[1.737s] -- Detecting CXX compile features
[1.738s] -- Detecting CXX compile features - done
[1.749s] -- Found action_msgs: 1.2.1 (/opt/ros/humble/share/action_msgs/cmake)
[2.879s] -- Found Python3: /usr/bin/python3 (found version "3.10.12") found components: Interpreter 
[3.107s] -- Override CMake install command with custom implementation using symlinks instead of copying resources
[3.485s] -- Found rosidl_generator_c: 3.1.5 (/opt/ros/humble/share/rosidl_generator_c/cmake)
[3.519s] -- Found rosidl_adapter: 3.1.5 (/opt/ros/humble/share/rosidl_adapter/cmake)
[3.582s] -- Found rosidl_generator_cpp: 3.1.5 (/opt/ros/humble/share/rosidl_generator_cpp/cmake)
[3.697s] -- Using all available rosidl_typesupport_c: rosidl_typesupport_fastrtps_c;rosidl_typesupport_introspection_c
[3.830s] -- Using all available rosidl_typesupport_cpp: rosidl_typesupport_fastrtps_cpp;rosidl_typesupport_introspection_cpp
[4.215s] -- Found rosidl_default_generators: 1.2.0 (/opt/ros/humble/share/rosidl_default_generators/cmake)
[4.323s] -- Found std_msgs: 4.2.4 (/opt/ros/humble/share/std_msgs/cmake)
[5.672s] -- Found ament_cmake_cppcheck: 0.12.11 (/opt/ros/humble/share/ament_cmake_cppcheck/cmake)
[5.684s] -- Found ament_cmake_cpplint: 0.12.11 (/opt/ros/humble/share/ament_cmake_cpplint/cmake)
[5.703s] -- Found ament_cmake_uncrustify: 0.12.11 (/opt/ros/humble/share/ament_cmake_uncrustify/cmake)
[5.720s] -- Found ament_cmake_ros: 0.10.0 (/opt/ros/humble/share/ament_cmake_ros/cmake)
[7.360s] -- Using all available rosidl_typesupport_c: rosidl_typesupport_fastrtps_c;rosidl_typesupport_introspection_c
[7.735s] -- Using all available rosidl_typesupport_cpp: rosidl_typesupport_fastrtps_cpp;rosidl_typesupport_introspection_cpp
[7.819s] -- Found PythonInterp: /usr/bin/python3 (found suitable version "3.10.12", minimum required is "3.6") 
[7.822s] -- Found python_cmake_module: 0.10.0 (/opt/ros/humble/share/python_cmake_module/cmake)
[7.910s] -- Found PythonLibs: /usr/lib/x86_64-linux-gnu/libpython3.10.so (found suitable version "3.10.12", minimum required is "3.5") 
[7.913s] -- Using PYTHON_EXECUTABLE: /usr/bin/python3
[7.913s] -- Using PYTHON_INCLUDE_DIRS: /usr/include/python3.10
[7.913s] -- Using PYTHON_LIBRARIES: /usr/lib/x86_64-linux-gnu/libpython3.10.so
[7.981s] -- Found PythonExtra: .so  
[8.203s] -- Found ament_cmake_flake8: 0.12.11 (/opt/ros/humble/share/ament_cmake_flake8/cmake)
[8.217s] -- Found ament_cmake_pep257: 0.12.11 (/opt/ros/humble/share/ament_cmake_pep257/cmake)
[8.288s] -- Configuring done
[8.551s] -- Generating done
[8.611s] -- Build files have been written to: /home/kisangpark/lab_training/build/turtlebot3_msgs
[8.655s] Invoked command in '/home/kisangpark/lab_training/build/turtlebot3_msgs' returned '0': CMAKE_PREFIX_PATH=/opt/ros/humble /usr/bin/cmake /home/kisangpark/lab_training/src/turtlebot3_msgs -DAMENT_CMAKE_SYMLINK_INSTALL=1 -DCMAKE_INSTALL_PREFIX=/home/kisangpark/lab_training/install/turtlebot3_msgs
[8.657s] Invoking command in '/home/kisangpark/lab_training/build/turtlebot3_msgs': CMAKE_PREFIX_PATH=/opt/ros/humble /usr/bin/cmake --build /home/kisangpark/lab_training/build/turtlebot3_msgs -- -j2 -l2
[8.833s] [  1%] [34m[1mGenerating C code for ROS interfaces[0m
[8.944s] [  2%] [34m[1mGenerating C++ code for ROS interfaces[0m
[14.182s] [  2%] Built target turtlebot3_msgs__cpp
[14.246s] [  2%] Built target ament_cmake_python_symlink_turtlebot3_msgs
[14.264s] [  4%] [34m[1mGenerating C++ type support dispatch for ROS interfaces[0m
[14.581s] [  5%] [32mBuilding C object CMakeFiles/turtlebot3_msgs__rosidl_generator_c.dir/rosidl_generator_c/turtlebot3_msgs/msg/detail/sensor_state__functions.c.o[0m
[15.010s] [  7%] [32mBuilding C object CMakeFiles/turtlebot3_msgs__rosidl_generator_c.dir/rosidl_generator_c/turtlebot3_msgs/msg/detail/sound__functions.c.o[0m
[15.158s] [  8%] [32mBuilding C object CMakeFiles/turtlebot3_msgs__rosidl_generator_c.dir/rosidl_generator_c/turtlebot3_msgs/msg/detail/version_info__functions.c.o[0m
[15.363s] [  9%] [32mBuilding C object CMakeFiles/turtlebot3_msgs__rosidl_generator_c.dir/rosidl_generator_c/turtlebot3_msgs/srv/detail/sound__functions.c.o[0m
[15.641s] [ 11%] [32mBuilding C object CMakeFiles/turtlebot3_msgs__rosidl_generator_c.dir/rosidl_generator_c/turtlebot3_msgs/srv/detail/dqn__functions.c.o[0m
[15.894s] [ 12%] [32mBuilding C object CMakeFiles/turtlebot3_msgs__rosidl_generator_c.dir/rosidl_generator_c/turtlebot3_msgs/action/detail/patrol__functions.c.o[0m
[16.644s] [ 14%] [32m[1mLinking C shared library libturtlebot3_msgs__rosidl_generator_c.so[0m
[16.943s] [ 14%] Built target turtlebot3_msgs__rosidl_generator_c
[16.986s] [ 15%] [34m[1mGenerating C++ type support for eProsima Fast-RTPS[0m
[17.509s] [ 16%] [32mBuilding CXX object CMakeFiles/turtlebot3_msgs__rosidl_typesupport_cpp.dir/rosidl_typesupport_cpp/turtlebot3_msgs/msg/sensor_state__type_support.cpp.o[0m
[19.757s] [ 18%] [32mBuilding CXX object CMakeFiles/turtlebot3_msgs__rosidl_typesupport_cpp.dir/rosidl_typesupport_cpp/turtlebot3_msgs/msg/sound__type_support.cpp.o[0m
[21.293s] [ 19%] [32mBuilding CXX object CMakeFiles/turtlebot3_msgs__rosidl_typesupport_cpp.dir/rosidl_typesupport_cpp/turtlebot3_msgs/msg/version_info__type_support.cpp.o[0m
[21.447s] [ 21%] [32mBuilding CXX object CMakeFiles/turtlebot3_msgs__rosidl_typesupport_fastrtps_cpp.dir/rosidl_typesupport_fastrtps_cpp/turtlebot3_msgs/msg/detail/dds_fastrtps/sensor_state__type_support.cpp.o[0m
[22.145s] [ 22%] [32mBuilding CXX object CMakeFiles/turtlebot3_msgs__rosidl_typesupport_cpp.dir/rosidl_typesupport_cpp/turtlebot3_msgs/srv/sound__type_support.cpp.o[0m
[23.548s] [ 23%] [32mBuilding CXX object CMakeFiles/turtlebot3_msgs__rosidl_typesupport_fastrtps_cpp.dir/rosidl_typesupport_fastrtps_cpp/turtlebot3_msgs/msg/detail/dds_fastrtps/sound__type_support.cpp.o[0m
[24.097s] [ 25%] [32mBuilding CXX object CMakeFiles/turtlebot3_msgs__rosidl_typesupport_cpp.dir/rosidl_typesupport_cpp/turtlebot3_msgs/srv/dqn__type_support.cpp.o[0m
[26.555s] [ 26%] [32mBuilding CXX object CMakeFiles/turtlebot3_msgs__rosidl_typesupport_cpp.dir/rosidl_typesupport_cpp/turtlebot3_msgs/action/patrol__type_support.cpp.o[0m
[27.311s] [ 28%] [32mBuilding CXX object CMakeFiles/turtlebot3_msgs__rosidl_typesupport_fastrtps_cpp.dir/rosidl_typesupport_fastrtps_cpp/turtlebot3_msgs/msg/detail/dds_fastrtps/version_info__type_support.cpp.o[0m
[31.194s] [ 29%] [32mBuilding CXX object CMakeFiles/turtlebot3_msgs__rosidl_typesupport_fastrtps_cpp.dir/rosidl_typesupport_fastrtps_cpp/turtlebot3_msgs/srv/detail/dds_fastrtps/sound__type_support.cpp.o[0m
[31.227s] [ 30%] [32m[1mLinking CXX shared library libturtlebot3_msgs__rosidl_typesupport_cpp.so[0m
[31.452s] [ 30%] Built target turtlebot3_msgs__rosidl_typesupport_cpp
[31.482s] [ 32%] [34m[1mGenerating C introspection for ROS interfaces[0m
[34.487s] [ 33%] [32mBuilding CXX object CMakeFiles/turtlebot3_msgs__rosidl_typesupport_fastrtps_cpp.dir/rosidl_typesupport_fastrtps_cpp/turtlebot3_msgs/srv/detail/dds_fastrtps/dqn__type_support.cpp.o[0m
[37.985s] [ 35%] [32mBuilding C object CMakeFiles/turtlebot3_msgs__rosidl_typesupport_introspection_c.dir/rosidl_typesupport_introspection_c/turtlebot3_msgs/msg/detail/sensor_state__type_support.c.o[0m
[38.277s] [ 36%] [32mBuilding C object CMakeFiles/turtlebot3_msgs__rosidl_typesupport_introspection_c.dir/rosidl_typesupport_introspection_c/turtlebot3_msgs/msg/detail/sound__type_support.c.o[0m
[38.460s] [ 38%] [32mBuilding C object CMakeFiles/turtlebot3_msgs__rosidl_typesupport_introspection_c.dir/rosidl_typesupport_introspection_c/turtlebot3_msgs/msg/detail/version_info__type_support.c.o[0m
[38.702s] [ 39%] [32mBuilding CXX object CMakeFiles/turtlebot3_msgs__rosidl_typesupport_fastrtps_cpp.dir/rosidl_typesupport_fastrtps_cpp/turtlebot3_msgs/action/detail/dds_fastrtps/patrol__type_support.cpp.o[0m
[38.737s] [ 40%] [32mBuilding C object CMakeFiles/turtlebot3_msgs__rosidl_typesupport_introspection_c.dir/rosidl_typesupport_introspection_c/turtlebot3_msgs/srv/detail/sound__type_support.c.o[0m
[38.934s] [ 42%] [32mBuilding C object CMakeFiles/turtlebot3_msgs__rosidl_typesupport_introspection_c.dir/rosidl_typesupport_introspection_c/turtlebot3_msgs/srv/detail/dqn__type_support.c.o[0m
[39.137s] [ 43%] [32mBuilding C object CMakeFiles/turtlebot3_msgs__rosidl_typesupport_introspection_c.dir/rosidl_typesupport_introspection_c/turtlebot3_msgs/action/detail/patrol__type_support.c.o[0m
[39.399s] [ 45%] [32m[1mLinking C shared library libturtlebot3_msgs__rosidl_typesupport_introspection_c.so[0m
[39.574s] [ 45%] Built target turtlebot3_msgs__rosidl_typesupport_introspection_c
[42.487s] [ 46%] [32m[1mLinking CXX shared library libturtlebot3_msgs__rosidl_typesupport_fastrtps_cpp.so[0m
[42.841s] [ 46%] Built target turtlebot3_msgs__rosidl_typesupport_fastrtps_cpp
[42.858s] [ 47%] [34m[1mGenerating C type support dispatch for ROS interfaces[0m
[47.070s] [ 49%] [32mBuilding CXX object CMakeFiles/turtlebot3_msgs__rosidl_typesupport_c.dir/rosidl_typesupport_c/turtlebot3_msgs/msg/sensor_state__type_support.cpp.o[0m
[47.275s] [ 50%] [32mBuilding CXX object CMakeFiles/turtlebot3_msgs__rosidl_typesupport_c.dir/rosidl_typesupport_c/turtlebot3_msgs/msg/sound__type_support.cpp.o[0m
[47.409s] [ 52%] [32mBuilding CXX object CMakeFiles/turtlebot3_msgs__rosidl_typesupport_c.dir/rosidl_typesupport_c/turtlebot3_msgs/msg/version_info__type_support.cpp.o[0m
[47.590s] [ 53%] [32mBuilding CXX object CMakeFiles/turtlebot3_msgs__rosidl_typesupport_c.dir/rosidl_typesupport_c/turtlebot3_msgs/srv/sound__type_support.cpp.o[0m
[47.701s] [ 54%] [32mBuilding CXX object CMakeFiles/turtlebot3_msgs__rosidl_typesupport_c.dir/rosidl_typesupport_c/turtlebot3_msgs/srv/dqn__type_support.cpp.o[0m
[47.789s] [ 56%] [32mBuilding CXX object CMakeFiles/turtlebot3_msgs__rosidl_typesupport_c.dir/rosidl_typesupport_c/turtlebot3_msgs/action/patrol__type_support.cpp.o[0m
[47.971s] [ 57%] [32m[1mLinking CXX shared library libturtlebot3_msgs__rosidl_typesupport_c.so[0m
[48.295s] [ 57%] Built target turtlebot3_msgs__rosidl_typesupport_c
[48.348s] [ 59%] [34m[1mGenerating C++ introspection for ROS interfaces[0m
[53.105s] [ 60%] [32mBuilding CXX object CMakeFiles/turtlebot3_msgs__rosidl_typesupport_introspection_cpp.dir/rosidl_typesupport_introspection_cpp/turtlebot3_msgs/msg/detail/sensor_state__type_support.cpp.o[0m
[56.201s] [ 61%] [32mBuilding CXX object CMakeFiles/turtlebot3_msgs__rosidl_typesupport_introspection_cpp.dir/rosidl_typesupport_introspection_cpp/turtlebot3_msgs/msg/detail/sound__type_support.cpp.o[0m
[58.650s] [ 63%] [32mBuilding CXX object CMakeFiles/turtlebot3_msgs__rosidl_typesupport_introspection_cpp.dir/rosidl_typesupport_introspection_cpp/turtlebot3_msgs/msg/detail/version_info__type_support.cpp.o[0m
[60.846s] [ 64%] [32mBuilding CXX object CMakeFiles/turtlebot3_msgs__rosidl_typesupport_introspection_cpp.dir/rosidl_typesupport_introspection_cpp/turtlebot3_msgs/srv/detail/sound__type_support.cpp.o[0m
[62.850s] [ 66%] [32mBuilding CXX object CMakeFiles/turtlebot3_msgs__rosidl_typesupport_introspection_cpp.dir/rosidl_typesupport_introspection_cpp/turtlebot3_msgs/srv/detail/dqn__type_support.cpp.o[0m
[65.281s] [ 67%] [32mBuilding CXX object CMakeFiles/turtlebot3_msgs__rosidl_typesupport_introspection_cpp.dir/rosidl_typesupport_introspection_cpp/turtlebot3_msgs/action/detail/patrol__type_support.cpp.o[0m
[69.076s] [ 69%] [32m[1mLinking CXX shared library libturtlebot3_msgs__rosidl_typesupport_introspection_cpp.so[0m
[69.777s] [ 69%] Built target turtlebot3_msgs__rosidl_typesupport_introspection_cpp
[72.049s] running egg_info
[72.056s] creating turtlebot3_msgs.egg-info
[72.151s] writing turtlebot3_msgs.egg-info/PKG-INFO
[72.155s] writing dependency_links to turtlebot3_msgs.egg-info/dependency_links.txt
[72.158s] writing top-level names to turtlebot3_msgs.egg-info/top_level.txt
[72.158s] writing manifest file 'turtlebot3_msgs.egg-info/SOURCES.txt'
[72.512s] reading manifest file 'turtlebot3_msgs.egg-info/SOURCES.txt'
[72.522s] writing manifest file 'turtlebot3_msgs.egg-info/SOURCES.txt'
[72.696s] [ 69%] Built target ament_cmake_python_build_turtlebot3_msgs_egg
[72.784s] [ 70%] [34m[1mGenerating C type support for eProsima Fast-RTPS[0m
[78.272s] [ 71%] [32mBuilding CXX object CMakeFiles/turtlebot3_msgs__rosidl_typesupport_fastrtps_c.dir/rosidl_typesupport_fastrtps_c/turtlebot3_msgs/msg/detail/sensor_state__type_support_c.cpp.o[0m
[80.792s] [ 73%] [32mBuilding CXX object CMakeFiles/turtlebot3_msgs__rosidl_typesupport_fastrtps_c.dir/rosidl_typesupport_fastrtps_c/turtlebot3_msgs/msg/detail/sound__type_support_c.cpp.o[0m
[82.990s] [ 74%] [32mBuilding CXX object CMakeFiles/turtlebot3_msgs__rosidl_typesupport_fastrtps_c.dir/rosidl_typesupport_fastrtps_c/turtlebot3_msgs/msg/detail/version_info__type_support_c.cpp.o[0m
[85.059s] [ 76%] [32mBuilding CXX object CMakeFiles/turtlebot3_msgs__rosidl_typesupport_fastrtps_c.dir/rosidl_typesupport_fastrtps_c/turtlebot3_msgs/srv/detail/sound__type_support_c.cpp.o[0m
[87.388s] [ 77%] [32mBuilding CXX object CMakeFiles/turtlebot3_msgs__rosidl_typesupport_fastrtps_c.dir/rosidl_typesupport_fastrtps_c/turtlebot3_msgs/srv/detail/dqn__type_support_c.cpp.o[0m
[89.562s] [ 78%] [32mBuilding CXX object CMakeFiles/turtlebot3_msgs__rosidl_typesupport_fastrtps_c.dir/rosidl_typesupport_fastrtps_c/turtlebot3_msgs/action/detail/patrol__type_support_c.cpp.o[0m
[93.371s] [ 80%] [32m[1mLinking CXX shared library libturtlebot3_msgs__rosidl_typesupport_fastrtps_c.so[0m
[93.951s] [ 80%] Built target turtlebot3_msgs__rosidl_typesupport_fastrtps_c
[94.143s] [ 80%] Built target turtlebot3_msgs
[94.235s] [ 81%] [34m[1mGenerating Python code for ROS interfaces[0m
[104.578s] [ 81%] Built target turtlebot3_msgs__py
[104.663s] [ 83%] [32mBuilding C object CMakeFiles/turtlebot3_msgs__rosidl_generator_py.dir/rosidl_generator_py/turtlebot3_msgs/msg/_sensor_state_s.c.o[0m
[105.427s] [ 84%] [32mBuilding C object CMakeFiles/turtlebot3_msgs__rosidl_generator_py.dir/rosidl_generator_py/turtlebot3_msgs/msg/_sound_s.c.o[0m
[105.637s] [ 85%] [32mBuilding C object CMakeFiles/turtlebot3_msgs__rosidl_generator_py.dir/rosidl_generator_py/turtlebot3_msgs/msg/_version_info_s.c.o[0m
[105.862s] [ 87%] [32mBuilding C object CMakeFiles/turtlebot3_msgs__rosidl_generator_py.dir/rosidl_generator_py/turtlebot3_msgs/srv/_sound_s.c.o[0m
[106.196s] [ 88%] [32mBuilding C object CMakeFiles/turtlebot3_msgs__rosidl_generator_py.dir/rosidl_generator_py/turtlebot3_msgs/srv/_dqn_s.c.o[0m
[106.507s] [ 90%] [32mBuilding C object CMakeFiles/turtlebot3_msgs__rosidl_generator_py.dir/rosidl_generator_py/turtlebot3_msgs/action/_patrol_s.c.o[0m
[106.831s] [ 91%] [32m[1mLinking C shared library rosidl_generator_py/turtlebot3_msgs/libturtlebot3_msgs__rosidl_generator_py.so[0m
[106.965s] [ 91%] Built target turtlebot3_msgs__rosidl_generator_py
[107.016s] [ 92%] [32mBuilding C object CMakeFiles/turtlebot3_msgs__rosidl_typesupport_fastrtps_c__pyext.dir/rosidl_generator_py/turtlebot3_msgs/_turtlebot3_msgs_s.ep.rosidl_typesupport_fastrtps_c.c.o[0m
[107.385s] [ 94%] [32m[1mLinking C shared library rosidl_generator_py/turtlebot3_msgs/turtlebot3_msgs_s__rosidl_typesupport_fastrtps_c.cpython-310-x86_64-linux-gnu.so[0m
[107.546s] [ 94%] Built target turtlebot3_msgs__rosidl_typesupport_fastrtps_c__pyext
[107.644s] [ 95%] [32mBuilding C object CMakeFiles/turtlebot3_msgs__rosidl_typesupport_introspection_c__pyext.dir/rosidl_generator_py/turtlebot3_msgs/_turtlebot3_msgs_s.ep.rosidl_typesupport_introspection_c.c.o[0m
[108.063s] [ 97%] [32m[1mLinking C shared library rosidl_generator_py/turtlebot3_msgs/turtlebot3_msgs_s__rosidl_typesupport_introspection_c.cpython-310-x86_64-linux-gnu.so[0m
[108.236s] [ 97%] Built target turtlebot3_msgs__rosidl_typesupport_introspection_c__pyext
[108.310s] [ 98%] [32mBuilding C object CMakeFiles/turtlebot3_msgs__rosidl_typesupport_c__pyext.dir/rosidl_generator_py/turtlebot3_msgs/_turtlebot3_msgs_s.ep.rosidl_typesupport_c.c.o[0m
[108.610s] [100%] [32m[1mLinking C shared library rosidl_generator_py/turtlebot3_msgs/turtlebot3_msgs_s__rosidl_typesupport_c.cpython-310-x86_64-linux-gnu.so[0m
[108.711s] [100%] Built target turtlebot3_msgs__rosidl_typesupport_c__pyext
[108.759s] Invoked command in '/home/kisangpark/lab_training/build/turtlebot3_msgs' returned '0': CMAKE_PREFIX_PATH=/opt/ros/humble /usr/bin/cmake --build /home/kisangpark/lab_training/build/turtlebot3_msgs -- -j2 -l2
[108.766s] Invoking command in '/home/kisangpark/lab_training/build/turtlebot3_msgs': CMAKE_PREFIX_PATH=/opt/ros/humble /usr/bin/cmake --install /home/kisangpark/lab_training/build/turtlebot3_msgs
[108.792s] -- Install configuration: ""
[108.796s] -- Execute custom install script
[108.799s] -- Symlinking: /home/kisangpark/lab_training/install/turtlebot3_msgs/share/ament_index/resource_index/rosidl_interfaces/turtlebot3_msgs
[108.827s] -- Symlinking: /home/kisangpark/lab_training/install/turtlebot3_msgs/include/turtlebot3_msgs/turtlebot3_msgs/action/detail/patrol__functions.h
[108.856s] -- Symlinking: /home/kisangpark/lab_training/install/turtlebot3_msgs/include/turtlebot3_msgs/turtlebot3_msgs/action/detail/patrol__struct.h
[108.872s] -- Symlinking: /home/kisangpark/lab_training/install/turtlebot3_msgs/include/turtlebot3_msgs/turtlebot3_msgs/action/detail/patrol__type_support.h
[108.889s] -- Symlinking: /home/kisangpark/lab_training/install/turtlebot3_msgs/include/turtlebot3_msgs/turtlebot3_msgs/action/patrol.h
[108.912s] -- Symlinking: /home/kisangpark/lab_training/install/turtlebot3_msgs/include/turtlebot3_msgs/turtlebot3_msgs/msg/detail/sensor_state__functions.h
[108.946s] -- Symlinking: /home/kisangpark/lab_training/install/turtlebot3_msgs/include/turtlebot3_msgs/turtlebot3_msgs/msg/detail/sensor_state__struct.h
[108.982s] -- Symlinking: /home/kisangpark/lab_training/install/turtlebot3_msgs/include/turtlebot3_msgs/turtlebot3_msgs/msg/detail/sensor_state__type_support.h
[109.014s] -- Symlinking: /home/kisangpark/lab_training/install/turtlebot3_msgs/include/turtlebot3_msgs/turtlebot3_msgs/msg/detail/sound__functions.h
[109.056s] -- Symlinking: /home/kisangpark/lab_training/install/turtlebot3_msgs/include/turtlebot3_msgs/turtlebot3_msgs/msg/detail/sound__struct.h
[109.090s] -- Symlinking: /home/kisangpark/lab_training/install/turtlebot3_msgs/include/turtlebot3_msgs/turtlebot3_msgs/msg/detail/sound__type_support.h
[109.117s] -- Symlinking: /home/kisangpark/lab_training/install/turtlebot3_msgs/include/turtlebot3_msgs/turtlebot3_msgs/msg/detail/version_info__functions.h
[109.156s] -- Symlinking: /home/kisangpark/lab_training/install/turtlebot3_msgs/include/turtlebot3_msgs/turtlebot3_msgs/msg/detail/version_info__struct.h
[109.195s] -- Symlinking: /home/kisangpark/lab_training/install/turtlebot3_msgs/include/turtlebot3_msgs/turtlebot3_msgs/msg/detail/version_info__type_support.h
[109.230s] -- Symlinking: /home/kisangpark/lab_training/install/turtlebot3_msgs/include/turtlebot3_msgs/turtlebot3_msgs/msg/rosidl_generator_c__visibility_control.h
[109.258s] -- Symlinking: /home/kisangpark/lab_training/install/turtlebot3_msgs/include/turtlebot3_msgs/turtlebot3_msgs/msg/sensor_state.h
[109.280s] -- Symlinking: /home/kisangpark/lab_training/install/turtlebot3_msgs/include/turtlebot3_msgs/turtlebot3_msgs/msg/sound.h
[109.306s] -- Symlinking: /home/kisangpark/lab_training/install/turtlebot3_msgs/include/turtlebot3_msgs/turtlebot3_msgs/msg/version_info.h
[109.328s] -- Symlinking: /home/kisangpark/lab_training/install/turtlebot3_msgs/include/turtlebot3_msgs/turtlebot3_msgs/srv/detail/dqn__functions.h
[109.353s] -- Symlinking: /home/kisangpark/lab_training/install/turtlebot3_msgs/include/turtlebot3_msgs/turtlebot3_msgs/srv/detail/dqn__struct.h
[109.377s] -- Symlinking: /home/kisangpark/lab_training/install/turtlebot3_msgs/include/turtlebot3_msgs/turtlebot3_msgs/srv/detail/dqn__type_support.h
[109.403s] -- Symlinking: /home/kisangpark/lab_training/install/turtlebot3_msgs/include/turtlebot3_msgs/turtlebot3_msgs/srv/detail/sound__functions.h
[109.421s] -- Symlinking: /home/kisangpark/lab_training/install/turtlebot3_msgs/include/turtlebot3_msgs/turtlebot3_msgs/srv/detail/sound__struct.h
[109.452s] -- Symlinking: /home/kisangpark/lab_training/install/turtlebot3_msgs/include/turtlebot3_msgs/turtlebot3_msgs/srv/detail/sound__type_support.h
[109.477s] -- Symlinking: /home/kisangpark/lab_training/install/turtlebot3_msgs/include/turtlebot3_msgs/turtlebot3_msgs/srv/dqn.h
[109.508s] -- Symlinking: /home/kisangpark/lab_training/install/turtlebot3_msgs/include/turtlebot3_msgs/turtlebot3_msgs/srv/sound.h
[109.530s] -- Symlinking: /home/kisangpark/lab_training/install/turtlebot3_msgs/share/turtlebot3_msgs/environment/library_path.sh
[109.566s] -- Symlinking: /home/kisangpark/lab_training/install/turtlebot3_msgs/share/turtlebot3_msgs/environment/library_path.dsv
[109.598s] -- Symlinking: /home/kisangpark/lab_training/install/turtlebot3_msgs/include/turtlebot3_msgs/turtlebot3_msgs/action/detail/patrol__rosidl_typesupport_fastrtps_c.h
[109.625s] -- Symlinking: /home/kisangpark/lab_training/install/turtlebot3_msgs/include/turtlebot3_msgs/turtlebot3_msgs/msg/detail/sensor_state__rosidl_typesupport_fastrtps_c.h
[109.658s] -- Symlinking: /home/kisangpark/lab_training/install/turtlebot3_msgs/include/turtlebot3_msgs/turtlebot3_msgs/msg/detail/sound__rosidl_typesupport_fastrtps_c.h
[109.689s] -- Symlinking: /home/kisangpark/lab_training/install/turtlebot3_msgs/include/turtlebot3_msgs/turtlebot3_msgs/msg/detail/version_info__rosidl_typesupport_fastrtps_c.h
[109.710s] -- Symlinking: /home/kisangpark/lab_training/install/turtlebot3_msgs/include/turtlebot3_msgs/turtlebot3_msgs/msg/rosidl_typesupport_fastrtps_c__visibility_control.h
[109.737s] -- Symlinking: /home/kisangpark/lab_training/install/turtlebot3_msgs/include/turtlebot3_msgs/turtlebot3_msgs/srv/detail/dqn__rosidl_typesupport_fastrtps_c.h
[109.755s] -- Symlinking: /home/kisangpark/lab_training/install/turtlebot3_msgs/include/turtlebot3_msgs/turtlebot3_msgs/srv/detail/sound__rosidl_typesupport_fastrtps_c.h
[109.783s] -- Symlinking: /home/kisangpark/lab_training/install/turtlebot3_msgs/include/turtlebot3_msgs/turtlebot3_msgs/action/detail/patrol__builder.hpp
[109.806s] -- Symlinking: /home/kisangpark/lab_training/install/turtlebot3_msgs/include/turtlebot3_msgs/turtlebot3_msgs/action/detail/patrol__struct.hpp
[109.824s] -- Symlinking: /home/kisangpark/lab_training/install/turtlebot3_msgs/include/turtlebot3_msgs/turtlebot3_msgs/action/detail/patrol__traits.hpp
[109.851s] -- Symlinking: /home/kisangpark/lab_training/install/turtlebot3_msgs/include/turtlebot3_msgs/turtlebot3_msgs/action/patrol.hpp
[109.872s] -- Symlinking: /home/kisangpark/lab_training/install/turtlebot3_msgs/include/turtlebot3_msgs/turtlebot3_msgs/msg/detail/sensor_state__builder.hpp
[109.896s] -- Symlinking: /home/kisangpark/lab_training/install/turtlebot3_msgs/include/turtlebot3_msgs/turtlebot3_msgs/msg/detail/sensor_state__struct.hpp
[109.918s] -- Symlinking: /home/kisangpark/lab_training/install/turtlebot3_msgs/include/turtlebot3_msgs/turtlebot3_msgs/msg/detail/sensor_state__traits.hpp
[109.941s] -- Symlinking: /home/kisangpark/lab_training/install/turtlebot3_msgs/include/turtlebot3_msgs/turtlebot3_msgs/msg/detail/sound__builder.hpp
[109.973s] -- Symlinking: /home/kisangpark/lab_training/install/turtlebot3_msgs/include/turtlebot3_msgs/turtlebot3_msgs/msg/detail/sound__struct.hpp
[109.998s] -- Symlinking: /home/kisangpark/lab_training/install/turtlebot3_msgs/include/turtlebot3_msgs/turtlebot3_msgs/msg/detail/sound__traits.hpp
[110.022s] -- Symlinking: /home/kisangpark/lab_training/install/turtlebot3_msgs/include/turtlebot3_msgs/turtlebot3_msgs/msg/detail/version_info__builder.hpp
[110.058s] -- Symlinking: /home/kisangpark/lab_training/install/turtlebot3_msgs/include/turtlebot3_msgs/turtlebot3_msgs/msg/detail/version_info__struct.hpp
[110.081s] -- Symlinking: /home/kisangpark/lab_training/install/turtlebot3_msgs/include/turtlebot3_msgs/turtlebot3_msgs/msg/detail/version_info__traits.hpp
[110.107s] -- Symlinking: /home/kisangpark/lab_training/install/turtlebot3_msgs/include/turtlebot3_msgs/turtlebot3_msgs/msg/sensor_state.hpp
[110.140s] -- Symlinking: /home/kisangpark/lab_training/install/turtlebot3_msgs/include/turtlebot3_msgs/turtlebot3_msgs/msg/sound.hpp
[110.189s] -- Symlinking: /home/kisangpark/lab_training/install/turtlebot3_msgs/include/turtlebot3_msgs/turtlebot3_msgs/msg/version_info.hpp
[110.215s] -- Symlinking: /home/kisangpark/lab_training/install/turtlebot3_msgs/include/turtlebot3_msgs/turtlebot3_msgs/srv/detail/dqn__builder.hpp
[110.239s] -- Symlinking: /home/kisangpark/lab_training/install/turtlebot3_msgs/include/turtlebot3_msgs/turtlebot3_msgs/srv/detail/dqn__struct.hpp
[110.262s] -- Symlinking: /home/kisangpark/lab_training/install/turtlebot3_msgs/include/turtlebot3_msgs/turtlebot3_msgs/srv/detail/dqn__traits.hpp
[110.279s] -- Symlinking: /home/kisangpark/lab_training/install/turtlebot3_msgs/include/turtlebot3_msgs/turtlebot3_msgs/srv/detail/sound__builder.hpp
[110.296s] -- Symlinking: /home/kisangpark/lab_training/install/turtlebot3_msgs/include/turtlebot3_msgs/turtlebot3_msgs/srv/detail/sound__struct.hpp
[110.315s] -- Symlinking: /home/kisangpark/lab_training/install/turtlebot3_msgs/include/turtlebot3_msgs/turtlebot3_msgs/srv/detail/sound__traits.hpp
[110.346s] -- Symlinking: /home/kisangpark/lab_training/install/turtlebot3_msgs/include/turtlebot3_msgs/turtlebot3_msgs/srv/dqn.hpp
[110.380s] -- Symlinking: /home/kisangpark/lab_training/install/turtlebot3_msgs/include/turtlebot3_msgs/turtlebot3_msgs/srv/sound.hpp
[110.419s] -- Symlinking: /home/kisangpark/lab_training/install/turtlebot3_msgs/include/turtlebot3_msgs/turtlebot3_msgs/action/detail/patrol__rosidl_typesupport_fastrtps_cpp.hpp
[110.463s] -- Symlinking: /home/kisangpark/lab_training/install/turtlebot3_msgs/include/turtlebot3_msgs/turtlebot3_msgs/msg/detail/sensor_state__rosidl_typesupport_fastrtps_cpp.hpp
[110.501s] -- Symlinking: /home/kisangpark/lab_training/install/turtlebot3_msgs/include/turtlebot3_msgs/turtlebot3_msgs/msg/detail/sound__rosidl_typesupport_fastrtps_cpp.hpp
[110.539s] -- Symlinking: /home/kisangpark/lab_training/install/turtlebot3_msgs/include/turtlebot3_msgs/turtlebot3_msgs/msg/detail/version_info__rosidl_typesupport_fastrtps_cpp.hpp
[110.570s] -- Symlinking: /home/kisangpark/lab_training/install/turtlebot3_msgs/include/turtlebot3_msgs/turtlebot3_msgs/msg/rosidl_typesupport_fastrtps_cpp__visibility_control.h
[110.599s] -- Symlinking: /home/kisangpark/lab_training/install/turtlebot3_msgs/include/turtlebot3_msgs/turtlebot3_msgs/srv/detail/dqn__rosidl_typesupport_fastrtps_cpp.hpp
[110.620s] -- Symlinking: /home/kisangpark/lab_training/install/turtlebot3_msgs/include/turtlebot3_msgs/turtlebot3_msgs/srv/detail/sound__rosidl_typesupport_fastrtps_cpp.hpp
[110.654s] -- Symlinking: /home/kisangpark/lab_training/install/turtlebot3_msgs/include/turtlebot3_msgs/turtlebot3_msgs/action/detail/patrol__rosidl_typesupport_introspection_c.h
[110.688s] -- Symlinking: /home/kisangpark/lab_training/install/turtlebot3_msgs/include/turtlebot3_msgs/turtlebot3_msgs/msg/detail/sensor_state__rosidl_typesupport_introspection_c.h
[110.702s] -- Symlinking: /home/kisangpark/lab_training/install/turtlebot3_msgs/include/turtlebot3_msgs/turtlebot3_msgs/msg/detail/sound__rosidl_typesupport_introspection_c.h
[110.733s] -- Symlinking: /home/kisangpark/lab_training/install/turtlebot3_msgs/include/turtlebot3_msgs/turtlebot3_msgs/msg/detail/version_info__rosidl_typesupport_introspection_c.h
[110.768s] -- Symlinking: /home/kisangpark/lab_training/install/turtlebot3_msgs/include/turtlebot3_msgs/turtlebot3_msgs/msg/rosidl_typesupport_introspection_c__visibility_control.h
[110.801s] -- Symlinking: /home/kisangpark/lab_training/install/turtlebot3_msgs/include/turtlebot3_msgs/turtlebot3_msgs/srv/detail/dqn__rosidl_typesupport_introspection_c.h
[110.827s] -- Symlinking: /home/kisangpark/lab_training/install/turtlebot3_msgs/include/turtlebot3_msgs/turtlebot3_msgs/srv/detail/sound__rosidl_typesupport_introspection_c.h
[110.839s] -- Symlinking: /home/kisangpark/lab_training/install/turtlebot3_msgs/include/turtlebot3_msgs/turtlebot3_msgs/action/detail/patrol__rosidl_typesupport_introspection_cpp.hpp
[110.861s] -- Symlinking: /home/kisangpark/lab_training/install/turtlebot3_msgs/include/turtlebot3_msgs/turtlebot3_msgs/msg/detail/sensor_state__rosidl_typesupport_introspection_cpp.hpp
[110.890s] -- Symlinking: /home/kisangpark/lab_training/install/turtlebot3_msgs/include/turtlebot3_msgs/turtlebot3_msgs/msg/detail/sound__rosidl_typesupport_introspection_cpp.hpp
[110.905s] -- Symlinking: /home/kisangpark/lab_training/install/turtlebot3_msgs/include/turtlebot3_msgs/turtlebot3_msgs/msg/detail/version_info__rosidl_typesupport_introspection_cpp.hpp
[110.927s] -- Symlinking: /home/kisangpark/lab_training/install/turtlebot3_msgs/include/turtlebot3_msgs/turtlebot3_msgs/srv/detail/dqn__rosidl_typesupport_introspection_cpp.hpp
[110.965s] -- Symlinking: /home/kisangpark/lab_training/install/turtlebot3_msgs/include/turtlebot3_msgs/turtlebot3_msgs/srv/detail/sound__rosidl_typesupport_introspection_cpp.hpp
[110.990s] -- Symlinking: /home/kisangpark/lab_training/install/turtlebot3_msgs/share/turtlebot3_msgs/environment/pythonpath.sh
[111.006s] -- Symlinking: /home/kisangpark/lab_training/install/turtlebot3_msgs/share/turtlebot3_msgs/environment/pythonpath.dsv
[111.021s] -- Symlinking: /home/kisangpark/lab_training/install/turtlebot3_msgs/local/lib/python3.10/dist-packages/turtlebot3_msgs-2.2.3-py3.10.egg-info/PKG-INFO
[111.033s] -- Symlinking: /home/kisangpark/lab_training/install/turtlebot3_msgs/local/lib/python3.10/dist-packages/turtlebot3_msgs-2.2.3-py3.10.egg-info/SOURCES.txt
[111.055s] -- Symlinking: /home/kisangpark/lab_training/install/turtlebot3_msgs/local/lib/python3.10/dist-packages/turtlebot3_msgs-2.2.3-py3.10.egg-info/dependency_links.txt
[111.074s] -- Symlinking: /home/kisangpark/lab_training/install/turtlebot3_msgs/local/lib/python3.10/dist-packages/turtlebot3_msgs-2.2.3-py3.10.egg-info/top_level.txt
[111.090s] -- Symlinking: /home/kisangpark/lab_training/install/turtlebot3_msgs/local/lib/python3.10/dist-packages/turtlebot3_msgs/__init__.py
[111.101s] -- Symlinking: /home/kisangpark/lab_training/install/turtlebot3_msgs/local/lib/python3.10/dist-packages/turtlebot3_msgs/_turtlebot3_msgs_s.ep.rosidl_typesupport_c.c
[111.116s] -- Symlinking: /home/kisangpark/lab_training/install/turtlebot3_msgs/local/lib/python3.10/dist-packages/turtlebot3_msgs/_turtlebot3_msgs_s.ep.rosidl_typesupport_fastrtps_c.c
[111.135s] -- Symlinking: /home/kisangpark/lab_training/install/turtlebot3_msgs/local/lib/python3.10/dist-packages/turtlebot3_msgs/_turtlebot3_msgs_s.ep.rosidl_typesupport_introspection_c.c
[111.148s] -- Symlinking: /home/kisangpark/lab_training/install/turtlebot3_msgs/local/lib/python3.10/dist-packages/turtlebot3_msgs/action/__init__.py
[111.174s] -- Symlinking: /home/kisangpark/lab_training/install/turtlebot3_msgs/local/lib/python3.10/dist-packages/turtlebot3_msgs/action/_patrol.py
[111.193s] -- Symlinking: /home/kisangpark/lab_training/install/turtlebot3_msgs/local/lib/python3.10/dist-packages/turtlebot3_msgs/action/_patrol_s.c
[111.216s] -- Symlinking: /home/kisangpark/lab_training/install/turtlebot3_msgs/local/lib/python3.10/dist-packages/turtlebot3_msgs/libturtlebot3_msgs__rosidl_generator_py.so
[111.249s] -- Symlinking: /home/kisangpark/lab_training/install/turtlebot3_msgs/local/lib/python3.10/dist-packages/turtlebot3_msgs/msg/__init__.py
[111.280s] -- Symlinking: /home/kisangpark/lab_training/install/turtlebot3_msgs/local/lib/python3.10/dist-packages/turtlebot3_msgs/msg/_sensor_state.py
[111.315s] -- Symlinking: /home/kisangpark/lab_training/install/turtlebot3_msgs/local/lib/python3.10/dist-packages/turtlebot3_msgs/msg/_sensor_state_s.c
[111.345s] -- Symlinking: /home/kisangpark/lab_training/install/turtlebot3_msgs/local/lib/python3.10/dist-packages/turtlebot3_msgs/msg/_sound.py
[111.377s] -- Symlinking: /home/kisangpark/lab_training/install/turtlebot3_msgs/local/lib/python3.10/dist-packages/turtlebot3_msgs/msg/_sound_s.c
[111.408s] -- Symlinking: /home/kisangpark/lab_training/install/turtlebot3_msgs/local/lib/python3.10/dist-packages/turtlebot3_msgs/msg/_version_info.py
[111.439s] -- Symlinking: /home/kisangpark/lab_training/install/turtlebot3_msgs/local/lib/python3.10/dist-packages/turtlebot3_msgs/msg/_version_info_s.c
[111.473s] -- Symlinking: /home/kisangpark/lab_training/install/turtlebot3_msgs/local/lib/python3.10/dist-packages/turtlebot3_msgs/srv/__init__.py
[111.502s] -- Symlinking: /home/kisangpark/lab_training/install/turtlebot3_msgs/local/lib/python3.10/dist-packages/turtlebot3_msgs/srv/_dqn.py
[111.526s] -- Symlinking: /home/kisangpark/lab_training/install/turtlebot3_msgs/local/lib/python3.10/dist-packages/turtlebot3_msgs/srv/_dqn_s.c
[111.550s] -- Symlinking: /home/kisangpark/lab_training/install/turtlebot3_msgs/local/lib/python3.10/dist-packages/turtlebot3_msgs/srv/_sound.py
[111.574s] -- Symlinking: /home/kisangpark/lab_training/install/turtlebot3_msgs/local/lib/python3.10/dist-packages/turtlebot3_msgs/srv/_sound_s.c
[111.600s] -- Symlinking: /home/kisangpark/lab_training/install/turtlebot3_msgs/local/lib/python3.10/dist-packages/turtlebot3_msgs/turtlebot3_msgs_s__rosidl_typesupport_c.cpython-310-x86_64-linux-gnu.so
[111.638s] -- Symlinking: /home/kisangpark/lab_training/install/turtlebot3_msgs/local/lib/python3.10/dist-packages/turtlebot3_msgs/turtlebot3_msgs_s__rosidl_typesupport_fastrtps_c.cpython-310-x86_64-linux-gnu.so
[111.672s] -- Symlinking: /home/kisangpark/lab_training/install/turtlebot3_msgs/local/lib/python3.10/dist-packages/turtlebot3_msgs/turtlebot3_msgs_s__rosidl_typesupport_introspection_c.cpython-310-x86_64-linux-gnu.so
[111.702s] -- Up-to-date symlink: /home/kisangpark/lab_training/install/turtlebot3_msgs/local/lib/python3.10/dist-packages/turtlebot3_msgs/turtlebot3_msgs_s__rosidl_typesupport_fastrtps_c.cpython-310-x86_64-linux-gnu.so
[111.704s] -- Up-to-date symlink: /home/kisangpark/lab_training/install/turtlebot3_msgs/local/lib/python3.10/dist-packages/turtlebot3_msgs/turtlebot3_msgs_s__rosidl_typesupport_introspection_c.cpython-310-x86_64-linux-gnu.so
[111.707s] -- Up-to-date symlink: /home/kisangpark/lab_training/install/turtlebot3_msgs/local/lib/python3.10/dist-packages/turtlebot3_msgs/turtlebot3_msgs_s__rosidl_typesupport_c.cpython-310-x86_64-linux-gnu.so
[111.708s] -- Symlinking: /home/kisangpark/lab_training/install/turtlebot3_msgs/share/turtlebot3_msgs/msg/SensorState.idl
[111.744s] -- Symlinking: /home/kisangpark/lab_training/install/turtlebot3_msgs/share/turtlebot3_msgs/msg/Sound.idl
[111.780s] -- Symlinking: /home/kisangpark/lab_training/install/turtlebot3_msgs/share/turtlebot3_msgs/msg/VersionInfo.idl
[111.795s] -- Symlinking: /home/kisangpark/lab_training/install/turtlebot3_msgs/share/turtlebot3_msgs/srv/Sound.idl
[111.834s] -- Symlinking: /home/kisangpark/lab_training/install/turtlebot3_msgs/share/turtlebot3_msgs/srv/Dqn.idl
[111.850s] -- Symlinking: /home/kisangpark/lab_training/install/turtlebot3_msgs/share/turtlebot3_msgs/action/Patrol.idl
[111.881s] -- Symlinking: /home/kisangpark/lab_training/install/turtlebot3_msgs/share/turtlebot3_msgs/msg/SensorState.msg
[111.902s] -- Symlinking: /home/kisangpark/lab_training/install/turtlebot3_msgs/share/turtlebot3_msgs/msg/Sound.msg
[111.917s] -- Symlinking: /home/kisangpark/lab_training/install/turtlebot3_msgs/share/turtlebot3_msgs/msg/VersionInfo.msg
[111.946s] -- Symlinking: /home/kisangpark/lab_training/install/turtlebot3_msgs/share/turtlebot3_msgs/srv/Sound.srv
[111.962s] -- Symlinking: /home/kisangpark/lab_training/install/turtlebot3_msgs/share/turtlebot3_msgs/srv/Sound_Request.msg
[111.976s] -- Symlinking: /home/kisangpark/lab_training/install/turtlebot3_msgs/share/turtlebot3_msgs/srv/Sound_Response.msg
[112.000s] -- Symlinking: /home/kisangpark/lab_training/install/turtlebot3_msgs/share/turtlebot3_msgs/srv/Dqn.srv
[112.032s] -- Symlinking: /home/kisangpark/lab_training/install/turtlebot3_msgs/share/turtlebot3_msgs/srv/Dqn_Request.msg
[112.061s] -- Symlinking: /home/kisangpark/lab_training/install/turtlebot3_msgs/share/turtlebot3_msgs/srv/Dqn_Response.msg
[112.083s] -- Symlinking: /home/kisangpark/lab_training/install/turtlebot3_msgs/share/turtlebot3_msgs/action/Patrol.action
[112.117s] -- Symlinking: /home/kisangpark/lab_training/install/turtlebot3_msgs/share/ament_index/resource_index/package_run_dependencies/turtlebot3_msgs
[112.163s] -- Symlinking: /home/kisangpark/lab_training/install/turtlebot3_msgs/share/ament_index/resource_index/parent_prefix_path/turtlebot3_msgs
[112.199s] -- Symlinking: /home/kisangpark/lab_training/install/turtlebot3_msgs/share/turtlebot3_msgs/environment/ament_prefix_path.sh
[112.227s] -- Symlinking: /home/kisangpark/lab_training/install/turtlebot3_msgs/share/turtlebot3_msgs/environment/ament_prefix_path.dsv
[112.251s] -- Symlinking: /home/kisangpark/lab_training/install/turtlebot3_msgs/share/turtlebot3_msgs/environment/path.sh
[112.274s] -- Symlinking: /home/kisangpark/lab_training/install/turtlebot3_msgs/share/turtlebot3_msgs/environment/path.dsv
[112.307s] -- Symlinking: /home/kisangpark/lab_training/install/turtlebot3_msgs/share/turtlebot3_msgs/local_setup.bash
[112.341s] -- Symlinking: /home/kisangpark/lab_training/install/turtlebot3_msgs/share/turtlebot3_msgs/local_setup.sh
[112.372s] -- Symlinking: /home/kisangpark/lab_training/install/turtlebot3_msgs/share/turtlebot3_msgs/local_setup.zsh
[112.412s] -- Symlinking: /home/kisangpark/lab_training/install/turtlebot3_msgs/share/turtlebot3_msgs/local_setup.dsv
[112.438s] -- Symlinking: /home/kisangpark/lab_training/install/turtlebot3_msgs/share/turtlebot3_msgs/package.dsv
[112.473s] -- Symlinking: /home/kisangpark/lab_training/install/turtlebot3_msgs/share/ament_index/resource_index/packages/turtlebot3_msgs
[112.512s] -- Symlinking: /home/kisangpark/lab_training/install/turtlebot3_msgs/share/turtlebot3_msgs/cmake/rosidl_cmake-extras.cmake
[112.545s] -- Symlinking: /home/kisangpark/lab_training/install/turtlebot3_msgs/share/turtlebot3_msgs/cmake/ament_cmake_export_dependencies-extras.cmake
[112.583s] -- Symlinking: /home/kisangpark/lab_training/install/turtlebot3_msgs/share/turtlebot3_msgs/cmake/ament_cmake_export_include_directories-extras.cmake
[112.614s] -- Symlinking: /home/kisangpark/lab_training/install/turtlebot3_msgs/share/turtlebot3_msgs/cmake/ament_cmake_export_libraries-extras.cmake
[112.637s] -- Symlinking: /home/kisangpark/lab_training/install/turtlebot3_msgs/share/turtlebot3_msgs/cmake/ament_cmake_export_targets-extras.cmake
[112.675s] -- Symlinking: /home/kisangpark/lab_training/install/turtlebot3_msgs/share/turtlebot3_msgs/cmake/rosidl_cmake_export_typesupport_targets-extras.cmake
[112.708s] -- Symlinking: /home/kisangpark/lab_training/install/turtlebot3_msgs/share/turtlebot3_msgs/cmake/rosidl_cmake_export_typesupport_libraries-extras.cmake
[112.729s] -- Symlinking: /home/kisangpark/lab_training/install/turtlebot3_msgs/share/turtlebot3_msgs/cmake/turtlebot3_msgsConfig.cmake
[112.749s] -- Symlinking: /home/kisangpark/lab_training/install/turtlebot3_msgs/share/turtlebot3_msgs/cmake/turtlebot3_msgsConfig-version.cmake
[112.778s] -- Symlinking: /home/kisangpark/lab_training/install/turtlebot3_msgs/share/turtlebot3_msgs/package.xml
[112.797s] -- Installing: /home/kisangpark/lab_training/install/turtlebot3_msgs/lib/libturtlebot3_msgs__rosidl_generator_c.so
[112.799s] -- Set runtime path of "/home/kisangpark/lab_training/install/turtlebot3_msgs/lib/libturtlebot3_msgs__rosidl_generator_c.so" to ""
[112.800s] -- Installing: /home/kisangpark/lab_training/install/turtlebot3_msgs/lib/libturtlebot3_msgs__rosidl_typesupport_fastrtps_c.so
[112.800s] -- Set runtime path of "/home/kisangpark/lab_training/install/turtlebot3_msgs/lib/libturtlebot3_msgs__rosidl_typesupport_fastrtps_c.so" to ""
[112.800s] -- Installing: /home/kisangpark/lab_training/install/turtlebot3_msgs/lib/libturtlebot3_msgs__rosidl_typesupport_fastrtps_cpp.so
[112.803s] -- Set runtime path of "/home/kisangpark/lab_training/install/turtlebot3_msgs/lib/libturtlebot3_msgs__rosidl_typesupport_fastrtps_cpp.so" to ""
[112.805s] -- Installing: /home/kisangpark/lab_training/install/turtlebot3_msgs/lib/libturtlebot3_msgs__rosidl_typesupport_introspection_c.so
[112.808s] -- Set runtime path of "/home/kisangpark/lab_training/install/turtlebot3_msgs/lib/libturtlebot3_msgs__rosidl_typesupport_introspection_c.so" to ""
[112.808s] -- Installing: /home/kisangpark/lab_training/install/turtlebot3_msgs/lib/libturtlebot3_msgs__rosidl_typesupport_c.so
[112.809s] -- Set runtime path of "/home/kisangpark/lab_training/install/turtlebot3_msgs/lib/libturtlebot3_msgs__rosidl_typesupport_c.so" to ""
[112.809s] -- Installing: /home/kisangpark/lab_training/install/turtlebot3_msgs/lib/libturtlebot3_msgs__rosidl_typesupport_introspection_cpp.so
[112.810s] -- Set runtime path of "/home/kisangpark/lab_training/install/turtlebot3_msgs/lib/libturtlebot3_msgs__rosidl_typesupport_introspection_cpp.so" to ""
[112.811s] -- Installing: /home/kisangpark/lab_training/install/turtlebot3_msgs/lib/libturtlebot3_msgs__rosidl_typesupport_cpp.so
[112.813s] -- Set runtime path of "/home/kisangpark/lab_training/install/turtlebot3_msgs/lib/libturtlebot3_msgs__rosidl_typesupport_cpp.so" to ""
[112.956s] Listing '/home/kisangpark/lab_training/install/turtlebot3_msgs/local/lib/python3.10/dist-packages/turtlebot3_msgs'...
[112.956s] Compiling '/home/kisangpark/lab_training/install/turtlebot3_msgs/local/lib/python3.10/dist-packages/turtlebot3_msgs/__init__.py'...
[112.956s] Listing '/home/kisangpark/lab_training/install/turtlebot3_msgs/local/lib/python3.10/dist-packages/turtlebot3_msgs/action'...
[112.956s] Compiling '/home/kisangpark/lab_training/install/turtlebot3_msgs/local/lib/python3.10/dist-packages/turtlebot3_msgs/action/__init__.py'...
[112.956s] Compiling '/home/kisangpark/lab_training/install/turtlebot3_msgs/local/lib/python3.10/dist-packages/turtlebot3_msgs/action/_patrol.py'...
[112.958s] Listing '/home/kisangpark/lab_training/install/turtlebot3_msgs/local/lib/python3.10/dist-packages/turtlebot3_msgs/msg'...
[112.958s] Compiling '/home/kisangpark/lab_training/install/turtlebot3_msgs/local/lib/python3.10/dist-packages/turtlebot3_msgs/msg/__init__.py'...
[112.958s] Compiling '/home/kisangpark/lab_training/install/turtlebot3_msgs/local/lib/python3.10/dist-packages/turtlebot3_msgs/msg/_sensor_state.py'...
[112.958s] Compiling '/home/kisangpark/lab_training/install/turtlebot3_msgs/local/lib/python3.10/dist-packages/turtlebot3_msgs/msg/_sound.py'...
[112.958s] Compiling '/home/kisangpark/lab_training/install/turtlebot3_msgs/local/lib/python3.10/dist-packages/turtlebot3_msgs/msg/_version_info.py'...
[112.958s] Listing '/home/kisangpark/lab_training/install/turtlebot3_msgs/local/lib/python3.10/dist-packages/turtlebot3_msgs/srv'...
[112.958s] Compiling '/home/kisangpark/lab_training/install/turtlebot3_msgs/local/lib/python3.10/dist-packages/turtlebot3_msgs/srv/__init__.py'...
[112.958s] Compiling '/home/kisangpark/lab_training/install/turtlebot3_msgs/local/lib/python3.10/dist-packages/turtlebot3_msgs/srv/_dqn.py'...
[112.958s] Compiling '/home/kisangpark/lab_training/install/turtlebot3_msgs/local/lib/python3.10/dist-packages/turtlebot3_msgs/srv/_sound.py'...
[112.969s] -- Installing: /home/kisangpark/lab_training/install/turtlebot3_msgs/lib/libturtlebot3_msgs__rosidl_generator_py.so
[112.970s] -- Set runtime path of "/home/kisangpark/lab_training/install/turtlebot3_msgs/lib/libturtlebot3_msgs__rosidl_generator_py.so" to ""
[112.971s] -- Installing: /home/kisangpark/lab_training/install/turtlebot3_msgs/share/turtlebot3_msgs/cmake/export_turtlebot3_msgs__rosidl_generator_cExport.cmake
[112.972s] -- Installing: /home/kisangpark/lab_training/install/turtlebot3_msgs/share/turtlebot3_msgs/cmake/export_turtlebot3_msgs__rosidl_generator_cExport-noconfig.cmake
[112.973s] -- Installing: /home/kisangpark/lab_training/install/turtlebot3_msgs/share/turtlebot3_msgs/cmake/export_turtlebot3_msgs__rosidl_typesupport_fastrtps_cExport.cmake
[112.975s] -- Installing: /home/kisangpark/lab_training/install/turtlebot3_msgs/share/turtlebot3_msgs/cmake/export_turtlebot3_msgs__rosidl_typesupport_fastrtps_cExport-noconfig.cmake
[112.979s] -- Installing: /home/kisangpark/lab_training/install/turtlebot3_msgs/share/turtlebot3_msgs/cmake/export_turtlebot3_msgs__rosidl_generator_cppExport.cmake
[112.981s] -- Installing: /home/kisangpark/lab_training/install/turtlebot3_msgs/share/turtlebot3_msgs/cmake/export_turtlebot3_msgs__rosidl_typesupport_fastrtps_cppExport.cmake
[112.983s] -- Installing: /home/kisangpark/lab_training/install/turtlebot3_msgs/share/turtlebot3_msgs/cmake/export_turtlebot3_msgs__rosidl_typesupport_fastrtps_cppExport-noconfig.cmake
[112.985s] -- Installing: /home/kisangpark/lab_training/install/turtlebot3_msgs/share/turtlebot3_msgs/cmake/turtlebot3_msgs__rosidl_typesupport_introspection_cExport.cmake
[112.989s] -- Installing: /home/kisangpark/lab_training/install/turtlebot3_msgs/share/turtlebot3_msgs/cmake/turtlebot3_msgs__rosidl_typesupport_introspection_cExport-noconfig.cmake
[112.990s] -- Installing: /home/kisangpark/lab_training/install/turtlebot3_msgs/share/turtlebot3_msgs/cmake/turtlebot3_msgs__rosidl_typesupport_cExport.cmake
[112.993s] -- Installing: /home/kisangpark/lab_training/install/turtlebot3_msgs/share/turtlebot3_msgs/cmake/turtlebot3_msgs__rosidl_typesupport_cExport-noconfig.cmake
[112.995s] -- Installing: /home/kisangpark/lab_training/install/turtlebot3_msgs/share/turtlebot3_msgs/cmake/turtlebot3_msgs__rosidl_typesupport_introspection_cppExport.cmake
[112.999s] -- Installing: /home/kisangpark/lab_training/install/turtlebot3_msgs/share/turtlebot3_msgs/cmake/turtlebot3_msgs__rosidl_typesupport_introspection_cppExport-noconfig.cmake
[113.001s] -- Installing: /home/kisangpark/lab_training/install/turtlebot3_msgs/share/turtlebot3_msgs/cmake/turtlebot3_msgs__rosidl_typesupport_cppExport.cmake
[113.004s] -- Installing: /home/kisangpark/lab_training/install/turtlebot3_msgs/share/turtlebot3_msgs/cmake/turtlebot3_msgs__rosidl_typesupport_cppExport-noconfig.cmake
[113.008s] -- Installing: /home/kisangpark/lab_training/install/turtlebot3_msgs/share/turtlebot3_msgs/cmake/export_turtlebot3_msgs__rosidl_generator_pyExport.cmake
[113.011s] -- Installing: /home/kisangpark/lab_training/install/turtlebot3_msgs/share/turtlebot3_msgs/cmake/export_turtlebot3_msgs__rosidl_generator_pyExport-noconfig.cmake
[113.022s] Invoked command in '/home/kisangpark/lab_training/build/turtlebot3_msgs' returned '0': CMAKE_PREFIX_PATH=/opt/ros/humble /usr/bin/cmake --install /home/kisangpark/lab_training/build/turtlebot3_msgs
