[4.163s] Invoking command in '/home/kisangpark/lab_training/src/week3': PYTHONPATH=/home/kisangpark/lab_training/build/week3/prefix_override:/usr/lib/python3/dist-packages/colcon_core/task/python/colcon_distutils_commands:/home/kisangpark/lab_training/install/week3/lib/python3.10/site-packages:${PYTHONPATH} /usr/bin/python3 -W ignore:setup.py install is deprecated -W ignore:easy_install command is deprecated setup.py egg_info --egg-base ../../build/week3 build --build-base /home/kisangpark/lab_training/build/week3/build install --record /home/kisangpark/lab_training/build/week3/install.log --single-version-externally-managed install_data
[5.406s] running egg_info
[5.484s] writing ../../build/week3/week3.egg-info/PKG-INFO
[5.487s] writing dependency_links to ../../build/week3/week3.egg-info/dependency_links.txt
[5.487s] writing entry points to ../../build/week3/week3.egg-info/entry_points.txt
[5.488s] writing requirements to ../../build/week3/week3.egg-info/requires.txt
[5.488s] writing top-level names to ../../build/week3/week3.egg-info/top_level.txt
[5.658s] reading manifest file '../../build/week3/week3.egg-info/SOURCES.txt'
[5.661s] writing manifest file '../../build/week3/week3.egg-info/SOURCES.txt'
[5.663s] running build
[5.663s] running build_py
[5.664s] copying week3/RRT_star_2.py -> /home/kisangpark/lab_training/build/week3/build/lib/week3
[5.665s] copying week3/pure_pursuit.py -> /home/kisangpark/lab_training/build/week3/build/lib/week3
[5.666s] copying week3/save_costmap.py -> /home/kisangpark/lab_training/build/week3/build/lib/week3
[5.667s] copying week3/rrt_debug.py -> /home/kisangpark/lab_training/build/week3/build/lib/week3
[5.669s] copying week3/__init__.py -> /home/kisangpark/lab_training/build/week3/build/lib/week3
[5.670s] copying week3/RRT_star.py -> /home/kisangpark/lab_training/build/week3/build/lib/week3
[5.671s] running install
[5.694s] running install_lib
[5.774s] copying /home/kisangpark/lab_training/build/week3/build/lib/week3/rrt_debug.py -> /home/kisangpark/lab_training/install/week3/lib/python3.10/site-packages/week3
[5.776s] byte-compiling /home/kisangpark/lab_training/install/week3/lib/python3.10/site-packages/week3/rrt_debug.py to rrt_debug.cpython-310.pyc
[5.784s] running install_data
[5.785s] copying resource/week3 -> /home/kisangpark/lab_training/install/week3/share/ament_index/resource_index/packages
[5.785s] copying package.xml -> /home/kisangpark/lab_training/install/week3/share/week3
[5.787s] copying launch/turtlebot.launch.py -> /home/kisangpark/lab_training/install/week3/share/week3/launch
[5.788s] running install_egg_info
[5.873s] removing '/home/kisangpark/lab_training/install/week3/lib/python3.10/site-packages/week3-0.0.0-py3.10.egg-info' (and everything under it)
[5.874s] Copying ../../build/week3/week3.egg-info to /home/kisangpark/lab_training/install/week3/lib/python3.10/site-packages/week3-0.0.0-py3.10.egg-info
[5.877s] running install_scripts
[6.567s] Installing pure_pursuit script to /home/kisangpark/lab_training/install/week3/lib/week3
[6.570s] Installing rrt_debug script to /home/kisangpark/lab_training/install/week3/lib/week3
[6.571s] Installing rrt_star script to /home/kisangpark/lab_training/install/week3/lib/week3
[6.571s] Installing rrt_star_2 script to /home/kisangpark/lab_training/install/week3/lib/week3
[6.572s] Installing save_costmap script to /home/kisangpark/lab_training/install/week3/lib/week3
[6.573s] writing list of installed files to '/home/kisangpark/lab_training/build/week3/install.log'
[6.676s] Invoked command in '/home/kisangpark/lab_training/src/week3' returned '0': PYTHONPATH=/home/kisangpark/lab_training/build/week3/prefix_override:/usr/lib/python3/dist-packages/colcon_core/task/python/colcon_distutils_commands:/home/kisangpark/lab_training/install/week3/lib/python3.10/site-packages:${PYTHONPATH} /usr/bin/python3 -W ignore:setup.py install is deprecated -W ignore:easy_install command is deprecated setup.py egg_info --egg-base ../../build/week3 build --build-base /home/kisangpark/lab_training/build/week3/build install --record /home/kisangpark/lab_training/build/week3/install.log --single-version-externally-managed install_data
