[5.799s] Invoking command in '/home/kisangpark/lab_training/src/week3': PYTHONPATH=/home/kisangpark/lab_training/build/week3/prefix_override:/usr/lib/python3/dist-packages/colcon_core/task/python/colcon_distutils_commands:/home/kisangpark/lab_training/install/week3/lib/python3.10/site-packages:${PYTHONPATH} /usr/bin/python3 -W ignore:setup.py install is deprecated -W ignore:easy_install command is deprecated setup.py egg_info --egg-base ../../build/week3 build --build-base /home/kisangpark/lab_training/build/week3/build install --record /home/kisangpark/lab_training/build/week3/install.log --single-version-externally-managed install_data
[7.502s] running egg_info
[7.609s] writing ../../build/week3/week3.egg-info/PKG-INFO
[7.612s] writing dependency_links to ../../build/week3/week3.egg-info/dependency_links.txt
[7.618s] writing entry points to ../../build/week3/week3.egg-info/entry_points.txt
[7.618s] writing requirements to ../../build/week3/week3.egg-info/requires.txt
[7.622s] writing top-level names to ../../build/week3/week3.egg-info/top_level.txt
[7.881s] reading manifest file '../../build/week3/week3.egg-info/SOURCES.txt'
[7.886s] writing manifest file '../../build/week3/week3.egg-info/SOURCES.txt'
[7.887s] running build
[7.888s] running build_py
[7.888s] copying week3/RRT_star_2.py -> /home/kisangpark/lab_training/build/week3/build/lib/week3
[7.889s] copying week3/pure_pursuit.py -> /home/kisangpark/lab_training/build/week3/build/lib/week3
[7.891s] copying week3/save_costmap.py -> /home/kisangpark/lab_training/build/week3/build/lib/week3
[7.892s] copying week3/__init__.py -> /home/kisangpark/lab_training/build/week3/build/lib/week3
[7.895s] copying week3/RRT_star.py -> /home/kisangpark/lab_training/build/week3/build/lib/week3
[7.895s] running install
[7.920s] running install_lib
[8.063s] running install_data
[8.067s] copying resource/week3 -> /home/kisangpark/lab_training/install/week3/share/ament_index/resource_index/packages
[8.068s] copying package.xml -> /home/kisangpark/lab_training/install/week3/share/week3
[8.069s] copying launch/turtlebot.launch.py -> /home/kisangpark/lab_training/install/week3/share/week3/launch
[8.074s] running install_egg_info
[8.211s] removing '/home/kisangpark/lab_training/install/week3/lib/python3.10/site-packages/week3-0.0.0-py3.10.egg-info' (and everything under it)
[8.213s] Copying ../../build/week3/week3.egg-info to /home/kisangpark/lab_training/install/week3/lib/python3.10/site-packages/week3-0.0.0-py3.10.egg-info
[8.224s] running install_scripts
[9.196s] Installing pure_pursuit script to /home/kisangpark/lab_training/install/week3/lib/week3
[9.200s] Installing rrt_star script to /home/kisangpark/lab_training/install/week3/lib/week3
[9.203s] Installing rrt_star_2 script to /home/kisangpark/lab_training/install/week3/lib/week3
[9.203s] Installing save_costmap script to /home/kisangpark/lab_training/install/week3/lib/week3
[9.207s] writing list of installed files to '/home/kisangpark/lab_training/build/week3/install.log'
[9.370s] Invoked command in '/home/kisangpark/lab_training/src/week3' returned '0': PYTHONPATH=/home/kisangpark/lab_training/build/week3/prefix_override:/usr/lib/python3/dist-packages/colcon_core/task/python/colcon_distutils_commands:/home/kisangpark/lab_training/install/week3/lib/python3.10/site-packages:${PYTHONPATH} /usr/bin/python3 -W ignore:setup.py install is deprecated -W ignore:easy_install command is deprecated setup.py egg_info --egg-base ../../build/week3 build --build-base /home/kisangpark/lab_training/build/week3/build install --record /home/kisangpark/lab_training/build/week3/install.log --single-version-externally-managed install_data
