[0.095s] Invoking command in '/home/kisangpark/lab_training/build/turtlebot3_msgs': CMAKE_PREFIX_PATH=${CMAKE_PREFIX_PATH}:/home/kisangpark/lab_training/install/week3:/home/kisangpark/lab_training/install/turtlebot3_teleop:/home/kisangpark/lab_training/install/turtlebot3_example:/home/kisangpark/lab_training/install/SLAM:/opt/ros/humble /usr/bin/cmake --build /home/kisangpark/lab_training/build/turtlebot3_msgs -- -j2 -l2
[0.391s] [  1%] Built target turtlebot3_msgs__cpp
[0.487s] [ 12%] Built target turtlebot3_msgs__rosidl_generator_c
[0.583s] [ 12%] Built target ament_cmake_python_symlink_turtlebot3_msgs
[0.642s] [ 23%] Built target turtlebot3_msgs__rosidl_typesupport_cpp
[0.791s] [ 35%] Built target turtlebot3_msgs__rosidl_typesupport_fastrtps_cpp
[0.829s] [ 46%] Built target turtlebot3_msgs__rosidl_typesupport_fastrtps_c
[0.950s] [ 57%] Built target turtlebot3_msgs__rosidl_typesupport_introspection_c
[1.037s] [ 69%] Built target turtlebot3_msgs__rosidl_typesupport_c
[1.111s] [ 80%] Built target turtlebot3_msgs__rosidl_typesupport_introspection_cpp
[1.294s] [ 80%] Built target turtlebot3_msgs
[1.492s] [ 81%] Built target turtlebot3_msgs__py
[1.633s] [ 91%] Built target turtlebot3_msgs__rosidl_generator_py
[1.799s] [ 94%] Built target turtlebot3_msgs__rosidl_typesupport_fastrtps_c__pyext
[2.069s] [ 97%] Built target turtlebot3_msgs__rosidl_typesupport_introspection_c__pyext
[2.308s] [100%] Built target turtlebot3_msgs__rosidl_typesupport_c__pyext
[2.941s] running egg_info
[3.044s] writing turtlebot3_msgs.egg-info/PKG-INFO
[3.048s] writing dependency_links to turtlebot3_msgs.egg-info/dependency_links.txt
[3.049s] writing top-level names to turtlebot3_msgs.egg-info/top_level.txt
[3.388s] reading manifest file 'turtlebot3_msgs.egg-info/SOURCES.txt'
[3.389s] writing manifest file 'turtlebot3_msgs.egg-info/SOURCES.txt'
[3.512s] [100%] Built target ament_cmake_python_build_turtlebot3_msgs_egg
[3.574s] Invoked command in '/home/kisangpark/lab_training/build/turtlebot3_msgs' returned '0': CMAKE_PREFIX_PATH=${CMAKE_PREFIX_PATH}:/home/kisangpark/lab_training/install/week3:/home/kisangpark/lab_training/install/turtlebot3_teleop:/home/kisangpark/lab_training/install/turtlebot3_example:/home/kisangpark/lab_training/install/SLAM:/opt/ros/humble /usr/bin/cmake --build /home/kisangpark/lab_training/build/turtlebot3_msgs -- -j2 -l2
[3.589s] Invoking command in '/home/kisangpark/lab_training/build/turtlebot3_msgs': CMAKE_PREFIX_PATH=${CMAKE_PREFIX_PATH}:/home/kisangpark/lab_training/install/week3:/home/kisangpark/lab_training/install/turtlebot3_teleop:/home/kisangpark/lab_training/install/turtlebot3_example:/home/kisangpark/lab_training/install/SLAM:/opt/ros/humble /usr/bin/cmake --install /home/kisangpark/lab_training/build/turtlebot3_msgs
[3.641s] -- Install configuration: ""
[3.645s] -- Execute custom install script
[3.646s] -- Up-to-date symlink: /home/kisangpark/lab_training/install/turtlebot3_msgs/share/ament_index/resource_index/rosidl_interfaces/turtlebot3_msgs
[3.649s] -- Up-to-date symlink: /home/kisangpark/lab_training/install/turtlebot3_msgs/include/turtlebot3_msgs/turtlebot3_msgs/action/detail/patrol__functions.h
[3.651s] -- Up-to-date symlink: /home/kisangpark/lab_training/install/turtlebot3_msgs/include/turtlebot3_msgs/turtlebot3_msgs/action/detail/patrol__struct.h
[3.654s] -- Up-to-date symlink: /home/kisangpark/lab_training/install/turtlebot3_msgs/include/turtlebot3_msgs/turtlebot3_msgs/action/detail/patrol__type_support.h
[3.654s] -- Up-to-date symlink: /home/kisangpark/lab_training/install/turtlebot3_msgs/include/turtlebot3_msgs/turtlebot3_msgs/action/patrol.h
[3.657s] -- Up-to-date symlink: /home/kisangpark/lab_training/install/turtlebot3_msgs/include/turtlebot3_msgs/turtlebot3_msgs/msg/detail/sensor_state__functions.h
[3.657s] -- Up-to-date symlink: /home/kisangpark/lab_training/install/turtlebot3_msgs/include/turtlebot3_msgs/turtlebot3_msgs/msg/detail/sensor_state__struct.h
[3.660s] -- Up-to-date symlink: /home/kisangpark/lab_training/install/turtlebot3_msgs/include/turtlebot3_msgs/turtlebot3_msgs/msg/detail/sensor_state__type_support.h
[3.660s] -- Up-to-date symlink: /home/kisangpark/lab_training/install/turtlebot3_msgs/include/turtlebot3_msgs/turtlebot3_msgs/msg/detail/sound__functions.h
[3.664s] -- Up-to-date symlink: /home/kisangpark/lab_training/install/turtlebot3_msgs/include/turtlebot3_msgs/turtlebot3_msgs/msg/detail/sound__struct.h
[3.666s] -- Up-to-date symlink: /home/kisangpark/lab_training/install/turtlebot3_msgs/include/turtlebot3_msgs/turtlebot3_msgs/msg/detail/sound__type_support.h
[3.667s] -- Up-to-date symlink: /home/kisangpark/lab_training/install/turtlebot3_msgs/include/turtlebot3_msgs/turtlebot3_msgs/msg/detail/version_info__functions.h
[3.668s] -- Up-to-date symlink: /home/kisangpark/lab_training/install/turtlebot3_msgs/include/turtlebot3_msgs/turtlebot3_msgs/msg/detail/version_info__struct.h
[3.673s] -- Up-to-date symlink: /home/kisangpark/lab_training/install/turtlebot3_msgs/include/turtlebot3_msgs/turtlebot3_msgs/msg/detail/version_info__type_support.h
[3.673s] -- Up-to-date symlink: /home/kisangpark/lab_training/install/turtlebot3_msgs/include/turtlebot3_msgs/turtlebot3_msgs/msg/rosidl_generator_c__visibility_control.h
[3.674s] -- Up-to-date symlink: /home/kisangpark/lab_training/install/turtlebot3_msgs/include/turtlebot3_msgs/turtlebot3_msgs/msg/sensor_state.h
[3.674s] -- Up-to-date symlink: /home/kisangpark/lab_training/install/turtlebot3_msgs/include/turtlebot3_msgs/turtlebot3_msgs/msg/sound.h
[3.674s] -- Up-to-date symlink: /home/kisangpark/lab_training/install/turtlebot3_msgs/include/turtlebot3_msgs/turtlebot3_msgs/msg/version_info.h
[3.676s] -- Up-to-date symlink: /home/kisangpark/lab_training/install/turtlebot3_msgs/include/turtlebot3_msgs/turtlebot3_msgs/srv/detail/dqn__functions.h
[3.677s] -- Up-to-date symlink: /home/kisangpark/lab_training/install/turtlebot3_msgs/include/turtlebot3_msgs/turtlebot3_msgs/srv/detail/dqn__struct.h
[3.678s] -- Up-to-date symlink: /home/kisangpark/lab_training/install/turtlebot3_msgs/include/turtlebot3_msgs/turtlebot3_msgs/srv/detail/dqn__type_support.h
[3.678s] -- Up-to-date symlink: /home/kisangpark/lab_training/install/turtlebot3_msgs/include/turtlebot3_msgs/turtlebot3_msgs/srv/detail/sound__functions.h
[3.681s] -- Up-to-date symlink: /home/kisangpark/lab_training/install/turtlebot3_msgs/include/turtlebot3_msgs/turtlebot3_msgs/srv/detail/sound__struct.h
[3.689s] -- Up-to-date symlink: /home/kisangpark/lab_training/install/turtlebot3_msgs/include/turtlebot3_msgs/turtlebot3_msgs/srv/detail/sound__type_support.h
[3.693s] -- Up-to-date symlink: /home/kisangpark/lab_training/install/turtlebot3_msgs/include/turtlebot3_msgs/turtlebot3_msgs/srv/dqn.h
[3.696s] -- Up-to-date symlink: /home/kisangpark/lab_training/install/turtlebot3_msgs/include/turtlebot3_msgs/turtlebot3_msgs/srv/sound.h
[3.700s] -- Up-to-date symlink: /home/kisangpark/lab_training/install/turtlebot3_msgs/share/turtlebot3_msgs/environment/library_path.sh
[3.701s] -- Up-to-date symlink: /home/kisangpark/lab_training/install/turtlebot3_msgs/share/turtlebot3_msgs/environment/library_path.dsv
[3.707s] -- Up-to-date symlink: /home/kisangpark/lab_training/install/turtlebot3_msgs/include/turtlebot3_msgs/turtlebot3_msgs/action/detail/patrol__rosidl_typesupport_fastrtps_c.h
[3.709s] -- Up-to-date symlink: /home/kisangpark/lab_training/install/turtlebot3_msgs/include/turtlebot3_msgs/turtlebot3_msgs/msg/detail/sensor_state__rosidl_typesupport_fastrtps_c.h
[3.713s] -- Up-to-date symlink: /home/kisangpark/lab_training/install/turtlebot3_msgs/include/turtlebot3_msgs/turtlebot3_msgs/msg/detail/sound__rosidl_typesupport_fastrtps_c.h
[3.713s] -- Up-to-date symlink: /home/kisangpark/lab_training/install/turtlebot3_msgs/include/turtlebot3_msgs/turtlebot3_msgs/msg/detail/version_info__rosidl_typesupport_fastrtps_c.h
[3.714s] -- Up-to-date symlink: /home/kisangpark/lab_training/install/turtlebot3_msgs/include/turtlebot3_msgs/turtlebot3_msgs/msg/rosidl_typesupport_fastrtps_c__visibility_control.h
[3.717s] -- Up-to-date symlink: /home/kisangpark/lab_training/install/turtlebot3_msgs/include/turtlebot3_msgs/turtlebot3_msgs/srv/detail/dqn__rosidl_typesupport_fastrtps_c.h
[3.718s] -- Up-to-date symlink: /home/kisangpark/lab_training/install/turtlebot3_msgs/include/turtlebot3_msgs/turtlebot3_msgs/srv/detail/sound__rosidl_typesupport_fastrtps_c.h
[3.727s] -- Up-to-date symlink: /home/kisangpark/lab_training/install/turtlebot3_msgs/include/turtlebot3_msgs/turtlebot3_msgs/action/detail/patrol__builder.hpp
[3.728s] -- Up-to-date symlink: /home/kisangpark/lab_training/install/turtlebot3_msgs/include/turtlebot3_msgs/turtlebot3_msgs/action/detail/patrol__struct.hpp
[3.728s] -- Up-to-date symlink: /home/kisangpark/lab_training/install/turtlebot3_msgs/include/turtlebot3_msgs/turtlebot3_msgs/action/detail/patrol__traits.hpp
[3.735s] -- Up-to-date symlink: /home/kisangpark/lab_training/install/turtlebot3_msgs/include/turtlebot3_msgs/turtlebot3_msgs/action/patrol.hpp
[3.735s] -- Up-to-date symlink: /home/kisangpark/lab_training/install/turtlebot3_msgs/include/turtlebot3_msgs/turtlebot3_msgs/msg/detail/sensor_state__builder.hpp
[3.736s] -- Up-to-date symlink: /home/kisangpark/lab_training/install/turtlebot3_msgs/include/turtlebot3_msgs/turtlebot3_msgs/msg/detail/sensor_state__struct.hpp
[3.737s] -- Up-to-date symlink: /home/kisangpark/lab_training/install/turtlebot3_msgs/include/turtlebot3_msgs/turtlebot3_msgs/msg/detail/sensor_state__traits.hpp
[3.741s] -- Up-to-date symlink: /home/kisangpark/lab_training/install/turtlebot3_msgs/include/turtlebot3_msgs/turtlebot3_msgs/msg/detail/sound__builder.hpp
[3.744s] -- Up-to-date symlink: /home/kisangpark/lab_training/install/turtlebot3_msgs/include/turtlebot3_msgs/turtlebot3_msgs/msg/detail/sound__struct.hpp
[3.745s] -- Up-to-date symlink: /home/kisangpark/lab_training/install/turtlebot3_msgs/include/turtlebot3_msgs/turtlebot3_msgs/msg/detail/sound__traits.hpp
[3.745s] -- Up-to-date symlink: /home/kisangpark/lab_training/install/turtlebot3_msgs/include/turtlebot3_msgs/turtlebot3_msgs/msg/detail/version_info__builder.hpp
[3.745s] -- Up-to-date symlink: /home/kisangpark/lab_training/install/turtlebot3_msgs/include/turtlebot3_msgs/turtlebot3_msgs/msg/detail/version_info__struct.hpp
[3.745s] -- Up-to-date symlink: /home/kisangpark/lab_training/install/turtlebot3_msgs/include/turtlebot3_msgs/turtlebot3_msgs/msg/detail/version_info__traits.hpp
[3.749s] -- Up-to-date symlink: /home/kisangpark/lab_training/install/turtlebot3_msgs/include/turtlebot3_msgs/turtlebot3_msgs/msg/sensor_state.hpp
[3.754s] -- Up-to-date symlink: /home/kisangpark/lab_training/install/turtlebot3_msgs/include/turtlebot3_msgs/turtlebot3_msgs/msg/sound.hpp
[3.755s] -- Up-to-date symlink: /home/kisangpark/lab_training/install/turtlebot3_msgs/include/turtlebot3_msgs/turtlebot3_msgs/msg/version_info.hpp
[3.757s] -- Up-to-date symlink: /home/kisangpark/lab_training/install/turtlebot3_msgs/include/turtlebot3_msgs/turtlebot3_msgs/srv/detail/dqn__builder.hpp
[3.757s] -- Up-to-date symlink: /home/kisangpark/lab_training/install/turtlebot3_msgs/include/turtlebot3_msgs/turtlebot3_msgs/srv/detail/dqn__struct.hpp
[3.758s] -- Up-to-date symlink: /home/kisangpark/lab_training/install/turtlebot3_msgs/include/turtlebot3_msgs/turtlebot3_msgs/srv/detail/dqn__traits.hpp
[3.758s] -- Up-to-date symlink: /home/kisangpark/lab_training/install/turtlebot3_msgs/include/turtlebot3_msgs/turtlebot3_msgs/srv/detail/sound__builder.hpp
[3.761s] -- Up-to-date symlink: /home/kisangpark/lab_training/install/turtlebot3_msgs/include/turtlebot3_msgs/turtlebot3_msgs/srv/detail/sound__struct.hpp
[3.763s] -- Up-to-date symlink: /home/kisangpark/lab_training/install/turtlebot3_msgs/include/turtlebot3_msgs/turtlebot3_msgs/srv/detail/sound__traits.hpp
[3.763s] -- Up-to-date symlink: /home/kisangpark/lab_training/install/turtlebot3_msgs/include/turtlebot3_msgs/turtlebot3_msgs/srv/dqn.hpp
[3.763s] -- Up-to-date symlink: /home/kisangpark/lab_training/install/turtlebot3_msgs/include/turtlebot3_msgs/turtlebot3_msgs/srv/sound.hpp
[3.765s] -- Up-to-date symlink: /home/kisangpark/lab_training/install/turtlebot3_msgs/include/turtlebot3_msgs/turtlebot3_msgs/action/detail/patrol__rosidl_typesupport_fastrtps_cpp.hpp
[3.769s] -- Up-to-date symlink: /home/kisangpark/lab_training/install/turtlebot3_msgs/include/turtlebot3_msgs/turtlebot3_msgs/msg/detail/sensor_state__rosidl_typesupport_fastrtps_cpp.hpp
[3.769s] -- Up-to-date symlink: /home/kisangpark/lab_training/install/turtlebot3_msgs/include/turtlebot3_msgs/turtlebot3_msgs/msg/detail/sound__rosidl_typesupport_fastrtps_cpp.hpp
[3.770s] -- Up-to-date symlink: /home/kisangpark/lab_training/install/turtlebot3_msgs/include/turtlebot3_msgs/turtlebot3_msgs/msg/detail/version_info__rosidl_typesupport_fastrtps_cpp.hpp
[3.770s] -- Up-to-date symlink: /home/kisangpark/lab_training/install/turtlebot3_msgs/include/turtlebot3_msgs/turtlebot3_msgs/msg/rosidl_typesupport_fastrtps_cpp__visibility_control.h
[3.771s] -- Up-to-date symlink: /home/kisangpark/lab_training/install/turtlebot3_msgs/include/turtlebot3_msgs/turtlebot3_msgs/srv/detail/dqn__rosidl_typesupport_fastrtps_cpp.hpp
[3.771s] -- Up-to-date symlink: /home/kisangpark/lab_training/install/turtlebot3_msgs/include/turtlebot3_msgs/turtlebot3_msgs/srv/detail/sound__rosidl_typesupport_fastrtps_cpp.hpp
[3.774s] -- Up-to-date symlink: /home/kisangpark/lab_training/install/turtlebot3_msgs/include/turtlebot3_msgs/turtlebot3_msgs/action/detail/patrol__rosidl_typesupport_introspection_c.h
[3.775s] -- Up-to-date symlink: /home/kisangpark/lab_training/install/turtlebot3_msgs/include/turtlebot3_msgs/turtlebot3_msgs/msg/detail/sensor_state__rosidl_typesupport_introspection_c.h
[3.775s] -- Up-to-date symlink: /home/kisangpark/lab_training/install/turtlebot3_msgs/include/turtlebot3_msgs/turtlebot3_msgs/msg/detail/sound__rosidl_typesupport_introspection_c.h
[3.776s] -- Up-to-date symlink: /home/kisangpark/lab_training/install/turtlebot3_msgs/include/turtlebot3_msgs/turtlebot3_msgs/msg/detail/version_info__rosidl_typesupport_introspection_c.h
[3.776s] -- Up-to-date symlink: /home/kisangpark/lab_training/install/turtlebot3_msgs/include/turtlebot3_msgs/turtlebot3_msgs/msg/rosidl_typesupport_introspection_c__visibility_control.h
[3.777s] -- Up-to-date symlink: /home/kisangpark/lab_training/install/turtlebot3_msgs/include/turtlebot3_msgs/turtlebot3_msgs/srv/detail/dqn__rosidl_typesupport_introspection_c.h
[3.779s] -- Up-to-date symlink: /home/kisangpark/lab_training/install/turtlebot3_msgs/include/turtlebot3_msgs/turtlebot3_msgs/srv/detail/sound__rosidl_typesupport_introspection_c.h
[3.787s] -- Up-to-date symlink: /home/kisangpark/lab_training/install/turtlebot3_msgs/include/turtlebot3_msgs/turtlebot3_msgs/action/detail/patrol__rosidl_typesupport_introspection_cpp.hpp
[3.788s] -- Up-to-date symlink: /home/kisangpark/lab_training/install/turtlebot3_msgs/include/turtlebot3_msgs/turtlebot3_msgs/msg/detail/sensor_state__rosidl_typesupport_introspection_cpp.hpp
[3.788s] -- Up-to-date symlink: /home/kisangpark/lab_training/install/turtlebot3_msgs/include/turtlebot3_msgs/turtlebot3_msgs/msg/detail/sound__rosidl_typesupport_introspection_cpp.hpp
[3.788s] -- Up-to-date symlink: /home/kisangpark/lab_training/install/turtlebot3_msgs/include/turtlebot3_msgs/turtlebot3_msgs/msg/detail/version_info__rosidl_typesupport_introspection_cpp.hpp
[3.792s] -- Up-to-date symlink: /home/kisangpark/lab_training/install/turtlebot3_msgs/include/turtlebot3_msgs/turtlebot3_msgs/srv/detail/dqn__rosidl_typesupport_introspection_cpp.hpp
[3.792s] -- Up-to-date symlink: /home/kisangpark/lab_training/install/turtlebot3_msgs/include/turtlebot3_msgs/turtlebot3_msgs/srv/detail/sound__rosidl_typesupport_introspection_cpp.hpp
[3.796s] -- Up-to-date symlink: /home/kisangpark/lab_training/install/turtlebot3_msgs/share/turtlebot3_msgs/environment/pythonpath.sh
[3.797s] -- Up-to-date symlink: /home/kisangpark/lab_training/install/turtlebot3_msgs/share/turtlebot3_msgs/environment/pythonpath.dsv
[3.802s] -- Up-to-date symlink: /home/kisangpark/lab_training/install/turtlebot3_msgs/local/lib/python3.10/dist-packages/turtlebot3_msgs-2.2.3-py3.10.egg-info/PKG-INFO
[3.802s] -- Up-to-date symlink: /home/kisangpark/lab_training/install/turtlebot3_msgs/local/lib/python3.10/dist-packages/turtlebot3_msgs-2.2.3-py3.10.egg-info/SOURCES.txt
[3.803s] -- Up-to-date symlink: /home/kisangpark/lab_training/install/turtlebot3_msgs/local/lib/python3.10/dist-packages/turtlebot3_msgs-2.2.3-py3.10.egg-info/dependency_links.txt
[3.804s] -- Up-to-date symlink: /home/kisangpark/lab_training/install/turtlebot3_msgs/local/lib/python3.10/dist-packages/turtlebot3_msgs-2.2.3-py3.10.egg-info/top_level.txt
[3.811s] -- Up-to-date symlink: /home/kisangpark/lab_training/install/turtlebot3_msgs/local/lib/python3.10/dist-packages/turtlebot3_msgs/__init__.py
[3.812s] -- Up-to-date symlink: /home/kisangpark/lab_training/install/turtlebot3_msgs/local/lib/python3.10/dist-packages/turtlebot3_msgs/_turtlebot3_msgs_s.ep.rosidl_typesupport_c.c
[3.812s] -- Up-to-date symlink: /home/kisangpark/lab_training/install/turtlebot3_msgs/local/lib/python3.10/dist-packages/turtlebot3_msgs/_turtlebot3_msgs_s.ep.rosidl_typesupport_fastrtps_c.c
[3.813s] -- Up-to-date symlink: /home/kisangpark/lab_training/install/turtlebot3_msgs/local/lib/python3.10/dist-packages/turtlebot3_msgs/_turtlebot3_msgs_s.ep.rosidl_typesupport_introspection_c.c
[3.813s] -- Up-to-date symlink: /home/kisangpark/lab_training/install/turtlebot3_msgs/local/lib/python3.10/dist-packages/turtlebot3_msgs/action/__init__.py
[3.816s] -- Up-to-date symlink: /home/kisangpark/lab_training/install/turtlebot3_msgs/local/lib/python3.10/dist-packages/turtlebot3_msgs/action/_patrol.py
[3.817s] -- Up-to-date symlink: /home/kisangpark/lab_training/install/turtlebot3_msgs/local/lib/python3.10/dist-packages/turtlebot3_msgs/action/_patrol_s.c
[3.817s] -- Up-to-date symlink: /home/kisangpark/lab_training/install/turtlebot3_msgs/local/lib/python3.10/dist-packages/turtlebot3_msgs/libturtlebot3_msgs__rosidl_generator_py.so
[3.820s] -- Up-to-date symlink: /home/kisangpark/lab_training/install/turtlebot3_msgs/local/lib/python3.10/dist-packages/turtlebot3_msgs/msg/__init__.py
[3.824s] -- Up-to-date symlink: /home/kisangpark/lab_training/install/turtlebot3_msgs/local/lib/python3.10/dist-packages/turtlebot3_msgs/msg/_sensor_state.py
[3.824s] -- Up-to-date symlink: /home/kisangpark/lab_training/install/turtlebot3_msgs/local/lib/python3.10/dist-packages/turtlebot3_msgs/msg/_sensor_state_s.c
[3.824s] -- Up-to-date symlink: /home/kisangpark/lab_training/install/turtlebot3_msgs/local/lib/python3.10/dist-packages/turtlebot3_msgs/msg/_sound.py
[3.825s] -- Up-to-date symlink: /home/kisangpark/lab_training/install/turtlebot3_msgs/local/lib/python3.10/dist-packages/turtlebot3_msgs/msg/_sound_s.c
[3.825s] -- Up-to-date symlink: /home/kisangpark/lab_training/install/turtlebot3_msgs/local/lib/python3.10/dist-packages/turtlebot3_msgs/msg/_version_info.py
[3.825s] -- Up-to-date symlink: /home/kisangpark/lab_training/install/turtlebot3_msgs/local/lib/python3.10/dist-packages/turtlebot3_msgs/msg/_version_info_s.c
[3.826s] -- Up-to-date symlink: /home/kisangpark/lab_training/install/turtlebot3_msgs/local/lib/python3.10/dist-packages/turtlebot3_msgs/srv/__init__.py
[3.826s] -- Up-to-date symlink: /home/kisangpark/lab_training/install/turtlebot3_msgs/local/lib/python3.10/dist-packages/turtlebot3_msgs/srv/_dqn.py
[3.826s] -- Up-to-date symlink: /home/kisangpark/lab_training/install/turtlebot3_msgs/local/lib/python3.10/dist-packages/turtlebot3_msgs/srv/_dqn_s.c
[3.826s] -- Up-to-date symlink: /home/kisangpark/lab_training/install/turtlebot3_msgs/local/lib/python3.10/dist-packages/turtlebot3_msgs/srv/_sound.py
[3.826s] -- Up-to-date symlink: /home/kisangpark/lab_training/install/turtlebot3_msgs/local/lib/python3.10/dist-packages/turtlebot3_msgs/srv/_sound_s.c
[3.827s] -- Up-to-date symlink: /home/kisangpark/lab_training/install/turtlebot3_msgs/local/lib/python3.10/dist-packages/turtlebot3_msgs/turtlebot3_msgs_s__rosidl_typesupport_c.cpython-310-x86_64-linux-gnu.so
[3.827s] -- Up-to-date symlink: /home/kisangpark/lab_training/install/turtlebot3_msgs/local/lib/python3.10/dist-packages/turtlebot3_msgs/turtlebot3_msgs_s__rosidl_typesupport_fastrtps_c.cpython-310-x86_64-linux-gnu.so
[3.827s] -- Up-to-date symlink: /home/kisangpark/lab_training/install/turtlebot3_msgs/local/lib/python3.10/dist-packages/turtlebot3_msgs/turtlebot3_msgs_s__rosidl_typesupport_introspection_c.cpython-310-x86_64-linux-gnu.so
[3.828s] -- Up-to-date symlink: /home/kisangpark/lab_training/install/turtlebot3_msgs/local/lib/python3.10/dist-packages/turtlebot3_msgs/turtlebot3_msgs_s__rosidl_typesupport_fastrtps_c.cpython-310-x86_64-linux-gnu.so
[3.831s] -- Up-to-date symlink: /home/kisangpark/lab_training/install/turtlebot3_msgs/local/lib/python3.10/dist-packages/turtlebot3_msgs/turtlebot3_msgs_s__rosidl_typesupport_introspection_c.cpython-310-x86_64-linux-gnu.so
[3.833s] -- Up-to-date symlink: /home/kisangpark/lab_training/install/turtlebot3_msgs/local/lib/python3.10/dist-packages/turtlebot3_msgs/turtlebot3_msgs_s__rosidl_typesupport_c.cpython-310-x86_64-linux-gnu.so
[3.833s] -- Up-to-date symlink: /home/kisangpark/lab_training/install/turtlebot3_msgs/share/turtlebot3_msgs/msg/SensorState.idl
[3.836s] -- Up-to-date symlink: /home/kisangpark/lab_training/install/turtlebot3_msgs/share/turtlebot3_msgs/msg/Sound.idl
[3.836s] -- Up-to-date symlink: /home/kisangpark/lab_training/install/turtlebot3_msgs/share/turtlebot3_msgs/msg/VersionInfo.idl
[3.837s] -- Up-to-date symlink: /home/kisangpark/lab_training/install/turtlebot3_msgs/share/turtlebot3_msgs/srv/Sound.idl
[3.840s] -- Up-to-date symlink: /home/kisangpark/lab_training/install/turtlebot3_msgs/share/turtlebot3_msgs/srv/Dqn.idl
[3.844s] -- Up-to-date symlink: /home/kisangpark/lab_training/install/turtlebot3_msgs/share/turtlebot3_msgs/action/Patrol.idl
[3.845s] -- Up-to-date symlink: /home/kisangpark/lab_training/install/turtlebot3_msgs/share/turtlebot3_msgs/msg/SensorState.msg
[3.845s] -- Up-to-date symlink: /home/kisangpark/lab_training/install/turtlebot3_msgs/share/turtlebot3_msgs/msg/Sound.msg
[3.845s] -- Up-to-date symlink: /home/kisangpark/lab_training/install/turtlebot3_msgs/share/turtlebot3_msgs/msg/VersionInfo.msg
[3.846s] -- Up-to-date symlink: /home/kisangpark/lab_training/install/turtlebot3_msgs/share/turtlebot3_msgs/srv/Sound.srv
[3.851s] -- Up-to-date symlink: /home/kisangpark/lab_training/install/turtlebot3_msgs/share/turtlebot3_msgs/srv/Sound_Request.msg
[3.854s] -- Up-to-date symlink: /home/kisangpark/lab_training/install/turtlebot3_msgs/share/turtlebot3_msgs/srv/Sound_Response.msg
[3.855s] -- Up-to-date symlink: /home/kisangpark/lab_training/install/turtlebot3_msgs/share/turtlebot3_msgs/srv/Dqn.srv
[3.855s] -- Up-to-date symlink: /home/kisangpark/lab_training/install/turtlebot3_msgs/share/turtlebot3_msgs/srv/Dqn_Request.msg
[3.858s] -- Up-to-date symlink: /home/kisangpark/lab_training/install/turtlebot3_msgs/share/turtlebot3_msgs/srv/Dqn_Response.msg
[3.858s] -- Up-to-date symlink: /home/kisangpark/lab_training/install/turtlebot3_msgs/share/turtlebot3_msgs/action/Patrol.action
[3.859s] -- Up-to-date symlink: /home/kisangpark/lab_training/install/turtlebot3_msgs/share/ament_index/resource_index/package_run_dependencies/turtlebot3_msgs
[3.859s] -- Up-to-date symlink: /home/kisangpark/lab_training/install/turtlebot3_msgs/share/ament_index/resource_index/parent_prefix_path/turtlebot3_msgs
[3.862s] -- Up-to-date symlink: /home/kisangpark/lab_training/install/turtlebot3_msgs/share/turtlebot3_msgs/environment/ament_prefix_path.sh
[3.862s] -- Up-to-date symlink: /home/kisangpark/lab_training/install/turtlebot3_msgs/share/turtlebot3_msgs/environment/ament_prefix_path.dsv
[3.863s] -- Up-to-date symlink: /home/kisangpark/lab_training/install/turtlebot3_msgs/share/turtlebot3_msgs/environment/path.sh
[3.863s] -- Up-to-date symlink: /home/kisangpark/lab_training/install/turtlebot3_msgs/share/turtlebot3_msgs/environment/path.dsv
[3.867s] -- Up-to-date symlink: /home/kisangpark/lab_training/install/turtlebot3_msgs/share/turtlebot3_msgs/local_setup.bash
[3.867s] -- Up-to-date symlink: /home/kisangpark/lab_training/install/turtlebot3_msgs/share/turtlebot3_msgs/local_setup.sh
[3.868s] -- Up-to-date symlink: /home/kisangpark/lab_training/install/turtlebot3_msgs/share/turtlebot3_msgs/local_setup.zsh
[3.868s] -- Up-to-date symlink: /home/kisangpark/lab_training/install/turtlebot3_msgs/share/turtlebot3_msgs/local_setup.dsv
[3.868s] -- Symlinking: /home/kisangpark/lab_training/install/turtlebot3_msgs/share/turtlebot3_msgs/package.dsv
[3.899s] -- Up-to-date symlink: /home/kisangpark/lab_training/install/turtlebot3_msgs/share/ament_index/resource_index/packages/turtlebot3_msgs
[3.901s] -- Up-to-date symlink: /home/kisangpark/lab_training/install/turtlebot3_msgs/share/turtlebot3_msgs/cmake/rosidl_cmake-extras.cmake
[3.904s] -- Up-to-date symlink: /home/kisangpark/lab_training/install/turtlebot3_msgs/share/turtlebot3_msgs/cmake/ament_cmake_export_dependencies-extras.cmake
[3.905s] -- Up-to-date symlink: /home/kisangpark/lab_training/install/turtlebot3_msgs/share/turtlebot3_msgs/cmake/ament_cmake_export_include_directories-extras.cmake
[3.905s] -- Up-to-date symlink: /home/kisangpark/lab_training/install/turtlebot3_msgs/share/turtlebot3_msgs/cmake/ament_cmake_export_libraries-extras.cmake
[3.906s] -- Up-to-date symlink: /home/kisangpark/lab_training/install/turtlebot3_msgs/share/turtlebot3_msgs/cmake/ament_cmake_export_targets-extras.cmake
[3.906s] -- Up-to-date symlink: /home/kisangpark/lab_training/install/turtlebot3_msgs/share/turtlebot3_msgs/cmake/rosidl_cmake_export_typesupport_targets-extras.cmake
[3.907s] -- Up-to-date symlink: /home/kisangpark/lab_training/install/turtlebot3_msgs/share/turtlebot3_msgs/cmake/rosidl_cmake_export_typesupport_libraries-extras.cmake
[3.907s] -- Up-to-date symlink: /home/kisangpark/lab_training/install/turtlebot3_msgs/share/turtlebot3_msgs/cmake/turtlebot3_msgsConfig.cmake
[3.910s] -- Up-to-date symlink: /home/kisangpark/lab_training/install/turtlebot3_msgs/share/turtlebot3_msgs/cmake/turtlebot3_msgsConfig-version.cmake
[3.910s] -- Up-to-date symlink: /home/kisangpark/lab_training/install/turtlebot3_msgs/share/turtlebot3_msgs/package.xml
[3.911s] -- Up-to-date: /home/kisangpark/lab_training/install/turtlebot3_msgs/lib/libturtlebot3_msgs__rosidl_generator_c.so
[3.912s] -- Up-to-date: /home/kisangpark/lab_training/install/turtlebot3_msgs/lib/libturtlebot3_msgs__rosidl_typesupport_fastrtps_c.so
[3.913s] -- Up-to-date: /home/kisangpark/lab_training/install/turtlebot3_msgs/lib/libturtlebot3_msgs__rosidl_typesupport_fastrtps_cpp.so
[3.915s] -- Up-to-date: /home/kisangpark/lab_training/install/turtlebot3_msgs/lib/libturtlebot3_msgs__rosidl_typesupport_introspection_c.so
[3.916s] -- Up-to-date: /home/kisangpark/lab_training/install/turtlebot3_msgs/lib/libturtlebot3_msgs__rosidl_typesupport_c.so
[3.917s] -- Up-to-date: /home/kisangpark/lab_training/install/turtlebot3_msgs/lib/libturtlebot3_msgs__rosidl_typesupport_introspection_cpp.so
[3.918s] -- Up-to-date: /home/kisangpark/lab_training/install/turtlebot3_msgs/lib/libturtlebot3_msgs__rosidl_typesupport_cpp.so
[4.108s] Listing '/home/kisangpark/lab_training/install/turtlebot3_msgs/local/lib/python3.10/dist-packages/turtlebot3_msgs'...
[4.109s] Listing '/home/kisangpark/lab_training/install/turtlebot3_msgs/local/lib/python3.10/dist-packages/turtlebot3_msgs/action'...
[4.109s] Listing '/home/kisangpark/lab_training/install/turtlebot3_msgs/local/lib/python3.10/dist-packages/turtlebot3_msgs/msg'...
[4.111s] Listing '/home/kisangpark/lab_training/install/turtlebot3_msgs/local/lib/python3.10/dist-packages/turtlebot3_msgs/srv'...
[4.135s] -- Up-to-date: /home/kisangpark/lab_training/install/turtlebot3_msgs/lib/libturtlebot3_msgs__rosidl_generator_py.so
[4.136s] -- Up-to-date: /home/kisangpark/lab_training/install/turtlebot3_msgs/share/turtlebot3_msgs/cmake/export_turtlebot3_msgs__rosidl_generator_cExport.cmake
[4.139s] -- Up-to-date: /home/kisangpark/lab_training/install/turtlebot3_msgs/share/turtlebot3_msgs/cmake/export_turtlebot3_msgs__rosidl_generator_cExport-noconfig.cmake
[4.139s] -- Up-to-date: /home/kisangpark/lab_training/install/turtlebot3_msgs/share/turtlebot3_msgs/cmake/export_turtlebot3_msgs__rosidl_typesupport_fastrtps_cExport.cmake
[4.139s] -- Up-to-date: /home/kisangpark/lab_training/install/turtlebot3_msgs/share/turtlebot3_msgs/cmake/export_turtlebot3_msgs__rosidl_typesupport_fastrtps_cExport-noconfig.cmake
[4.140s] -- Up-to-date: /home/kisangpark/lab_training/install/turtlebot3_msgs/share/turtlebot3_msgs/cmake/export_turtlebot3_msgs__rosidl_generator_cppExport.cmake
[4.140s] -- Up-to-date: /home/kisangpark/lab_training/install/turtlebot3_msgs/share/turtlebot3_msgs/cmake/export_turtlebot3_msgs__rosidl_typesupport_fastrtps_cppExport.cmake
[4.140s] -- Up-to-date: /home/kisangpark/lab_training/install/turtlebot3_msgs/share/turtlebot3_msgs/cmake/export_turtlebot3_msgs__rosidl_typesupport_fastrtps_cppExport-noconfig.cmake
[4.140s] -- Up-to-date: /home/kisangpark/lab_training/install/turtlebot3_msgs/share/turtlebot3_msgs/cmake/turtlebot3_msgs__rosidl_typesupport_introspection_cExport.cmake
[4.141s] -- Up-to-date: /home/kisangpark/lab_training/install/turtlebot3_msgs/share/turtlebot3_msgs/cmake/turtlebot3_msgs__rosidl_typesupport_introspection_cExport-noconfig.cmake
[4.141s] -- Up-to-date: /home/kisangpark/lab_training/install/turtlebot3_msgs/share/turtlebot3_msgs/cmake/turtlebot3_msgs__rosidl_typesupport_cExport.cmake
[4.141s] -- Up-to-date: /home/kisangpark/lab_training/install/turtlebot3_msgs/share/turtlebot3_msgs/cmake/turtlebot3_msgs__rosidl_typesupport_cExport-noconfig.cmake
[4.142s] -- Up-to-date: /home/kisangpark/lab_training/install/turtlebot3_msgs/share/turtlebot3_msgs/cmake/turtlebot3_msgs__rosidl_typesupport_introspection_cppExport.cmake
[4.145s] -- Up-to-date: /home/kisangpark/lab_training/install/turtlebot3_msgs/share/turtlebot3_msgs/cmake/turtlebot3_msgs__rosidl_typesupport_introspection_cppExport-noconfig.cmake
[4.145s] -- Up-to-date: /home/kisangpark/lab_training/install/turtlebot3_msgs/share/turtlebot3_msgs/cmake/turtlebot3_msgs__rosidl_typesupport_cppExport.cmake
[4.145s] -- Up-to-date: /home/kisangpark/lab_training/install/turtlebot3_msgs/share/turtlebot3_msgs/cmake/turtlebot3_msgs__rosidl_typesupport_cppExport-noconfig.cmake
[4.146s] -- Up-to-date: /home/kisangpark/lab_training/install/turtlebot3_msgs/share/turtlebot3_msgs/cmake/export_turtlebot3_msgs__rosidl_generator_pyExport.cmake
[4.146s] -- Up-to-date: /home/kisangpark/lab_training/install/turtlebot3_msgs/share/turtlebot3_msgs/cmake/export_turtlebot3_msgs__rosidl_generator_pyExport-noconfig.cmake
[4.942s] Invoked command in '/home/kisangpark/lab_training/build/turtlebot3_msgs' returned '0': CMAKE_PREFIX_PATH=${CMAKE_PREFIX_PATH}:/home/kisangpark/lab_training/install/week3:/home/kisangpark/lab_training/install/turtlebot3_teleop:/home/kisangpark/lab_training/install/turtlebot3_example:/home/kisangpark/lab_training/install/SLAM:/opt/ros/humble /usr/bin/cmake --install /home/kisangpark/lab_training/build/turtlebot3_msgs
