[0.051s] Invoking command in '/home/kisangpark/lab_training/build/turtlebot3_cartographer': CMAKE_PREFIX_PATH=/opt/ros/humble /usr/bin/cmake /home/kisangpark/lab_training/src/turtlebot3/turtlebot3_cartographer -DAMENT_CMAKE_SYMLINK_INSTALL=1 -DCMAKE_INSTALL_PREFIX=/home/kisangpark/lab_training/install/turtlebot3_cartographer
[0.316s] -- The C compiler identification is GNU 11.4.0
[0.572s] -- The CXX compiler identification is GNU 11.4.0
[0.611s] -- Detecting C compiler ABI info
[0.900s] -- Detecting C compiler ABI info - done
[0.916s] -- Check for working C compiler: /usr/bin/cc - skipped
[0.919s] -- Detecting C compile features
[0.921s] -- Detecting C compile features - done
[0.925s] -- Detecting CXX compiler ABI info
[1.138s] -- Detecting CXX compiler ABI info - done
[1.159s] -- Check for working CXX compiler: /usr/bin/c++ - skipped
[1.160s] -- Detecting CXX compile features
[1.163s] -- Detecting CXX compile features - done
[1.169s] -- Found ament_cmake: 1.3.10 (/opt/ros/humble/share/ament_cmake/cmake)
[2.241s] -- Found Python3: /usr/bin/python3 (found version "3.10.12") found components: Interpreter 
[2.513s] -- Override CMake install command with custom implementation using symlinks instead of copying resources
[2.870s] -- Configuring done
[2.875s] -- Generating done
[2.880s] -- Build files have been written to: /home/kisangpark/lab_training/build/turtlebot3_cartographer
[2.893s] Invoked command in '/home/kisangpark/lab_training/build/turtlebot3_cartographer' returned '0': CMAKE_PREFIX_PATH=/opt/ros/humble /usr/bin/cmake /home/kisangpark/lab_training/src/turtlebot3/turtlebot3_cartographer -DAMENT_CMAKE_SYMLINK_INSTALL=1 -DCMAKE_INSTALL_PREFIX=/home/kisangpark/lab_training/install/turtlebot3_cartographer
[2.900s] Invoking command in '/home/kisangpark/lab_training/build/turtlebot3_cartographer': CMAKE_PREFIX_PATH=/opt/ros/humble /usr/bin/cmake --build /home/kisangpark/lab_training/build/turtlebot3_cartographer -- -j2 -l2
[3.047s] Invoked command in '/home/kisangpark/lab_training/build/turtlebot3_cartographer' returned '0': CMAKE_PREFIX_PATH=/opt/ros/humble /usr/bin/cmake --build /home/kisangpark/lab_training/build/turtlebot3_cartographer -- -j2 -l2
[3.055s] Invoking command in '/home/kisangpark/lab_training/build/turtlebot3_cartographer': CMAKE_PREFIX_PATH=/opt/ros/humble /usr/bin/cmake --install /home/kisangpark/lab_training/build/turtlebot3_cartographer
[3.079s] -- Install configuration: ""
[3.083s] -- Execute custom install script
[3.087s] -- Symlinking: /home/kisangpark/lab_training/install/turtlebot3_cartographer/share/turtlebot3_cartographer/config/turtlebot3_lds_2d.lua
[3.158s] -- Symlinking: /home/kisangpark/lab_training/install/turtlebot3_cartographer/share/turtlebot3_cartographer/launch/cartographer.launch.py
[3.194s] -- Symlinking: /home/kisangpark/lab_training/install/turtlebot3_cartographer/share/turtlebot3_cartographer/launch/occupancy_grid.launch.py
[3.236s] -- Symlinking: /home/kisangpark/lab_training/install/turtlebot3_cartographer/share/turtlebot3_cartographer/rviz/tb3_cartographer.rviz
[3.309s] -- Symlinking: /home/kisangpark/lab_training/install/turtlebot3_cartographer/share/ament_index/resource_index/package_run_dependencies/turtlebot3_cartographer
[3.381s] -- Symlinking: /home/kisangpark/lab_training/install/turtlebot3_cartographer/share/ament_index/resource_index/parent_prefix_path/turtlebot3_cartographer
[3.443s] -- Symlinking: /home/kisangpark/lab_training/install/turtlebot3_cartographer/share/turtlebot3_cartographer/environment/ament_prefix_path.sh
[3.478s] -- Symlinking: /home/kisangpark/lab_training/install/turtlebot3_cartographer/share/turtlebot3_cartographer/environment/ament_prefix_path.dsv
[3.502s] -- Symlinking: /home/kisangpark/lab_training/install/turtlebot3_cartographer/share/turtlebot3_cartographer/environment/path.sh
[3.544s] -- Symlinking: /home/kisangpark/lab_training/install/turtlebot3_cartographer/share/turtlebot3_cartographer/environment/path.dsv
[3.563s] -- Symlinking: /home/kisangpark/lab_training/install/turtlebot3_cartographer/share/turtlebot3_cartographer/local_setup.bash
[3.596s] -- Symlinking: /home/kisangpark/lab_training/install/turtlebot3_cartographer/share/turtlebot3_cartographer/local_setup.sh
[3.621s] -- Symlinking: /home/kisangpark/lab_training/install/turtlebot3_cartographer/share/turtlebot3_cartographer/local_setup.zsh
[3.657s] -- Symlinking: /home/kisangpark/lab_training/install/turtlebot3_cartographer/share/turtlebot3_cartographer/local_setup.dsv
[3.723s] -- Symlinking: /home/kisangpark/lab_training/install/turtlebot3_cartographer/share/turtlebot3_cartographer/package.dsv
[3.762s] -- Symlinking: /home/kisangpark/lab_training/install/turtlebot3_cartographer/share/ament_index/resource_index/packages/turtlebot3_cartographer
[3.793s] -- Symlinking: /home/kisangpark/lab_training/install/turtlebot3_cartographer/share/turtlebot3_cartographer/cmake/turtlebot3_cartographerConfig.cmake
[3.828s] -- Symlinking: /home/kisangpark/lab_training/install/turtlebot3_cartographer/share/turtlebot3_cartographer/cmake/turtlebot3_cartographerConfig-version.cmake
[3.875s] -- Symlinking: /home/kisangpark/lab_training/install/turtlebot3_cartographer/share/turtlebot3_cartographer/package.xml
[3.926s] Invoked command in '/home/kisangpark/lab_training/build/turtlebot3_cartographer' returned '0': CMAKE_PREFIX_PATH=/opt/ros/humble /usr/bin/cmake --install /home/kisangpark/lab_training/build/turtlebot3_cartographer
