[0.105s] Invoking command in '/home/kisangpark/lab_training/build/turtlebot3_description': CMAKE_PREFIX_PATH=${CMAKE_PREFIX_PATH}:/home/kisangpark/lab_training/install/week3:/home/kisangpark/lab_training/install/turtlebot3_teleop:/home/kisangpark/lab_training/install/turtlebot3_example:/home/kisangpark/lab_training/install/SLAM:/opt/ros/humble /usr/bin/cmake --build /home/kisangpark/lab_training/build/turtlebot3_description -- -j2 -l2
[0.277s] Invoked command in '/home/kisangpark/lab_training/build/turtlebot3_description' returned '0': CMAKE_PREFIX_PATH=${CMAKE_PREFIX_PATH}:/home/kisangpark/lab_training/install/week3:/home/kisangpark/lab_training/install/turtlebot3_teleop:/home/kisangpark/lab_training/install/turtlebot3_example:/home/kisangpark/lab_training/install/SLAM:/opt/ros/humble /usr/bin/cmake --build /home/kisangpark/lab_training/build/turtlebot3_description -- -j2 -l2
[0.350s] Invoking command in '/home/kisangpark/lab_training/build/turtlebot3_description': CMAKE_PREFIX_PATH=${CMAKE_PREFIX_PATH}:/home/kisangpark/lab_training/install/week3:/home/kisangpark/lab_training/install/turtlebot3_teleop:/home/kisangpark/lab_training/install/turtlebot3_example:/home/kisangpark/lab_training/install/SLAM:/opt/ros/humble /usr/bin/cmake --install /home/kisangpark/lab_training/build/turtlebot3_description
[0.413s] -- Install configuration: ""
[0.425s] -- Execute custom install script
[0.432s] -- Up-to-date symlink: /home/kisangpark/lab_training/install/turtlebot3_description/share/turtlebot3_description/meshes/bases/burger_base.stl
[0.435s] -- Up-to-date symlink: /home/kisangpark/lab_training/install/turtlebot3_description/share/turtlebot3_description/meshes/bases/waffle_base.stl
[0.435s] -- Up-to-date symlink: /home/kisangpark/lab_training/install/turtlebot3_description/share/turtlebot3_description/meshes/bases/waffle_pi_base.stl
[0.435s] -- Up-to-date symlink: /home/kisangpark/lab_training/install/turtlebot3_description/share/turtlebot3_description/meshes/sensors/astra.dae
[0.436s] -- Up-to-date symlink: /home/kisangpark/lab_training/install/turtlebot3_description/share/turtlebot3_description/meshes/sensors/astra.jpg
[0.437s] -- Up-to-date symlink: /home/kisangpark/lab_training/install/turtlebot3_description/share/turtlebot3_description/meshes/sensors/lds.stl
[0.438s] -- Up-to-date symlink: /home/kisangpark/lab_training/install/turtlebot3_description/share/turtlebot3_description/meshes/sensors/r200.dae
[0.438s] -- Up-to-date symlink: /home/kisangpark/lab_training/install/turtlebot3_description/share/turtlebot3_description/meshes/sensors/r200.jpg
[0.439s] -- Up-to-date symlink: /home/kisangpark/lab_training/install/turtlebot3_description/share/turtlebot3_description/meshes/wheels/left_tire.stl
[0.439s] -- Up-to-date symlink: /home/kisangpark/lab_training/install/turtlebot3_description/share/turtlebot3_description/meshes/wheels/right_tire.stl
[0.439s] -- Up-to-date symlink: /home/kisangpark/lab_training/install/turtlebot3_description/share/turtlebot3_description/rviz/model.rviz
[0.440s] -- Up-to-date symlink: /home/kisangpark/lab_training/install/turtlebot3_description/share/turtlebot3_description/urdf/common_properties.urdf
[0.442s] -- Up-to-date symlink: /home/kisangpark/lab_training/install/turtlebot3_description/share/turtlebot3_description/urdf/turtlebot3_burger.urdf
[0.442s] -- Up-to-date symlink: /home/kisangpark/lab_training/install/turtlebot3_description/share/turtlebot3_description/urdf/turtlebot3_waffle.urdf
[0.442s] -- Up-to-date symlink: /home/kisangpark/lab_training/install/turtlebot3_description/share/turtlebot3_description/urdf/turtlebot3_waffle_pi.urdf
[0.444s] -- Up-to-date symlink: /home/kisangpark/lab_training/install/turtlebot3_description/share/ament_index/resource_index/package_run_dependencies/turtlebot3_description
[0.445s] -- Up-to-date symlink: /home/kisangpark/lab_training/install/turtlebot3_description/share/ament_index/resource_index/parent_prefix_path/turtlebot3_description
[0.445s] -- Up-to-date symlink: /home/kisangpark/lab_training/install/turtlebot3_description/share/turtlebot3_description/environment/ament_prefix_path.sh
[0.449s] -- Up-to-date symlink: /home/kisangpark/lab_training/install/turtlebot3_description/share/turtlebot3_description/environment/ament_prefix_path.dsv
[0.451s] -- Up-to-date symlink: /home/kisangpark/lab_training/install/turtlebot3_description/share/turtlebot3_description/environment/path.sh
[0.452s] -- Up-to-date symlink: /home/kisangpark/lab_training/install/turtlebot3_description/share/turtlebot3_description/environment/path.dsv
[0.453s] -- Up-to-date symlink: /home/kisangpark/lab_training/install/turtlebot3_description/share/turtlebot3_description/local_setup.bash
[0.454s] -- Up-to-date symlink: /home/kisangpark/lab_training/install/turtlebot3_description/share/turtlebot3_description/local_setup.sh
[0.454s] -- Up-to-date symlink: /home/kisangpark/lab_training/install/turtlebot3_description/share/turtlebot3_description/local_setup.zsh
[0.455s] -- Up-to-date symlink: /home/kisangpark/lab_training/install/turtlebot3_description/share/turtlebot3_description/local_setup.dsv
[0.455s] -- Symlinking: /home/kisangpark/lab_training/install/turtlebot3_description/share/turtlebot3_description/package.dsv
[0.526s] -- Up-to-date symlink: /home/kisangpark/lab_training/install/turtlebot3_description/share/ament_index/resource_index/packages/turtlebot3_description
[0.528s] -- Up-to-date symlink: /home/kisangpark/lab_training/install/turtlebot3_description/share/turtlebot3_description/cmake/turtlebot3_descriptionConfig.cmake
[0.533s] -- Up-to-date symlink: /home/kisangpark/lab_training/install/turtlebot3_description/share/turtlebot3_description/cmake/turtlebot3_descriptionConfig-version.cmake
[0.534s] -- Up-to-date symlink: /home/kisangpark/lab_training/install/turtlebot3_description/share/turtlebot3_description/package.xml
[0.546s] Invoked command in '/home/kisangpark/lab_training/build/turtlebot3_description' returned '0': CMAKE_PREFIX_PATH=${CMAKE_PREFIX_PATH}:/home/kisangpark/lab_training/install/week3:/home/kisangpark/lab_training/install/turtlebot3_teleop:/home/kisangpark/lab_training/install/turtlebot3_example:/home/kisangpark/lab_training/install/SLAM:/opt/ros/humble /usr/bin/cmake --install /home/kisangpark/lab_training/build/turtlebot3_description
