[2.748s] Invoking command in '/home/kisangpark/lab_training/build/turtlebot3_example': AMENT_PREFIX_PATH=/home/kisangpark/lab_training/install/turtlebot3_msgs:${AMENT_PREFIX_PATH} CMAKE_PREFIX_PATH=/home/kisangpark/lab_training/install/turtlebot3_msgs LD_LIBRARY_PATH=/home/kisangpark/lab_training/install/turtlebot3_msgs/lib:${LD_LIBRARY_PATH} PYTHONPATH=/home/kisangpark/lab_training/build/turtlebot3_example/prefix_override:/usr/lib/python3/dist-packages/colcon_core/task/python/colcon_distutils_commands:/home/kisangpark/lab_training/install/turtlebot3_example/lib/python3.10/site-packages:/home/kisangpark/lab_training/install/turtlebot3_msgs/local/lib/python3.10/dist-packages:${PYTHONPATH} /usr/bin/python3 -W ignore:setup.py install is deprecated -W ignore:easy_install command is deprecated setup.py develop --editable --build-directory /home/kisangpark/lab_training/build/turtlebot3_example/build --no-deps symlink_data
[3.508s] running develop
[4.062s] running egg_info
[4.063s] creating turtlebot3_example.egg-info
[4.136s] writing turtlebot3_example.egg-info/PKG-INFO
[4.137s] writing dependency_links to turtlebot3_example.egg-info/dependency_links.txt
[4.137s] writing entry points to turtlebot3_example.egg-info/entry_points.txt
[4.137s] writing requirements to turtlebot3_example.egg-info/requires.txt
[4.138s] writing top-level names to turtlebot3_example.egg-info/top_level.txt
[4.138s] writing manifest file 'turtlebot3_example.egg-info/SOURCES.txt'
[4.264s] reading manifest file 'turtlebot3_example.egg-info/SOURCES.txt'
[4.269s] writing manifest file 'turtlebot3_example.egg-info/SOURCES.txt'
[4.340s] running build_ext
[4.342s] Creating /home/kisangpark/lab_training/install/turtlebot3_example/lib/python3.10/site-packages/turtlebot3-example.egg-link (link to .)
[4.342s] Installing turtlebot3_obstacle_detection script to /home/kisangpark/lab_training/install/turtlebot3_example/lib/turtlebot3_example
[4.342s] Installing turtlebot3_patrol_client script to /home/kisangpark/lab_training/install/turtlebot3_example/lib/turtlebot3_example
[4.343s] Installing turtlebot3_patrol_server script to /home/kisangpark/lab_training/install/turtlebot3_example/lib/turtlebot3_example
[4.343s] Installing turtlebot3_position_control script to /home/kisangpark/lab_training/install/turtlebot3_example/lib/turtlebot3_example
[4.344s] 
[4.344s] Installed /home/kisangpark/lab_training/build/turtlebot3_example
[4.344s] running symlink_data
[4.348s] creating /home/kisangpark/lab_training/install/turtlebot3_example/share/ament_index
[4.348s] creating /home/kisangpark/lab_training/install/turtlebot3_example/share/ament_index/resource_index
[4.348s] creating /home/kisangpark/lab_training/install/turtlebot3_example/share/ament_index/resource_index/packages
[4.349s] symbolically linking /home/kisangpark/lab_training/build/turtlebot3_example/resource/turtlebot3_example -> /home/kisangpark/lab_training/install/turtlebot3_example/share/ament_index/resource_index/packages
[4.349s] symbolically linking /home/kisangpark/lab_training/build/turtlebot3_example/package.xml -> /home/kisangpark/lab_training/install/turtlebot3_example/share/turtlebot3_example
[4.440s] Invoked command in '/home/kisangpark/lab_training/build/turtlebot3_example' returned '0': AMENT_PREFIX_PATH=/home/kisangpark/lab_training/install/turtlebot3_msgs:${AMENT_PREFIX_PATH} CMAKE_PREFIX_PATH=/home/kisangpark/lab_training/install/turtlebot3_msgs LD_LIBRARY_PATH=/home/kisangpark/lab_training/install/turtlebot3_msgs/lib:${LD_LIBRARY_PATH} PYTHONPATH=/home/kisangpark/lab_training/build/turtlebot3_example/prefix_override:/usr/lib/python3/dist-packages/colcon_core/task/python/colcon_distutils_commands:/home/kisangpark/lab_training/install/turtlebot3_example/lib/python3.10/site-packages:/home/kisangpark/lab_training/install/turtlebot3_msgs/local/lib/python3.10/dist-packages:${PYTHONPATH} /usr/bin/python3 -W ignore:setup.py install is deprecated -W ignore:easy_install command is deprecated setup.py develop --editable --build-directory /home/kisangpark/lab_training/build/turtlebot3_example/build --no-deps symlink_data
