[0.128s] Invoking command in '/home/kisangpark/lab_training/build/turtlebot3_description': CMAKE_PREFIX_PATH=/opt/ros/humble /usr/bin/cmake --build /home/kisangpark/lab_training/build/turtlebot3_description -- -j2 -l2
[0.479s] Invoked command in '/home/kisangpark/lab_training/build/turtlebot3_description' returned '0': CMAKE_PREFIX_PATH=/opt/ros/humble /usr/bin/cmake --build /home/kisangpark/lab_training/build/turtlebot3_description -- -j2 -l2
[0.566s] Invoking command in '/home/kisangpark/lab_training/build/turtlebot3_description': CMAKE_PREFIX_PATH=/opt/ros/humble /usr/bin/cmake --install /home/kisangpark/lab_training/build/turtlebot3_description
[0.623s] -- Install configuration: ""
[0.631s] -- Execute custom install script
[0.650s] -- Up-to-date symlink: /home/kisangpark/lab_training/install/turtlebot3_description/share/turtlebot3_description/meshes/bases/burger_base.stl
[0.653s] -- Up-to-date symlink: /home/kisangpark/lab_training/install/turtlebot3_description/share/turtlebot3_description/meshes/bases/waffle_base.stl
[0.657s] -- Up-to-date symlink: /home/kisangpark/lab_training/install/turtlebot3_description/share/turtlebot3_description/meshes/bases/waffle_pi_base.stl
[0.658s] -- Up-to-date symlink: /home/kisangpark/lab_training/install/turtlebot3_description/share/turtlebot3_description/meshes/sensors/astra.dae
[0.661s] -- Up-to-date symlink: /home/kisangpark/lab_training/install/turtlebot3_description/share/turtlebot3_description/meshes/sensors/astra.jpg
[0.666s] -- Up-to-date symlink: /home/kisangpark/lab_training/install/turtlebot3_description/share/turtlebot3_description/meshes/sensors/lds.stl
[0.680s] -- Up-to-date symlink: /home/kisangpark/lab_training/install/turtlebot3_description/share/turtlebot3_description/meshes/sensors/r200.dae
[0.681s] -- Up-to-date symlink: /home/kisangpark/lab_training/install/turtlebot3_description/share/turtlebot3_description/meshes/sensors/r200.jpg
[0.687s] -- Up-to-date symlink: /home/kisangpark/lab_training/install/turtlebot3_description/share/turtlebot3_description/meshes/wheels/left_tire.stl
[0.692s] -- Up-to-date symlink: /home/kisangpark/lab_training/install/turtlebot3_description/share/turtlebot3_description/meshes/wheels/right_tire.stl
[0.696s] -- Up-to-date symlink: /home/kisangpark/lab_training/install/turtlebot3_description/share/turtlebot3_description/rviz/model.rviz
[0.703s] -- Up-to-date symlink: /home/kisangpark/lab_training/install/turtlebot3_description/share/turtlebot3_description/urdf/common_properties.urdf
[0.705s] -- Up-to-date symlink: /home/kisangpark/lab_training/install/turtlebot3_description/share/turtlebot3_description/urdf/turtlebot3_burger.urdf
[0.718s] -- Up-to-date symlink: /home/kisangpark/lab_training/install/turtlebot3_description/share/turtlebot3_description/urdf/turtlebot3_waffle.urdf
[0.719s] -- Up-to-date symlink: /home/kisangpark/lab_training/install/turtlebot3_description/share/turtlebot3_description/urdf/turtlebot3_waffle_pi.urdf
[0.727s] -- Up-to-date symlink: /home/kisangpark/lab_training/install/turtlebot3_description/share/ament_index/resource_index/package_run_dependencies/turtlebot3_description
[0.730s] -- Up-to-date symlink: /home/kisangpark/lab_training/install/turtlebot3_description/share/ament_index/resource_index/parent_prefix_path/turtlebot3_description
[0.736s] -- Up-to-date symlink: /home/kisangpark/lab_training/install/turtlebot3_description/share/turtlebot3_description/environment/ament_prefix_path.sh
[0.737s] -- Up-to-date symlink: /home/kisangpark/lab_training/install/turtlebot3_description/share/turtlebot3_description/environment/ament_prefix_path.dsv
[0.738s] -- Up-to-date symlink: /home/kisangpark/lab_training/install/turtlebot3_description/share/turtlebot3_description/environment/path.sh
[0.743s] -- Up-to-date symlink: /home/kisangpark/lab_training/install/turtlebot3_description/share/turtlebot3_description/environment/path.dsv
[0.747s] -- Up-to-date symlink: /home/kisangpark/lab_training/install/turtlebot3_description/share/turtlebot3_description/local_setup.bash
[0.747s] -- Up-to-date symlink: /home/kisangpark/lab_training/install/turtlebot3_description/share/turtlebot3_description/local_setup.sh
[0.752s] -- Up-to-date symlink: /home/kisangpark/lab_training/install/turtlebot3_description/share/turtlebot3_description/local_setup.zsh
[0.754s] -- Up-to-date symlink: /home/kisangpark/lab_training/install/turtlebot3_description/share/turtlebot3_description/local_setup.dsv
[0.755s] -- Symlinking: /home/kisangpark/lab_training/install/turtlebot3_description/share/turtlebot3_description/package.dsv
[0.807s] -- Up-to-date symlink: /home/kisangpark/lab_training/install/turtlebot3_description/share/ament_index/resource_index/packages/turtlebot3_description
[0.815s] -- Up-to-date symlink: /home/kisangpark/lab_training/install/turtlebot3_description/share/turtlebot3_description/cmake/turtlebot3_descriptionConfig.cmake
[0.821s] -- Up-to-date symlink: /home/kisangpark/lab_training/install/turtlebot3_description/share/turtlebot3_description/cmake/turtlebot3_descriptionConfig-version.cmake
[0.823s] -- Up-to-date symlink: /home/kisangpark/lab_training/install/turtlebot3_description/share/turtlebot3_description/package.xml
[0.846s] Invoked command in '/home/kisangpark/lab_training/build/turtlebot3_description' returned '0': CMAKE_PREFIX_PATH=/opt/ros/humble /usr/bin/cmake --install /home/kisangpark/lab_training/build/turtlebot3_description
