[4.655s] Invoking command in '/home/kisangpark/lab_training/build/turtlebot3_example': CMAKE_PREFIX_PATH=/home/kisangpark/lab_training/install/turtlebot3_msgs:/home/kisangpark/lab_training/install/turtlebot3:/home/kisangpark/lab_training/install/turtlebot3_simulations:/home/kisangpark/lab_training/install/turtlebot3_bringup:/home/kisangpark/lab_training/install/turtlebot3_node:/home/kisangpark/lab_training/install/turtlebot3_navigation2:/home/kisangpark/lab_training/install/turtlebot3_fake_node:/home/kisangpark/lab_training/install/turtlebot3_gazebo:/home/kisangpark/lab_training/install/turtlebot3_description:/home/kisangpark/lab_training/install/turtlebot3_cartographer PYTHONPATH=/home/kisangpark/lab_training/build/turtlebot3_example/prefix_override:/usr/lib/python3/dist-packages/colcon_core/task/python/colcon_distutils_commands:/home/kisangpark/lab_training/install/turtlebot3_example/lib/python3.10/site-packages:${PYTHONPATH} /usr/bin/python3 -W ignore:setup.py install is deprecated -W ignore:easy_install command is deprecated setup.py develop --editable --build-directory /home/kisangpark/lab_training/build/turtlebot3_example/build --no-deps symlink_data
[6.747s] running develop
[8.269s] running egg_info
[8.374s] writing turtlebot3_example.egg-info/PKG-INFO
[8.375s] writing dependency_links to turtlebot3_example.egg-info/dependency_links.txt
[8.377s] writing entry points to turtlebot3_example.egg-info/entry_points.txt
[8.377s] writing requirements to turtlebot3_example.egg-info/requires.txt
[8.380s] writing top-level names to turtlebot3_example.egg-info/top_level.txt
[8.589s] reading manifest file 'turtlebot3_example.egg-info/SOURCES.txt'
[8.599s] writing manifest file 'turtlebot3_example.egg-info/SOURCES.txt'
[8.729s] running build_ext
[8.730s] Creating /home/kisangpark/lab_training/install/turtlebot3_example/lib/python3.10/site-packages/turtlebot3-example.egg-link (link to .)
[8.732s] Installing turtlebot3_obstacle_detection script to /home/kisangpark/lab_training/install/turtlebot3_example/lib/turtlebot3_example
[8.736s] Installing turtlebot3_patrol_client script to /home/kisangpark/lab_training/install/turtlebot3_example/lib/turtlebot3_example
[8.736s] Installing turtlebot3_patrol_server script to /home/kisangpark/lab_training/install/turtlebot3_example/lib/turtlebot3_example
[8.736s] Installing turtlebot3_position_control script to /home/kisangpark/lab_training/install/turtlebot3_example/lib/turtlebot3_example
[8.736s] 
[8.737s] Installed /home/kisangpark/lab_training/build/turtlebot3_example
[8.737s] running symlink_data
[9.086s] Invoked command in '/home/kisangpark/lab_training/build/turtlebot3_example' returned '0': CMAKE_PREFIX_PATH=/home/kisangpark/lab_training/install/turtlebot3_msgs:/home/kisangpark/lab_training/install/turtlebot3:/home/kisangpark/lab_training/install/turtlebot3_simulations:/home/kisangpark/lab_training/install/turtlebot3_bringup:/home/kisangpark/lab_training/install/turtlebot3_node:/home/kisangpark/lab_training/install/turtlebot3_navigation2:/home/kisangpark/lab_training/install/turtlebot3_fake_node:/home/kisangpark/lab_training/install/turtlebot3_gazebo:/home/kisangpark/lab_training/install/turtlebot3_description:/home/kisangpark/lab_training/install/turtlebot3_cartographer PYTHONPATH=/home/kisangpark/lab_training/build/turtlebot3_example/prefix_override:/usr/lib/python3/dist-packages/colcon_core/task/python/colcon_distutils_commands:/home/kisangpark/lab_training/install/turtlebot3_example/lib/python3.10/site-packages:${PYTHONPATH} /usr/bin/python3 -W ignore:setup.py install is deprecated -W ignore:easy_install command is deprecated setup.py develop --editable --build-directory /home/kisangpark/lab_training/build/turtlebot3_example/build --no-deps symlink_data
