[  1%] Built target turtlebot3_msgs__cpp
[ 12%] Built target turtlebot3_msgs__rosidl_generator_c
[ 23%] Built target turtlebot3_msgs__rosidl_typesupport_cpp
[ 23%] Built target ament_cmake_python_symlink_turtlebot3_msgs
[ 35%] Built target turtlebot3_msgs__rosidl_typesupport_fastrtps_c
[ 46%] Built target turtlebot3_msgs__rosidl_typesupport_fastrtps_cpp
[ 57%] Built target turtlebot3_msgs__rosidl_typesupport_introspection_c
[ 69%] Built target turtlebot3_msgs__rosidl_typesupport_c
[ 80%] Built target turtlebot3_msgs__rosidl_typesupport_introspection_cpp
Traceback (most recent call last):
  File "/home/kisangpark/lab_training/build/turtlebot3_msgs/ament_cmake_python/turtlebot3_msgs/setup.py", line 1, in <module>
    from setuptools import find_packages
  File "/home/kisangpark/.local/lib/python3.10/site-packages/setuptools/__init__.py", line 8, in <module>
    import _distutils_hack.override  # noqa: F401
  File "/home/kisangpark/.local/lib/python3.10/site-packages/_distutils_hack/override.py", line 1, in <module>
    __import__('_distutils_hack').do_override()
  File "/home/kisangpark/.local/lib/python3.10/site-packages/_distutils_hack/__init__.py", line 70, in do_override
    ensure_local_distutils()
  File "/home/kisangpark/.local/lib/python3.10/site-packages/_distutils_hack/__init__.py", line 53, in ensure_local_distutils
    importlib.import_module('distutils')
  File "/usr/lib/python3.10/importlib/__init__.py", line 126, in import_module
gmake[1]: *** [CMakeFiles/Makefile2:188: CMakeFiles/turtlebot3_msgs.dir/all] Interrupt
    return _bootstrap._gcd_import(name[level:], package, level)
  File "<frozen importlib._bootstrap>", line 1050, in _gcd_import
  File "<frozen importlib._bootstrap>", line 1027, in _find_and_load
  File "<frozen importlib._bootstrap>", line 1002, in _find_and_load_unlocked
  File "<frozen importlib._bootstrap>", line 945, in _find_spec
  File "/home/kisangpark/.local/lib/python3.10/site-packages/_distutils_hack/__init__.py", line 90, in find_spec
    return method()
  File "/home/kisangpark/.local/lib/python3.10/site-packages/_distutils_hack/__init__.py", line 101, in spec_for_distutils
    mod = importlib.import_module('setuptools._distutils')
  File "/usr/lib/python3.10/importlib/__init__.py", line 126, in import_module
    return _bootstrap._gcd_import(name[level:], package, level)
  File "/home/kisangpark/.local/lib/python3.10/site-packages/setuptools/_distutils/__init__.py", line 12, in <module>
    importlib.import_module('_distutils_system_mod')
  File "/usr/lib/python3.10/importlib/__init__.py", line 126, in import_module
    return _bootstrap._gcd_import(name[level:], package, level)
  File "/usr/lib/python3.10/_distutils_system_mod.py", line 13, in <module>
    import sysconfig
  File "<frozen importlib._bootstrap>", line 1027, in _find_and_load
  File "<frozen importlib._bootstrap>", line 1002, in _find_and_load_unlocked
  File "<frozen importlib._bootstrap>", line 945, in _find_spec
  File "<frozen importlib._bootstrap_external>", line 1439, in find_spec
  File "<frozen importlib._bootstrap_external>", line 1411, in _get_spec
  File "<frozen importlib._bootstrap_external>", line 1572, in find_spec
  File "<frozen importlib._bootstrap_external>", line 128, in _path_join
KeyboardInterrupt
gmake[2]: *** [CMakeFiles/ament_cmake_python_build_turtlebot3_msgs_egg.dir/build.make:70: CMakeFiles/ament_cmake_python_build_turtlebot3_msgs_egg] Interrupt
gmake[1]: *** [CMakeFiles/Makefile2:447: CMakeFiles/ament_cmake_python_build_turtlebot3_msgs_egg.dir/all] Interrupt
gmake: *** [Makefile:146: all] Interrupt
