[0.077s] Invoking command in '/home/kisangpark/lab_training/build/turtlebot3_msgs': CMAKE_PREFIX_PATH=${CMAKE_PREFIX_PATH}:/home/kisangpark/lab_training/install/week3:/home/kisangpark/lab_training/install/turtlebot3_teleop:/home/kisangpark/lab_training/install/turtlebot3_example:/home/kisangpark/lab_training/install/SLAM:/opt/ros/humble /usr/bin/cmake --build /home/kisangpark/lab_training/build/turtlebot3_msgs -- -j2 -l2
[0.201s] [  1%] Built target turtlebot3_msgs__cpp
[0.213s] [ 12%] Built target turtlebot3_msgs__rosidl_generator_c
[0.283s] [ 23%] Built target turtlebot3_msgs__rosidl_typesupport_cpp
[0.285s] [ 23%] Built target ament_cmake_python_symlink_turtlebot3_msgs
[0.408s] [ 35%] Built target turtlebot3_msgs__rosidl_typesupport_fastrtps_c
[0.415s] [ 46%] Built target turtlebot3_msgs__rosidl_typesupport_fastrtps_cpp
[0.485s] [ 57%] Built target turtlebot3_msgs__rosidl_typesupport_introspection_c
[0.509s] [ 69%] Built target turtlebot3_msgs__rosidl_typesupport_c
[0.553s] [ 80%] Built target turtlebot3_msgs__rosidl_typesupport_introspection_cpp
[0.608s] Traceback (most recent call last):
[0.609s]   File "/home/kisangpark/lab_training/build/turtlebot3_msgs/ament_cmake_python/turtlebot3_msgs/setup.py", line 1, in <module>
[0.609s]     from setuptools import find_packages
[0.609s]   File "/home/kisangpark/.local/lib/python3.10/site-packages/setuptools/__init__.py", line 8, in <module>
[0.609s]     import _distutils_hack.override  # noqa: F401
[0.610s]   File "/home/kisangpark/.local/lib/python3.10/site-packages/_distutils_hack/override.py", line 1, in <module>
[0.610s]     __import__('_distutils_hack').do_override()
[0.610s]   File "/home/kisangpark/.local/lib/python3.10/site-packages/_distutils_hack/__init__.py", line 70, in do_override
[0.610s]     ensure_local_distutils()
[0.610s]   File "/home/kisangpark/.local/lib/python3.10/site-packages/_distutils_hack/__init__.py", line 53, in ensure_local_distutils
[0.611s]     importlib.import_module('distutils')
[0.611s]   File "/usr/lib/python3.10/importlib/__init__.py", line 126, in import_module
[0.611s] gmake[1]: *** [CMakeFiles/Makefile2:188: CMakeFiles/turtlebot3_msgs.dir/all] Interrupt
[0.611s]     return _bootstrap._gcd_import(name[level:], package, level)
[0.611s]   File "<frozen importlib._bootstrap>", line 1050, in _gcd_import
[0.611s]   File "<frozen importlib._bootstrap>", line 1027, in _find_and_load
[0.612s]   File "<frozen importlib._bootstrap>", line 1002, in _find_and_load_unlocked
[0.612s]   File "<frozen importlib._bootstrap>", line 945, in _find_spec
[0.612s]   File "/home/kisangpark/.local/lib/python3.10/site-packages/_distutils_hack/__init__.py", line 90, in find_spec
[0.612s]     return method()
[0.612s]   File "/home/kisangpark/.local/lib/python3.10/site-packages/_distutils_hack/__init__.py", line 101, in spec_for_distutils
[0.612s]     mod = importlib.import_module('setuptools._distutils')
[0.612s]   File "/usr/lib/python3.10/importlib/__init__.py", line 126, in import_module
[0.612s]     return _bootstrap._gcd_import(name[level:], package, level)
[0.613s]   File "/home/kisangpark/.local/lib/python3.10/site-packages/setuptools/_distutils/__init__.py", line 12, in <module>
[0.613s]     importlib.import_module('_distutils_system_mod')
[0.613s]   File "/usr/lib/python3.10/importlib/__init__.py", line 126, in import_module
[0.614s]     return _bootstrap._gcd_import(name[level:], package, level)
[0.614s]   File "/usr/lib/python3.10/_distutils_system_mod.py", line 13, in <module>
[0.614s]     import sysconfig
[0.615s]   File "<frozen importlib._bootstrap>", line 1027, in _find_and_load
[0.615s]   File "<frozen importlib._bootstrap>", line 1002, in _find_and_load_unlocked
[0.615s]   File "<frozen importlib._bootstrap>", line 945, in _find_spec
[0.616s]   File "<frozen importlib._bootstrap_external>", line 1439, in find_spec
[0.616s]   File "<frozen importlib._bootstrap_external>", line 1411, in _get_spec
[0.616s]   File "<frozen importlib._bootstrap_external>", line 1572, in find_spec
[0.617s]   File "<frozen importlib._bootstrap_external>", line 128, in _path_join
[0.619s] KeyboardInterrupt
[0.631s] gmake[2]: *** [CMakeFiles/ament_cmake_python_build_turtlebot3_msgs_egg.dir/build.make:70: CMakeFiles/ament_cmake_python_build_turtlebot3_msgs_egg] Interrupt
[0.632s] gmake[1]: *** [CMakeFiles/Makefile2:447: CMakeFiles/ament_cmake_python_build_turtlebot3_msgs_egg.dir/all] Interrupt
[0.633s] gmake: *** [Makefile:146: all] Interrupt
