[0.087s] Invoking command in '/home/kisangpark/lab_training/build/turtlebot3_bringup': AMENT_PREFIX_PATH=/home/kisangpark/lab_training/install/turtlebot3_node:/home/kisangpark/lab_training/install/turtlebot3_msgs:/home/kisangpark/lab_training/install/turtlebot3_description:${AMENT_PREFIX_PATH} CMAKE_PREFIX_PATH=/home/kisangpark/lab_training/install/turtlebot3_node:/home/kisangpark/lab_training/install/turtlebot3_msgs:/home/kisangpark/lab_training/install/turtlebot3_description:/opt/ros/humble LD_LIBRARY_PATH=/home/kisangpark/lab_training/install/turtlebot3_msgs/lib:${LD_LIBRARY_PATH} PYTHONPATH=/home/kisangpark/lab_training/install/turtlebot3_msgs/local/lib/python3.10/dist-packages:${PYTHONPATH} /usr/bin/cmake --build /home/kisangpark/lab_training/build/turtlebot3_bringup -- -j2 -l2
[0.324s] Invoked command in '/home/kisangpark/lab_training/build/turtlebot3_bringup' returned '0': AMENT_PREFIX_PATH=/home/kisangpark/lab_training/install/turtlebot3_node:/home/kisangpark/lab_training/install/turtlebot3_msgs:/home/kisangpark/lab_training/install/turtlebot3_description:${AMENT_PREFIX_PATH} CMAKE_PREFIX_PATH=/home/kisangpark/lab_training/install/turtlebot3_node:/home/kisangpark/lab_training/install/turtlebot3_msgs:/home/kisangpark/lab_training/install/turtlebot3_description:/opt/ros/humble LD_LIBRARY_PATH=/home/kisangpark/lab_training/install/turtlebot3_msgs/lib:${LD_LIBRARY_PATH} PYTHONPATH=/home/kisangpark/lab_training/install/turtlebot3_msgs/local/lib/python3.10/dist-packages:${PYTHONPATH} /usr/bin/cmake --build /home/kisangpark/lab_training/build/turtlebot3_bringup -- -j2 -l2
[0.337s] Invoking command in '/home/kisangpark/lab_training/build/turtlebot3_bringup': AMENT_PREFIX_PATH=/home/kisangpark/lab_training/install/turtlebot3_node:/home/kisangpark/lab_training/install/turtlebot3_msgs:/home/kisangpark/lab_training/install/turtlebot3_description:${AMENT_PREFIX_PATH} CMAKE_PREFIX_PATH=/home/kisangpark/lab_training/install/turtlebot3_node:/home/kisangpark/lab_training/install/turtlebot3_msgs:/home/kisangpark/lab_training/install/turtlebot3_description:/opt/ros/humble LD_LIBRARY_PATH=/home/kisangpark/lab_training/install/turtlebot3_msgs/lib:${LD_LIBRARY_PATH} PYTHONPATH=/home/kisangpark/lab_training/install/turtlebot3_msgs/local/lib/python3.10/dist-packages:${PYTHONPATH} /usr/bin/cmake --install /home/kisangpark/lab_training/build/turtlebot3_bringup
[0.378s] -- Install configuration: ""
[0.387s] -- Execute custom install script
[0.398s] -- Up-to-date symlink: /home/kisangpark/lab_training/install/turtlebot3_bringup/share/turtlebot3_bringup/launch/robot.launch.py
[0.401s] -- Up-to-date symlink: /home/kisangpark/lab_training/install/turtlebot3_bringup/share/turtlebot3_bringup/launch/rviz2.launch.py
[0.401s] -- Up-to-date symlink: /home/kisangpark/lab_training/install/turtlebot3_bringup/share/turtlebot3_bringup/launch/turtlebot3_state_publisher.launch.py
[0.414s] -- Up-to-date symlink: /home/kisangpark/lab_training/install/turtlebot3_bringup/share/turtlebot3_bringup/param/burger.yaml
[0.415s] -- Up-to-date symlink: /home/kisangpark/lab_training/install/turtlebot3_bringup/share/turtlebot3_bringup/param/waffle.yaml
[0.416s] -- Up-to-date symlink: /home/kisangpark/lab_training/install/turtlebot3_bringup/share/turtlebot3_bringup/param/waffle_pi.yaml
[0.423s] -- Up-to-date symlink: /home/kisangpark/lab_training/install/turtlebot3_bringup/share/turtlebot3_bringup/script/99-turtlebot3-cdc.rules
[0.426s] -- Up-to-date symlink: /home/kisangpark/lab_training/install/turtlebot3_bringup/share/turtlebot3_bringup/script/create_udev_rules
[0.433s] -- Up-to-date symlink: /home/kisangpark/lab_training/install/turtlebot3_bringup/share/ament_index/resource_index/package_run_dependencies/turtlebot3_bringup
[0.437s] -- Up-to-date symlink: /home/kisangpark/lab_training/install/turtlebot3_bringup/share/ament_index/resource_index/parent_prefix_path/turtlebot3_bringup
[0.441s] -- Up-to-date symlink: /home/kisangpark/lab_training/install/turtlebot3_bringup/share/turtlebot3_bringup/environment/ament_prefix_path.sh
[0.444s] -- Up-to-date symlink: /home/kisangpark/lab_training/install/turtlebot3_bringup/share/turtlebot3_bringup/environment/ament_prefix_path.dsv
[0.447s] -- Up-to-date symlink: /home/kisangpark/lab_training/install/turtlebot3_bringup/share/turtlebot3_bringup/environment/path.sh
[0.452s] -- Up-to-date symlink: /home/kisangpark/lab_training/install/turtlebot3_bringup/share/turtlebot3_bringup/environment/path.dsv
[0.456s] -- Up-to-date symlink: /home/kisangpark/lab_training/install/turtlebot3_bringup/share/turtlebot3_bringup/local_setup.bash
[0.459s] -- Up-to-date symlink: /home/kisangpark/lab_training/install/turtlebot3_bringup/share/turtlebot3_bringup/local_setup.sh
[0.460s] -- Up-to-date symlink: /home/kisangpark/lab_training/install/turtlebot3_bringup/share/turtlebot3_bringup/local_setup.zsh
[0.466s] -- Up-to-date symlink: /home/kisangpark/lab_training/install/turtlebot3_bringup/share/turtlebot3_bringup/local_setup.dsv
[0.468s] -- Symlinking: /home/kisangpark/lab_training/install/turtlebot3_bringup/share/turtlebot3_bringup/package.dsv
[0.531s] -- Up-to-date symlink: /home/kisangpark/lab_training/install/turtlebot3_bringup/share/ament_index/resource_index/packages/turtlebot3_bringup
[0.532s] -- Up-to-date symlink: /home/kisangpark/lab_training/install/turtlebot3_bringup/share/turtlebot3_bringup/cmake/turtlebot3_bringupConfig.cmake
[0.534s] -- Up-to-date symlink: /home/kisangpark/lab_training/install/turtlebot3_bringup/share/turtlebot3_bringup/cmake/turtlebot3_bringupConfig-version.cmake
[0.535s] -- Up-to-date symlink: /home/kisangpark/lab_training/install/turtlebot3_bringup/share/turtlebot3_bringup/package.xml
[0.544s] Invoked command in '/home/kisangpark/lab_training/build/turtlebot3_bringup' returned '0': AMENT_PREFIX_PATH=/home/kisangpark/lab_training/install/turtlebot3_node:/home/kisangpark/lab_training/install/turtlebot3_msgs:/home/kisangpark/lab_training/install/turtlebot3_description:${AMENT_PREFIX_PATH} CMAKE_PREFIX_PATH=/home/kisangpark/lab_training/install/turtlebot3_node:/home/kisangpark/lab_training/install/turtlebot3_msgs:/home/kisangpark/lab_training/install/turtlebot3_description:/opt/ros/humble LD_LIBRARY_PATH=/home/kisangpark/lab_training/install/turtlebot3_msgs/lib:${LD_LIBRARY_PATH} PYTHONPATH=/home/kisangpark/lab_training/install/turtlebot3_msgs/local/lib/python3.10/dist-packages:${PYTHONPATH} /usr/bin/cmake --install /home/kisangpark/lab_training/build/turtlebot3_bringup
