[3.002s] Invoking command in '/home/kisangpark/lab_training/build/week3': PYTHONPATH=/home/kisangpark/lab_training/build/week3/prefix_override:/usr/lib/python3/dist-packages/colcon_core/task/python/colcon_distutils_commands:/home/kisangpark/lab_training/install/week3/lib/python3.10/site-packages:${PYTHONPATH} /usr/bin/python3 -W ignore:setup.py install is deprecated -W ignore:easy_install command is deprecated setup.py develop --uninstall --editable --build-directory /home/kisangpark/lab_training/build/week3/build
[3.746s] running develop
[4.444s] Removing /home/kisangpark/lab_training/install/week3/lib/python3.10/site-packages/week3.egg-link (link to .)
[4.518s] Invoked command in '/home/kisangpark/lab_training/build/week3' returned '0': PYTHONPATH=/home/kisangpark/lab_training/build/week3/prefix_override:/usr/lib/python3/dist-packages/colcon_core/task/python/colcon_distutils_commands:/home/kisangpark/lab_training/install/week3/lib/python3.10/site-packages:${PYTHONPATH} /usr/bin/python3 -W ignore:setup.py install is deprecated -W ignore:easy_install command is deprecated setup.py develop --uninstall --editable --build-directory /home/kisangpark/lab_training/build/week3/build
[4.519s] Invoking command in '/home/kisangpark/lab_training/src/week3': PYTHONPATH=/home/kisangpark/lab_training/build/week3/prefix_override:/usr/lib/python3/dist-packages/colcon_core/task/python/colcon_distutils_commands:/home/kisangpark/lab_training/install/week3/lib/python3.10/site-packages:${PYTHONPATH} /usr/bin/python3 -W ignore:setup.py install is deprecated -W ignore:easy_install command is deprecated setup.py egg_info --egg-base ../../build/week3 build --build-base /home/kisangpark/lab_training/build/week3/build install --record /home/kisangpark/lab_training/build/week3/install.log --single-version-externally-managed install_data --force
[5.048s] running egg_info
[5.072s] writing ../../build/week3/week3.egg-info/PKG-INFO
[5.073s] writing dependency_links to ../../build/week3/week3.egg-info/dependency_links.txt
[5.076s] writing entry points to ../../build/week3/week3.egg-info/entry_points.txt
[5.076s] writing requirements to ../../build/week3/week3.egg-info/requires.txt
[5.076s] writing top-level names to ../../build/week3/week3.egg-info/top_level.txt
[5.126s] reading manifest file '../../build/week3/week3.egg-info/SOURCES.txt'
[5.128s] writing manifest file '../../build/week3/week3.egg-info/SOURCES.txt'
[5.129s] running build
[5.129s] running build_py
[5.129s] creating /home/kisangpark/lab_training/build/week3/build
[5.130s] creating /home/kisangpark/lab_training/build/week3/build/lib
[5.130s] creating /home/kisangpark/lab_training/build/week3/build/lib/week3
[5.130s] copying week3/pure_pursuit.py -> /home/kisangpark/lab_training/build/week3/build/lib/week3
[5.130s] copying week3/save_costmap.py -> /home/kisangpark/lab_training/build/week3/build/lib/week3
[5.131s] copying week3/__init__.py -> /home/kisangpark/lab_training/build/week3/build/lib/week3
[5.131s] copying week3/RRT_star.py -> /home/kisangpark/lab_training/build/week3/build/lib/week3
[5.131s] running install
[5.138s] running install_lib
[5.159s] creating /home/kisangpark/lab_training/install/week3/lib/python3.10/site-packages/week3
[5.159s] copying /home/kisangpark/lab_training/build/week3/build/lib/week3/pure_pursuit.py -> /home/kisangpark/lab_training/install/week3/lib/python3.10/site-packages/week3
[5.159s] copying /home/kisangpark/lab_training/build/week3/build/lib/week3/save_costmap.py -> /home/kisangpark/lab_training/install/week3/lib/python3.10/site-packages/week3
[5.160s] copying /home/kisangpark/lab_training/build/week3/build/lib/week3/__init__.py -> /home/kisangpark/lab_training/install/week3/lib/python3.10/site-packages/week3
[5.160s] copying /home/kisangpark/lab_training/build/week3/build/lib/week3/RRT_star.py -> /home/kisangpark/lab_training/install/week3/lib/python3.10/site-packages/week3
[5.160s] byte-compiling /home/kisangpark/lab_training/install/week3/lib/python3.10/site-packages/week3/pure_pursuit.py to pure_pursuit.cpython-310.pyc
[5.161s] byte-compiling /home/kisangpark/lab_training/install/week3/lib/python3.10/site-packages/week3/save_costmap.py to save_costmap.cpython-310.pyc
[5.163s] byte-compiling /home/kisangpark/lab_training/install/week3/lib/python3.10/site-packages/week3/__init__.py to __init__.cpython-310.pyc
[5.163s] byte-compiling /home/kisangpark/lab_training/install/week3/lib/python3.10/site-packages/week3/RRT_star.py to RRT_star.cpython-310.pyc
[5.163s] running install_data
[5.163s] copying resource/week3 -> /home/kisangpark/lab_training/install/week3/share/ament_index/resource_index/packages
[5.163s] copying package.xml -> /home/kisangpark/lab_training/install/week3/share/week3
[5.165s] creating /home/kisangpark/lab_training/install/week3/share/week3/launch
[5.165s] running install_egg_info
[5.204s] Copying ../../build/week3/week3.egg-info to /home/kisangpark/lab_training/install/week3/lib/python3.10/site-packages/week3-0.0.0-py3.10.egg-info
[5.207s] running install_scripts
[5.514s] Installing save_costmap script to /home/kisangpark/lab_training/install/week3/lib/week3
[5.516s] writing list of installed files to '/home/kisangpark/lab_training/build/week3/install.log'
[5.564s] Invoked command in '/home/kisangpark/lab_training/src/week3' returned '0': PYTHONPATH=/home/kisangpark/lab_training/build/week3/prefix_override:/usr/lib/python3/dist-packages/colcon_core/task/python/colcon_distutils_commands:/home/kisangpark/lab_training/install/week3/lib/python3.10/site-packages:${PYTHONPATH} /usr/bin/python3 -W ignore:setup.py install is deprecated -W ignore:easy_install command is deprecated setup.py egg_info --egg-base ../../build/week3 build --build-base /home/kisangpark/lab_training/build/week3/build install --record /home/kisangpark/lab_training/build/week3/install.log --single-version-externally-managed install_data --force
