[4.212s] Invoking command in '/home/kisangpark/lab_training/src/week3': PYTHONPATH=/home/kisangpark/lab_training/build/week3/prefix_override:/usr/lib/python3/dist-packages/colcon_core/task/python/colcon_distutils_commands:/home/kisangpark/lab_training/install/week3/lib/python3.10/site-packages:${PYTHONPATH} /usr/bin/python3 -W ignore:setup.py install is deprecated -W ignore:easy_install command is deprecated setup.py egg_info --egg-base ../../build/week3 build --build-base /home/kisangpark/lab_training/build/week3/build install --record /home/kisangpark/lab_training/build/week3/install.log --single-version-externally-managed install_data
[5.828s] running egg_info
[5.940s] writing ../../build/week3/week3.egg-info/PKG-INFO
[5.943s] writing dependency_links to ../../build/week3/week3.egg-info/dependency_links.txt
[5.946s] writing entry points to ../../build/week3/week3.egg-info/entry_points.txt
[5.948s] writing requirements to ../../build/week3/week3.egg-info/requires.txt
[5.949s] writing top-level names to ../../build/week3/week3.egg-info/top_level.txt
[6.182s] reading manifest file '../../build/week3/week3.egg-info/SOURCES.txt'
[6.186s] writing manifest file '../../build/week3/week3.egg-info/SOURCES.txt'
[6.187s] running build
[6.188s] running build_py
[6.189s] copying week3/RRT_star_2.py -> /home/kisangpark/lab_training/build/week3/build/lib/week3
[6.191s] copying week3/pure_pursuit.py -> /home/kisangpark/lab_training/build/week3/build/lib/week3
[6.191s] copying week3/save_costmap.py -> /home/kisangpark/lab_training/build/week3/build/lib/week3
[6.192s] copying week3/__init__.py -> /home/kisangpark/lab_training/build/week3/build/lib/week3
[6.193s] copying week3/RRT_star.py -> /home/kisangpark/lab_training/build/week3/build/lib/week3
[6.197s] running install
[6.218s] running install_lib
[6.304s] copying /home/kisangpark/lab_training/build/week3/build/lib/week3/RRT_star_2.py -> /home/kisangpark/lab_training/install/week3/lib/python3.10/site-packages/week3
[6.307s] byte-compiling /home/kisangpark/lab_training/install/week3/lib/python3.10/site-packages/week3/RRT_star_2.py to RRT_star_2.cpython-310.pyc
[6.317s] running install_data
[6.317s] copying resource/week3 -> /home/kisangpark/lab_training/install/week3/share/ament_index/resource_index/packages
[6.318s] copying package.xml -> /home/kisangpark/lab_training/install/week3/share/week3
[6.318s] copying launch/turtlebot.launch.py -> /home/kisangpark/lab_training/install/week3/share/week3/launch
[6.318s] running install_egg_info
[6.434s] removing '/home/kisangpark/lab_training/install/week3/lib/python3.10/site-packages/week3-0.0.0-py3.10.egg-info' (and everything under it)
[6.439s] Copying ../../build/week3/week3.egg-info to /home/kisangpark/lab_training/install/week3/lib/python3.10/site-packages/week3-0.0.0-py3.10.egg-info
[6.441s] running install_scripts
[7.168s] Installing pure_pursuit script to /home/kisangpark/lab_training/install/week3/lib/week3
[7.172s] Installing rrt_star script to /home/kisangpark/lab_training/install/week3/lib/week3
[7.173s] Installing rrt_star_2 script to /home/kisangpark/lab_training/install/week3/lib/week3
[7.175s] Installing save_costmap script to /home/kisangpark/lab_training/install/week3/lib/week3
[7.177s] writing list of installed files to '/home/kisangpark/lab_training/build/week3/install.log'
[7.313s] Invoked command in '/home/kisangpark/lab_training/src/week3' returned '0': PYTHONPATH=/home/kisangpark/lab_training/build/week3/prefix_override:/usr/lib/python3/dist-packages/colcon_core/task/python/colcon_distutils_commands:/home/kisangpark/lab_training/install/week3/lib/python3.10/site-packages:${PYTHONPATH} /usr/bin/python3 -W ignore:setup.py install is deprecated -W ignore:easy_install command is deprecated setup.py egg_info --egg-base ../../build/week3 build --build-base /home/kisangpark/lab_training/build/week3/build install --record /home/kisangpark/lab_training/build/week3/install.log --single-version-externally-managed install_data
