[4.076s] Invoking command in '/home/kisangpark/lab_training/src/week3': PYTHONPATH=/home/kisangpark/lab_training/build/week3/prefix_override:/usr/lib/python3/dist-packages/colcon_core/task/python/colcon_distutils_commands:/home/kisangpark/lab_training/install/week3/lib/python3.10/site-packages:${PYTHONPATH} /usr/bin/python3 -W ignore:setup.py install is deprecated -W ignore:easy_install command is deprecated setup.py egg_info --egg-base ../../build/week3 build --build-base /home/kisangpark/lab_training/build/week3/build install --record /home/kisangpark/lab_training/build/week3/install.log --single-version-externally-managed install_data
[5.388s] running egg_info
[5.483s] writing ../../build/week3/week3.egg-info/PKG-INFO
[5.486s] writing dependency_links to ../../build/week3/week3.egg-info/dependency_links.txt
[5.489s] writing entry points to ../../build/week3/week3.egg-info/entry_points.txt
[5.490s] writing requirements to ../../build/week3/week3.egg-info/requires.txt
[5.492s] writing top-level names to ../../build/week3/week3.egg-info/top_level.txt
[5.675s] reading manifest file '../../build/week3/week3.egg-info/SOURCES.txt'
[5.678s] writing manifest file '../../build/week3/week3.egg-info/SOURCES.txt'
[5.680s] running build
[5.682s] running build_py
[5.682s] copying week3/RRT_star_2.py -> /home/kisangpark/lab_training/build/week3/build/lib/week3
[5.683s] copying week3/pure_pursuit.py -> /home/kisangpark/lab_training/build/week3/build/lib/week3
[5.684s] copying week3/save_costmap.py -> /home/kisangpark/lab_training/build/week3/build/lib/week3
[5.686s] copying week3/__init__.py -> /home/kisangpark/lab_training/build/week3/build/lib/week3
[5.687s] copying week3/RRT_star.py -> /home/kisangpark/lab_training/build/week3/build/lib/week3
[5.690s] running install
[5.714s] running install_lib
[5.798s] copying /home/kisangpark/lab_training/build/week3/build/lib/week3/RRT_star_2.py -> /home/kisangpark/lab_training/install/week3/lib/python3.10/site-packages/week3
[5.802s] byte-compiling /home/kisangpark/lab_training/install/week3/lib/python3.10/site-packages/week3/RRT_star_2.py to RRT_star_2.cpython-310.pyc
[5.812s] running install_data
[5.813s] copying resource/week3 -> /home/kisangpark/lab_training/install/week3/share/ament_index/resource_index/packages
[5.816s] copying package.xml -> /home/kisangpark/lab_training/install/week3/share/week3
[5.817s] copying launch/turtlebot.launch.py -> /home/kisangpark/lab_training/install/week3/share/week3/launch
[5.818s] running install_egg_info
[5.911s] removing '/home/kisangpark/lab_training/install/week3/lib/python3.10/site-packages/week3-0.0.0-py3.10.egg-info' (and everything under it)
[5.912s] Copying ../../build/week3/week3.egg-info to /home/kisangpark/lab_training/install/week3/lib/python3.10/site-packages/week3-0.0.0-py3.10.egg-info
[5.916s] running install_scripts
[6.630s] Installing pure_pursuit script to /home/kisangpark/lab_training/install/week3/lib/week3
[6.631s] Installing rrt_star script to /home/kisangpark/lab_training/install/week3/lib/week3
[6.633s] Installing rrt_star_2 script to /home/kisangpark/lab_training/install/week3/lib/week3
[6.634s] Installing save_costmap script to /home/kisangpark/lab_training/install/week3/lib/week3
[6.637s] writing list of installed files to '/home/kisangpark/lab_training/build/week3/install.log'
[6.745s] Invoked command in '/home/kisangpark/lab_training/src/week3' returned '0': PYTHONPATH=/home/kisangpark/lab_training/build/week3/prefix_override:/usr/lib/python3/dist-packages/colcon_core/task/python/colcon_distutils_commands:/home/kisangpark/lab_training/install/week3/lib/python3.10/site-packages:${PYTHONPATH} /usr/bin/python3 -W ignore:setup.py install is deprecated -W ignore:easy_install command is deprecated setup.py egg_info --egg-base ../../build/week3 build --build-base /home/kisangpark/lab_training/build/week3/build install --record /home/kisangpark/lab_training/build/week3/install.log --single-version-externally-managed install_data
