[0.111s] Invoking command in '/home/kisangpark/lab_training/build/turtlebot3_gazebo': CMAKE_PREFIX_PATH=/opt/ros/humble /usr/bin/cmake --build /home/kisangpark/lab_training/build/turtlebot3_gazebo -- -j2 -l2
[1.094s] [ 25%] Built target turtlebot3_drive
[1.699s] [ 50%] Built target obstacle1
[1.731s] [ 75%] Built target obstacle2
[1.898s] [100%] Built target obstacles
[1.955s] Invoked command in '/home/kisangpark/lab_training/build/turtlebot3_gazebo' returned '0': CMAKE_PREFIX_PATH=/opt/ros/humble /usr/bin/cmake --build /home/kisangpark/lab_training/build/turtlebot3_gazebo -- -j2 -l2
[1.966s] Invoking command in '/home/kisangpark/lab_training/build/turtlebot3_gazebo': CMAKE_PREFIX_PATH=/opt/ros/humble /usr/bin/cmake --install /home/kisangpark/lab_training/build/turtlebot3_gazebo
[1.997s] -- Install configuration: ""
[2.007s] -- Execute custom install script
[2.015s] -- Up-to-date symlink: /home/kisangpark/lab_training/install/turtlebot3_gazebo/lib/turtlebot3_gazebo/turtlebot3_drive
[2.030s] -- Up-to-date symlink: /home/kisangpark/lab_training/install/turtlebot3_gazebo/share/turtlebot3_gazebo//launch/empty_world.launch.py
[2.033s] -- Up-to-date symlink: /home/kisangpark/lab_training/install/turtlebot3_gazebo/share/turtlebot3_gazebo//launch/robot_state_publisher.launch.py
[2.039s] -- Up-to-date symlink: /home/kisangpark/lab_training/install/turtlebot3_gazebo/share/turtlebot3_gazebo//launch/spawn_turtlebot3.launch.py
[2.044s] -- Up-to-date symlink: /home/kisangpark/lab_training/install/turtlebot3_gazebo/share/turtlebot3_gazebo//launch/turtlebot3_dqn_stage1.launch.py
[2.046s] -- Up-to-date symlink: /home/kisangpark/lab_training/install/turtlebot3_gazebo/share/turtlebot3_gazebo//launch/turtlebot3_dqn_stage2.launch.py
[2.048s] -- Up-to-date symlink: /home/kisangpark/lab_training/install/turtlebot3_gazebo/share/turtlebot3_gazebo//launch/turtlebot3_dqn_stage3.launch.py
[2.051s] -- Up-to-date symlink: /home/kisangpark/lab_training/install/turtlebot3_gazebo/share/turtlebot3_gazebo//launch/turtlebot3_dqn_stage4.launch.py
[2.054s] -- Up-to-date symlink: /home/kisangpark/lab_training/install/turtlebot3_gazebo/share/turtlebot3_gazebo//launch/turtlebot3_house.launch.py
[2.059s] -- Up-to-date symlink: /home/kisangpark/lab_training/install/turtlebot3_gazebo/share/turtlebot3_gazebo//launch/turtlebot3_world.launch.py
[2.081s] -- Up-to-date symlink: /home/kisangpark/lab_training/install/turtlebot3_gazebo/share/turtlebot3_gazebo//models/turtlebot3_burger/model-1_4.sdf
[2.083s] -- Up-to-date symlink: /home/kisangpark/lab_training/install/turtlebot3_gazebo/share/turtlebot3_gazebo//models/turtlebot3_burger/model.config
[2.090s] -- Up-to-date symlink: /home/kisangpark/lab_training/install/turtlebot3_gazebo/share/turtlebot3_gazebo//models/turtlebot3_burger/model.sdf
[2.092s] -- Up-to-date symlink: /home/kisangpark/lab_training/install/turtlebot3_gazebo/share/turtlebot3_gazebo//models/turtlebot3_common/meshes/burger_base.dae
[2.096s] -- Up-to-date symlink: /home/kisangpark/lab_training/install/turtlebot3_gazebo/share/turtlebot3_gazebo//models/turtlebot3_common/meshes/lds.dae
[2.098s] -- Up-to-date symlink: /home/kisangpark/lab_training/install/turtlebot3_gazebo/share/turtlebot3_gazebo//models/turtlebot3_common/meshes/r200.dae
[2.100s] -- Up-to-date symlink: /home/kisangpark/lab_training/install/turtlebot3_gazebo/share/turtlebot3_gazebo//models/turtlebot3_common/meshes/tire.dae
[2.102s] -- Up-to-date symlink: /home/kisangpark/lab_training/install/turtlebot3_gazebo/share/turtlebot3_gazebo//models/turtlebot3_common/meshes/waffle_base.dae
[2.104s] -- Up-to-date symlink: /home/kisangpark/lab_training/install/turtlebot3_gazebo/share/turtlebot3_gazebo//models/turtlebot3_common/meshes/waffle_pi_base.dae
[2.106s] -- Up-to-date symlink: /home/kisangpark/lab_training/install/turtlebot3_gazebo/share/turtlebot3_gazebo//models/turtlebot3_common/model.config
[2.111s] -- Up-to-date symlink: /home/kisangpark/lab_training/install/turtlebot3_gazebo/share/turtlebot3_gazebo//models/turtlebot3_dqn_world/goal_box/model.config
[2.115s] -- Up-to-date symlink: /home/kisangpark/lab_training/install/turtlebot3_gazebo/share/turtlebot3_gazebo//models/turtlebot3_dqn_world/goal_box/model.sdf
[2.118s] -- Up-to-date symlink: /home/kisangpark/lab_training/install/turtlebot3_gazebo/share/turtlebot3_gazebo//models/turtlebot3_dqn_world/inner_walls/model.config
[2.120s] -- Up-to-date symlink: /home/kisangpark/lab_training/install/turtlebot3_gazebo/share/turtlebot3_gazebo//models/turtlebot3_dqn_world/inner_walls/model.sdf
[2.128s] -- Up-to-date symlink: /home/kisangpark/lab_training/install/turtlebot3_gazebo/share/turtlebot3_gazebo//models/turtlebot3_dqn_world/model.config
[2.132s] -- Up-to-date symlink: /home/kisangpark/lab_training/install/turtlebot3_gazebo/share/turtlebot3_gazebo//models/turtlebot3_dqn_world/model.sdf
[2.137s] -- Up-to-date symlink: /home/kisangpark/lab_training/install/turtlebot3_gazebo/share/turtlebot3_gazebo//models/turtlebot3_dqn_world/obstacle1/model.config
[2.141s] -- Up-to-date symlink: /home/kisangpark/lab_training/install/turtlebot3_gazebo/share/turtlebot3_gazebo//models/turtlebot3_dqn_world/obstacle1/model.sdf
[2.145s] -- Up-to-date symlink: /home/kisangpark/lab_training/install/turtlebot3_gazebo/share/turtlebot3_gazebo//models/turtlebot3_dqn_world/obstacle2/model.config
[2.148s] -- Up-to-date symlink: /home/kisangpark/lab_training/install/turtlebot3_gazebo/share/turtlebot3_gazebo//models/turtlebot3_dqn_world/obstacle2/model.sdf
[2.151s] -- Up-to-date symlink: /home/kisangpark/lab_training/install/turtlebot3_gazebo/share/turtlebot3_gazebo//models/turtlebot3_dqn_world/obstacle_plugin/CMakeLists.txt
[2.153s] -- Up-to-date symlink: /home/kisangpark/lab_training/install/turtlebot3_gazebo/share/turtlebot3_gazebo//models/turtlebot3_dqn_world/obstacle_plugin/obstacle1.cc
[2.157s] -- Up-to-date symlink: /home/kisangpark/lab_training/install/turtlebot3_gazebo/share/turtlebot3_gazebo//models/turtlebot3_dqn_world/obstacle_plugin/obstacle2.cc
[2.159s] -- Up-to-date symlink: /home/kisangpark/lab_training/install/turtlebot3_gazebo/share/turtlebot3_gazebo//models/turtlebot3_dqn_world/obstacle_plugin/obstacles.cc
[2.161s] -- Up-to-date symlink: /home/kisangpark/lab_training/install/turtlebot3_gazebo/share/turtlebot3_gazebo//models/turtlebot3_dqn_world/obstacles/model.config
[2.165s] -- Up-to-date symlink: /home/kisangpark/lab_training/install/turtlebot3_gazebo/share/turtlebot3_gazebo//models/turtlebot3_dqn_world/obstacles/model.sdf
[2.172s] -- Up-to-date symlink: /home/kisangpark/lab_training/install/turtlebot3_gazebo/share/turtlebot3_gazebo//models/turtlebot3_house/model.config
[2.175s] -- Up-to-date symlink: /home/kisangpark/lab_training/install/turtlebot3_gazebo/share/turtlebot3_gazebo//models/turtlebot3_house/model.sdf
[2.178s] -- Up-to-date symlink: /home/kisangpark/lab_training/install/turtlebot3_gazebo/share/turtlebot3_gazebo//models/turtlebot3_waffle/model-1_4.sdf
[2.183s] -- Up-to-date symlink: /home/kisangpark/lab_training/install/turtlebot3_gazebo/share/turtlebot3_gazebo//models/turtlebot3_waffle/model.config
[2.184s] -- Up-to-date symlink: /home/kisangpark/lab_training/install/turtlebot3_gazebo/share/turtlebot3_gazebo//models/turtlebot3_waffle/model.sdf
[2.186s] -- Up-to-date symlink: /home/kisangpark/lab_training/install/turtlebot3_gazebo/share/turtlebot3_gazebo//models/turtlebot3_waffle_pi/model-1_4_.sdf
[2.189s] -- Up-to-date symlink: /home/kisangpark/lab_training/install/turtlebot3_gazebo/share/turtlebot3_gazebo//models/turtlebot3_waffle_pi/model.config
[2.192s] -- Up-to-date symlink: /home/kisangpark/lab_training/install/turtlebot3_gazebo/share/turtlebot3_gazebo//models/turtlebot3_waffle_pi/model.sdf
[2.195s] -- Up-to-date symlink: /home/kisangpark/lab_training/install/turtlebot3_gazebo/share/turtlebot3_gazebo//models/turtlebot3_world/meshes/hexagon.dae
[2.197s] -- Up-to-date symlink: /home/kisangpark/lab_training/install/turtlebot3_gazebo/share/turtlebot3_gazebo//models/turtlebot3_world/meshes/wall.dae
[2.204s] -- Up-to-date symlink: /home/kisangpark/lab_training/install/turtlebot3_gazebo/share/turtlebot3_gazebo//models/turtlebot3_world/model-1_4.sdf
[2.216s] -- Up-to-date symlink: /home/kisangpark/lab_training/install/turtlebot3_gazebo/share/turtlebot3_gazebo//models/turtlebot3_world/model.config
[2.216s] -- Up-to-date symlink: /home/kisangpark/lab_training/install/turtlebot3_gazebo/share/turtlebot3_gazebo//models/turtlebot3_world/model.sdf
[2.217s] -- Up-to-date symlink: /home/kisangpark/lab_training/install/turtlebot3_gazebo/share/turtlebot3_gazebo//rviz/tb3_gazebo.rviz
[2.223s] -- Up-to-date symlink: /home/kisangpark/lab_training/install/turtlebot3_gazebo/share/turtlebot3_gazebo//urdf/common_properties.urdf
[2.224s] -- Up-to-date symlink: /home/kisangpark/lab_training/install/turtlebot3_gazebo/share/turtlebot3_gazebo//urdf/turtlebot3_burger.urdf
[2.226s] -- Up-to-date symlink: /home/kisangpark/lab_training/install/turtlebot3_gazebo/share/turtlebot3_gazebo//urdf/turtlebot3_waffle.urdf
[2.228s] -- Up-to-date symlink: /home/kisangpark/lab_training/install/turtlebot3_gazebo/share/turtlebot3_gazebo//urdf/turtlebot3_waffle_pi.urdf
[2.237s] -- Up-to-date symlink: /home/kisangpark/lab_training/install/turtlebot3_gazebo/share/turtlebot3_gazebo//worlds/empty_world.world
[2.240s] -- Up-to-date symlink: /home/kisangpark/lab_training/install/turtlebot3_gazebo/share/turtlebot3_gazebo//worlds/turtlebot3_dqn_stage1.world
[2.242s] -- Up-to-date symlink: /home/kisangpark/lab_training/install/turtlebot3_gazebo/share/turtlebot3_gazebo//worlds/turtlebot3_dqn_stage2.world
[2.247s] -- Up-to-date symlink: /home/kisangpark/lab_training/install/turtlebot3_gazebo/share/turtlebot3_gazebo//worlds/turtlebot3_dqn_stage3.world
[2.249s] -- Up-to-date symlink: /home/kisangpark/lab_training/install/turtlebot3_gazebo/share/turtlebot3_gazebo//worlds/turtlebot3_dqn_stage4.world
[2.253s] -- Up-to-date symlink: /home/kisangpark/lab_training/install/turtlebot3_gazebo/share/turtlebot3_gazebo//worlds/turtlebot3_house.world
[2.256s] -- Up-to-date symlink: /home/kisangpark/lab_training/install/turtlebot3_gazebo/share/turtlebot3_gazebo//worlds/turtlebot3_world.world
[2.261s] -- Up-to-date symlink: /home/kisangpark/lab_training/install/turtlebot3_gazebo/include//turtlebot3_gazebo/turtlebot3_drive.hpp
[2.266s] -- Up-to-date symlink: /home/kisangpark/lab_training/install/turtlebot3_gazebo/share/ament_index/resource_index/package_run_dependencies/turtlebot3_gazebo
[2.270s] -- Up-to-date symlink: /home/kisangpark/lab_training/install/turtlebot3_gazebo/share/ament_index/resource_index/parent_prefix_path/turtlebot3_gazebo
[2.275s] -- Up-to-date symlink: /home/kisangpark/lab_training/install/turtlebot3_gazebo/share/turtlebot3_gazebo/environment/ament_prefix_path.sh
[2.280s] -- Up-to-date symlink: /home/kisangpark/lab_training/install/turtlebot3_gazebo/share/turtlebot3_gazebo/environment/ament_prefix_path.dsv
[2.281s] -- Up-to-date symlink: /home/kisangpark/lab_training/install/turtlebot3_gazebo/share/turtlebot3_gazebo/environment/path.sh
[2.281s] -- Up-to-date symlink: /home/kisangpark/lab_training/install/turtlebot3_gazebo/share/turtlebot3_gazebo/environment/path.dsv
[2.283s] -- Up-to-date symlink: /home/kisangpark/lab_training/install/turtlebot3_gazebo/share/turtlebot3_gazebo/local_setup.bash
[2.284s] -- Up-to-date symlink: /home/kisangpark/lab_training/install/turtlebot3_gazebo/share/turtlebot3_gazebo/local_setup.sh
[2.284s] -- Up-to-date symlink: /home/kisangpark/lab_training/install/turtlebot3_gazebo/share/turtlebot3_gazebo/local_setup.zsh
[2.289s] -- Up-to-date symlink: /home/kisangpark/lab_training/install/turtlebot3_gazebo/share/turtlebot3_gazebo/local_setup.dsv
[2.289s] -- Symlinking: /home/kisangpark/lab_training/install/turtlebot3_gazebo/share/turtlebot3_gazebo/package.dsv
[2.359s] -- Up-to-date symlink: /home/kisangpark/lab_training/install/turtlebot3_gazebo/share/ament_index/resource_index/packages/turtlebot3_gazebo
[2.364s] -- Up-to-date symlink: /home/kisangpark/lab_training/install/turtlebot3_gazebo/share/turtlebot3_gazebo/cmake/ament_cmake_export_include_directories-extras.cmake
[2.368s] -- Up-to-date symlink: /home/kisangpark/lab_training/install/turtlebot3_gazebo/share/turtlebot3_gazebo/cmake/ament_cmake_export_dependencies-extras.cmake
[2.369s] -- Up-to-date symlink: /home/kisangpark/lab_training/install/turtlebot3_gazebo/share/turtlebot3_gazebo/cmake/turtlebot3_gazeboConfig.cmake
[2.372s] -- Up-to-date symlink: /home/kisangpark/lab_training/install/turtlebot3_gazebo/share/turtlebot3_gazebo/cmake/turtlebot3_gazeboConfig-version.cmake
[2.375s] -- Up-to-date symlink: /home/kisangpark/lab_training/install/turtlebot3_gazebo/share/turtlebot3_gazebo/package.xml
[2.384s] Invoked command in '/home/kisangpark/lab_training/build/turtlebot3_gazebo' returned '0': CMAKE_PREFIX_PATH=/opt/ros/humble /usr/bin/cmake --install /home/kisangpark/lab_training/build/turtlebot3_gazebo
