[3.994s] Invoking command in '/home/kisangpark/lab_training/src/week3': PYTHONPATH=/home/kisangpark/lab_training/build/week3/prefix_override:/usr/lib/python3/dist-packages/colcon_core/task/python/colcon_distutils_commands:/home/kisangpark/lab_training/install/week3/lib/python3.10/site-packages:${PYTHONPATH} /usr/bin/python3 -W ignore:setup.py install is deprecated -W ignore:easy_install command is deprecated setup.py egg_info --egg-base ../../build/week3 build --build-base /home/kisangpark/lab_training/build/week3/build install --record /home/kisangpark/lab_training/build/week3/install.log --single-version-externally-managed install_data
[5.261s] running egg_info
[5.348s] writing ../../build/week3/week3.egg-info/PKG-INFO
[5.350s] writing dependency_links to ../../build/week3/week3.egg-info/dependency_links.txt
[5.352s] writing entry points to ../../build/week3/week3.egg-info/entry_points.txt
[5.354s] writing requirements to ../../build/week3/week3.egg-info/requires.txt
[5.354s] writing top-level names to ../../build/week3/week3.egg-info/top_level.txt
[5.521s] reading manifest file '../../build/week3/week3.egg-info/SOURCES.txt'
[5.525s] writing manifest file '../../build/week3/week3.egg-info/SOURCES.txt'
[5.528s] running build
[5.530s] running build_py
[5.533s] copying week3/RRT_star_2.py -> /home/kisangpark/lab_training/build/week3/build/lib/week3
[5.533s] copying week3/pure_pursuit.py -> /home/kisangpark/lab_training/build/week3/build/lib/week3
[5.534s] copying week3/save_costmap.py -> /home/kisangpark/lab_training/build/week3/build/lib/week3
[5.535s] copying week3/__init__.py -> /home/kisangpark/lab_training/build/week3/build/lib/week3
[5.535s] copying week3/RRT_star.py -> /home/kisangpark/lab_training/build/week3/build/lib/week3
[5.538s] running install
[5.561s] running install_lib
[5.651s] copying /home/kisangpark/lab_training/build/week3/build/lib/week3/RRT_star_2.py -> /home/kisangpark/lab_training/install/week3/lib/python3.10/site-packages/week3
[5.655s] byte-compiling /home/kisangpark/lab_training/install/week3/lib/python3.10/site-packages/week3/RRT_star_2.py to RRT_star_2.cpython-310.pyc
[5.662s] running install_data
[5.663s] copying resource/week3 -> /home/kisangpark/lab_training/install/week3/share/ament_index/resource_index/packages
[5.664s] copying package.xml -> /home/kisangpark/lab_training/install/week3/share/week3
[5.665s] copying launch/turtlebot.launch.py -> /home/kisangpark/lab_training/install/week3/share/week3/launch
[5.666s] running install_egg_info
[5.770s] removing '/home/kisangpark/lab_training/install/week3/lib/python3.10/site-packages/week3-0.0.0-py3.10.egg-info' (and everything under it)
[5.772s] Copying ../../build/week3/week3.egg-info to /home/kisangpark/lab_training/install/week3/lib/python3.10/site-packages/week3-0.0.0-py3.10.egg-info
[5.776s] running install_scripts
[6.474s] Installing pure_pursuit script to /home/kisangpark/lab_training/install/week3/lib/week3
[6.476s] Installing rrt_star script to /home/kisangpark/lab_training/install/week3/lib/week3
[6.478s] Installing rrt_star_2 script to /home/kisangpark/lab_training/install/week3/lib/week3
[6.479s] Installing save_costmap script to /home/kisangpark/lab_training/install/week3/lib/week3
[6.481s] writing list of installed files to '/home/kisangpark/lab_training/build/week3/install.log'
[6.601s] Invoked command in '/home/kisangpark/lab_training/src/week3' returned '0': PYTHONPATH=/home/kisangpark/lab_training/build/week3/prefix_override:/usr/lib/python3/dist-packages/colcon_core/task/python/colcon_distutils_commands:/home/kisangpark/lab_training/install/week3/lib/python3.10/site-packages:${PYTHONPATH} /usr/bin/python3 -W ignore:setup.py install is deprecated -W ignore:easy_install command is deprecated setup.py egg_info --egg-base ../../build/week3 build --build-base /home/kisangpark/lab_training/build/week3/build install --record /home/kisangpark/lab_training/build/week3/install.log --single-version-externally-managed install_data
