[0.255s] Invoking command in '/home/kisangpark/lab_training/build/turtlebot3_msgs': CMAKE_PREFIX_PATH=/opt/ros/humble /usr/bin/cmake --build /home/kisangpark/lab_training/build/turtlebot3_msgs -- -j2 -l2
[1.278s] [  1%] Built target turtlebot3_msgs__cpp
[1.702s] [ 12%] Built target turtlebot3_msgs__rosidl_generator_c
[2.155s] [ 12%] Built target ament_cmake_python_symlink_turtlebot3_msgs
[2.447s] [ 23%] Built target turtlebot3_msgs__rosidl_typesupport_cpp
[2.805s] [ 35%] Built target turtlebot3_msgs__rosidl_typesupport_fastrtps_c
[3.198s] [ 46%] Built target turtlebot3_msgs__rosidl_typesupport_fastrtps_cpp
[3.622s] [ 57%] Built target turtlebot3_msgs__rosidl_typesupport_introspection_c
[3.952s] [ 69%] Built target turtlebot3_msgs__rosidl_typesupport_c
[4.532s] [ 80%] Built target turtlebot3_msgs__rosidl_typesupport_introspection_cpp
[7.262s] running egg_info
[7.374s] writing turtlebot3_msgs.egg-info/PKG-INFO
[7.380s] writing dependency_links to turtlebot3_msgs.egg-info/dependency_links.txt
[7.384s] writing top-level names to turtlebot3_msgs.egg-info/top_level.txt
[7.558s] reading manifest file 'turtlebot3_msgs.egg-info/SOURCES.txt'
[7.558s] writing manifest file 'turtlebot3_msgs.egg-info/SOURCES.txt'
[7.650s] [ 80%] Built target ament_cmake_python_build_turtlebot3_msgs_egg
[7.753s] [ 80%] Built target turtlebot3_msgs
[7.815s] [ 81%] Built target turtlebot3_msgs__py
[7.974s] [ 91%] Built target turtlebot3_msgs__rosidl_generator_py
[8.103s] [ 94%] Built target turtlebot3_msgs__rosidl_typesupport_fastrtps_c__pyext
[8.150s] [ 97%] Built target turtlebot3_msgs__rosidl_typesupport_introspection_c__pyext
[8.271s] [100%] Built target turtlebot3_msgs__rosidl_typesupport_c__pyext
[8.395s] Invoked command in '/home/kisangpark/lab_training/build/turtlebot3_msgs' returned '0': CMAKE_PREFIX_PATH=/opt/ros/humble /usr/bin/cmake --build /home/kisangpark/lab_training/build/turtlebot3_msgs -- -j2 -l2
[8.399s] Invoking command in '/home/kisangpark/lab_training/build/turtlebot3_msgs': CMAKE_PREFIX_PATH=/opt/ros/humble /usr/bin/cmake --install /home/kisangpark/lab_training/build/turtlebot3_msgs
[8.428s] -- Install configuration: ""
[8.430s] -- Execute custom install script
[8.436s] -- Up-to-date symlink: /home/kisangpark/lab_training/install/turtlebot3_msgs/share/ament_index/resource_index/rosidl_interfaces/turtlebot3_msgs
[8.440s] -- Up-to-date symlink: /home/kisangpark/lab_training/install/turtlebot3_msgs/include/turtlebot3_msgs/turtlebot3_msgs/action/detail/patrol__functions.h
[8.441s] -- Up-to-date symlink: /home/kisangpark/lab_training/install/turtlebot3_msgs/include/turtlebot3_msgs/turtlebot3_msgs/action/detail/patrol__struct.h
[8.443s] -- Up-to-date symlink: /home/kisangpark/lab_training/install/turtlebot3_msgs/include/turtlebot3_msgs/turtlebot3_msgs/action/detail/patrol__type_support.h
[8.445s] -- Up-to-date symlink: /home/kisangpark/lab_training/install/turtlebot3_msgs/include/turtlebot3_msgs/turtlebot3_msgs/action/patrol.h
[8.446s] -- Up-to-date symlink: /home/kisangpark/lab_training/install/turtlebot3_msgs/include/turtlebot3_msgs/turtlebot3_msgs/msg/detail/sensor_state__functions.h
[8.446s] -- Up-to-date symlink: /home/kisangpark/lab_training/install/turtlebot3_msgs/include/turtlebot3_msgs/turtlebot3_msgs/msg/detail/sensor_state__struct.h
[8.447s] -- Up-to-date symlink: /home/kisangpark/lab_training/install/turtlebot3_msgs/include/turtlebot3_msgs/turtlebot3_msgs/msg/detail/sensor_state__type_support.h
[8.448s] -- Up-to-date symlink: /home/kisangpark/lab_training/install/turtlebot3_msgs/include/turtlebot3_msgs/turtlebot3_msgs/msg/detail/sound__functions.h
[8.452s] -- Up-to-date symlink: /home/kisangpark/lab_training/install/turtlebot3_msgs/include/turtlebot3_msgs/turtlebot3_msgs/msg/detail/sound__struct.h
[8.454s] -- Up-to-date symlink: /home/kisangpark/lab_training/install/turtlebot3_msgs/include/turtlebot3_msgs/turtlebot3_msgs/msg/detail/sound__type_support.h
[8.454s] -- Up-to-date symlink: /home/kisangpark/lab_training/install/turtlebot3_msgs/include/turtlebot3_msgs/turtlebot3_msgs/msg/detail/version_info__functions.h
[8.458s] -- Up-to-date symlink: /home/kisangpark/lab_training/install/turtlebot3_msgs/include/turtlebot3_msgs/turtlebot3_msgs/msg/detail/version_info__struct.h
[8.458s] -- Up-to-date symlink: /home/kisangpark/lab_training/install/turtlebot3_msgs/include/turtlebot3_msgs/turtlebot3_msgs/msg/detail/version_info__type_support.h
[8.458s] -- Up-to-date symlink: /home/kisangpark/lab_training/install/turtlebot3_msgs/include/turtlebot3_msgs/turtlebot3_msgs/msg/rosidl_generator_c__visibility_control.h
[8.460s] -- Up-to-date symlink: /home/kisangpark/lab_training/install/turtlebot3_msgs/include/turtlebot3_msgs/turtlebot3_msgs/msg/sensor_state.h
[8.461s] -- Up-to-date symlink: /home/kisangpark/lab_training/install/turtlebot3_msgs/include/turtlebot3_msgs/turtlebot3_msgs/msg/sound.h
[8.463s] -- Up-to-date symlink: /home/kisangpark/lab_training/install/turtlebot3_msgs/include/turtlebot3_msgs/turtlebot3_msgs/msg/version_info.h
[8.463s] -- Up-to-date symlink: /home/kisangpark/lab_training/install/turtlebot3_msgs/include/turtlebot3_msgs/turtlebot3_msgs/srv/detail/dqn__functions.h
[8.465s] -- Up-to-date symlink: /home/kisangpark/lab_training/install/turtlebot3_msgs/include/turtlebot3_msgs/turtlebot3_msgs/srv/detail/dqn__struct.h
[8.465s] -- Up-to-date symlink: /home/kisangpark/lab_training/install/turtlebot3_msgs/include/turtlebot3_msgs/turtlebot3_msgs/srv/detail/dqn__type_support.h
[8.465s] -- Up-to-date symlink: /home/kisangpark/lab_training/install/turtlebot3_msgs/include/turtlebot3_msgs/turtlebot3_msgs/srv/detail/sound__functions.h
[8.469s] -- Up-to-date symlink: /home/kisangpark/lab_training/install/turtlebot3_msgs/include/turtlebot3_msgs/turtlebot3_msgs/srv/detail/sound__struct.h
[8.469s] -- Up-to-date symlink: /home/kisangpark/lab_training/install/turtlebot3_msgs/include/turtlebot3_msgs/turtlebot3_msgs/srv/detail/sound__type_support.h
[8.472s] -- Up-to-date symlink: /home/kisangpark/lab_training/install/turtlebot3_msgs/include/turtlebot3_msgs/turtlebot3_msgs/srv/dqn.h
[8.473s] -- Up-to-date symlink: /home/kisangpark/lab_training/install/turtlebot3_msgs/include/turtlebot3_msgs/turtlebot3_msgs/srv/sound.h
[8.475s] -- Up-to-date symlink: /home/kisangpark/lab_training/install/turtlebot3_msgs/share/turtlebot3_msgs/environment/library_path.sh
[8.478s] -- Up-to-date symlink: /home/kisangpark/lab_training/install/turtlebot3_msgs/share/turtlebot3_msgs/environment/library_path.dsv
[8.482s] -- Up-to-date symlink: /home/kisangpark/lab_training/install/turtlebot3_msgs/include/turtlebot3_msgs/turtlebot3_msgs/action/detail/patrol__rosidl_typesupport_fastrtps_c.h
[8.482s] -- Up-to-date symlink: /home/kisangpark/lab_training/install/turtlebot3_msgs/include/turtlebot3_msgs/turtlebot3_msgs/msg/detail/sensor_state__rosidl_typesupport_fastrtps_c.h
[8.482s] -- Up-to-date symlink: /home/kisangpark/lab_training/install/turtlebot3_msgs/include/turtlebot3_msgs/turtlebot3_msgs/msg/detail/sound__rosidl_typesupport_fastrtps_c.h
[8.485s] -- Up-to-date symlink: /home/kisangpark/lab_training/install/turtlebot3_msgs/include/turtlebot3_msgs/turtlebot3_msgs/msg/detail/version_info__rosidl_typesupport_fastrtps_c.h
[8.485s] -- Up-to-date symlink: /home/kisangpark/lab_training/install/turtlebot3_msgs/include/turtlebot3_msgs/turtlebot3_msgs/msg/rosidl_typesupport_fastrtps_c__visibility_control.h
[8.485s] -- Up-to-date symlink: /home/kisangpark/lab_training/install/turtlebot3_msgs/include/turtlebot3_msgs/turtlebot3_msgs/srv/detail/dqn__rosidl_typesupport_fastrtps_c.h
[8.485s] -- Up-to-date symlink: /home/kisangpark/lab_training/install/turtlebot3_msgs/include/turtlebot3_msgs/turtlebot3_msgs/srv/detail/sound__rosidl_typesupport_fastrtps_c.h
[8.489s] -- Up-to-date symlink: /home/kisangpark/lab_training/install/turtlebot3_msgs/include/turtlebot3_msgs/turtlebot3_msgs/action/detail/patrol__builder.hpp
[8.489s] -- Up-to-date symlink: /home/kisangpark/lab_training/install/turtlebot3_msgs/include/turtlebot3_msgs/turtlebot3_msgs/action/detail/patrol__struct.hpp
[8.492s] -- Up-to-date symlink: /home/kisangpark/lab_training/install/turtlebot3_msgs/include/turtlebot3_msgs/turtlebot3_msgs/action/detail/patrol__traits.hpp
[8.493s] -- Up-to-date symlink: /home/kisangpark/lab_training/install/turtlebot3_msgs/include/turtlebot3_msgs/turtlebot3_msgs/action/patrol.hpp
[8.493s] -- Up-to-date symlink: /home/kisangpark/lab_training/install/turtlebot3_msgs/include/turtlebot3_msgs/turtlebot3_msgs/msg/detail/sensor_state__builder.hpp
[8.496s] -- Up-to-date symlink: /home/kisangpark/lab_training/install/turtlebot3_msgs/include/turtlebot3_msgs/turtlebot3_msgs/msg/detail/sensor_state__struct.hpp
[8.497s] -- Up-to-date symlink: /home/kisangpark/lab_training/install/turtlebot3_msgs/include/turtlebot3_msgs/turtlebot3_msgs/msg/detail/sensor_state__traits.hpp
[8.499s] -- Up-to-date symlink: /home/kisangpark/lab_training/install/turtlebot3_msgs/include/turtlebot3_msgs/turtlebot3_msgs/msg/detail/sound__builder.hpp
[8.499s] -- Up-to-date symlink: /home/kisangpark/lab_training/install/turtlebot3_msgs/include/turtlebot3_msgs/turtlebot3_msgs/msg/detail/sound__struct.hpp
[8.502s] -- Up-to-date symlink: /home/kisangpark/lab_training/install/turtlebot3_msgs/include/turtlebot3_msgs/turtlebot3_msgs/msg/detail/sound__traits.hpp
[8.503s] -- Up-to-date symlink: /home/kisangpark/lab_training/install/turtlebot3_msgs/include/turtlebot3_msgs/turtlebot3_msgs/msg/detail/version_info__builder.hpp
[8.503s] -- Up-to-date symlink: /home/kisangpark/lab_training/install/turtlebot3_msgs/include/turtlebot3_msgs/turtlebot3_msgs/msg/detail/version_info__struct.hpp
[8.503s] -- Up-to-date symlink: /home/kisangpark/lab_training/install/turtlebot3_msgs/include/turtlebot3_msgs/turtlebot3_msgs/msg/detail/version_info__traits.hpp
[8.503s] -- Up-to-date symlink: /home/kisangpark/lab_training/install/turtlebot3_msgs/include/turtlebot3_msgs/turtlebot3_msgs/msg/sensor_state.hpp
[8.506s] -- Up-to-date symlink: /home/kisangpark/lab_training/install/turtlebot3_msgs/include/turtlebot3_msgs/turtlebot3_msgs/msg/sound.hpp
[8.506s] -- Up-to-date symlink: /home/kisangpark/lab_training/install/turtlebot3_msgs/include/turtlebot3_msgs/turtlebot3_msgs/msg/version_info.hpp
[8.508s] -- Up-to-date symlink: /home/kisangpark/lab_training/install/turtlebot3_msgs/include/turtlebot3_msgs/turtlebot3_msgs/srv/detail/dqn__builder.hpp
[8.509s] -- Up-to-date symlink: /home/kisangpark/lab_training/install/turtlebot3_msgs/include/turtlebot3_msgs/turtlebot3_msgs/srv/detail/dqn__struct.hpp
[8.509s] -- Up-to-date symlink: /home/kisangpark/lab_training/install/turtlebot3_msgs/include/turtlebot3_msgs/turtlebot3_msgs/srv/detail/dqn__traits.hpp
[8.509s] -- Up-to-date symlink: /home/kisangpark/lab_training/install/turtlebot3_msgs/include/turtlebot3_msgs/turtlebot3_msgs/srv/detail/sound__builder.hpp
[8.511s] -- Up-to-date symlink: /home/kisangpark/lab_training/install/turtlebot3_msgs/include/turtlebot3_msgs/turtlebot3_msgs/srv/detail/sound__struct.hpp
[8.511s] -- Up-to-date symlink: /home/kisangpark/lab_training/install/turtlebot3_msgs/include/turtlebot3_msgs/turtlebot3_msgs/srv/detail/sound__traits.hpp
[8.511s] -- Up-to-date symlink: /home/kisangpark/lab_training/install/turtlebot3_msgs/include/turtlebot3_msgs/turtlebot3_msgs/srv/dqn.hpp
[8.513s] -- Up-to-date symlink: /home/kisangpark/lab_training/install/turtlebot3_msgs/include/turtlebot3_msgs/turtlebot3_msgs/srv/sound.hpp
[8.516s] -- Up-to-date symlink: /home/kisangpark/lab_training/install/turtlebot3_msgs/include/turtlebot3_msgs/turtlebot3_msgs/action/detail/patrol__rosidl_typesupport_fastrtps_cpp.hpp
[8.516s] -- Up-to-date symlink: /home/kisangpark/lab_training/install/turtlebot3_msgs/include/turtlebot3_msgs/turtlebot3_msgs/msg/detail/sensor_state__rosidl_typesupport_fastrtps_cpp.hpp
[8.519s] -- Up-to-date symlink: /home/kisangpark/lab_training/install/turtlebot3_msgs/include/turtlebot3_msgs/turtlebot3_msgs/msg/detail/sound__rosidl_typesupport_fastrtps_cpp.hpp
[8.519s] -- Up-to-date symlink: /home/kisangpark/lab_training/install/turtlebot3_msgs/include/turtlebot3_msgs/turtlebot3_msgs/msg/detail/version_info__rosidl_typesupport_fastrtps_cpp.hpp
[8.519s] -- Up-to-date symlink: /home/kisangpark/lab_training/install/turtlebot3_msgs/include/turtlebot3_msgs/turtlebot3_msgs/msg/rosidl_typesupport_fastrtps_cpp__visibility_control.h
[8.519s] -- Up-to-date symlink: /home/kisangpark/lab_training/install/turtlebot3_msgs/include/turtlebot3_msgs/turtlebot3_msgs/srv/detail/dqn__rosidl_typesupport_fastrtps_cpp.hpp
[8.523s] -- Up-to-date symlink: /home/kisangpark/lab_training/install/turtlebot3_msgs/include/turtlebot3_msgs/turtlebot3_msgs/srv/detail/sound__rosidl_typesupport_fastrtps_cpp.hpp
[8.523s] -- Up-to-date symlink: /home/kisangpark/lab_training/install/turtlebot3_msgs/include/turtlebot3_msgs/turtlebot3_msgs/action/detail/patrol__rosidl_typesupport_introspection_c.h
[8.524s] -- Up-to-date symlink: /home/kisangpark/lab_training/install/turtlebot3_msgs/include/turtlebot3_msgs/turtlebot3_msgs/msg/detail/sensor_state__rosidl_typesupport_introspection_c.h
[8.524s] -- Up-to-date symlink: /home/kisangpark/lab_training/install/turtlebot3_msgs/include/turtlebot3_msgs/turtlebot3_msgs/msg/detail/sound__rosidl_typesupport_introspection_c.h
[8.526s] -- Up-to-date symlink: /home/kisangpark/lab_training/install/turtlebot3_msgs/include/turtlebot3_msgs/turtlebot3_msgs/msg/detail/version_info__rosidl_typesupport_introspection_c.h
[8.526s] -- Up-to-date symlink: /home/kisangpark/lab_training/install/turtlebot3_msgs/include/turtlebot3_msgs/turtlebot3_msgs/msg/rosidl_typesupport_introspection_c__visibility_control.h
[8.529s] -- Up-to-date symlink: /home/kisangpark/lab_training/install/turtlebot3_msgs/include/turtlebot3_msgs/turtlebot3_msgs/srv/detail/dqn__rosidl_typesupport_introspection_c.h
[8.531s] -- Up-to-date symlink: /home/kisangpark/lab_training/install/turtlebot3_msgs/include/turtlebot3_msgs/turtlebot3_msgs/srv/detail/sound__rosidl_typesupport_introspection_c.h
[8.531s] -- Up-to-date symlink: /home/kisangpark/lab_training/install/turtlebot3_msgs/include/turtlebot3_msgs/turtlebot3_msgs/action/detail/patrol__rosidl_typesupport_introspection_cpp.hpp
[8.533s] -- Up-to-date symlink: /home/kisangpark/lab_training/install/turtlebot3_msgs/include/turtlebot3_msgs/turtlebot3_msgs/msg/detail/sensor_state__rosidl_typesupport_introspection_cpp.hpp
[8.533s] -- Up-to-date symlink: /home/kisangpark/lab_training/install/turtlebot3_msgs/include/turtlebot3_msgs/turtlebot3_msgs/msg/detail/sound__rosidl_typesupport_introspection_cpp.hpp
[8.535s] -- Up-to-date symlink: /home/kisangpark/lab_training/install/turtlebot3_msgs/include/turtlebot3_msgs/turtlebot3_msgs/msg/detail/version_info__rosidl_typesupport_introspection_cpp.hpp
[8.537s] -- Up-to-date symlink: /home/kisangpark/lab_training/install/turtlebot3_msgs/include/turtlebot3_msgs/turtlebot3_msgs/srv/detail/dqn__rosidl_typesupport_introspection_cpp.hpp
[8.537s] -- Up-to-date symlink: /home/kisangpark/lab_training/install/turtlebot3_msgs/include/turtlebot3_msgs/turtlebot3_msgs/srv/detail/sound__rosidl_typesupport_introspection_cpp.hpp
[8.537s] -- Up-to-date symlink: /home/kisangpark/lab_training/install/turtlebot3_msgs/share/turtlebot3_msgs/environment/pythonpath.sh
[8.540s] -- Up-to-date symlink: /home/kisangpark/lab_training/install/turtlebot3_msgs/share/turtlebot3_msgs/environment/pythonpath.dsv
[8.544s] -- Up-to-date symlink: /home/kisangpark/lab_training/install/turtlebot3_msgs/local/lib/python3.10/dist-packages/turtlebot3_msgs-2.2.3-py3.10.egg-info/PKG-INFO
[8.544s] -- Up-to-date symlink: /home/kisangpark/lab_training/install/turtlebot3_msgs/local/lib/python3.10/dist-packages/turtlebot3_msgs-2.2.3-py3.10.egg-info/SOURCES.txt
[8.546s] -- Up-to-date symlink: /home/kisangpark/lab_training/install/turtlebot3_msgs/local/lib/python3.10/dist-packages/turtlebot3_msgs-2.2.3-py3.10.egg-info/dependency_links.txt
[8.550s] -- Up-to-date symlink: /home/kisangpark/lab_training/install/turtlebot3_msgs/local/lib/python3.10/dist-packages/turtlebot3_msgs-2.2.3-py3.10.egg-info/top_level.txt
[8.552s] -- Up-to-date symlink: /home/kisangpark/lab_training/install/turtlebot3_msgs/local/lib/python3.10/dist-packages/turtlebot3_msgs/__init__.py
[8.555s] -- Up-to-date symlink: /home/kisangpark/lab_training/install/turtlebot3_msgs/local/lib/python3.10/dist-packages/turtlebot3_msgs/_turtlebot3_msgs_s.ep.rosidl_typesupport_c.c
[8.557s] -- Up-to-date symlink: /home/kisangpark/lab_training/install/turtlebot3_msgs/local/lib/python3.10/dist-packages/turtlebot3_msgs/_turtlebot3_msgs_s.ep.rosidl_typesupport_fastrtps_c.c
[8.561s] -- Up-to-date symlink: /home/kisangpark/lab_training/install/turtlebot3_msgs/local/lib/python3.10/dist-packages/turtlebot3_msgs/_turtlebot3_msgs_s.ep.rosidl_typesupport_introspection_c.c
[8.564s] -- Up-to-date symlink: /home/kisangpark/lab_training/install/turtlebot3_msgs/local/lib/python3.10/dist-packages/turtlebot3_msgs/action/__init__.py
[8.565s] -- Up-to-date symlink: /home/kisangpark/lab_training/install/turtlebot3_msgs/local/lib/python3.10/dist-packages/turtlebot3_msgs/action/_patrol.py
[8.567s] -- Up-to-date symlink: /home/kisangpark/lab_training/install/turtlebot3_msgs/local/lib/python3.10/dist-packages/turtlebot3_msgs/action/_patrol_s.c
[8.569s] -- Up-to-date symlink: /home/kisangpark/lab_training/install/turtlebot3_msgs/local/lib/python3.10/dist-packages/turtlebot3_msgs/libturtlebot3_msgs__rosidl_generator_py.so
[8.572s] -- Up-to-date symlink: /home/kisangpark/lab_training/install/turtlebot3_msgs/local/lib/python3.10/dist-packages/turtlebot3_msgs/msg/__init__.py
[8.572s] -- Up-to-date symlink: /home/kisangpark/lab_training/install/turtlebot3_msgs/local/lib/python3.10/dist-packages/turtlebot3_msgs/msg/_sensor_state.py
[8.575s] -- Up-to-date symlink: /home/kisangpark/lab_training/install/turtlebot3_msgs/local/lib/python3.10/dist-packages/turtlebot3_msgs/msg/_sensor_state_s.c
[8.578s] -- Up-to-date symlink: /home/kisangpark/lab_training/install/turtlebot3_msgs/local/lib/python3.10/dist-packages/turtlebot3_msgs/msg/_sound.py
[8.578s] -- Up-to-date symlink: /home/kisangpark/lab_training/install/turtlebot3_msgs/local/lib/python3.10/dist-packages/turtlebot3_msgs/msg/_sound_s.c
[8.580s] -- Up-to-date symlink: /home/kisangpark/lab_training/install/turtlebot3_msgs/local/lib/python3.10/dist-packages/turtlebot3_msgs/msg/_version_info.py
[8.582s] -- Up-to-date symlink: /home/kisangpark/lab_training/install/turtlebot3_msgs/local/lib/python3.10/dist-packages/turtlebot3_msgs/msg/_version_info_s.c
[8.585s] -- Up-to-date symlink: /home/kisangpark/lab_training/install/turtlebot3_msgs/local/lib/python3.10/dist-packages/turtlebot3_msgs/srv/__init__.py
[8.587s] -- Up-to-date symlink: /home/kisangpark/lab_training/install/turtlebot3_msgs/local/lib/python3.10/dist-packages/turtlebot3_msgs/srv/_dqn.py
[8.588s] -- Up-to-date symlink: /home/kisangpark/lab_training/install/turtlebot3_msgs/local/lib/python3.10/dist-packages/turtlebot3_msgs/srv/_dqn_s.c
[8.591s] -- Up-to-date symlink: /home/kisangpark/lab_training/install/turtlebot3_msgs/local/lib/python3.10/dist-packages/turtlebot3_msgs/srv/_sound.py
[8.591s] -- Up-to-date symlink: /home/kisangpark/lab_training/install/turtlebot3_msgs/local/lib/python3.10/dist-packages/turtlebot3_msgs/srv/_sound_s.c
[8.594s] -- Up-to-date symlink: /home/kisangpark/lab_training/install/turtlebot3_msgs/local/lib/python3.10/dist-packages/turtlebot3_msgs/turtlebot3_msgs_s__rosidl_typesupport_c.cpython-310-x86_64-linux-gnu.so
[8.594s] -- Up-to-date symlink: /home/kisangpark/lab_training/install/turtlebot3_msgs/local/lib/python3.10/dist-packages/turtlebot3_msgs/turtlebot3_msgs_s__rosidl_typesupport_fastrtps_c.cpython-310-x86_64-linux-gnu.so
[8.598s] -- Up-to-date symlink: /home/kisangpark/lab_training/install/turtlebot3_msgs/local/lib/python3.10/dist-packages/turtlebot3_msgs/turtlebot3_msgs_s__rosidl_typesupport_introspection_c.cpython-310-x86_64-linux-gnu.so
[8.598s] -- Up-to-date symlink: /home/kisangpark/lab_training/install/turtlebot3_msgs/local/lib/python3.10/dist-packages/turtlebot3_msgs/turtlebot3_msgs_s__rosidl_typesupport_fastrtps_c.cpython-310-x86_64-linux-gnu.so
[8.600s] -- Up-to-date symlink: /home/kisangpark/lab_training/install/turtlebot3_msgs/local/lib/python3.10/dist-packages/turtlebot3_msgs/turtlebot3_msgs_s__rosidl_typesupport_introspection_c.cpython-310-x86_64-linux-gnu.so
[8.603s] -- Up-to-date symlink: /home/kisangpark/lab_training/install/turtlebot3_msgs/local/lib/python3.10/dist-packages/turtlebot3_msgs/turtlebot3_msgs_s__rosidl_typesupport_c.cpython-310-x86_64-linux-gnu.so
[8.606s] -- Up-to-date symlink: /home/kisangpark/lab_training/install/turtlebot3_msgs/share/turtlebot3_msgs/msg/SensorState.idl
[8.609s] -- Up-to-date symlink: /home/kisangpark/lab_training/install/turtlebot3_msgs/share/turtlebot3_msgs/msg/Sound.idl
[8.612s] -- Up-to-date symlink: /home/kisangpark/lab_training/install/turtlebot3_msgs/share/turtlebot3_msgs/msg/VersionInfo.idl
[8.616s] -- Up-to-date symlink: /home/kisangpark/lab_training/install/turtlebot3_msgs/share/turtlebot3_msgs/srv/Sound.idl
[8.616s] -- Up-to-date symlink: /home/kisangpark/lab_training/install/turtlebot3_msgs/share/turtlebot3_msgs/srv/Dqn.idl
[8.616s] -- Up-to-date symlink: /home/kisangpark/lab_training/install/turtlebot3_msgs/share/turtlebot3_msgs/action/Patrol.idl
[8.616s] -- Up-to-date symlink: /home/kisangpark/lab_training/install/turtlebot3_msgs/share/turtlebot3_msgs/msg/SensorState.msg
[8.621s] -- Up-to-date symlink: /home/kisangpark/lab_training/install/turtlebot3_msgs/share/turtlebot3_msgs/msg/Sound.msg
[8.621s] -- Up-to-date symlink: /home/kisangpark/lab_training/install/turtlebot3_msgs/share/turtlebot3_msgs/msg/VersionInfo.msg
[8.622s] -- Up-to-date symlink: /home/kisangpark/lab_training/install/turtlebot3_msgs/share/turtlebot3_msgs/srv/Sound.srv
[8.624s] -- Up-to-date symlink: /home/kisangpark/lab_training/install/turtlebot3_msgs/share/turtlebot3_msgs/srv/Sound_Request.msg
[8.626s] -- Up-to-date symlink: /home/kisangpark/lab_training/install/turtlebot3_msgs/share/turtlebot3_msgs/srv/Sound_Response.msg
[8.628s] -- Up-to-date symlink: /home/kisangpark/lab_training/install/turtlebot3_msgs/share/turtlebot3_msgs/srv/Dqn.srv
[8.633s] -- Up-to-date symlink: /home/kisangpark/lab_training/install/turtlebot3_msgs/share/turtlebot3_msgs/srv/Dqn_Request.msg
[8.633s] -- Up-to-date symlink: /home/kisangpark/lab_training/install/turtlebot3_msgs/share/turtlebot3_msgs/srv/Dqn_Response.msg
[8.635s] -- Up-to-date symlink: /home/kisangpark/lab_training/install/turtlebot3_msgs/share/turtlebot3_msgs/action/Patrol.action
[8.640s] -- Up-to-date symlink: /home/kisangpark/lab_training/install/turtlebot3_msgs/share/ament_index/resource_index/package_run_dependencies/turtlebot3_msgs
[8.640s] -- Up-to-date symlink: /home/kisangpark/lab_training/install/turtlebot3_msgs/share/ament_index/resource_index/parent_prefix_path/turtlebot3_msgs
[8.641s] -- Up-to-date symlink: /home/kisangpark/lab_training/install/turtlebot3_msgs/share/turtlebot3_msgs/environment/ament_prefix_path.sh
[8.642s] -- Up-to-date symlink: /home/kisangpark/lab_training/install/turtlebot3_msgs/share/turtlebot3_msgs/environment/ament_prefix_path.dsv
[8.642s] -- Up-to-date symlink: /home/kisangpark/lab_training/install/turtlebot3_msgs/share/turtlebot3_msgs/environment/path.sh
[8.645s] -- Up-to-date symlink: /home/kisangpark/lab_training/install/turtlebot3_msgs/share/turtlebot3_msgs/environment/path.dsv
[8.646s] -- Up-to-date symlink: /home/kisangpark/lab_training/install/turtlebot3_msgs/share/turtlebot3_msgs/local_setup.bash
[8.647s] -- Up-to-date symlink: /home/kisangpark/lab_training/install/turtlebot3_msgs/share/turtlebot3_msgs/local_setup.sh
[8.647s] -- Up-to-date symlink: /home/kisangpark/lab_training/install/turtlebot3_msgs/share/turtlebot3_msgs/local_setup.zsh
[8.651s] -- Up-to-date symlink: /home/kisangpark/lab_training/install/turtlebot3_msgs/share/turtlebot3_msgs/local_setup.dsv
[8.652s] -- Symlinking: /home/kisangpark/lab_training/install/turtlebot3_msgs/share/turtlebot3_msgs/package.dsv
[8.673s] -- Up-to-date symlink: /home/kisangpark/lab_training/install/turtlebot3_msgs/share/ament_index/resource_index/packages/turtlebot3_msgs
[8.674s] -- Up-to-date symlink: /home/kisangpark/lab_training/install/turtlebot3_msgs/share/turtlebot3_msgs/cmake/rosidl_cmake-extras.cmake
[8.675s] -- Up-to-date symlink: /home/kisangpark/lab_training/install/turtlebot3_msgs/share/turtlebot3_msgs/cmake/ament_cmake_export_dependencies-extras.cmake
[8.676s] -- Up-to-date symlink: /home/kisangpark/lab_training/install/turtlebot3_msgs/share/turtlebot3_msgs/cmake/ament_cmake_export_include_directories-extras.cmake
[8.679s] -- Up-to-date symlink: /home/kisangpark/lab_training/install/turtlebot3_msgs/share/turtlebot3_msgs/cmake/ament_cmake_export_libraries-extras.cmake
[8.679s] -- Up-to-date symlink: /home/kisangpark/lab_training/install/turtlebot3_msgs/share/turtlebot3_msgs/cmake/ament_cmake_export_targets-extras.cmake
[8.680s] -- Up-to-date symlink: /home/kisangpark/lab_training/install/turtlebot3_msgs/share/turtlebot3_msgs/cmake/rosidl_cmake_export_typesupport_targets-extras.cmake
[8.682s] -- Up-to-date symlink: /home/kisangpark/lab_training/install/turtlebot3_msgs/share/turtlebot3_msgs/cmake/rosidl_cmake_export_typesupport_libraries-extras.cmake
[8.682s] -- Up-to-date symlink: /home/kisangpark/lab_training/install/turtlebot3_msgs/share/turtlebot3_msgs/cmake/turtlebot3_msgsConfig.cmake
[8.684s] -- Up-to-date symlink: /home/kisangpark/lab_training/install/turtlebot3_msgs/share/turtlebot3_msgs/cmake/turtlebot3_msgsConfig-version.cmake
[8.684s] -- Up-to-date symlink: /home/kisangpark/lab_training/install/turtlebot3_msgs/share/turtlebot3_msgs/package.xml
[8.690s] -- Up-to-date: /home/kisangpark/lab_training/install/turtlebot3_msgs/lib/libturtlebot3_msgs__rosidl_generator_c.so
[8.693s] -- Up-to-date: /home/kisangpark/lab_training/install/turtlebot3_msgs/lib/libturtlebot3_msgs__rosidl_typesupport_fastrtps_c.so
[8.697s] -- Up-to-date: /home/kisangpark/lab_training/install/turtlebot3_msgs/lib/libturtlebot3_msgs__rosidl_typesupport_fastrtps_cpp.so
[8.701s] -- Up-to-date: /home/kisangpark/lab_training/install/turtlebot3_msgs/lib/libturtlebot3_msgs__rosidl_typesupport_introspection_c.so
[8.707s] -- Up-to-date: /home/kisangpark/lab_training/install/turtlebot3_msgs/lib/libturtlebot3_msgs__rosidl_typesupport_c.so
[8.711s] -- Up-to-date: /home/kisangpark/lab_training/install/turtlebot3_msgs/lib/libturtlebot3_msgs__rosidl_typesupport_introspection_cpp.so
[8.716s] -- Up-to-date: /home/kisangpark/lab_training/install/turtlebot3_msgs/lib/libturtlebot3_msgs__rosidl_typesupport_cpp.so
[8.890s] Listing '/home/kisangpark/lab_training/install/turtlebot3_msgs/local/lib/python3.10/dist-packages/turtlebot3_msgs'...
[8.890s] Listing '/home/kisangpark/lab_training/install/turtlebot3_msgs/local/lib/python3.10/dist-packages/turtlebot3_msgs/action'...
[8.890s] Listing '/home/kisangpark/lab_training/install/turtlebot3_msgs/local/lib/python3.10/dist-packages/turtlebot3_msgs/msg'...
[8.890s] Listing '/home/kisangpark/lab_training/install/turtlebot3_msgs/local/lib/python3.10/dist-packages/turtlebot3_msgs/srv'...
[8.897s] -- Up-to-date: /home/kisangpark/lab_training/install/turtlebot3_msgs/lib/libturtlebot3_msgs__rosidl_generator_py.so
[8.903s] -- Up-to-date: /home/kisangpark/lab_training/install/turtlebot3_msgs/share/turtlebot3_msgs/cmake/export_turtlebot3_msgs__rosidl_generator_cExport.cmake
[8.903s] -- Up-to-date: /home/kisangpark/lab_training/install/turtlebot3_msgs/share/turtlebot3_msgs/cmake/export_turtlebot3_msgs__rosidl_generator_cExport-noconfig.cmake
[8.904s] -- Up-to-date: /home/kisangpark/lab_training/install/turtlebot3_msgs/share/turtlebot3_msgs/cmake/export_turtlebot3_msgs__rosidl_typesupport_fastrtps_cExport.cmake
[8.905s] -- Up-to-date: /home/kisangpark/lab_training/install/turtlebot3_msgs/share/turtlebot3_msgs/cmake/export_turtlebot3_msgs__rosidl_typesupport_fastrtps_cExport-noconfig.cmake
[8.907s] -- Up-to-date: /home/kisangpark/lab_training/install/turtlebot3_msgs/share/turtlebot3_msgs/cmake/export_turtlebot3_msgs__rosidl_generator_cppExport.cmake
[8.908s] -- Up-to-date: /home/kisangpark/lab_training/install/turtlebot3_msgs/share/turtlebot3_msgs/cmake/export_turtlebot3_msgs__rosidl_typesupport_fastrtps_cppExport.cmake
[8.910s] -- Up-to-date: /home/kisangpark/lab_training/install/turtlebot3_msgs/share/turtlebot3_msgs/cmake/export_turtlebot3_msgs__rosidl_typesupport_fastrtps_cppExport-noconfig.cmake
[8.912s] -- Up-to-date: /home/kisangpark/lab_training/install/turtlebot3_msgs/share/turtlebot3_msgs/cmake/turtlebot3_msgs__rosidl_typesupport_introspection_cExport.cmake
[8.913s] -- Up-to-date: /home/kisangpark/lab_training/install/turtlebot3_msgs/share/turtlebot3_msgs/cmake/turtlebot3_msgs__rosidl_typesupport_introspection_cExport-noconfig.cmake
[8.917s] -- Up-to-date: /home/kisangpark/lab_training/install/turtlebot3_msgs/share/turtlebot3_msgs/cmake/turtlebot3_msgs__rosidl_typesupport_cExport.cmake
[8.917s] -- Up-to-date: /home/kisangpark/lab_training/install/turtlebot3_msgs/share/turtlebot3_msgs/cmake/turtlebot3_msgs__rosidl_typesupport_cExport-noconfig.cmake
[8.921s] -- Up-to-date: /home/kisangpark/lab_training/install/turtlebot3_msgs/share/turtlebot3_msgs/cmake/turtlebot3_msgs__rosidl_typesupport_introspection_cppExport.cmake
[8.921s] -- Up-to-date: /home/kisangpark/lab_training/install/turtlebot3_msgs/share/turtlebot3_msgs/cmake/turtlebot3_msgs__rosidl_typesupport_introspection_cppExport-noconfig.cmake
[8.923s] -- Up-to-date: /home/kisangpark/lab_training/install/turtlebot3_msgs/share/turtlebot3_msgs/cmake/turtlebot3_msgs__rosidl_typesupport_cppExport.cmake
[8.923s] -- Up-to-date: /home/kisangpark/lab_training/install/turtlebot3_msgs/share/turtlebot3_msgs/cmake/turtlebot3_msgs__rosidl_typesupport_cppExport-noconfig.cmake
[8.925s] -- Up-to-date: /home/kisangpark/lab_training/install/turtlebot3_msgs/share/turtlebot3_msgs/cmake/export_turtlebot3_msgs__rosidl_generator_pyExport.cmake
[8.925s] -- Up-to-date: /home/kisangpark/lab_training/install/turtlebot3_msgs/share/turtlebot3_msgs/cmake/export_turtlebot3_msgs__rosidl_generator_pyExport-noconfig.cmake
[8.931s] Invoked command in '/home/kisangpark/lab_training/build/turtlebot3_msgs' returned '0': CMAKE_PREFIX_PATH=/opt/ros/humble /usr/bin/cmake --install /home/kisangpark/lab_training/build/turtlebot3_msgs
