[0.107s] Invoking command in '/home/kisangpark/lab_training/build/turtlebot3_fake_node': CMAKE_PREFIX_PATH=/home/kisangpark/lab_training/install/turtlebot3_msgs:/home/kisangpark/lab_training/install/turtlebot3:/home/kisangpark/lab_training/install/turtlebot3_simulations:/home/kisangpark/lab_training/install/turtlebot3_bringup:/home/kisangpark/lab_training/install/turtlebot3_node:/home/kisangpark/lab_training/install/turtlebot3_navigation2:/home/kisangpark/lab_training/install/turtlebot3_fake_node:/home/kisangpark/lab_training/install/turtlebot3_gazebo:/home/kisangpark/lab_training/install/turtlebot3_description:/home/kisangpark/lab_training/install/turtlebot3_cartographer:/home/kisangpark/lab_training/install/week3:/home/kisangpark/lab_training/install/turtlebot3_teleop:/home/kisangpark/lab_training/install/turtlebot3_example:/home/kisangpark/lab_training/install/SLAM:/opt/ros/humble /usr/bin/cmake --build /home/kisangpark/lab_training/build/turtlebot3_fake_node -- -j2 -l2
[0.595s] [100%] Built target turtlebot3_fake_node
[0.651s] Invoked command in '/home/kisangpark/lab_training/build/turtlebot3_fake_node' returned '0': CMAKE_PREFIX_PATH=/home/kisangpark/lab_training/install/turtlebot3_msgs:/home/kisangpark/lab_training/install/turtlebot3:/home/kisangpark/lab_training/install/turtlebot3_simulations:/home/kisangpark/lab_training/install/turtlebot3_bringup:/home/kisangpark/lab_training/install/turtlebot3_node:/home/kisangpark/lab_training/install/turtlebot3_navigation2:/home/kisangpark/lab_training/install/turtlebot3_fake_node:/home/kisangpark/lab_training/install/turtlebot3_gazebo:/home/kisangpark/lab_training/install/turtlebot3_description:/home/kisangpark/lab_training/install/turtlebot3_cartographer:/home/kisangpark/lab_training/install/week3:/home/kisangpark/lab_training/install/turtlebot3_teleop:/home/kisangpark/lab_training/install/turtlebot3_example:/home/kisangpark/lab_training/install/SLAM:/opt/ros/humble /usr/bin/cmake --build /home/kisangpark/lab_training/build/turtlebot3_fake_node -- -j2 -l2
[0.660s] Invoking command in '/home/kisangpark/lab_training/build/turtlebot3_fake_node': CMAKE_PREFIX_PATH=/home/kisangpark/lab_training/install/turtlebot3_msgs:/home/kisangpark/lab_training/install/turtlebot3:/home/kisangpark/lab_training/install/turtlebot3_simulations:/home/kisangpark/lab_training/install/turtlebot3_bringup:/home/kisangpark/lab_training/install/turtlebot3_node:/home/kisangpark/lab_training/install/turtlebot3_navigation2:/home/kisangpark/lab_training/install/turtlebot3_fake_node:/home/kisangpark/lab_training/install/turtlebot3_gazebo:/home/kisangpark/lab_training/install/turtlebot3_description:/home/kisangpark/lab_training/install/turtlebot3_cartographer:/home/kisangpark/lab_training/install/week3:/home/kisangpark/lab_training/install/turtlebot3_teleop:/home/kisangpark/lab_training/install/turtlebot3_example:/home/kisangpark/lab_training/install/SLAM:/opt/ros/humble /usr/bin/cmake --install /home/kisangpark/lab_training/build/turtlebot3_fake_node
[0.685s] -- Install configuration: ""
[0.685s] -- Execute custom install script
[0.690s] -- Up-to-date symlink: /home/kisangpark/lab_training/install/turtlebot3_fake_node/lib/turtlebot3_fake_node/turtlebot3_fake_node
[0.692s] -- Up-to-date symlink: /home/kisangpark/lab_training/install/turtlebot3_fake_node/share/turtlebot3_fake_node/launch/rviz2.launch.py
[0.693s] -- Up-to-date symlink: /home/kisangpark/lab_training/install/turtlebot3_fake_node/share/turtlebot3_fake_node/launch/turtlebot3_fake_node.launch.py
[0.694s] -- Up-to-date symlink: /home/kisangpark/lab_training/install/turtlebot3_fake_node/share/turtlebot3_fake_node/param/burger.yaml
[0.694s] -- Up-to-date symlink: /home/kisangpark/lab_training/install/turtlebot3_fake_node/share/turtlebot3_fake_node/param/waffle.yaml
[0.694s] -- Up-to-date symlink: /home/kisangpark/lab_training/install/turtlebot3_fake_node/share/turtlebot3_fake_node/param/waffle_pi.yaml
[0.695s] -- Up-to-date symlink: /home/kisangpark/lab_training/install/turtlebot3_fake_node/include//turtlebot3_fake_node/turtlebot3_fake_node.hpp
[0.697s] -- Up-to-date symlink: /home/kisangpark/lab_training/install/turtlebot3_fake_node/share/ament_index/resource_index/package_run_dependencies/turtlebot3_fake_node
[0.700s] -- Up-to-date symlink: /home/kisangpark/lab_training/install/turtlebot3_fake_node/share/ament_index/resource_index/parent_prefix_path/turtlebot3_fake_node
[0.704s] -- Up-to-date symlink: /home/kisangpark/lab_training/install/turtlebot3_fake_node/share/turtlebot3_fake_node/environment/ament_prefix_path.sh
[0.704s] -- Up-to-date symlink: /home/kisangpark/lab_training/install/turtlebot3_fake_node/share/turtlebot3_fake_node/environment/ament_prefix_path.dsv
[0.706s] -- Up-to-date symlink: /home/kisangpark/lab_training/install/turtlebot3_fake_node/share/turtlebot3_fake_node/environment/path.sh
[0.707s] -- Up-to-date symlink: /home/kisangpark/lab_training/install/turtlebot3_fake_node/share/turtlebot3_fake_node/environment/path.dsv
[0.708s] -- Up-to-date symlink: /home/kisangpark/lab_training/install/turtlebot3_fake_node/share/turtlebot3_fake_node/local_setup.bash
[0.709s] -- Up-to-date symlink: /home/kisangpark/lab_training/install/turtlebot3_fake_node/share/turtlebot3_fake_node/local_setup.sh
[0.710s] -- Up-to-date symlink: /home/kisangpark/lab_training/install/turtlebot3_fake_node/share/turtlebot3_fake_node/local_setup.zsh
[0.711s] -- Up-to-date symlink: /home/kisangpark/lab_training/install/turtlebot3_fake_node/share/turtlebot3_fake_node/local_setup.dsv
[0.712s] -- Symlinking: /home/kisangpark/lab_training/install/turtlebot3_fake_node/share/turtlebot3_fake_node/package.dsv
[0.735s] -- Up-to-date symlink: /home/kisangpark/lab_training/install/turtlebot3_fake_node/share/ament_index/resource_index/packages/turtlebot3_fake_node
[0.736s] -- Up-to-date symlink: /home/kisangpark/lab_training/install/turtlebot3_fake_node/share/turtlebot3_fake_node/cmake/ament_cmake_export_include_directories-extras.cmake
[0.738s] -- Up-to-date symlink: /home/kisangpark/lab_training/install/turtlebot3_fake_node/share/turtlebot3_fake_node/cmake/ament_cmake_export_dependencies-extras.cmake
[0.739s] -- Up-to-date symlink: /home/kisangpark/lab_training/install/turtlebot3_fake_node/share/turtlebot3_fake_node/cmake/turtlebot3_fake_nodeConfig.cmake
[0.740s] -- Up-to-date symlink: /home/kisangpark/lab_training/install/turtlebot3_fake_node/share/turtlebot3_fake_node/cmake/turtlebot3_fake_nodeConfig-version.cmake
[0.741s] -- Up-to-date symlink: /home/kisangpark/lab_training/install/turtlebot3_fake_node/share/turtlebot3_fake_node/package.xml
[0.752s] Invoked command in '/home/kisangpark/lab_training/build/turtlebot3_fake_node' returned '0': CMAKE_PREFIX_PATH=/home/kisangpark/lab_training/install/turtlebot3_msgs:/home/kisangpark/lab_training/install/turtlebot3:/home/kisangpark/lab_training/install/turtlebot3_simulations:/home/kisangpark/lab_training/install/turtlebot3_bringup:/home/kisangpark/lab_training/install/turtlebot3_node:/home/kisangpark/lab_training/install/turtlebot3_navigation2:/home/kisangpark/lab_training/install/turtlebot3_fake_node:/home/kisangpark/lab_training/install/turtlebot3_gazebo:/home/kisangpark/lab_training/install/turtlebot3_description:/home/kisangpark/lab_training/install/turtlebot3_cartographer:/home/kisangpark/lab_training/install/week3:/home/kisangpark/lab_training/install/turtlebot3_teleop:/home/kisangpark/lab_training/install/turtlebot3_example:/home/kisangpark/lab_training/install/SLAM:/opt/ros/humble /usr/bin/cmake --install /home/kisangpark/lab_training/build/turtlebot3_fake_node
