[0.063s] Invoking command in '/home/kisangpark/lab_training/build/turtlebot3_cartographer': CMAKE_PREFIX_PATH=/opt/ros/humble /usr/bin/cmake --build /home/kisangpark/lab_training/build/turtlebot3_cartographer -- -j2 -l2
[0.373s] Invoked command in '/home/kisangpark/lab_training/build/turtlebot3_cartographer' returned '0': CMAKE_PREFIX_PATH=/opt/ros/humble /usr/bin/cmake --build /home/kisangpark/lab_training/build/turtlebot3_cartographer -- -j2 -l2
[0.384s] Invoking command in '/home/kisangpark/lab_training/build/turtlebot3_cartographer': CMAKE_PREFIX_PATH=/opt/ros/humble /usr/bin/cmake --install /home/kisangpark/lab_training/build/turtlebot3_cartographer
[0.439s] -- Install configuration: ""
[0.444s] -- Execute custom install script
[0.450s] -- Up-to-date symlink: /home/kisangpark/lab_training/install/turtlebot3_cartographer/share/turtlebot3_cartographer/config/turtlebot3_lds_2d.lua
[0.454s] -- Up-to-date symlink: /home/kisangpark/lab_training/install/turtlebot3_cartographer/share/turtlebot3_cartographer/launch/cartographer.launch.py
[0.458s] -- Up-to-date symlink: /home/kisangpark/lab_training/install/turtlebot3_cartographer/share/turtlebot3_cartographer/launch/occupancy_grid.launch.py
[0.462s] -- Up-to-date symlink: /home/kisangpark/lab_training/install/turtlebot3_cartographer/share/turtlebot3_cartographer/rviz/tb3_cartographer.rviz
[0.466s] -- Up-to-date symlink: /home/kisangpark/lab_training/install/turtlebot3_cartographer/share/ament_index/resource_index/package_run_dependencies/turtlebot3_cartographer
[0.467s] -- Up-to-date symlink: /home/kisangpark/lab_training/install/turtlebot3_cartographer/share/ament_index/resource_index/parent_prefix_path/turtlebot3_cartographer
[0.470s] -- Up-to-date symlink: /home/kisangpark/lab_training/install/turtlebot3_cartographer/share/turtlebot3_cartographer/environment/ament_prefix_path.sh
[0.475s] -- Up-to-date symlink: /home/kisangpark/lab_training/install/turtlebot3_cartographer/share/turtlebot3_cartographer/environment/ament_prefix_path.dsv
[0.478s] -- Up-to-date symlink: /home/kisangpark/lab_training/install/turtlebot3_cartographer/share/turtlebot3_cartographer/environment/path.sh
[0.479s] -- Up-to-date symlink: /home/kisangpark/lab_training/install/turtlebot3_cartographer/share/turtlebot3_cartographer/environment/path.dsv
[0.483s] -- Up-to-date symlink: /home/kisangpark/lab_training/install/turtlebot3_cartographer/share/turtlebot3_cartographer/local_setup.bash
[0.484s] -- Up-to-date symlink: /home/kisangpark/lab_training/install/turtlebot3_cartographer/share/turtlebot3_cartographer/local_setup.sh
[0.486s] -- Up-to-date symlink: /home/kisangpark/lab_training/install/turtlebot3_cartographer/share/turtlebot3_cartographer/local_setup.zsh
[0.489s] -- Up-to-date symlink: /home/kisangpark/lab_training/install/turtlebot3_cartographer/share/turtlebot3_cartographer/local_setup.dsv
[0.493s] -- Symlinking: /home/kisangpark/lab_training/install/turtlebot3_cartographer/share/turtlebot3_cartographer/package.dsv
[0.527s] -- Up-to-date symlink: /home/kisangpark/lab_training/install/turtlebot3_cartographer/share/ament_index/resource_index/packages/turtlebot3_cartographer
[0.530s] -- Up-to-date symlink: /home/kisangpark/lab_training/install/turtlebot3_cartographer/share/turtlebot3_cartographer/cmake/turtlebot3_cartographerConfig.cmake
[0.532s] -- Up-to-date symlink: /home/kisangpark/lab_training/install/turtlebot3_cartographer/share/turtlebot3_cartographer/cmake/turtlebot3_cartographerConfig-version.cmake
[0.533s] -- Up-to-date symlink: /home/kisangpark/lab_training/install/turtlebot3_cartographer/share/turtlebot3_cartographer/package.xml
[0.544s] Invoked command in '/home/kisangpark/lab_training/build/turtlebot3_cartographer' returned '0': CMAKE_PREFIX_PATH=/opt/ros/humble /usr/bin/cmake --install /home/kisangpark/lab_training/build/turtlebot3_cartographer
