[4.623s] Invoking command in '/home/kisangpark/lab_training/build/turtlebot3_example': AMENT_PREFIX_PATH=/home/kisangpark/lab_training/install/turtlebot3_msgs:${AMENT_PREFIX_PATH} CMAKE_PREFIX_PATH=/home/kisangpark/lab_training/install/turtlebot3_msgs LD_LIBRARY_PATH=/home/kisangpark/lab_training/install/turtlebot3_msgs/lib:${LD_LIBRARY_PATH} PYTHONPATH=/home/kisangpark/lab_training/build/turtlebot3_example/prefix_override:/usr/lib/python3/dist-packages/colcon_core/task/python/colcon_distutils_commands:/home/kisangpark/lab_training/install/turtlebot3_example/lib/python3.10/site-packages:/home/kisangpark/lab_training/install/turtlebot3_msgs/local/lib/python3.10/dist-packages:${PYTHONPATH} /usr/bin/python3 -W ignore:setup.py install is deprecated -W ignore:easy_install command is deprecated setup.py develop --editable --build-directory /home/kisangpark/lab_training/build/turtlebot3_example/build --no-deps symlink_data
[6.541s] running develop
[7.962s] running egg_info
[8.040s] writing turtlebot3_example.egg-info/PKG-INFO
[8.047s] writing dependency_links to turtlebot3_example.egg-info/dependency_links.txt
[8.058s] writing entry points to turtlebot3_example.egg-info/entry_points.txt
[8.061s] writing requirements to turtlebot3_example.egg-info/requires.txt
[8.067s] writing top-level names to turtlebot3_example.egg-info/top_level.txt
[8.271s] reading manifest file 'turtlebot3_example.egg-info/SOURCES.txt'
[8.283s] writing manifest file 'turtlebot3_example.egg-info/SOURCES.txt'
[8.473s] running build_ext
[8.478s] Creating /home/kisangpark/lab_training/install/turtlebot3_example/lib/python3.10/site-packages/turtlebot3-example.egg-link (link to .)
[8.480s] Installing turtlebot3_obstacle_detection script to /home/kisangpark/lab_training/install/turtlebot3_example/lib/turtlebot3_example
[8.484s] Installing turtlebot3_patrol_client script to /home/kisangpark/lab_training/install/turtlebot3_example/lib/turtlebot3_example
[8.486s] Installing turtlebot3_patrol_server script to /home/kisangpark/lab_training/install/turtlebot3_example/lib/turtlebot3_example
[8.487s] Installing turtlebot3_position_control script to /home/kisangpark/lab_training/install/turtlebot3_example/lib/turtlebot3_example
[8.490s] 
[8.491s] Installed /home/kisangpark/lab_training/build/turtlebot3_example
[8.492s] running symlink_data
[8.631s] Invoked command in '/home/kisangpark/lab_training/build/turtlebot3_example' returned '0': AMENT_PREFIX_PATH=/home/kisangpark/lab_training/install/turtlebot3_msgs:${AMENT_PREFIX_PATH} CMAKE_PREFIX_PATH=/home/kisangpark/lab_training/install/turtlebot3_msgs LD_LIBRARY_PATH=/home/kisangpark/lab_training/install/turtlebot3_msgs/lib:${LD_LIBRARY_PATH} PYTHONPATH=/home/kisangpark/lab_training/build/turtlebot3_example/prefix_override:/usr/lib/python3/dist-packages/colcon_core/task/python/colcon_distutils_commands:/home/kisangpark/lab_training/install/turtlebot3_example/lib/python3.10/site-packages:/home/kisangpark/lab_training/install/turtlebot3_msgs/local/lib/python3.10/dist-packages:${PYTHONPATH} /usr/bin/python3 -W ignore:setup.py install is deprecated -W ignore:easy_install command is deprecated setup.py develop --editable --build-directory /home/kisangpark/lab_training/build/turtlebot3_example/build --no-deps symlink_data
