[5.457s] Invoking command in '/home/kisangpark/lab_training/src/week3': PYTHONPATH=/home/kisangpark/lab_training/build/week3/prefix_override:/usr/lib/python3/dist-packages/colcon_core/task/python/colcon_distutils_commands:/home/kisangpark/lab_training/install/week3/lib/python3.10/site-packages:${PYTHONPATH} /usr/bin/python3 -W ignore:setup.py install is deprecated -W ignore:easy_install command is deprecated setup.py egg_info --egg-base ../../build/week3 build --build-base /home/kisangpark/lab_training/build/week3/build install --record /home/kisangpark/lab_training/build/week3/install.log --single-version-externally-managed install_data
[7.572s] running egg_info
[7.737s] writing ../../build/week3/week3.egg-info/PKG-INFO
[7.739s] writing dependency_links to ../../build/week3/week3.egg-info/dependency_links.txt
[7.740s] writing entry points to ../../build/week3/week3.egg-info/entry_points.txt
[7.748s] writing requirements to ../../build/week3/week3.egg-info/requires.txt
[7.749s] writing top-level names to ../../build/week3/week3.egg-info/top_level.txt
[8.088s] reading manifest file '../../build/week3/week3.egg-info/SOURCES.txt'
[8.091s] writing manifest file '../../build/week3/week3.egg-info/SOURCES.txt'
[8.092s] running build
[8.098s] running build_py
[8.099s] copying week3/RRT_star_2.py -> /home/kisangpark/lab_training/build/week3/build/lib/week3
[8.104s] copying week3/pure_pursuit.py -> /home/kisangpark/lab_training/build/week3/build/lib/week3
[8.105s] copying week3/save_costmap.py -> /home/kisangpark/lab_training/build/week3/build/lib/week3
[8.111s] copying week3/rrt_debug.py -> /home/kisangpark/lab_training/build/week3/build/lib/week3
[8.111s] copying week3/__init__.py -> /home/kisangpark/lab_training/build/week3/build/lib/week3
[8.112s] copying week3/RRT_star.py -> /home/kisangpark/lab_training/build/week3/build/lib/week3
[8.112s] running install
[8.140s] running install_lib
[8.304s] copying /home/kisangpark/lab_training/build/week3/build/lib/week3/rrt_debug.py -> /home/kisangpark/lab_training/install/week3/lib/python3.10/site-packages/week3
[8.307s] byte-compiling /home/kisangpark/lab_training/install/week3/lib/python3.10/site-packages/week3/rrt_debug.py to rrt_debug.cpython-310.pyc
[8.323s] running install_data
[8.328s] copying resource/week3 -> /home/kisangpark/lab_training/install/week3/share/ament_index/resource_index/packages
[8.329s] copying package.xml -> /home/kisangpark/lab_training/install/week3/share/week3
[8.336s] copying launch/turtlebot.launch.py -> /home/kisangpark/lab_training/install/week3/share/week3/launch
[8.336s] running install_egg_info
[8.501s] removing '/home/kisangpark/lab_training/install/week3/lib/python3.10/site-packages/week3-0.0.0-py3.10.egg-info' (and everything under it)
[8.501s] Copying ../../build/week3/week3.egg-info to /home/kisangpark/lab_training/install/week3/lib/python3.10/site-packages/week3-0.0.0-py3.10.egg-info
[8.507s] running install_scripts
[9.786s] Installing pure_pursuit script to /home/kisangpark/lab_training/install/week3/lib/week3
[9.787s] Installing rrt_debug script to /home/kisangpark/lab_training/install/week3/lib/week3
[9.793s] Installing rrt_star script to /home/kisangpark/lab_training/install/week3/lib/week3
[9.799s] Installing rrt_star_2 script to /home/kisangpark/lab_training/install/week3/lib/week3
[9.800s] Installing save_costmap script to /home/kisangpark/lab_training/install/week3/lib/week3
[9.807s] writing list of installed files to '/home/kisangpark/lab_training/build/week3/install.log'
[9.999s] Invoked command in '/home/kisangpark/lab_training/src/week3' returned '0': PYTHONPATH=/home/kisangpark/lab_training/build/week3/prefix_override:/usr/lib/python3/dist-packages/colcon_core/task/python/colcon_distutils_commands:/home/kisangpark/lab_training/install/week3/lib/python3.10/site-packages:${PYTHONPATH} /usr/bin/python3 -W ignore:setup.py install is deprecated -W ignore:easy_install command is deprecated setup.py egg_info --egg-base ../../build/week3 build --build-base /home/kisangpark/lab_training/build/week3/build install --record /home/kisangpark/lab_training/build/week3/install.log --single-version-externally-managed install_data
