[1.569s] Invoking command in '/home/kisangpark/lab_training/src/week3': PYTHONPATH=/home/kisangpark/lab_training/build/week3/prefix_override:/usr/lib/python3/dist-packages/colcon_core/task/python/colcon_distutils_commands:/home/kisangpark/lab_training/install/week3/lib/python3.10/site-packages:${PYTHONPATH} /usr/bin/python3 -W ignore:setup.py install is deprecated -W ignore:easy_install command is deprecated setup.py egg_info --egg-base ../../build/week3 build --build-base /home/kisangpark/lab_training/build/week3/build install --record /home/kisangpark/lab_training/build/week3/install.log --single-version-externally-managed install_data
[2.250s] running egg_info
[2.276s] writing ../../build/week3/week3.egg-info/PKG-INFO
[2.278s] writing dependency_links to ../../build/week3/week3.egg-info/dependency_links.txt
[2.278s] writing entry points to ../../build/week3/week3.egg-info/entry_points.txt
[2.278s] writing requirements to ../../build/week3/week3.egg-info/requires.txt
[2.278s] writing top-level names to ../../build/week3/week3.egg-info/top_level.txt
[2.379s] reading manifest file '../../build/week3/week3.egg-info/SOURCES.txt'
[2.383s] writing manifest file '../../build/week3/week3.egg-info/SOURCES.txt'
[2.383s] running build
[2.384s] running build_py
[2.385s] copying week3/pure_pursuit.py -> /home/kisangpark/lab_training/build/week3/build/lib/week3
[2.386s] copying week3/save_costmap.py -> /home/kisangpark/lab_training/build/week3/build/lib/week3
[2.387s] copying week3/__init__.py -> /home/kisangpark/lab_training/build/week3/build/lib/week3
[2.388s] copying week3/RRT_star.py -> /home/kisangpark/lab_training/build/week3/build/lib/week3
[2.390s] running install
[2.418s] running install_lib
[2.468s] copying /home/kisangpark/lab_training/build/week3/build/lib/week3/RRT_star.py -> /home/kisangpark/lab_training/install/week3/lib/python3.10/site-packages/week3
[2.469s] byte-compiling /home/kisangpark/lab_training/install/week3/lib/python3.10/site-packages/week3/RRT_star.py to RRT_star.cpython-310.pyc
[2.473s] running install_data
[2.473s] copying resource/week3 -> /home/kisangpark/lab_training/install/week3/share/ament_index/resource_index/packages
[2.473s] copying package.xml -> /home/kisangpark/lab_training/install/week3/share/week3
[2.473s] running install_egg_info
[2.505s] removing '/home/kisangpark/lab_training/install/week3/lib/python3.10/site-packages/week3-0.0.0-py3.10.egg-info' (and everything under it)
[2.505s] Copying ../../build/week3/week3.egg-info to /home/kisangpark/lab_training/install/week3/lib/python3.10/site-packages/week3-0.0.0-py3.10.egg-info
[2.507s] running install_scripts
[2.783s] Installing rrt_star script to /home/kisangpark/lab_training/install/week3/lib/week3
[2.784s] Installing save_costmap script to /home/kisangpark/lab_training/install/week3/lib/week3
[2.785s] writing list of installed files to '/home/kisangpark/lab_training/build/week3/install.log'
[2.837s] Invoked command in '/home/kisangpark/lab_training/src/week3' returned '0': PYTHONPATH=/home/kisangpark/lab_training/build/week3/prefix_override:/usr/lib/python3/dist-packages/colcon_core/task/python/colcon_distutils_commands:/home/kisangpark/lab_training/install/week3/lib/python3.10/site-packages:${PYTHONPATH} /usr/bin/python3 -W ignore:setup.py install is deprecated -W ignore:easy_install command is deprecated setup.py egg_info --egg-base ../../build/week3 build --build-base /home/kisangpark/lab_training/build/week3/build install --record /home/kisangpark/lab_training/build/week3/install.log --single-version-externally-managed install_data
