[3.266s] Invoking command in '/home/kisangpark/lab_training/src/week3': PYTHONPATH=/home/kisangpark/lab_training/build/week3/prefix_override:/usr/lib/python3/dist-packages/colcon_core/task/python/colcon_distutils_commands:/home/kisangpark/lab_training/install/week3/lib/python3.10/site-packages:${PYTHONPATH} /usr/bin/python3 -W ignore:setup.py install is deprecated -W ignore:easy_install command is deprecated setup.py egg_info --egg-base ../../build/week3 build --build-base /home/kisangpark/lab_training/build/week3/build install --record /home/kisangpark/lab_training/build/week3/install.log --single-version-externally-managed install_data
[3.760s] running egg_info
[3.795s] writing ../../build/week3/week3.egg-info/PKG-INFO
[3.798s] writing dependency_links to ../../build/week3/week3.egg-info/dependency_links.txt
[3.798s] writing entry points to ../../build/week3/week3.egg-info/entry_points.txt
[3.799s] writing requirements to ../../build/week3/week3.egg-info/requires.txt
[3.800s] writing top-level names to ../../build/week3/week3.egg-info/top_level.txt
[3.911s] reading manifest file '../../build/week3/week3.egg-info/SOURCES.txt'
[3.914s] writing manifest file '../../build/week3/week3.egg-info/SOURCES.txt'
[3.915s] running build
[3.915s] running build_py
[3.916s] copying week3/pure_pursuit.py -> /home/kisangpark/lab_training/build/week3/build/lib/week3
[3.916s] copying week3/save_costmap.py -> /home/kisangpark/lab_training/build/week3/build/lib/week3
[3.917s] copying week3/__init__.py -> /home/kisangpark/lab_training/build/week3/build/lib/week3
[3.918s] copying week3/RRT_star.py -> /home/kisangpark/lab_training/build/week3/build/lib/week3
[3.919s] running install
[3.934s] running install_lib
[3.980s] copying /home/kisangpark/lab_training/build/week3/build/lib/week3/RRT_star.py -> /home/kisangpark/lab_training/install/week3/lib/python3.10/site-packages/week3
[3.983s] byte-compiling /home/kisangpark/lab_training/install/week3/lib/python3.10/site-packages/week3/RRT_star.py to RRT_star.cpython-310.pyc
[3.988s] running install_data
[3.988s] copying resource/week3 -> /home/kisangpark/lab_training/install/week3/share/ament_index/resource_index/packages
[3.989s] copying package.xml -> /home/kisangpark/lab_training/install/week3/share/week3
[3.991s] running install_egg_info
[4.050s] removing '/home/kisangpark/lab_training/install/week3/lib/python3.10/site-packages/week3-0.0.0-py3.10.egg-info' (and everything under it)
[4.050s] Copying ../../build/week3/week3.egg-info to /home/kisangpark/lab_training/install/week3/lib/python3.10/site-packages/week3-0.0.0-py3.10.egg-info
[4.051s] running install_scripts
[4.347s] Installing rrt_star script to /home/kisangpark/lab_training/install/week3/lib/week3
[4.349s] Installing save_costmap script to /home/kisangpark/lab_training/install/week3/lib/week3
[4.350s] writing list of installed files to '/home/kisangpark/lab_training/build/week3/install.log'
[4.427s] Invoked command in '/home/kisangpark/lab_training/src/week3' returned '0': PYTHONPATH=/home/kisangpark/lab_training/build/week3/prefix_override:/usr/lib/python3/dist-packages/colcon_core/task/python/colcon_distutils_commands:/home/kisangpark/lab_training/install/week3/lib/python3.10/site-packages:${PYTHONPATH} /usr/bin/python3 -W ignore:setup.py install is deprecated -W ignore:easy_install command is deprecated setup.py egg_info --egg-base ../../build/week3 build --build-base /home/kisangpark/lab_training/build/week3/build install --record /home/kisangpark/lab_training/build/week3/install.log --single-version-externally-managed install_data
