[0.121s] Invoking command in '/home/kisangpark/lab_training/build/turtlebot3_cartographer': CMAKE_PREFIX_PATH=${CMAKE_PREFIX_PATH}:/home/kisangpark/lab_training/install/week3:/home/kisangpark/lab_training/install/turtlebot3_teleop:/home/kisangpark/lab_training/install/turtlebot3_example:/home/kisangpark/lab_training/install/SLAM:/opt/ros/humble /usr/bin/cmake --build /home/kisangpark/lab_training/build/turtlebot3_cartographer -- -j2 -l2
[0.445s] Invoked command in '/home/kisangpark/lab_training/build/turtlebot3_cartographer' returned '0': CMAKE_PREFIX_PATH=${CMAKE_PREFIX_PATH}:/home/kisangpark/lab_training/install/week3:/home/kisangpark/lab_training/install/turtlebot3_teleop:/home/kisangpark/lab_training/install/turtlebot3_example:/home/kisangpark/lab_training/install/SLAM:/opt/ros/humble /usr/bin/cmake --build /home/kisangpark/lab_training/build/turtlebot3_cartographer -- -j2 -l2
[0.457s] Invoking command in '/home/kisangpark/lab_training/build/turtlebot3_cartographer': CMAKE_PREFIX_PATH=${CMAKE_PREFIX_PATH}:/home/kisangpark/lab_training/install/week3:/home/kisangpark/lab_training/install/turtlebot3_teleop:/home/kisangpark/lab_training/install/turtlebot3_example:/home/kisangpark/lab_training/install/SLAM:/opt/ros/humble /usr/bin/cmake --install /home/kisangpark/lab_training/build/turtlebot3_cartographer
[0.530s] -- Install configuration: ""
[0.534s] -- Execute custom install script
[0.539s] -- Up-to-date symlink: /home/kisangpark/lab_training/install/turtlebot3_cartographer/share/turtlebot3_cartographer/config/turtlebot3_lds_2d.lua
[0.540s] -- Up-to-date symlink: /home/kisangpark/lab_training/install/turtlebot3_cartographer/share/turtlebot3_cartographer/launch/cartographer.launch.py
[0.541s] -- Up-to-date symlink: /home/kisangpark/lab_training/install/turtlebot3_cartographer/share/turtlebot3_cartographer/launch/occupancy_grid.launch.py
[0.543s] -- Up-to-date symlink: /home/kisangpark/lab_training/install/turtlebot3_cartographer/share/turtlebot3_cartographer/rviz/tb3_cartographer.rviz
[0.546s] -- Up-to-date symlink: /home/kisangpark/lab_training/install/turtlebot3_cartographer/share/ament_index/resource_index/package_run_dependencies/turtlebot3_cartographer
[0.548s] -- Up-to-date symlink: /home/kisangpark/lab_training/install/turtlebot3_cartographer/share/ament_index/resource_index/parent_prefix_path/turtlebot3_cartographer
[0.550s] -- Up-to-date symlink: /home/kisangpark/lab_training/install/turtlebot3_cartographer/share/turtlebot3_cartographer/environment/ament_prefix_path.sh
[0.556s] -- Up-to-date symlink: /home/kisangpark/lab_training/install/turtlebot3_cartographer/share/turtlebot3_cartographer/environment/ament_prefix_path.dsv
[0.557s] -- Up-to-date symlink: /home/kisangpark/lab_training/install/turtlebot3_cartographer/share/turtlebot3_cartographer/environment/path.sh
[0.562s] -- Up-to-date symlink: /home/kisangpark/lab_training/install/turtlebot3_cartographer/share/turtlebot3_cartographer/environment/path.dsv
[0.565s] -- Up-to-date symlink: /home/kisangpark/lab_training/install/turtlebot3_cartographer/share/turtlebot3_cartographer/local_setup.bash
[0.569s] -- Up-to-date symlink: /home/kisangpark/lab_training/install/turtlebot3_cartographer/share/turtlebot3_cartographer/local_setup.sh
[0.573s] -- Up-to-date symlink: /home/kisangpark/lab_training/install/turtlebot3_cartographer/share/turtlebot3_cartographer/local_setup.zsh
[0.574s] -- Up-to-date symlink: /home/kisangpark/lab_training/install/turtlebot3_cartographer/share/turtlebot3_cartographer/local_setup.dsv
[0.576s] -- Symlinking: /home/kisangpark/lab_training/install/turtlebot3_cartographer/share/turtlebot3_cartographer/package.dsv
[0.620s] -- Up-to-date symlink: /home/kisangpark/lab_training/install/turtlebot3_cartographer/share/ament_index/resource_index/packages/turtlebot3_cartographer
[0.621s] -- Up-to-date symlink: /home/kisangpark/lab_training/install/turtlebot3_cartographer/share/turtlebot3_cartographer/cmake/turtlebot3_cartographerConfig.cmake
[0.621s] -- Up-to-date symlink: /home/kisangpark/lab_training/install/turtlebot3_cartographer/share/turtlebot3_cartographer/cmake/turtlebot3_cartographerConfig-version.cmake
[0.623s] -- Up-to-date symlink: /home/kisangpark/lab_training/install/turtlebot3_cartographer/share/turtlebot3_cartographer/package.xml
[0.645s] Invoked command in '/home/kisangpark/lab_training/build/turtlebot3_cartographer' returned '0': CMAKE_PREFIX_PATH=${CMAKE_PREFIX_PATH}:/home/kisangpark/lab_training/install/week3:/home/kisangpark/lab_training/install/turtlebot3_teleop:/home/kisangpark/lab_training/install/turtlebot3_example:/home/kisangpark/lab_training/install/SLAM:/opt/ros/humble /usr/bin/cmake --install /home/kisangpark/lab_training/build/turtlebot3_cartographer
