[0.076s] Invoking command in '/home/kisangpark/lab_training/build/turtlebot3_bringup': CMAKE_PREFIX_PATH=/home/kisangpark/lab_training/install/turtlebot3_node:/home/kisangpark/lab_training/install/turtlebot3_msgs:/home/kisangpark/lab_training/install/turtlebot3_description:/home/kisangpark/lab_training/install/turtlebot3:/home/kisangpark/lab_training/install/turtlebot3_simulations:/home/kisangpark/lab_training/install/turtlebot3_bringup:/home/kisangpark/lab_training/install/turtlebot3_navigation2:/home/kisangpark/lab_training/install/turtlebot3_fake_node:/home/kisangpark/lab_training/install/turtlebot3_gazebo:/home/kisangpark/lab_training/install/turtlebot3_cartographer:/home/kisangpark/lab_training/install/week3:/home/kisangpark/lab_training/install/turtlebot3_teleop:/home/kisangpark/lab_training/install/turtlebot3_example:/home/kisangpark/lab_training/install/SLAM:/opt/ros/humble /usr/bin/cmake --build /home/kisangpark/lab_training/build/turtlebot3_bringup -- -j2 -l2
[0.332s] Invoked command in '/home/kisangpark/lab_training/build/turtlebot3_bringup' returned '0': CMAKE_PREFIX_PATH=/home/kisangpark/lab_training/install/turtlebot3_node:/home/kisangpark/lab_training/install/turtlebot3_msgs:/home/kisangpark/lab_training/install/turtlebot3_description:/home/kisangpark/lab_training/install/turtlebot3:/home/kisangpark/lab_training/install/turtlebot3_simulations:/home/kisangpark/lab_training/install/turtlebot3_bringup:/home/kisangpark/lab_training/install/turtlebot3_navigation2:/home/kisangpark/lab_training/install/turtlebot3_fake_node:/home/kisangpark/lab_training/install/turtlebot3_gazebo:/home/kisangpark/lab_training/install/turtlebot3_cartographer:/home/kisangpark/lab_training/install/week3:/home/kisangpark/lab_training/install/turtlebot3_teleop:/home/kisangpark/lab_training/install/turtlebot3_example:/home/kisangpark/lab_training/install/SLAM:/opt/ros/humble /usr/bin/cmake --build /home/kisangpark/lab_training/build/turtlebot3_bringup -- -j2 -l2
[0.345s] Invoking command in '/home/kisangpark/lab_training/build/turtlebot3_bringup': CMAKE_PREFIX_PATH=/home/kisangpark/lab_training/install/turtlebot3_node:/home/kisangpark/lab_training/install/turtlebot3_msgs:/home/kisangpark/lab_training/install/turtlebot3_description:/home/kisangpark/lab_training/install/turtlebot3:/home/kisangpark/lab_training/install/turtlebot3_simulations:/home/kisangpark/lab_training/install/turtlebot3_bringup:/home/kisangpark/lab_training/install/turtlebot3_navigation2:/home/kisangpark/lab_training/install/turtlebot3_fake_node:/home/kisangpark/lab_training/install/turtlebot3_gazebo:/home/kisangpark/lab_training/install/turtlebot3_cartographer:/home/kisangpark/lab_training/install/week3:/home/kisangpark/lab_training/install/turtlebot3_teleop:/home/kisangpark/lab_training/install/turtlebot3_example:/home/kisangpark/lab_training/install/SLAM:/opt/ros/humble /usr/bin/cmake --install /home/kisangpark/lab_training/build/turtlebot3_bringup
[0.441s] -- Install configuration: ""
[0.453s] -- Execute custom install script
[0.456s] -- Up-to-date symlink: /home/kisangpark/lab_training/install/turtlebot3_bringup/share/turtlebot3_bringup/launch/robot.launch.py
[0.462s] -- Up-to-date symlink: /home/kisangpark/lab_training/install/turtlebot3_bringup/share/turtlebot3_bringup/launch/rviz2.launch.py
[0.463s] -- Up-to-date symlink: /home/kisangpark/lab_training/install/turtlebot3_bringup/share/turtlebot3_bringup/launch/turtlebot3_state_publisher.launch.py
[0.464s] -- Up-to-date symlink: /home/kisangpark/lab_training/install/turtlebot3_bringup/share/turtlebot3_bringup/param/burger.yaml
[0.466s] -- Up-to-date symlink: /home/kisangpark/lab_training/install/turtlebot3_bringup/share/turtlebot3_bringup/param/waffle.yaml
[0.468s] -- Up-to-date symlink: /home/kisangpark/lab_training/install/turtlebot3_bringup/share/turtlebot3_bringup/param/waffle_pi.yaml
[0.469s] -- Up-to-date symlink: /home/kisangpark/lab_training/install/turtlebot3_bringup/share/turtlebot3_bringup/script/99-turtlebot3-cdc.rules
[0.471s] -- Up-to-date symlink: /home/kisangpark/lab_training/install/turtlebot3_bringup/share/turtlebot3_bringup/script/create_udev_rules
[0.480s] -- Up-to-date symlink: /home/kisangpark/lab_training/install/turtlebot3_bringup/share/ament_index/resource_index/package_run_dependencies/turtlebot3_bringup
[0.484s] -- Up-to-date symlink: /home/kisangpark/lab_training/install/turtlebot3_bringup/share/ament_index/resource_index/parent_prefix_path/turtlebot3_bringup
[0.495s] -- Up-to-date symlink: /home/kisangpark/lab_training/install/turtlebot3_bringup/share/turtlebot3_bringup/environment/ament_prefix_path.sh
[0.496s] -- Up-to-date symlink: /home/kisangpark/lab_training/install/turtlebot3_bringup/share/turtlebot3_bringup/environment/ament_prefix_path.dsv
[0.501s] -- Up-to-date symlink: /home/kisangpark/lab_training/install/turtlebot3_bringup/share/turtlebot3_bringup/environment/path.sh
[0.502s] -- Up-to-date symlink: /home/kisangpark/lab_training/install/turtlebot3_bringup/share/turtlebot3_bringup/environment/path.dsv
[0.504s] -- Up-to-date symlink: /home/kisangpark/lab_training/install/turtlebot3_bringup/share/turtlebot3_bringup/local_setup.bash
[0.509s] -- Up-to-date symlink: /home/kisangpark/lab_training/install/turtlebot3_bringup/share/turtlebot3_bringup/local_setup.sh
[0.509s] -- Up-to-date symlink: /home/kisangpark/lab_training/install/turtlebot3_bringup/share/turtlebot3_bringup/local_setup.zsh
[0.520s] -- Up-to-date symlink: /home/kisangpark/lab_training/install/turtlebot3_bringup/share/turtlebot3_bringup/local_setup.dsv
[0.521s] -- Symlinking: /home/kisangpark/lab_training/install/turtlebot3_bringup/share/turtlebot3_bringup/package.dsv
[0.637s] -- Up-to-date symlink: /home/kisangpark/lab_training/install/turtlebot3_bringup/share/ament_index/resource_index/packages/turtlebot3_bringup
[0.641s] -- Up-to-date symlink: /home/kisangpark/lab_training/install/turtlebot3_bringup/share/turtlebot3_bringup/cmake/turtlebot3_bringupConfig.cmake
[0.659s] -- Up-to-date symlink: /home/kisangpark/lab_training/install/turtlebot3_bringup/share/turtlebot3_bringup/cmake/turtlebot3_bringupConfig-version.cmake
[0.660s] -- Up-to-date symlink: /home/kisangpark/lab_training/install/turtlebot3_bringup/share/turtlebot3_bringup/package.xml
[0.669s] Invoked command in '/home/kisangpark/lab_training/build/turtlebot3_bringup' returned '0': CMAKE_PREFIX_PATH=/home/kisangpark/lab_training/install/turtlebot3_node:/home/kisangpark/lab_training/install/turtlebot3_msgs:/home/kisangpark/lab_training/install/turtlebot3_description:/home/kisangpark/lab_training/install/turtlebot3:/home/kisangpark/lab_training/install/turtlebot3_simulations:/home/kisangpark/lab_training/install/turtlebot3_bringup:/home/kisangpark/lab_training/install/turtlebot3_navigation2:/home/kisangpark/lab_training/install/turtlebot3_fake_node:/home/kisangpark/lab_training/install/turtlebot3_gazebo:/home/kisangpark/lab_training/install/turtlebot3_cartographer:/home/kisangpark/lab_training/install/week3:/home/kisangpark/lab_training/install/turtlebot3_teleop:/home/kisangpark/lab_training/install/turtlebot3_example:/home/kisangpark/lab_training/install/SLAM:/opt/ros/humble /usr/bin/cmake --install /home/kisangpark/lab_training/build/turtlebot3_bringup
