[1.766s] Invoking command in '/home/kisangpark/lab_training/src/week3': PYTHONPATH=/home/kisangpark/lab_training/build/week3/prefix_override:/usr/lib/python3/dist-packages/colcon_core/task/python/colcon_distutils_commands:/home/kisangpark/lab_training/install/week3/lib/python3.10/site-packages:${PYTHONPATH} /usr/bin/python3 -W ignore:setup.py install is deprecated -W ignore:easy_install command is deprecated setup.py egg_info --egg-base ../../build/week3 build --build-base /home/kisangpark/lab_training/build/week3/build install --record /home/kisangpark/lab_training/build/week3/install.log --single-version-externally-managed install_data
[2.288s] running egg_info
[2.333s] writing ../../build/week3/week3.egg-info/PKG-INFO
[2.333s] writing dependency_links to ../../build/week3/week3.egg-info/dependency_links.txt
[2.335s] writing entry points to ../../build/week3/week3.egg-info/entry_points.txt
[2.335s] writing requirements to ../../build/week3/week3.egg-info/requires.txt
[2.336s] writing top-level names to ../../build/week3/week3.egg-info/top_level.txt
[2.436s] reading manifest file '../../build/week3/week3.egg-info/SOURCES.txt'
[2.438s] writing manifest file '../../build/week3/week3.egg-info/SOURCES.txt'
[2.439s] running build
[2.439s] running build_py
[2.439s] copying week3/pure_pursuit.py -> /home/kisangpark/lab_training/build/week3/build/lib/week3
[2.439s] copying week3/save_costmap.py -> /home/kisangpark/lab_training/build/week3/build/lib/week3
[2.440s] copying week3/__init__.py -> /home/kisangpark/lab_training/build/week3/build/lib/week3
[2.440s] copying week3/RRT_star.py -> /home/kisangpark/lab_training/build/week3/build/lib/week3
[2.440s] running install
[2.454s] running install_lib
[2.492s] copying /home/kisangpark/lab_training/build/week3/build/lib/week3/RRT_star.py -> /home/kisangpark/lab_training/install/week3/lib/python3.10/site-packages/week3
[2.494s] byte-compiling /home/kisangpark/lab_training/install/week3/lib/python3.10/site-packages/week3/RRT_star.py to RRT_star.cpython-310.pyc
[2.498s] running install_data
[2.498s] copying resource/week3 -> /home/kisangpark/lab_training/install/week3/share/ament_index/resource_index/packages
[2.498s] copying package.xml -> /home/kisangpark/lab_training/install/week3/share/week3
[2.499s] running install_egg_info
[2.604s] removing '/home/kisangpark/lab_training/install/week3/lib/python3.10/site-packages/week3-0.0.0-py3.10.egg-info' (and everything under it)
[2.606s] Copying ../../build/week3/week3.egg-info to /home/kisangpark/lab_training/install/week3/lib/python3.10/site-packages/week3-0.0.0-py3.10.egg-info
[2.609s] running install_scripts
[3.106s] Installing rrt_star script to /home/kisangpark/lab_training/install/week3/lib/week3
[3.106s] Installing save_costmap script to /home/kisangpark/lab_training/install/week3/lib/week3
[3.107s] writing list of installed files to '/home/kisangpark/lab_training/build/week3/install.log'
[3.193s] Invoked command in '/home/kisangpark/lab_training/src/week3' returned '0': PYTHONPATH=/home/kisangpark/lab_training/build/week3/prefix_override:/usr/lib/python3/dist-packages/colcon_core/task/python/colcon_distutils_commands:/home/kisangpark/lab_training/install/week3/lib/python3.10/site-packages:${PYTHONPATH} /usr/bin/python3 -W ignore:setup.py install is deprecated -W ignore:easy_install command is deprecated setup.py egg_info --egg-base ../../build/week3 build --build-base /home/kisangpark/lab_training/build/week3/build install --record /home/kisangpark/lab_training/build/week3/install.log --single-version-externally-managed install_data
