[5.934s] Invoking command in '/home/kisangpark/lab_training/src/week3': PYTHONPATH=/home/kisangpark/lab_training/build/week3/prefix_override:/usr/lib/python3/dist-packages/colcon_core/task/python/colcon_distutils_commands:/home/kisangpark/lab_training/install/week3/lib/python3.10/site-packages:${PYTHONPATH} /usr/bin/python3 -W ignore:setup.py install is deprecated -W ignore:easy_install command is deprecated setup.py egg_info --egg-base ../../build/week3 build --build-base /home/kisangpark/lab_training/build/week3/build install --record /home/kisangpark/lab_training/build/week3/install.log --single-version-externally-managed install_data
[7.208s] running egg_info
[7.291s] writing ../../build/week3/week3.egg-info/PKG-INFO
[7.295s] writing dependency_links to ../../build/week3/week3.egg-info/dependency_links.txt
[7.295s] writing entry points to ../../build/week3/week3.egg-info/entry_points.txt
[7.296s] writing requirements to ../../build/week3/week3.egg-info/requires.txt
[7.298s] writing top-level names to ../../build/week3/week3.egg-info/top_level.txt
[7.489s] reading manifest file '../../build/week3/week3.egg-info/SOURCES.txt'
[7.494s] writing manifest file '../../build/week3/week3.egg-info/SOURCES.txt'
[7.495s] running build
[7.495s] running build_py
[7.496s] copying week3/RRT_star_2.py -> /home/kisangpark/lab_training/build/week3/build/lib/week3
[7.509s] copying week3/pure_pursuit.py -> /home/kisangpark/lab_training/build/week3/build/lib/week3
[7.512s] copying week3/save_costmap.py -> /home/kisangpark/lab_training/build/week3/build/lib/week3
[7.513s] copying week3/__init__.py -> /home/kisangpark/lab_training/build/week3/build/lib/week3
[7.514s] copying week3/RRT_star.py -> /home/kisangpark/lab_training/build/week3/build/lib/week3
[7.517s] running install
[7.542s] running install_lib
[7.634s] copying /home/kisangpark/lab_training/build/week3/build/lib/week3/RRT_star_2.py -> /home/kisangpark/lab_training/install/week3/lib/python3.10/site-packages/week3
[7.637s] byte-compiling /home/kisangpark/lab_training/install/week3/lib/python3.10/site-packages/week3/RRT_star_2.py to RRT_star_2.cpython-310.pyc
[7.650s] running install_data
[7.650s] copying resource/week3 -> /home/kisangpark/lab_training/install/week3/share/ament_index/resource_index/packages
[7.653s] copying package.xml -> /home/kisangpark/lab_training/install/week3/share/week3
[7.655s] copying launch/turtlebot.launch.py -> /home/kisangpark/lab_training/install/week3/share/week3/launch
[7.657s] running install_egg_info
[7.740s] removing '/home/kisangpark/lab_training/install/week3/lib/python3.10/site-packages/week3-0.0.0-py3.10.egg-info' (and everything under it)
[7.746s] Copying ../../build/week3/week3.egg-info to /home/kisangpark/lab_training/install/week3/lib/python3.10/site-packages/week3-0.0.0-py3.10.egg-info
[7.751s] running install_scripts
[8.508s] Installing pure_pursuit script to /home/kisangpark/lab_training/install/week3/lib/week3
[8.521s] Installing rrt_star script to /home/kisangpark/lab_training/install/week3/lib/week3
[8.522s] Installing rrt_star_2 script to /home/kisangpark/lab_training/install/week3/lib/week3
[8.524s] Installing save_costmap script to /home/kisangpark/lab_training/install/week3/lib/week3
[8.525s] writing list of installed files to '/home/kisangpark/lab_training/build/week3/install.log'
[8.628s] Invoked command in '/home/kisangpark/lab_training/src/week3' returned '0': PYTHONPATH=/home/kisangpark/lab_training/build/week3/prefix_override:/usr/lib/python3/dist-packages/colcon_core/task/python/colcon_distutils_commands:/home/kisangpark/lab_training/install/week3/lib/python3.10/site-packages:${PYTHONPATH} /usr/bin/python3 -W ignore:setup.py install is deprecated -W ignore:easy_install command is deprecated setup.py egg_info --egg-base ../../build/week3 build --build-base /home/kisangpark/lab_training/build/week3/build install --record /home/kisangpark/lab_training/build/week3/install.log --single-version-externally-managed install_data
