[4.282s] Invoking command in '/home/kisangpark/lab_training/src/week3': PYTHONPATH=/home/kisangpark/lab_training/build/week3/prefix_override:/usr/lib/python3/dist-packages/colcon_core/task/python/colcon_distutils_commands:/home/kisangpark/lab_training/install/week3/lib/python3.10/site-packages:${PYTHONPATH} /usr/bin/python3 -W ignore:setup.py install is deprecated -W ignore:easy_install command is deprecated setup.py egg_info --egg-base ../../build/week3 build --build-base /home/kisangpark/lab_training/build/week3/build install --record /home/kisangpark/lab_training/build/week3/install.log --single-version-externally-managed install_data
[5.641s] running egg_info
[5.715s] writing ../../build/week3/week3.egg-info/PKG-INFO
[5.718s] writing dependency_links to ../../build/week3/week3.egg-info/dependency_links.txt
[5.721s] writing entry points to ../../build/week3/week3.egg-info/entry_points.txt
[5.724s] writing requirements to ../../build/week3/week3.egg-info/requires.txt
[5.727s] writing top-level names to ../../build/week3/week3.egg-info/top_level.txt
[5.887s] reading manifest file '../../build/week3/week3.egg-info/SOURCES.txt'
[5.891s] writing manifest file '../../build/week3/week3.egg-info/SOURCES.txt'
[5.892s] running build
[5.892s] running build_py
[5.894s] copying week3/RRT_star_2.py -> /home/kisangpark/lab_training/build/week3/build/lib/week3
[5.895s] copying week3/pure_pursuit.py -> /home/kisangpark/lab_training/build/week3/build/lib/week3
[5.897s] copying week3/save_costmap.py -> /home/kisangpark/lab_training/build/week3/build/lib/week3
[5.898s] copying week3/__init__.py -> /home/kisangpark/lab_training/build/week3/build/lib/week3
[5.899s] copying week3/RRT_star.py -> /home/kisangpark/lab_training/build/week3/build/lib/week3
[5.901s] running install
[5.924s] running install_lib
[6.023s] copying /home/kisangpark/lab_training/build/week3/build/lib/week3/RRT_star_2.py -> /home/kisangpark/lab_training/install/week3/lib/python3.10/site-packages/week3
[6.028s] byte-compiling /home/kisangpark/lab_training/install/week3/lib/python3.10/site-packages/week3/RRT_star_2.py to RRT_star_2.cpython-310.pyc
[6.037s] running install_data
[6.038s] copying resource/week3 -> /home/kisangpark/lab_training/install/week3/share/ament_index/resource_index/packages
[6.038s] copying package.xml -> /home/kisangpark/lab_training/install/week3/share/week3
[6.039s] copying launch/turtlebot.launch.py -> /home/kisangpark/lab_training/install/week3/share/week3/launch
[6.040s] running install_egg_info
[6.123s] removing '/home/kisangpark/lab_training/install/week3/lib/python3.10/site-packages/week3-0.0.0-py3.10.egg-info' (and everything under it)
[6.124s] Copying ../../build/week3/week3.egg-info to /home/kisangpark/lab_training/install/week3/lib/python3.10/site-packages/week3-0.0.0-py3.10.egg-info
[6.128s] running install_scripts
[6.845s] Installing pure_pursuit script to /home/kisangpark/lab_training/install/week3/lib/week3
[6.846s] Installing rrt_star script to /home/kisangpark/lab_training/install/week3/lib/week3
[6.848s] Installing rrt_star_2 script to /home/kisangpark/lab_training/install/week3/lib/week3
[6.850s] Installing save_costmap script to /home/kisangpark/lab_training/install/week3/lib/week3
[6.854s] writing list of installed files to '/home/kisangpark/lab_training/build/week3/install.log'
[6.976s] Invoked command in '/home/kisangpark/lab_training/src/week3' returned '0': PYTHONPATH=/home/kisangpark/lab_training/build/week3/prefix_override:/usr/lib/python3/dist-packages/colcon_core/task/python/colcon_distutils_commands:/home/kisangpark/lab_training/install/week3/lib/python3.10/site-packages:${PYTHONPATH} /usr/bin/python3 -W ignore:setup.py install is deprecated -W ignore:easy_install command is deprecated setup.py egg_info --egg-base ../../build/week3 build --build-base /home/kisangpark/lab_training/build/week3/build install --record /home/kisangpark/lab_training/build/week3/install.log --single-version-externally-managed install_data
