[0.016s] Invoking command in '/home/kisangpark/lab_training/build/turtlebot3_fake_node': AMENT_PREFIX_PATH=/home/kisangpark/lab_training/install/turtlebot3_msgs:${AMENT_PREFIX_PATH} CMAKE_PREFIX_PATH=/home/kisangpark/lab_training/install/turtlebot3_msgs:/opt/ros/humble LD_LIBRARY_PATH=/home/kisangpark/lab_training/install/turtlebot3_msgs/lib:${LD_LIBRARY_PATH} PYTHONPATH=/home/kisangpark/lab_training/install/turtlebot3_msgs/local/lib/python3.10/dist-packages:${PYTHONPATH} /usr/bin/cmake /home/kisangpark/lab_training/src/turtlebot3_simulations/turtlebot3_fake_node -DAMENT_CMAKE_SYMLINK_INSTALL=1 -DCMAKE_INSTALL_PREFIX=/home/kisangpark/lab_training/install/turtlebot3_fake_node
[0.139s] -- The C compiler identification is GNU 11.4.0
[0.256s] -- The CXX compiler identification is GNU 11.4.0
[0.264s] -- Detecting C compiler ABI info
[0.382s] -- Detecting C compiler ABI info - done
[0.397s] -- Check for working C compiler: /usr/bin/cc - skipped
[0.398s] -- Detecting C compile features
[0.399s] -- Detecting C compile features - done
[0.405s] -- Detecting CXX compiler ABI info
[0.591s] -- Detecting CXX compiler ABI info - done
[0.608s] -- Check for working CXX compiler: /usr/bin/c++ - skipped
[0.608s] -- Detecting CXX compile features
[0.611s] -- Detecting CXX compile features - done
[0.614s] -- Found ament_cmake: 1.3.10 (/opt/ros/humble/share/ament_cmake/cmake)
[1.901s] -- Found Python3: /usr/bin/python3 (found version "3.10.12") found components: Interpreter 
[2.090s] -- Override CMake install command with custom implementation using symlinks instead of copying resources
[2.150s] -- Found geometry_msgs: 4.2.4 (/opt/ros/humble/share/geometry_msgs/cmake)
[2.216s] -- Found rosidl_generator_c: 3.1.5 (/opt/ros/humble/share/rosidl_generator_c/cmake)
[2.227s] -- Found rosidl_adapter: 3.1.5 (/opt/ros/humble/share/rosidl_adapter/cmake)
[2.248s] -- Found rosidl_generator_cpp: 3.1.5 (/opt/ros/humble/share/rosidl_generator_cpp/cmake)
[2.272s] -- Using all available rosidl_typesupport_c: rosidl_typesupport_fastrtps_c;rosidl_typesupport_introspection_c
[2.304s] -- Using all available rosidl_typesupport_cpp: rosidl_typesupport_fastrtps_cpp;rosidl_typesupport_introspection_cpp
[2.394s] -- Found nav_msgs: 4.2.4 (/opt/ros/humble/share/nav_msgs/cmake)
[2.457s] -- Found rclcpp: 16.0.10 (/opt/ros/humble/share/rclcpp/cmake)
[2.535s] -- Found rmw_implementation_cmake: 6.1.2 (/opt/ros/humble/share/rmw_implementation_cmake/cmake)
[2.538s] -- Found rmw_fastrtps_cpp: 6.2.7 (/opt/ros/humble/share/rmw_fastrtps_cpp/cmake)
[2.726s] -- Found OpenSSL: /usr/lib/x86_64-linux-gnu/libcrypto.so (found version "3.0.2")  
[2.789s] -- Found FastRTPS: /opt/ros/humble/include  
[2.859s] -- Using RMW implementation 'rmw_fastrtps_cpp' as default
[2.867s] -- Looking for pthread.h
[3.018s] -- Looking for pthread.h - found
[3.018s] -- Performing Test CMAKE_HAVE_LIBC_PTHREAD
[3.176s] -- Performing Test CMAKE_HAVE_LIBC_PTHREAD - Success
[3.180s] -- Found Threads: TRUE  
[3.290s] -- Found sensor_msgs: 4.2.4 (/opt/ros/humble/share/sensor_msgs/cmake)
[3.324s] -- Found tf2: 0.25.8 (/opt/ros/humble/share/tf2/cmake)
[3.346s] -- Found tf2_msgs: 0.25.8 (/opt/ros/humble/share/tf2_msgs/cmake)
[3.485s] -- Found turtlebot3_msgs: 2.2.3 (/home/kisangpark/lab_training/install/turtlebot3_msgs/share/turtlebot3_msgs/cmake)
[3.643s] -- Configuring done
[3.694s] -- Generating done
[3.714s] -- Build files have been written to: /home/kisangpark/lab_training/build/turtlebot3_fake_node
[3.737s] Invoked command in '/home/kisangpark/lab_training/build/turtlebot3_fake_node' returned '0': AMENT_PREFIX_PATH=/home/kisangpark/lab_training/install/turtlebot3_msgs:${AMENT_PREFIX_PATH} CMAKE_PREFIX_PATH=/home/kisangpark/lab_training/install/turtlebot3_msgs:/opt/ros/humble LD_LIBRARY_PATH=/home/kisangpark/lab_training/install/turtlebot3_msgs/lib:${LD_LIBRARY_PATH} PYTHONPATH=/home/kisangpark/lab_training/install/turtlebot3_msgs/local/lib/python3.10/dist-packages:${PYTHONPATH} /usr/bin/cmake /home/kisangpark/lab_training/src/turtlebot3_simulations/turtlebot3_fake_node -DAMENT_CMAKE_SYMLINK_INSTALL=1 -DCMAKE_INSTALL_PREFIX=/home/kisangpark/lab_training/install/turtlebot3_fake_node
[3.744s] Invoking command in '/home/kisangpark/lab_training/build/turtlebot3_fake_node': AMENT_PREFIX_PATH=/home/kisangpark/lab_training/install/turtlebot3_msgs:${AMENT_PREFIX_PATH} CMAKE_PREFIX_PATH=/home/kisangpark/lab_training/install/turtlebot3_msgs:/opt/ros/humble LD_LIBRARY_PATH=/home/kisangpark/lab_training/install/turtlebot3_msgs/lib:${LD_LIBRARY_PATH} PYTHONPATH=/home/kisangpark/lab_training/install/turtlebot3_msgs/local/lib/python3.10/dist-packages:${PYTHONPATH} /usr/bin/cmake --build /home/kisangpark/lab_training/build/turtlebot3_fake_node -- -j2 -l2
[3.845s] [ 50%] [32mBuilding CXX object CMakeFiles/turtlebot3_fake_node.dir/src/turtlebot3_fake_node.cpp.o[0m
[28.822s] [100%] [32m[1mLinking CXX executable turtlebot3_fake_node[0m
[30.300s] [100%] Built target turtlebot3_fake_node
[30.323s] Invoked command in '/home/kisangpark/lab_training/build/turtlebot3_fake_node' returned '0': AMENT_PREFIX_PATH=/home/kisangpark/lab_training/install/turtlebot3_msgs:${AMENT_PREFIX_PATH} CMAKE_PREFIX_PATH=/home/kisangpark/lab_training/install/turtlebot3_msgs:/opt/ros/humble LD_LIBRARY_PATH=/home/kisangpark/lab_training/install/turtlebot3_msgs/lib:${LD_LIBRARY_PATH} PYTHONPATH=/home/kisangpark/lab_training/install/turtlebot3_msgs/local/lib/python3.10/dist-packages:${PYTHONPATH} /usr/bin/cmake --build /home/kisangpark/lab_training/build/turtlebot3_fake_node -- -j2 -l2
[30.327s] Invoking command in '/home/kisangpark/lab_training/build/turtlebot3_fake_node': AMENT_PREFIX_PATH=/home/kisangpark/lab_training/install/turtlebot3_msgs:${AMENT_PREFIX_PATH} CMAKE_PREFIX_PATH=/home/kisangpark/lab_training/install/turtlebot3_msgs:/opt/ros/humble LD_LIBRARY_PATH=/home/kisangpark/lab_training/install/turtlebot3_msgs/lib:${LD_LIBRARY_PATH} PYTHONPATH=/home/kisangpark/lab_training/install/turtlebot3_msgs/local/lib/python3.10/dist-packages:${PYTHONPATH} /usr/bin/cmake --install /home/kisangpark/lab_training/build/turtlebot3_fake_node
[30.356s] -- Install configuration: ""
[30.357s] -- Execute custom install script
[30.358s] -- Symlinking: /home/kisangpark/lab_training/install/turtlebot3_fake_node/lib/turtlebot3_fake_node/turtlebot3_fake_node
[30.380s] -- Symlinking: /home/kisangpark/lab_training/install/turtlebot3_fake_node/share/turtlebot3_fake_node/launch/rviz2.launch.py
[30.406s] -- Symlinking: /home/kisangpark/lab_training/install/turtlebot3_fake_node/share/turtlebot3_fake_node/launch/turtlebot3_fake_node.launch.py
[30.421s] -- Symlinking: /home/kisangpark/lab_training/install/turtlebot3_fake_node/share/turtlebot3_fake_node/param/burger.yaml
[30.438s] -- Symlinking: /home/kisangpark/lab_training/install/turtlebot3_fake_node/share/turtlebot3_fake_node/param/waffle.yaml
[30.456s] -- Symlinking: /home/kisangpark/lab_training/install/turtlebot3_fake_node/share/turtlebot3_fake_node/param/waffle_pi.yaml
[30.475s] -- Symlinking: /home/kisangpark/lab_training/install/turtlebot3_fake_node/include//turtlebot3_fake_node/turtlebot3_fake_node.hpp
[30.491s] -- Symlinking: /home/kisangpark/lab_training/install/turtlebot3_fake_node/share/ament_index/resource_index/package_run_dependencies/turtlebot3_fake_node
[30.504s] -- Symlinking: /home/kisangpark/lab_training/install/turtlebot3_fake_node/share/ament_index/resource_index/parent_prefix_path/turtlebot3_fake_node
[30.521s] -- Symlinking: /home/kisangpark/lab_training/install/turtlebot3_fake_node/share/turtlebot3_fake_node/environment/ament_prefix_path.sh
[30.535s] -- Symlinking: /home/kisangpark/lab_training/install/turtlebot3_fake_node/share/turtlebot3_fake_node/environment/ament_prefix_path.dsv
[30.552s] -- Symlinking: /home/kisangpark/lab_training/install/turtlebot3_fake_node/share/turtlebot3_fake_node/environment/path.sh
[30.567s] -- Symlinking: /home/kisangpark/lab_training/install/turtlebot3_fake_node/share/turtlebot3_fake_node/environment/path.dsv
[30.583s] -- Symlinking: /home/kisangpark/lab_training/install/turtlebot3_fake_node/share/turtlebot3_fake_node/local_setup.bash
[30.598s] -- Symlinking: /home/kisangpark/lab_training/install/turtlebot3_fake_node/share/turtlebot3_fake_node/local_setup.sh
[30.622s] -- Symlinking: /home/kisangpark/lab_training/install/turtlebot3_fake_node/share/turtlebot3_fake_node/local_setup.zsh
[30.638s] -- Symlinking: /home/kisangpark/lab_training/install/turtlebot3_fake_node/share/turtlebot3_fake_node/local_setup.dsv
[30.661s] -- Symlinking: /home/kisangpark/lab_training/install/turtlebot3_fake_node/share/turtlebot3_fake_node/package.dsv
[30.698s] -- Symlinking: /home/kisangpark/lab_training/install/turtlebot3_fake_node/share/ament_index/resource_index/packages/turtlebot3_fake_node
[30.724s] -- Symlinking: /home/kisangpark/lab_training/install/turtlebot3_fake_node/share/turtlebot3_fake_node/cmake/ament_cmake_export_include_directories-extras.cmake
[30.750s] -- Symlinking: /home/kisangpark/lab_training/install/turtlebot3_fake_node/share/turtlebot3_fake_node/cmake/ament_cmake_export_dependencies-extras.cmake
[30.777s] -- Symlinking: /home/kisangpark/lab_training/install/turtlebot3_fake_node/share/turtlebot3_fake_node/cmake/turtlebot3_fake_nodeConfig.cmake
[30.794s] -- Symlinking: /home/kisangpark/lab_training/install/turtlebot3_fake_node/share/turtlebot3_fake_node/cmake/turtlebot3_fake_nodeConfig-version.cmake
[30.812s] -- Symlinking: /home/kisangpark/lab_training/install/turtlebot3_fake_node/share/turtlebot3_fake_node/package.xml
[30.848s] Invoked command in '/home/kisangpark/lab_training/build/turtlebot3_fake_node' returned '0': AMENT_PREFIX_PATH=/home/kisangpark/lab_training/install/turtlebot3_msgs:${AMENT_PREFIX_PATH} CMAKE_PREFIX_PATH=/home/kisangpark/lab_training/install/turtlebot3_msgs:/opt/ros/humble LD_LIBRARY_PATH=/home/kisangpark/lab_training/install/turtlebot3_msgs/lib:${LD_LIBRARY_PATH} PYTHONPATH=/home/kisangpark/lab_training/install/turtlebot3_msgs/local/lib/python3.10/dist-packages:${PYTHONPATH} /usr/bin/cmake --install /home/kisangpark/lab_training/build/turtlebot3_fake_node
