[0.141s] Invoking command in '/home/kisangpark/lab_training/build/turtlebot3_node': CMAKE_PREFIX_PATH=/home/kisangpark/lab_training/install/turtlebot3_msgs:/home/kisangpark/lab_training/install/turtlebot3:/home/kisangpark/lab_training/install/turtlebot3_simulations:/home/kisangpark/lab_training/install/turtlebot3_bringup:/home/kisangpark/lab_training/install/turtlebot3_node:/home/kisangpark/lab_training/install/turtlebot3_navigation2:/home/kisangpark/lab_training/install/turtlebot3_fake_node:/home/kisangpark/lab_training/install/turtlebot3_gazebo:/home/kisangpark/lab_training/install/turtlebot3_description:/home/kisangpark/lab_training/install/turtlebot3_cartographer:/home/kisangpark/lab_training/install/week3:/home/kisangpark/lab_training/install/turtlebot3_teleop:/home/kisangpark/lab_training/install/turtlebot3_example:/home/kisangpark/lab_training/install/SLAM:/opt/ros/humble /usr/bin/cmake --build /home/kisangpark/lab_training/build/turtlebot3_node -- -j2 -l2
[0.632s] [ 85%] Built target turtlebot3_node_lib
[0.847s] [100%] Built target turtlebot3_ros
[0.900s] Invoked command in '/home/kisangpark/lab_training/build/turtlebot3_node' returned '0': CMAKE_PREFIX_PATH=/home/kisangpark/lab_training/install/turtlebot3_msgs:/home/kisangpark/lab_training/install/turtlebot3:/home/kisangpark/lab_training/install/turtlebot3_simulations:/home/kisangpark/lab_training/install/turtlebot3_bringup:/home/kisangpark/lab_training/install/turtlebot3_node:/home/kisangpark/lab_training/install/turtlebot3_navigation2:/home/kisangpark/lab_training/install/turtlebot3_fake_node:/home/kisangpark/lab_training/install/turtlebot3_gazebo:/home/kisangpark/lab_training/install/turtlebot3_description:/home/kisangpark/lab_training/install/turtlebot3_cartographer:/home/kisangpark/lab_training/install/week3:/home/kisangpark/lab_training/install/turtlebot3_teleop:/home/kisangpark/lab_training/install/turtlebot3_example:/home/kisangpark/lab_training/install/SLAM:/opt/ros/humble /usr/bin/cmake --build /home/kisangpark/lab_training/build/turtlebot3_node -- -j2 -l2
[0.909s] Invoking command in '/home/kisangpark/lab_training/build/turtlebot3_node': CMAKE_PREFIX_PATH=/home/kisangpark/lab_training/install/turtlebot3_msgs:/home/kisangpark/lab_training/install/turtlebot3:/home/kisangpark/lab_training/install/turtlebot3_simulations:/home/kisangpark/lab_training/install/turtlebot3_bringup:/home/kisangpark/lab_training/install/turtlebot3_node:/home/kisangpark/lab_training/install/turtlebot3_navigation2:/home/kisangpark/lab_training/install/turtlebot3_fake_node:/home/kisangpark/lab_training/install/turtlebot3_gazebo:/home/kisangpark/lab_training/install/turtlebot3_description:/home/kisangpark/lab_training/install/turtlebot3_cartographer:/home/kisangpark/lab_training/install/week3:/home/kisangpark/lab_training/install/turtlebot3_teleop:/home/kisangpark/lab_training/install/turtlebot3_example:/home/kisangpark/lab_training/install/SLAM:/opt/ros/humble /usr/bin/cmake --install /home/kisangpark/lab_training/build/turtlebot3_node
[0.940s] -- Install configuration: ""
[0.943s] -- Execute custom install script
[0.947s] -- Up-to-date symlink: /home/kisangpark/lab_training/install/turtlebot3_node/share/turtlebot3_node/param/burger.yaml
[0.948s] -- Up-to-date symlink: /home/kisangpark/lab_training/install/turtlebot3_node/share/turtlebot3_node/param/waffle.yaml
[0.950s] -- Up-to-date symlink: /home/kisangpark/lab_training/install/turtlebot3_node/share/turtlebot3_node/param/waffle_pi.yaml
[0.950s] -- Up-to-date symlink: /home/kisangpark/lab_training/install/turtlebot3_node/lib/turtlebot3_node/turtlebot3_ros
[0.950s] -- Up-to-date symlink: /home/kisangpark/lab_training/install/turtlebot3_node/share/ament_index/resource_index/package_run_dependencies/turtlebot3_node
[0.950s] -- Up-to-date symlink: /home/kisangpark/lab_training/install/turtlebot3_node/share/ament_index/resource_index/parent_prefix_path/turtlebot3_node
[0.950s] -- Up-to-date symlink: /home/kisangpark/lab_training/install/turtlebot3_node/share/turtlebot3_node/environment/ament_prefix_path.sh
[0.951s] -- Up-to-date symlink: /home/kisangpark/lab_training/install/turtlebot3_node/share/turtlebot3_node/environment/ament_prefix_path.dsv
[0.957s] -- Up-to-date symlink: /home/kisangpark/lab_training/install/turtlebot3_node/share/turtlebot3_node/environment/path.sh
[0.959s] -- Up-to-date symlink: /home/kisangpark/lab_training/install/turtlebot3_node/share/turtlebot3_node/environment/path.dsv
[0.960s] -- Up-to-date symlink: /home/kisangpark/lab_training/install/turtlebot3_node/share/turtlebot3_node/local_setup.bash
[0.965s] -- Up-to-date symlink: /home/kisangpark/lab_training/install/turtlebot3_node/share/turtlebot3_node/local_setup.sh
[0.965s] -- Up-to-date symlink: /home/kisangpark/lab_training/install/turtlebot3_node/share/turtlebot3_node/local_setup.zsh
[0.966s] -- Up-to-date symlink: /home/kisangpark/lab_training/install/turtlebot3_node/share/turtlebot3_node/local_setup.dsv
[0.966s] -- Symlinking: /home/kisangpark/lab_training/install/turtlebot3_node/share/turtlebot3_node/package.dsv
[0.996s] -- Up-to-date symlink: /home/kisangpark/lab_training/install/turtlebot3_node/share/ament_index/resource_index/packages/turtlebot3_node
[1.002s] -- Up-to-date symlink: /home/kisangpark/lab_training/install/turtlebot3_node/share/turtlebot3_node/cmake/ament_cmake_export_include_directories-extras.cmake
[1.006s] -- Up-to-date symlink: /home/kisangpark/lab_training/install/turtlebot3_node/share/turtlebot3_node/cmake/turtlebot3_nodeConfig.cmake
[1.006s] -- Up-to-date symlink: /home/kisangpark/lab_training/install/turtlebot3_node/share/turtlebot3_node/cmake/turtlebot3_nodeConfig-version.cmake
[1.006s] -- Up-to-date symlink: /home/kisangpark/lab_training/install/turtlebot3_node/share/turtlebot3_node/package.xml
[1.016s] Invoked command in '/home/kisangpark/lab_training/build/turtlebot3_node' returned '0': CMAKE_PREFIX_PATH=/home/kisangpark/lab_training/install/turtlebot3_msgs:/home/kisangpark/lab_training/install/turtlebot3:/home/kisangpark/lab_training/install/turtlebot3_simulations:/home/kisangpark/lab_training/install/turtlebot3_bringup:/home/kisangpark/lab_training/install/turtlebot3_node:/home/kisangpark/lab_training/install/turtlebot3_navigation2:/home/kisangpark/lab_training/install/turtlebot3_fake_node:/home/kisangpark/lab_training/install/turtlebot3_gazebo:/home/kisangpark/lab_training/install/turtlebot3_description:/home/kisangpark/lab_training/install/turtlebot3_cartographer:/home/kisangpark/lab_training/install/week3:/home/kisangpark/lab_training/install/turtlebot3_teleop:/home/kisangpark/lab_training/install/turtlebot3_example:/home/kisangpark/lab_training/install/SLAM:/opt/ros/humble /usr/bin/cmake --install /home/kisangpark/lab_training/build/turtlebot3_node
