/home/kisangpark/lab_training/install/week3/lib/python3.10/site-packages/week3/RRT_star_2.py
/home/kisangpark/lab_training/install/week3/lib/python3.10/site-packages/week3/pure_pursuit.py
/home/kisangpark/lab_training/install/week3/lib/python3.10/site-packages/week3/save_costmap.py
/home/kisangpark/lab_training/install/week3/lib/python3.10/site-packages/week3/rrt_debug.py
/home/kisangpark/lab_training/install/week3/lib/python3.10/site-packages/week3/__init__.py
/home/kisangpark/lab_training/install/week3/lib/python3.10/site-packages/week3/RRT_star.py
/home/kisangpark/lab_training/install/week3/lib/python3.10/site-packages/week3/__pycache__/RRT_star_2.cpython-310.pyc
/home/kisangpark/lab_training/install/week3/lib/python3.10/site-packages/week3/__pycache__/pure_pursuit.cpython-310.pyc
/home/kisangpark/lab_training/install/week3/lib/python3.10/site-packages/week3/__pycache__/save_costmap.cpython-310.pyc
/home/kisangpark/lab_training/install/week3/lib/python3.10/site-packages/week3/__pycache__/rrt_debug.cpython-310.pyc
/home/kisangpark/lab_training/install/week3/lib/python3.10/site-packages/week3/__pycache__/__init__.cpython-310.pyc
/home/kisangpark/lab_training/install/week3/lib/python3.10/site-packages/week3/__pycache__/RRT_star.cpython-310.pyc
/home/kisangpark/lab_training/install/week3/share/ament_index/resource_index/packages/week3
/home/kisangpark/lab_training/install/week3/share/week3/package.xml
/home/kisangpark/lab_training/install/week3/share/week3/launch/turtlebot.launch.py
/home/kisangpark/lab_training/install/week3/lib/python3.10/site-packages/week3-0.0.0-py3.10.egg-info/entry_points.txt
/home/kisangpark/lab_training/install/week3/lib/python3.10/site-packages/week3-0.0.0-py3.10.egg-info/zip-safe
/home/kisangpark/lab_training/install/week3/lib/python3.10/site-packages/week3-0.0.0-py3.10.egg-info/SOURCES.txt
/home/kisangpark/lab_training/install/week3/lib/python3.10/site-packages/week3-0.0.0-py3.10.egg-info/top_level.txt
/home/kisangpark/lab_training/install/week3/lib/python3.10/site-packages/week3-0.0.0-py3.10.egg-info/PKG-INFO
/home/kisangpark/lab_training/install/week3/lib/python3.10/site-packages/week3-0.0.0-py3.10.egg-info/requires.txt
/home/kisangpark/lab_training/install/week3/lib/python3.10/site-packages/week3-0.0.0-py3.10.egg-info/dependency_links.txt
/home/kisangpark/lab_training/install/week3/lib/week3/pure_pursuit
/home/kisangpark/lab_training/install/week3/lib/week3/rrt_debug
/home/kisangpark/lab_training/install/week3/lib/week3/rrt_star
/home/kisangpark/lab_training/install/week3/lib/week3/rrt_star_2
/home/kisangpark/lab_training/install/week3/lib/week3/save_costmap
