[0.035s] Invoking command in '/home/kisangpark/lab_training/build/turtlebot3_navigation2': CMAKE_PREFIX_PATH=/opt/ros/humble /usr/bin/cmake --build /home/kisangpark/lab_training/build/turtlebot3_navigation2 -- -j2 -l2
[0.214s] Invoked command in '/home/kisangpark/lab_training/build/turtlebot3_navigation2' returned '0': CMAKE_PREFIX_PATH=/opt/ros/humble /usr/bin/cmake --build /home/kisangpark/lab_training/build/turtlebot3_navigation2 -- -j2 -l2
[0.221s] Invoking command in '/home/kisangpark/lab_training/build/turtlebot3_navigation2': CMAKE_PREFIX_PATH=/opt/ros/humble /usr/bin/cmake --install /home/kisangpark/lab_training/build/turtlebot3_navigation2
[0.234s] -- Install configuration: ""
[0.237s] -- Execute custom install script
[0.243s] -- Up-to-date symlink: /home/kisangpark/lab_training/install/turtlebot3_navigation2/share/turtlebot3_navigation2/launch/navigation2.launch.py
[0.244s] -- Up-to-date symlink: /home/kisangpark/lab_training/install/turtlebot3_navigation2/share/turtlebot3_navigation2/map/map.pgm
[0.246s] -- Up-to-date symlink: /home/kisangpark/lab_training/install/turtlebot3_navigation2/share/turtlebot3_navigation2/map/map.yaml
[0.249s] -- Up-to-date symlink: /home/kisangpark/lab_training/install/turtlebot3_navigation2/share/turtlebot3_navigation2/param/burger.yaml
[0.250s] -- Up-to-date symlink: /home/kisangpark/lab_training/install/turtlebot3_navigation2/share/turtlebot3_navigation2/param/waffle.yaml
[0.251s] -- Up-to-date symlink: /home/kisangpark/lab_training/install/turtlebot3_navigation2/share/turtlebot3_navigation2/param/waffle_pi.yaml
[0.253s] -- Up-to-date symlink: /home/kisangpark/lab_training/install/turtlebot3_navigation2/share/turtlebot3_navigation2/rviz/tb3_navigation2.rviz
[0.256s] -- Up-to-date symlink: /home/kisangpark/lab_training/install/turtlebot3_navigation2/share/ament_index/resource_index/package_run_dependencies/turtlebot3_navigation2
[0.257s] -- Up-to-date symlink: /home/kisangpark/lab_training/install/turtlebot3_navigation2/share/ament_index/resource_index/parent_prefix_path/turtlebot3_navigation2
[0.261s] -- Up-to-date symlink: /home/kisangpark/lab_training/install/turtlebot3_navigation2/share/turtlebot3_navigation2/environment/ament_prefix_path.sh
[0.263s] -- Up-to-date symlink: /home/kisangpark/lab_training/install/turtlebot3_navigation2/share/turtlebot3_navigation2/environment/ament_prefix_path.dsv
[0.264s] -- Up-to-date symlink: /home/kisangpark/lab_training/install/turtlebot3_navigation2/share/turtlebot3_navigation2/environment/path.sh
[0.265s] -- Up-to-date symlink: /home/kisangpark/lab_training/install/turtlebot3_navigation2/share/turtlebot3_navigation2/environment/path.dsv
[0.268s] -- Up-to-date symlink: /home/kisangpark/lab_training/install/turtlebot3_navigation2/share/turtlebot3_navigation2/local_setup.bash
[0.271s] -- Up-to-date symlink: /home/kisangpark/lab_training/install/turtlebot3_navigation2/share/turtlebot3_navigation2/local_setup.sh
[0.280s] -- Up-to-date symlink: /home/kisangpark/lab_training/install/turtlebot3_navigation2/share/turtlebot3_navigation2/local_setup.zsh
[0.280s] -- Up-to-date symlink: /home/kisangpark/lab_training/install/turtlebot3_navigation2/share/turtlebot3_navigation2/local_setup.dsv
[0.281s] -- Symlinking: /home/kisangpark/lab_training/install/turtlebot3_navigation2/share/turtlebot3_navigation2/package.dsv
[0.333s] -- Up-to-date symlink: /home/kisangpark/lab_training/install/turtlebot3_navigation2/share/ament_index/resource_index/packages/turtlebot3_navigation2
[0.340s] -- Up-to-date symlink: /home/kisangpark/lab_training/install/turtlebot3_navigation2/share/turtlebot3_navigation2/cmake/turtlebot3_navigation2Config.cmake
[0.341s] -- Up-to-date symlink: /home/kisangpark/lab_training/install/turtlebot3_navigation2/share/turtlebot3_navigation2/cmake/turtlebot3_navigation2Config-version.cmake
[0.346s] -- Up-to-date symlink: /home/kisangpark/lab_training/install/turtlebot3_navigation2/share/turtlebot3_navigation2/package.xml
[0.359s] Invoked command in '/home/kisangpark/lab_training/build/turtlebot3_navigation2' returned '0': CMAKE_PREFIX_PATH=/opt/ros/humble /usr/bin/cmake --install /home/kisangpark/lab_training/build/turtlebot3_navigation2
