[1.896s] Invoking command in '/home/kisangpark/lab_training/src/week3': PYTHONPATH=/home/kisangpark/lab_training/build/week3/prefix_override:/usr/lib/python3/dist-packages/colcon_core/task/python/colcon_distutils_commands:/home/kisangpark/lab_training/install/week3/lib/python3.10/site-packages:${PYTHONPATH} /usr/bin/python3 -W ignore:setup.py install is deprecated -W ignore:easy_install command is deprecated setup.py egg_info --egg-base ../../build/week3 build --build-base /home/kisangpark/lab_training/build/week3/build install --record /home/kisangpark/lab_training/build/week3/install.log --single-version-externally-managed install_data
[2.478s] running egg_info
[2.527s] writing ../../build/week3/week3.egg-info/PKG-INFO
[2.529s] writing dependency_links to ../../build/week3/week3.egg-info/dependency_links.txt
[2.531s] writing entry points to ../../build/week3/week3.egg-info/entry_points.txt
[2.532s] writing requirements to ../../build/week3/week3.egg-info/requires.txt
[2.534s] writing top-level names to ../../build/week3/week3.egg-info/top_level.txt
[2.599s] reading manifest file '../../build/week3/week3.egg-info/SOURCES.txt'
[2.600s] writing manifest file '../../build/week3/week3.egg-info/SOURCES.txt'
[2.601s] running build
[2.601s] running build_py
[2.601s] copying week3/pure_pursuit.py -> /home/kisangpark/lab_training/build/week3/build/lib/week3
[2.602s] copying week3/save_costmap.py -> /home/kisangpark/lab_training/build/week3/build/lib/week3
[2.602s] copying week3/__init__.py -> /home/kisangpark/lab_training/build/week3/build/lib/week3
[2.602s] copying week3/RRT_star.py -> /home/kisangpark/lab_training/build/week3/build/lib/week3
[2.603s] running install
[2.611s] running install_lib
[2.656s] copying /home/kisangpark/lab_training/build/week3/build/lib/week3/save_costmap.py -> /home/kisangpark/lab_training/install/week3/lib/python3.10/site-packages/week3
[2.658s] byte-compiling /home/kisangpark/lab_training/install/week3/lib/python3.10/site-packages/week3/save_costmap.py to save_costmap.cpython-310.pyc
[2.659s] running install_data
[2.660s] copying resource/week3 -> /home/kisangpark/lab_training/install/week3/share/ament_index/resource_index/packages
[2.660s] copying package.xml -> /home/kisangpark/lab_training/install/week3/share/week3
[2.661s] running install_egg_info
[2.686s] removing '/home/kisangpark/lab_training/install/week3/lib/python3.10/site-packages/week3-0.0.0-py3.10.egg-info' (and everything under it)
[2.687s] Copying ../../build/week3/week3.egg-info to /home/kisangpark/lab_training/install/week3/lib/python3.10/site-packages/week3-0.0.0-py3.10.egg-info
[2.688s] running install_scripts
[3.166s] Installing save_costmap script to /home/kisangpark/lab_training/install/week3/lib/week3
[3.168s] writing list of installed files to '/home/kisangpark/lab_training/build/week3/install.log'
[3.266s] Invoked command in '/home/kisangpark/lab_training/src/week3' returned '0': PYTHONPATH=/home/kisangpark/lab_training/build/week3/prefix_override:/usr/lib/python3/dist-packages/colcon_core/task/python/colcon_distutils_commands:/home/kisangpark/lab_training/install/week3/lib/python3.10/site-packages:${PYTHONPATH} /usr/bin/python3 -W ignore:setup.py install is deprecated -W ignore:easy_install command is deprecated setup.py egg_info --egg-base ../../build/week3 build --build-base /home/kisangpark/lab_training/build/week3/build install --record /home/kisangpark/lab_training/build/week3/install.log --single-version-externally-managed install_data
