[3.820s] DEBUG:colcon:Command line arguments: ['/usr/bin/colcon', 'build', '--packages-select', 'week3']
[3.822s] DEBUG:colcon:Parsed command line arguments: Namespace(log_base=None, log_level=None, verb_name='build', build_base='build', install_base='install', merge_install=False, symlink_install=False, test_result_base=None, continue_on_error=False, executor='parallel', parallel_workers=2, event_handlers=None, ignore_user_meta=False, metas=['./colcon.meta'], base_paths=['.'], packages_ignore=None, packages_ignore_regex=None, paths=None, packages_up_to=None, packages_up_to_regex=None, packages_above=None, packages_above_and_dependencies=None, packages_above_depth=None, packages_select_by_dep=None, packages_skip_by_dep=None, packages_skip_up_to=None, packages_select_build_failed=False, packages_skip_build_finished=False, packages_select_test_failures=False, packages_skip_test_passed=False, packages_select=['week3'], packages_skip=None, packages_select_regex=None, packages_skip_regex=None, packages_start=None, packages_end=None, allow_overriding=[], cmake_args=None, cmake_target=None, cmake_target_skip_unavailable=False, cmake_clean_cache=False, cmake_clean_first=False, cmake_force_configure=False, ament_cmake_args=None, catkin_cmake_args=None, catkin_skip_building_tests=False, mixin_files=None, mixin=None, verb_parser=<colcon_mixin.mixin.mixin_argument.MixinArgumentDecorator object at 0x7176f8157430>, verb_extension=<colcon_core.verb.build.BuildVerb object at 0x7176f8110be0>, main=<bound method BuildVerb.main of <colcon_core.verb.build.BuildVerb object at 0x7176f8110be0>>, mixin_verb=('build',))
[4.933s] Level 1:colcon.colcon_core.package_discovery:discover_packages(colcon_meta) check parameters
[4.933s] Level 1:colcon.colcon_core.package_discovery:discover_packages(recursive) check parameters
[4.936s] Level 1:colcon.colcon_core.package_discovery:discover_packages(ignore) check parameters
[4.936s] Level 1:colcon.colcon_core.package_discovery:discover_packages(path) check parameters
[4.936s] Level 1:colcon.colcon_core.package_discovery:discover_packages(colcon_meta) discover
[4.937s] Level 1:colcon.colcon_core.package_discovery:discover_packages(recursive) discover
[4.937s] INFO:colcon.colcon_core.package_discovery:Crawling recursively for packages in '/home/kisangpark/lab_training'
[4.940s] Level 1:colcon.colcon_core.package_identification:_identify(.) by extensions ['ignore', 'ignore_ament_install']
[4.941s] Level 1:colcon.colcon_core.package_identification:_identify(.) by extension 'ignore'
[4.942s] Level 1:colcon.colcon_core.package_identification:_identify(.) by extension 'ignore_ament_install'
[4.942s] Level 1:colcon.colcon_core.package_identification:_identify(.) by extensions ['colcon_pkg']
[4.945s] Level 1:colcon.colcon_core.package_identification:_identify(.) by extension 'colcon_pkg'
[4.946s] Level 1:colcon.colcon_core.package_identification:_identify(.) by extensions ['colcon_meta']
[4.946s] Level 1:colcon.colcon_core.package_identification:_identify(.) by extension 'colcon_meta'
[4.946s] Level 1:colcon.colcon_core.package_identification:_identify(.) by extensions ['ros']
[4.947s] Level 1:colcon.colcon_core.package_identification:_identify(.) by extension 'ros'
[5.222s] Level 1:colcon.colcon_core.package_identification:_identify(.) by extensions ['cmake', 'python']
[5.222s] Level 1:colcon.colcon_core.package_identification:_identify(.) by extension 'cmake'
[5.223s] Level 1:colcon.colcon_core.package_identification:_identify(.) by extension 'python'
[5.223s] Level 1:colcon.colcon_core.package_identification:_identify(.) by extensions ['python_setup_py']
[5.223s] Level 1:colcon.colcon_core.package_identification:_identify(.) by extension 'python_setup_py'
[5.224s] Level 1:colcon.colcon_core.package_identification:_identify(build) by extensions ['ignore', 'ignore_ament_install']
[5.225s] Level 1:colcon.colcon_core.package_identification:_identify(build) by extension 'ignore'
[5.229s] Level 1:colcon.colcon_core.package_identification:_identify(build) ignored
[5.232s] Level 1:colcon.colcon_core.package_identification:_identify(calibration) by extensions ['ignore', 'ignore_ament_install']
[5.233s] Level 1:colcon.colcon_core.package_identification:_identify(calibration) by extension 'ignore'
[5.233s] Level 1:colcon.colcon_core.package_identification:_identify(calibration) by extension 'ignore_ament_install'
[5.234s] Level 1:colcon.colcon_core.package_identification:_identify(calibration) by extensions ['colcon_pkg']
[5.237s] Level 1:colcon.colcon_core.package_identification:_identify(calibration) by extension 'colcon_pkg'
[5.240s] Level 1:colcon.colcon_core.package_identification:_identify(calibration) by extensions ['colcon_meta']
[5.241s] Level 1:colcon.colcon_core.package_identification:_identify(calibration) by extension 'colcon_meta'
[5.241s] Level 1:colcon.colcon_core.package_identification:_identify(calibration) by extensions ['ros']
[5.241s] Level 1:colcon.colcon_core.package_identification:_identify(calibration) by extension 'ros'
[5.242s] Level 1:colcon.colcon_core.package_identification:_identify(calibration) by extensions ['cmake', 'python']
[5.242s] Level 1:colcon.colcon_core.package_identification:_identify(calibration) by extension 'cmake'
[5.243s] Level 1:colcon.colcon_core.package_identification:_identify(calibration) by extension 'python'
[5.243s] Level 1:colcon.colcon_core.package_identification:_identify(calibration) by extensions ['python_setup_py']
[5.243s] Level 1:colcon.colcon_core.package_identification:_identify(calibration) by extension 'python_setup_py'
[5.246s] Level 1:colcon.colcon_core.package_identification:_identify(calibration/data) by extensions ['ignore', 'ignore_ament_install']
[5.247s] Level 1:colcon.colcon_core.package_identification:_identify(calibration/data) by extension 'ignore'
[5.247s] Level 1:colcon.colcon_core.package_identification:_identify(calibration/data) by extension 'ignore_ament_install'
[5.247s] Level 1:colcon.colcon_core.package_identification:_identify(calibration/data) by extensions ['colcon_pkg']
[5.249s] Level 1:colcon.colcon_core.package_identification:_identify(calibration/data) by extension 'colcon_pkg'
[5.250s] Level 1:colcon.colcon_core.package_identification:_identify(calibration/data) by extensions ['colcon_meta']
[5.250s] Level 1:colcon.colcon_core.package_identification:_identify(calibration/data) by extension 'colcon_meta'
[5.250s] Level 1:colcon.colcon_core.package_identification:_identify(calibration/data) by extensions ['ros']
[5.250s] Level 1:colcon.colcon_core.package_identification:_identify(calibration/data) by extension 'ros'
[5.252s] Level 1:colcon.colcon_core.package_identification:_identify(calibration/data) by extensions ['cmake', 'python']
[5.253s] Level 1:colcon.colcon_core.package_identification:_identify(calibration/data) by extension 'cmake'
[5.253s] Level 1:colcon.colcon_core.package_identification:_identify(calibration/data) by extension 'python'
[5.253s] Level 1:colcon.colcon_core.package_identification:_identify(calibration/data) by extensions ['python_setup_py']
[5.253s] Level 1:colcon.colcon_core.package_identification:_identify(calibration/data) by extension 'python_setup_py'
[5.258s] Level 1:colcon.colcon_core.package_identification:_identify(install) by extensions ['ignore', 'ignore_ament_install']
[5.259s] Level 1:colcon.colcon_core.package_identification:_identify(install) by extension 'ignore'
[5.259s] Level 1:colcon.colcon_core.package_identification:_identify(install) ignored
[5.260s] Level 1:colcon.colcon_core.package_identification:_identify(log) by extensions ['ignore', 'ignore_ament_install']
[5.261s] Level 1:colcon.colcon_core.package_identification:_identify(log) by extension 'ignore'
[5.261s] Level 1:colcon.colcon_core.package_identification:_identify(log) ignored
[5.261s] Level 1:colcon.colcon_core.package_identification:_identify(rrt_cv2) by extensions ['ignore', 'ignore_ament_install']
[5.265s] Level 1:colcon.colcon_core.package_identification:_identify(rrt_cv2) by extension 'ignore'
[5.265s] Level 1:colcon.colcon_core.package_identification:_identify(rrt_cv2) by extension 'ignore_ament_install'
[5.266s] Level 1:colcon.colcon_core.package_identification:_identify(rrt_cv2) by extensions ['colcon_pkg']
[5.268s] Level 1:colcon.colcon_core.package_identification:_identify(rrt_cv2) by extension 'colcon_pkg'
[5.269s] Level 1:colcon.colcon_core.package_identification:_identify(rrt_cv2) by extensions ['colcon_meta']
[5.269s] Level 1:colcon.colcon_core.package_identification:_identify(rrt_cv2) by extension 'colcon_meta'
[5.269s] Level 1:colcon.colcon_core.package_identification:_identify(rrt_cv2) by extensions ['ros']
[5.270s] Level 1:colcon.colcon_core.package_identification:_identify(rrt_cv2) by extension 'ros'
[5.272s] Level 1:colcon.colcon_core.package_identification:_identify(rrt_cv2) by extensions ['cmake', 'python']
[5.273s] Level 1:colcon.colcon_core.package_identification:_identify(rrt_cv2) by extension 'cmake'
[5.273s] Level 1:colcon.colcon_core.package_identification:_identify(rrt_cv2) by extension 'python'
[5.273s] Level 1:colcon.colcon_core.package_identification:_identify(rrt_cv2) by extensions ['python_setup_py']
[5.273s] Level 1:colcon.colcon_core.package_identification:_identify(rrt_cv2) by extension 'python_setup_py'
[5.276s] Level 1:colcon.colcon_core.package_identification:_identify(src) by extensions ['ignore', 'ignore_ament_install']
[5.277s] Level 1:colcon.colcon_core.package_identification:_identify(src) by extension 'ignore'
[5.277s] Level 1:colcon.colcon_core.package_identification:_identify(src) by extension 'ignore_ament_install'
[5.277s] Level 1:colcon.colcon_core.package_identification:_identify(src) by extensions ['colcon_pkg']
[5.277s] Level 1:colcon.colcon_core.package_identification:_identify(src) by extension 'colcon_pkg'
[5.277s] Level 1:colcon.colcon_core.package_identification:_identify(src) by extensions ['colcon_meta']
[5.277s] Level 1:colcon.colcon_core.package_identification:_identify(src) by extension 'colcon_meta'
[5.277s] Level 1:colcon.colcon_core.package_identification:_identify(src) by extensions ['ros']
[5.278s] Level 1:colcon.colcon_core.package_identification:_identify(src) by extension 'ros'
[5.278s] Level 1:colcon.colcon_core.package_identification:_identify(src) by extensions ['cmake', 'python']
[5.278s] Level 1:colcon.colcon_core.package_identification:_identify(src) by extension 'cmake'
[5.278s] Level 1:colcon.colcon_core.package_identification:_identify(src) by extension 'python'
[5.278s] Level 1:colcon.colcon_core.package_identification:_identify(src) by extensions ['python_setup_py']
[5.278s] Level 1:colcon.colcon_core.package_identification:_identify(src) by extension 'python_setup_py'
[5.281s] Level 1:colcon.colcon_core.package_identification:_identify(src/SLAM) by extensions ['ignore', 'ignore_ament_install']
[5.282s] Level 1:colcon.colcon_core.package_identification:_identify(src/SLAM) by extension 'ignore'
[5.282s] Level 1:colcon.colcon_core.package_identification:_identify(src/SLAM) by extension 'ignore_ament_install'
[5.284s] Level 1:colcon.colcon_core.package_identification:_identify(src/SLAM) by extensions ['colcon_pkg']
[5.285s] Level 1:colcon.colcon_core.package_identification:_identify(src/SLAM) by extension 'colcon_pkg'
[5.285s] Level 1:colcon.colcon_core.package_identification:_identify(src/SLAM) by extensions ['colcon_meta']
[5.285s] Level 1:colcon.colcon_core.package_identification:_identify(src/SLAM) by extension 'colcon_meta'
[5.285s] Level 1:colcon.colcon_core.package_identification:_identify(src/SLAM) by extensions ['ros']
[5.286s] Level 1:colcon.colcon_core.package_identification:_identify(src/SLAM) by extension 'ros'
[5.322s] DEBUG:colcon.colcon_core.package_identification:Package 'src/SLAM' with type 'ros.ament_python' and name 'SLAM'
[5.326s] Level 1:colcon.colcon_core.package_identification:_identify(src/turtlebot3) by extensions ['ignore', 'ignore_ament_install']
[5.326s] Level 1:colcon.colcon_core.package_identification:_identify(src/turtlebot3) by extension 'ignore'
[5.330s] Level 1:colcon.colcon_core.package_identification:_identify(src/turtlebot3) by extension 'ignore_ament_install'
[5.331s] Level 1:colcon.colcon_core.package_identification:_identify(src/turtlebot3) by extensions ['colcon_pkg']
[5.331s] Level 1:colcon.colcon_core.package_identification:_identify(src/turtlebot3) by extension 'colcon_pkg'
[5.331s] Level 1:colcon.colcon_core.package_identification:_identify(src/turtlebot3) by extensions ['colcon_meta']
[5.331s] Level 1:colcon.colcon_core.package_identification:_identify(src/turtlebot3) by extension 'colcon_meta'
[5.331s] Level 1:colcon.colcon_core.package_identification:_identify(src/turtlebot3) by extensions ['ros']
[5.332s] Level 1:colcon.colcon_core.package_identification:_identify(src/turtlebot3) by extension 'ros'
[5.333s] Level 1:colcon.colcon_core.package_identification:_identify(src/turtlebot3) by extensions ['cmake', 'python']
[5.333s] Level 1:colcon.colcon_core.package_identification:_identify(src/turtlebot3) by extension 'cmake'
[5.333s] Level 1:colcon.colcon_core.package_identification:_identify(src/turtlebot3) by extension 'python'
[5.336s] Level 1:colcon.colcon_core.package_identification:_identify(src/turtlebot3) by extensions ['python_setup_py']
[5.336s] Level 1:colcon.colcon_core.package_identification:_identify(src/turtlebot3) by extension 'python_setup_py'
[5.340s] Level 1:colcon.colcon_core.package_identification:_identify(src/turtlebot3/turtlebot3) by extensions ['ignore', 'ignore_ament_install']
[5.341s] Level 1:colcon.colcon_core.package_identification:_identify(src/turtlebot3/turtlebot3) by extension 'ignore'
[5.342s] Level 1:colcon.colcon_core.package_identification:_identify(src/turtlebot3/turtlebot3) by extension 'ignore_ament_install'
[5.342s] Level 1:colcon.colcon_core.package_identification:_identify(src/turtlebot3/turtlebot3) by extensions ['colcon_pkg']
[5.342s] Level 1:colcon.colcon_core.package_identification:_identify(src/turtlebot3/turtlebot3) by extension 'colcon_pkg'
[5.342s] Level 1:colcon.colcon_core.package_identification:_identify(src/turtlebot3/turtlebot3) by extensions ['colcon_meta']
[5.343s] Level 1:colcon.colcon_core.package_identification:_identify(src/turtlebot3/turtlebot3) by extension 'colcon_meta'
[5.346s] Level 1:colcon.colcon_core.package_identification:_identify(src/turtlebot3/turtlebot3) by extensions ['ros']
[5.346s] Level 1:colcon.colcon_core.package_identification:_identify(src/turtlebot3/turtlebot3) by extension 'ros'
[5.360s] DEBUG:colcon.colcon_core.package_identification:Package 'src/turtlebot3/turtlebot3' with type 'ros.ament_cmake' and name 'turtlebot3'
[5.365s] Level 1:colcon.colcon_core.package_identification:_identify(src/turtlebot3/turtlebot3_bringup) by extensions ['ignore', 'ignore_ament_install']
[5.365s] Level 1:colcon.colcon_core.package_identification:_identify(src/turtlebot3/turtlebot3_bringup) by extension 'ignore'
[5.365s] Level 1:colcon.colcon_core.package_identification:_identify(src/turtlebot3/turtlebot3_bringup) by extension 'ignore_ament_install'
[5.366s] Level 1:colcon.colcon_core.package_identification:_identify(src/turtlebot3/turtlebot3_bringup) by extensions ['colcon_pkg']
[5.369s] Level 1:colcon.colcon_core.package_identification:_identify(src/turtlebot3/turtlebot3_bringup) by extension 'colcon_pkg'
[5.369s] Level 1:colcon.colcon_core.package_identification:_identify(src/turtlebot3/turtlebot3_bringup) by extensions ['colcon_meta']
[5.369s] Level 1:colcon.colcon_core.package_identification:_identify(src/turtlebot3/turtlebot3_bringup) by extension 'colcon_meta'
[5.369s] Level 1:colcon.colcon_core.package_identification:_identify(src/turtlebot3/turtlebot3_bringup) by extensions ['ros']
[5.370s] Level 1:colcon.colcon_core.package_identification:_identify(src/turtlebot3/turtlebot3_bringup) by extension 'ros'
[5.373s] DEBUG:colcon.colcon_core.package_identification:Package 'src/turtlebot3/turtlebot3_bringup' with type 'ros.ament_cmake' and name 'turtlebot3_bringup'
[5.378s] Level 1:colcon.colcon_core.package_identification:_identify(src/turtlebot3/turtlebot3_cartographer) by extensions ['ignore', 'ignore_ament_install']
[5.378s] Level 1:colcon.colcon_core.package_identification:_identify(src/turtlebot3/turtlebot3_cartographer) by extension 'ignore'
[5.379s] Level 1:colcon.colcon_core.package_identification:_identify(src/turtlebot3/turtlebot3_cartographer) by extension 'ignore_ament_install'
[5.381s] Level 1:colcon.colcon_core.package_identification:_identify(src/turtlebot3/turtlebot3_cartographer) by extensions ['colcon_pkg']
[5.381s] Level 1:colcon.colcon_core.package_identification:_identify(src/turtlebot3/turtlebot3_cartographer) by extension 'colcon_pkg'
[5.382s] Level 1:colcon.colcon_core.package_identification:_identify(src/turtlebot3/turtlebot3_cartographer) by extensions ['colcon_meta']
[5.382s] Level 1:colcon.colcon_core.package_identification:_identify(src/turtlebot3/turtlebot3_cartographer) by extension 'colcon_meta'
[5.386s] Level 1:colcon.colcon_core.package_identification:_identify(src/turtlebot3/turtlebot3_cartographer) by extensions ['ros']
[5.386s] Level 1:colcon.colcon_core.package_identification:_identify(src/turtlebot3/turtlebot3_cartographer) by extension 'ros'
[5.399s] DEBUG:colcon.colcon_core.package_identification:Package 'src/turtlebot3/turtlebot3_cartographer' with type 'ros.ament_cmake' and name 'turtlebot3_cartographer'
[5.405s] Level 1:colcon.colcon_core.package_identification:_identify(src/turtlebot3/turtlebot3_description) by extensions ['ignore', 'ignore_ament_install']
[5.405s] Level 1:colcon.colcon_core.package_identification:_identify(src/turtlebot3/turtlebot3_description) by extension 'ignore'
[5.406s] Level 1:colcon.colcon_core.package_identification:_identify(src/turtlebot3/turtlebot3_description) by extension 'ignore_ament_install'
[5.407s] Level 1:colcon.colcon_core.package_identification:_identify(src/turtlebot3/turtlebot3_description) by extensions ['colcon_pkg']
[5.407s] Level 1:colcon.colcon_core.package_identification:_identify(src/turtlebot3/turtlebot3_description) by extension 'colcon_pkg'
[5.408s] Level 1:colcon.colcon_core.package_identification:_identify(src/turtlebot3/turtlebot3_description) by extensions ['colcon_meta']
[5.408s] Level 1:colcon.colcon_core.package_identification:_identify(src/turtlebot3/turtlebot3_description) by extension 'colcon_meta'
[5.409s] Level 1:colcon.colcon_core.package_identification:_identify(src/turtlebot3/turtlebot3_description) by extensions ['ros']
[5.410s] Level 1:colcon.colcon_core.package_identification:_identify(src/turtlebot3/turtlebot3_description) by extension 'ros'
[5.418s] DEBUG:colcon.colcon_core.package_identification:Package 'src/turtlebot3/turtlebot3_description' with type 'ros.ament_cmake' and name 'turtlebot3_description'
[5.424s] Level 1:colcon.colcon_core.package_identification:_identify(src/turtlebot3/turtlebot3_example) by extensions ['ignore', 'ignore_ament_install']
[5.425s] Level 1:colcon.colcon_core.package_identification:_identify(src/turtlebot3/turtlebot3_example) by extension 'ignore'
[5.425s] Level 1:colcon.colcon_core.package_identification:_identify(src/turtlebot3/turtlebot3_example) by extension 'ignore_ament_install'
[5.425s] Level 1:colcon.colcon_core.package_identification:_identify(src/turtlebot3/turtlebot3_example) by extensions ['colcon_pkg']
[5.425s] Level 1:colcon.colcon_core.package_identification:_identify(src/turtlebot3/turtlebot3_example) by extension 'colcon_pkg'
[5.428s] Level 1:colcon.colcon_core.package_identification:_identify(src/turtlebot3/turtlebot3_example) by extensions ['colcon_meta']
[5.428s] Level 1:colcon.colcon_core.package_identification:_identify(src/turtlebot3/turtlebot3_example) by extension 'colcon_meta'
[5.429s] Level 1:colcon.colcon_core.package_identification:_identify(src/turtlebot3/turtlebot3_example) by extensions ['ros']
[5.429s] Level 1:colcon.colcon_core.package_identification:_identify(src/turtlebot3/turtlebot3_example) by extension 'ros'
[5.449s] DEBUG:colcon.colcon_core.package_identification:Package 'src/turtlebot3/turtlebot3_example' with type 'ros.ament_python' and name 'turtlebot3_example'
[5.455s] Level 1:colcon.colcon_core.package_identification:_identify(src/turtlebot3/turtlebot3_navigation2) by extensions ['ignore', 'ignore_ament_install']
[5.458s] Level 1:colcon.colcon_core.package_identification:_identify(src/turtlebot3/turtlebot3_navigation2) by extension 'ignore'
[5.459s] Level 1:colcon.colcon_core.package_identification:_identify(src/turtlebot3/turtlebot3_navigation2) by extension 'ignore_ament_install'
[5.460s] Level 1:colcon.colcon_core.package_identification:_identify(src/turtlebot3/turtlebot3_navigation2) by extensions ['colcon_pkg']
[5.463s] Level 1:colcon.colcon_core.package_identification:_identify(src/turtlebot3/turtlebot3_navigation2) by extension 'colcon_pkg'
[5.463s] Level 1:colcon.colcon_core.package_identification:_identify(src/turtlebot3/turtlebot3_navigation2) by extensions ['colcon_meta']
[5.463s] Level 1:colcon.colcon_core.package_identification:_identify(src/turtlebot3/turtlebot3_navigation2) by extension 'colcon_meta'
[5.464s] Level 1:colcon.colcon_core.package_identification:_identify(src/turtlebot3/turtlebot3_navigation2) by extensions ['ros']
[5.464s] Level 1:colcon.colcon_core.package_identification:_identify(src/turtlebot3/turtlebot3_navigation2) by extension 'ros'
[5.474s] DEBUG:colcon.colcon_core.package_identification:Package 'src/turtlebot3/turtlebot3_navigation2' with type 'ros.ament_cmake' and name 'turtlebot3_navigation2'
[5.476s] Level 1:colcon.colcon_core.package_identification:_identify(src/turtlebot3/turtlebot3_node) by extensions ['ignore', 'ignore_ament_install']
[5.477s] Level 1:colcon.colcon_core.package_identification:_identify(src/turtlebot3/turtlebot3_node) by extension 'ignore'
[5.477s] Level 1:colcon.colcon_core.package_identification:_identify(src/turtlebot3/turtlebot3_node) by extension 'ignore_ament_install'
[5.478s] Level 1:colcon.colcon_core.package_identification:_identify(src/turtlebot3/turtlebot3_node) by extensions ['colcon_pkg']
[5.479s] Level 1:colcon.colcon_core.package_identification:_identify(src/turtlebot3/turtlebot3_node) by extension 'colcon_pkg'
[5.479s] Level 1:colcon.colcon_core.package_identification:_identify(src/turtlebot3/turtlebot3_node) by extensions ['colcon_meta']
[5.479s] Level 1:colcon.colcon_core.package_identification:_identify(src/turtlebot3/turtlebot3_node) by extension 'colcon_meta'
[5.480s] Level 1:colcon.colcon_core.package_identification:_identify(src/turtlebot3/turtlebot3_node) by extensions ['ros']
[5.480s] Level 1:colcon.colcon_core.package_identification:_identify(src/turtlebot3/turtlebot3_node) by extension 'ros'
[5.492s] DEBUG:colcon.colcon_core.package_identification:Package 'src/turtlebot3/turtlebot3_node' with type 'ros.ament_cmake' and name 'turtlebot3_node'
[5.494s] Level 1:colcon.colcon_core.package_identification:_identify(src/turtlebot3/turtlebot3_teleop) by extensions ['ignore', 'ignore_ament_install']
[5.495s] Level 1:colcon.colcon_core.package_identification:_identify(src/turtlebot3/turtlebot3_teleop) by extension 'ignore'
[5.495s] Level 1:colcon.colcon_core.package_identification:_identify(src/turtlebot3/turtlebot3_teleop) by extension 'ignore_ament_install'
[5.496s] Level 1:colcon.colcon_core.package_identification:_identify(src/turtlebot3/turtlebot3_teleop) by extensions ['colcon_pkg']
[5.496s] Level 1:colcon.colcon_core.package_identification:_identify(src/turtlebot3/turtlebot3_teleop) by extension 'colcon_pkg'
[5.496s] Level 1:colcon.colcon_core.package_identification:_identify(src/turtlebot3/turtlebot3_teleop) by extensions ['colcon_meta']
[5.497s] Level 1:colcon.colcon_core.package_identification:_identify(src/turtlebot3/turtlebot3_teleop) by extension 'colcon_meta'
[5.497s] Level 1:colcon.colcon_core.package_identification:_identify(src/turtlebot3/turtlebot3_teleop) by extensions ['ros']
[5.497s] Level 1:colcon.colcon_core.package_identification:_identify(src/turtlebot3/turtlebot3_teleop) by extension 'ros'
[5.504s] DEBUG:colcon.colcon_core.package_identification:Package 'src/turtlebot3/turtlebot3_teleop' with type 'ros.ament_python' and name 'turtlebot3_teleop'
[5.506s] Level 1:colcon.colcon_core.package_identification:_identify(src/turtlebot3_msgs) by extensions ['ignore', 'ignore_ament_install']
[5.507s] Level 1:colcon.colcon_core.package_identification:_identify(src/turtlebot3_msgs) by extension 'ignore'
[5.508s] Level 1:colcon.colcon_core.package_identification:_identify(src/turtlebot3_msgs) by extension 'ignore_ament_install'
[5.508s] Level 1:colcon.colcon_core.package_identification:_identify(src/turtlebot3_msgs) by extensions ['colcon_pkg']
[5.509s] Level 1:colcon.colcon_core.package_identification:_identify(src/turtlebot3_msgs) by extension 'colcon_pkg'
[5.509s] Level 1:colcon.colcon_core.package_identification:_identify(src/turtlebot3_msgs) by extensions ['colcon_meta']
[5.510s] Level 1:colcon.colcon_core.package_identification:_identify(src/turtlebot3_msgs) by extension 'colcon_meta'
[5.510s] Level 1:colcon.colcon_core.package_identification:_identify(src/turtlebot3_msgs) by extensions ['ros']
[5.510s] Level 1:colcon.colcon_core.package_identification:_identify(src/turtlebot3_msgs) by extension 'ros'
[5.519s] DEBUG:colcon.colcon_core.package_identification:Package 'src/turtlebot3_msgs' with type 'ros.ament_cmake' and name 'turtlebot3_msgs'
[5.522s] Level 1:colcon.colcon_core.package_identification:_identify(src/turtlebot3_simulations) by extensions ['ignore', 'ignore_ament_install']
[5.523s] Level 1:colcon.colcon_core.package_identification:_identify(src/turtlebot3_simulations) by extension 'ignore'
[5.523s] Level 1:colcon.colcon_core.package_identification:_identify(src/turtlebot3_simulations) by extension 'ignore_ament_install'
[5.525s] Level 1:colcon.colcon_core.package_identification:_identify(src/turtlebot3_simulations) by extensions ['colcon_pkg']
[5.525s] Level 1:colcon.colcon_core.package_identification:_identify(src/turtlebot3_simulations) by extension 'colcon_pkg'
[5.527s] Level 1:colcon.colcon_core.package_identification:_identify(src/turtlebot3_simulations) by extensions ['colcon_meta']
[5.527s] Level 1:colcon.colcon_core.package_identification:_identify(src/turtlebot3_simulations) by extension 'colcon_meta'
[5.528s] Level 1:colcon.colcon_core.package_identification:_identify(src/turtlebot3_simulations) by extensions ['ros']
[5.528s] Level 1:colcon.colcon_core.package_identification:_identify(src/turtlebot3_simulations) by extension 'ros'
[5.529s] Level 1:colcon.colcon_core.package_identification:_identify(src/turtlebot3_simulations) by extensions ['cmake', 'python']
[5.531s] Level 1:colcon.colcon_core.package_identification:_identify(src/turtlebot3_simulations) by extension 'cmake'
[5.532s] Level 1:colcon.colcon_core.package_identification:_identify(src/turtlebot3_simulations) by extension 'python'
[5.532s] Level 1:colcon.colcon_core.package_identification:_identify(src/turtlebot3_simulations) by extensions ['python_setup_py']
[5.533s] Level 1:colcon.colcon_core.package_identification:_identify(src/turtlebot3_simulations) by extension 'python_setup_py'
[5.537s] Level 1:colcon.colcon_core.package_identification:_identify(src/turtlebot3_simulations/turtlebot3_fake_node) by extensions ['ignore', 'ignore_ament_install']
[5.537s] Level 1:colcon.colcon_core.package_identification:_identify(src/turtlebot3_simulations/turtlebot3_fake_node) by extension 'ignore'
[5.538s] Level 1:colcon.colcon_core.package_identification:_identify(src/turtlebot3_simulations/turtlebot3_fake_node) by extension 'ignore_ament_install'
[5.539s] Level 1:colcon.colcon_core.package_identification:_identify(src/turtlebot3_simulations/turtlebot3_fake_node) by extensions ['colcon_pkg']
[5.540s] Level 1:colcon.colcon_core.package_identification:_identify(src/turtlebot3_simulations/turtlebot3_fake_node) by extension 'colcon_pkg'
[5.540s] Level 1:colcon.colcon_core.package_identification:_identify(src/turtlebot3_simulations/turtlebot3_fake_node) by extensions ['colcon_meta']
[5.540s] Level 1:colcon.colcon_core.package_identification:_identify(src/turtlebot3_simulations/turtlebot3_fake_node) by extension 'colcon_meta'
[5.541s] Level 1:colcon.colcon_core.package_identification:_identify(src/turtlebot3_simulations/turtlebot3_fake_node) by extensions ['ros']
[5.541s] Level 1:colcon.colcon_core.package_identification:_identify(src/turtlebot3_simulations/turtlebot3_fake_node) by extension 'ros'
[5.556s] DEBUG:colcon.colcon_core.package_identification:Package 'src/turtlebot3_simulations/turtlebot3_fake_node' with type 'ros.ament_cmake' and name 'turtlebot3_fake_node'
[5.558s] Level 1:colcon.colcon_core.package_identification:_identify(src/turtlebot3_simulations/turtlebot3_gazebo) by extensions ['ignore', 'ignore_ament_install']
[5.559s] Level 1:colcon.colcon_core.package_identification:_identify(src/turtlebot3_simulations/turtlebot3_gazebo) by extension 'ignore'
[5.561s] Level 1:colcon.colcon_core.package_identification:_identify(src/turtlebot3_simulations/turtlebot3_gazebo) by extension 'ignore_ament_install'
[5.562s] Level 1:colcon.colcon_core.package_identification:_identify(src/turtlebot3_simulations/turtlebot3_gazebo) by extensions ['colcon_pkg']
[5.562s] Level 1:colcon.colcon_core.package_identification:_identify(src/turtlebot3_simulations/turtlebot3_gazebo) by extension 'colcon_pkg'
[5.563s] Level 1:colcon.colcon_core.package_identification:_identify(src/turtlebot3_simulations/turtlebot3_gazebo) by extensions ['colcon_meta']
[5.563s] Level 1:colcon.colcon_core.package_identification:_identify(src/turtlebot3_simulations/turtlebot3_gazebo) by extension 'colcon_meta'
[5.564s] Level 1:colcon.colcon_core.package_identification:_identify(src/turtlebot3_simulations/turtlebot3_gazebo) by extensions ['ros']
[5.564s] Level 1:colcon.colcon_core.package_identification:_identify(src/turtlebot3_simulations/turtlebot3_gazebo) by extension 'ros'
[5.572s] DEBUG:colcon.colcon_core.package_identification:Package 'src/turtlebot3_simulations/turtlebot3_gazebo' with type 'ros.ament_cmake' and name 'turtlebot3_gazebo'
[5.574s] Level 1:colcon.colcon_core.package_identification:_identify(src/turtlebot3_simulations/turtlebot3_simulations) by extensions ['ignore', 'ignore_ament_install']
[5.574s] Level 1:colcon.colcon_core.package_identification:_identify(src/turtlebot3_simulations/turtlebot3_simulations) by extension 'ignore'
[5.574s] Level 1:colcon.colcon_core.package_identification:_identify(src/turtlebot3_simulations/turtlebot3_simulations) by extension 'ignore_ament_install'
[5.574s] Level 1:colcon.colcon_core.package_identification:_identify(src/turtlebot3_simulations/turtlebot3_simulations) by extensions ['colcon_pkg']
[5.574s] Level 1:colcon.colcon_core.package_identification:_identify(src/turtlebot3_simulations/turtlebot3_simulations) by extension 'colcon_pkg'
[5.574s] Level 1:colcon.colcon_core.package_identification:_identify(src/turtlebot3_simulations/turtlebot3_simulations) by extensions ['colcon_meta']
[5.574s] Level 1:colcon.colcon_core.package_identification:_identify(src/turtlebot3_simulations/turtlebot3_simulations) by extension 'colcon_meta'
[5.575s] Level 1:colcon.colcon_core.package_identification:_identify(src/turtlebot3_simulations/turtlebot3_simulations) by extensions ['ros']
[5.575s] Level 1:colcon.colcon_core.package_identification:_identify(src/turtlebot3_simulations/turtlebot3_simulations) by extension 'ros'
[5.582s] DEBUG:colcon.colcon_core.package_identification:Package 'src/turtlebot3_simulations/turtlebot3_simulations' with type 'ros.ament_cmake' and name 'turtlebot3_simulations'
[5.584s] Level 1:colcon.colcon_core.package_identification:_identify(src/week3) by extensions ['ignore', 'ignore_ament_install']
[5.585s] Level 1:colcon.colcon_core.package_identification:_identify(src/week3) by extension 'ignore'
[5.585s] Level 1:colcon.colcon_core.package_identification:_identify(src/week3) by extension 'ignore_ament_install'
[5.586s] Level 1:colcon.colcon_core.package_identification:_identify(src/week3) by extensions ['colcon_pkg']
[5.586s] Level 1:colcon.colcon_core.package_identification:_identify(src/week3) by extension 'colcon_pkg'
[5.586s] Level 1:colcon.colcon_core.package_identification:_identify(src/week3) by extensions ['colcon_meta']
[5.587s] Level 1:colcon.colcon_core.package_identification:_identify(src/week3) by extension 'colcon_meta'
[5.587s] Level 1:colcon.colcon_core.package_identification:_identify(src/week3) by extensions ['ros']
[5.587s] Level 1:colcon.colcon_core.package_identification:_identify(src/week3) by extension 'ros'
[5.596s] DEBUG:colcon.colcon_core.package_identification:Package 'src/week3' with type 'ros.ament_python' and name 'week3'
[5.597s] Level 1:colcon.colcon_core.package_discovery:discover_packages(recursive) using defaults
[5.597s] Level 1:colcon.colcon_core.package_discovery:discover_packages(ignore) discover
[5.598s] Level 1:colcon.colcon_core.package_discovery:discover_packages(ignore) using defaults
[5.598s] Level 1:colcon.colcon_core.package_discovery:discover_packages(path) discover
[5.598s] Level 1:colcon.colcon_core.package_discovery:discover_packages(path) using defaults
[6.167s] INFO:colcon.colcon_core.package_selection:Skipping not selected package 'SLAM' in 'src/SLAM'
[6.167s] INFO:colcon.colcon_core.package_selection:Skipping not selected package 'turtlebot3_cartographer' in 'src/turtlebot3/turtlebot3_cartographer'
[6.169s] INFO:colcon.colcon_core.package_selection:Skipping not selected package 'turtlebot3_description' in 'src/turtlebot3/turtlebot3_description'
[6.170s] INFO:colcon.colcon_core.package_selection:Skipping not selected package 'turtlebot3_gazebo' in 'src/turtlebot3_simulations/turtlebot3_gazebo'
[6.170s] INFO:colcon.colcon_core.package_selection:Skipping not selected package 'turtlebot3_msgs' in 'src/turtlebot3_msgs'
[6.170s] INFO:colcon.colcon_core.package_selection:Skipping not selected package 'turtlebot3_navigation2' in 'src/turtlebot3/turtlebot3_navigation2'
[6.170s] INFO:colcon.colcon_core.package_selection:Skipping not selected package 'turtlebot3_teleop' in 'src/turtlebot3/turtlebot3_teleop'
[6.171s] INFO:colcon.colcon_core.package_selection:Skipping not selected package 'turtlebot3_example' in 'src/turtlebot3/turtlebot3_example'
[6.171s] INFO:colcon.colcon_core.package_selection:Skipping not selected package 'turtlebot3_fake_node' in 'src/turtlebot3_simulations/turtlebot3_fake_node'
[6.171s] INFO:colcon.colcon_core.package_selection:Skipping not selected package 'turtlebot3_node' in 'src/turtlebot3/turtlebot3_node'
[6.171s] INFO:colcon.colcon_core.package_selection:Skipping not selected package 'turtlebot3_bringup' in 'src/turtlebot3/turtlebot3_bringup'
[6.171s] INFO:colcon.colcon_core.package_selection:Skipping not selected package 'turtlebot3_simulations' in 'src/turtlebot3_simulations/turtlebot3_simulations'
[6.172s] INFO:colcon.colcon_core.package_selection:Skipping not selected package 'turtlebot3' in 'src/turtlebot3/turtlebot3'
[6.176s] Level 1:colcon.colcon_core.package_discovery:discover_packages(prefix_path) check parameters
[6.176s] Level 1:colcon.colcon_core.package_discovery:discover_packages(prefix_path) discover
[6.220s] DEBUG:colcon.colcon_installed_package_information.package_discovery:Found 387 installed packages in /opt/ros/humble
[6.253s] Level 1:colcon.colcon_core.package_discovery:discover_packages(prefix_path) using defaults
[6.831s] Level 5:colcon.colcon_core.verb:set package 'week3' build argument 'cmake_args' from command line to 'None'
[6.831s] Level 5:colcon.colcon_core.verb:set package 'week3' build argument 'cmake_target' from command line to 'None'
[6.831s] Level 5:colcon.colcon_core.verb:set package 'week3' build argument 'cmake_target_skip_unavailable' from command line to 'False'
[6.833s] Level 5:colcon.colcon_core.verb:set package 'week3' build argument 'cmake_clean_cache' from command line to 'False'
[6.834s] Level 5:colcon.colcon_core.verb:set package 'week3' build argument 'cmake_clean_first' from command line to 'False'
[6.834s] Level 5:colcon.colcon_core.verb:set package 'week3' build argument 'cmake_force_configure' from command line to 'False'
[6.834s] Level 5:colcon.colcon_core.verb:set package 'week3' build argument 'ament_cmake_args' from command line to 'None'
[6.834s] Level 5:colcon.colcon_core.verb:set package 'week3' build argument 'catkin_cmake_args' from command line to 'None'
[6.834s] Level 5:colcon.colcon_core.verb:set package 'week3' build argument 'catkin_skip_building_tests' from command line to 'False'
[6.834s] DEBUG:colcon.colcon_core.verb:Building package 'week3' with the following arguments: {'ament_cmake_args': None, 'build_base': '/home/kisangpark/lab_training/build/week3', 'catkin_cmake_args': None, 'catkin_skip_building_tests': False, 'cmake_args': None, 'cmake_clean_cache': False, 'cmake_clean_first': False, 'cmake_force_configure': False, 'cmake_target': None, 'cmake_target_skip_unavailable': False, 'install_base': '/home/kisangpark/lab_training/install/week3', 'merge_install': False, 'path': '/home/kisangpark/lab_training/src/week3', 'symlink_install': False, 'test_result_base': None}
[6.835s] INFO:colcon.colcon_core.executor:Executing jobs using 'parallel' executor
[6.850s] DEBUG:colcon.colcon_parallel_executor.executor.parallel:run_until_complete
[6.866s] INFO:colcon.colcon_ros.task.ament_python.build:Building ROS package in '/home/kisangpark/lab_training/src/week3' with build type 'ament_python'
[6.868s] Level 1:colcon.colcon_core.shell:create_environment_hook('week3', 'ament_prefix_path')
[6.951s] INFO:colcon.colcon_core.plugin_system:Skipping extension 'colcon_core.shell.bat': Not used on non-Windows systems
[6.954s] INFO:colcon.colcon_core.shell:Creating environment hook '/home/kisangpark/lab_training/install/week3/share/week3/hook/ament_prefix_path.ps1'
[6.985s] INFO:colcon.colcon_core.shell:Creating environment descriptor '/home/kisangpark/lab_training/install/week3/share/week3/hook/ament_prefix_path.dsv'
[7.007s] INFO:colcon.colcon_core.shell:Creating environment hook '/home/kisangpark/lab_training/install/week3/share/week3/hook/ament_prefix_path.sh'
[7.030s] INFO:colcon.colcon_core.shell:Skip shell extension 'powershell' for command environment: Not usable outside of PowerShell
[7.030s] DEBUG:colcon.colcon_core.shell:Skip shell extension 'dsv' for command environment
[9.957s] INFO:colcon.colcon_core.task.python.build:Building Python package in '/home/kisangpark/lab_training/src/week3'
[9.957s] INFO:colcon.colcon_core.shell:Skip shell extension 'powershell' for command environment: Not usable outside of PowerShell
[9.958s] DEBUG:colcon.colcon_core.shell:Skip shell extension 'dsv' for command environment
[19.597s] DEBUG:colcon.colcon_core.event_handler.log_command:Invoking command in '/home/kisangpark/lab_training/src/week3': PYTHONPATH=/home/kisangpark/lab_training/build/week3/prefix_override:/usr/lib/python3/dist-packages/colcon_core/task/python/colcon_distutils_commands:/home/kisangpark/lab_training/install/week3/lib/python3.10/site-packages:${PYTHONPATH} /usr/bin/python3 -W ignore:setup.py install is deprecated -W ignore:easy_install command is deprecated setup.py egg_info --egg-base ../../build/week3 build --build-base /home/kisangpark/lab_training/build/week3/build install --record /home/kisangpark/lab_training/build/week3/install.log --single-version-externally-managed install_data
[25.067s] DEBUG:colcon.colcon_core.event_handler.log_command:Invoked command in '/home/kisangpark/lab_training/src/week3' returned '0': PYTHONPATH=/home/kisangpark/lab_training/build/week3/prefix_override:/usr/lib/python3/dist-packages/colcon_core/task/python/colcon_distutils_commands:/home/kisangpark/lab_training/install/week3/lib/python3.10/site-packages:${PYTHONPATH} /usr/bin/python3 -W ignore:setup.py install is deprecated -W ignore:easy_install command is deprecated setup.py egg_info --egg-base ../../build/week3 build --build-base /home/kisangpark/lab_training/build/week3/build install --record /home/kisangpark/lab_training/build/week3/install.log --single-version-externally-managed install_data
[25.115s] Level 1:colcon.colcon_core.environment:checking '/home/kisangpark/lab_training/install/week3' for CMake module files
[25.124s] Level 1:colcon.colcon_core.environment:checking '/home/kisangpark/lab_training/install/week3' for CMake config files
[25.136s] Level 1:colcon.colcon_core.environment:checking '/home/kisangpark/lab_training/install/week3/lib'
[25.143s] Level 1:colcon.colcon_core.environment:checking '/home/kisangpark/lab_training/install/week3/bin'
[25.146s] Level 1:colcon.colcon_core.environment:checking '/home/kisangpark/lab_training/install/week3/lib/pkgconfig/week3.pc'
[25.147s] Level 1:colcon.colcon_core.environment:checking '/home/kisangpark/lab_training/install/week3/lib/python3.10/site-packages'
[25.147s] Level 1:colcon.colcon_core.shell:create_environment_hook('week3', 'pythonpath')
[25.150s] INFO:colcon.colcon_core.shell:Creating environment hook '/home/kisangpark/lab_training/install/week3/share/week3/hook/pythonpath.ps1'
[25.158s] INFO:colcon.colcon_core.shell:Creating environment descriptor '/home/kisangpark/lab_training/install/week3/share/week3/hook/pythonpath.dsv'
[25.166s] INFO:colcon.colcon_core.shell:Creating environment hook '/home/kisangpark/lab_training/install/week3/share/week3/hook/pythonpath.sh'
[25.174s] Level 1:colcon.colcon_core.environment:checking '/home/kisangpark/lab_training/install/week3/bin'
[25.174s] Level 1:colcon.colcon_core.environment:create_environment_scripts_only(week3)
[25.179s] INFO:colcon.colcon_core.shell:Creating package script '/home/kisangpark/lab_training/install/week3/share/week3/package.ps1'
[25.189s] INFO:colcon.colcon_core.shell:Creating package descriptor '/home/kisangpark/lab_training/install/week3/share/week3/package.dsv'
[25.197s] INFO:colcon.colcon_core.shell:Creating package script '/home/kisangpark/lab_training/install/week3/share/week3/package.sh'
[25.207s] INFO:colcon.colcon_core.shell:Creating package script '/home/kisangpark/lab_training/install/week3/share/week3/package.bash'
[25.220s] INFO:colcon.colcon_core.shell:Creating package script '/home/kisangpark/lab_training/install/week3/share/week3/package.zsh'
[25.307s] Level 1:colcon.colcon_core.environment:create_file_with_runtime_dependencies(/home/kisangpark/lab_training/install/week3/share/colcon-core/packages/week3)
[25.310s] DEBUG:colcon.colcon_parallel_executor.executor.parallel:closing loop
[25.318s] DEBUG:colcon.colcon_parallel_executor.executor.parallel:loop closed
[25.318s] DEBUG:colcon.colcon_parallel_executor.executor.parallel:run_until_complete finished with '0'
[25.318s] DEBUG:colcon.colcon_core.event_reactor:joining thread
[25.409s] INFO:colcon.colcon_core.plugin_system:Skipping extension 'colcon_notification.desktop_notification.terminal_notifier': Not used on non-Darwin systems
[25.410s] INFO:colcon.colcon_core.plugin_system:Skipping extension 'colcon_notification.desktop_notification.win32': Not used on non-Windows systems
[25.410s] INFO:colcon.colcon_notification.desktop_notification:Sending desktop notification using 'notify2'
[25.601s] DEBUG:colcon.colcon_core.event_reactor:joined thread
[25.603s] INFO:colcon.colcon_core.shell:Creating prefix script '/home/kisangpark/lab_training/install/local_setup.ps1'
[25.617s] INFO:colcon.colcon_core.shell:Creating prefix util module '/home/kisangpark/lab_training/install/_local_setup_util_ps1.py'
[25.637s] INFO:colcon.colcon_core.shell:Creating prefix chain script '/home/kisangpark/lab_training/install/setup.ps1'
[25.647s] INFO:colcon.colcon_core.shell:Creating prefix script '/home/kisangpark/lab_training/install/local_setup.sh'
[25.656s] INFO:colcon.colcon_core.shell:Creating prefix util module '/home/kisangpark/lab_training/install/_local_setup_util_sh.py'
[25.661s] INFO:colcon.colcon_core.shell:Creating prefix chain script '/home/kisangpark/lab_training/install/setup.sh'
[25.671s] INFO:colcon.colcon_core.shell:Creating prefix script '/home/kisangpark/lab_training/install/local_setup.bash'
[25.681s] INFO:colcon.colcon_core.shell:Creating prefix chain script '/home/kisangpark/lab_training/install/setup.bash'
[25.696s] INFO:colcon.colcon_core.shell:Creating prefix script '/home/kisangpark/lab_training/install/local_setup.zsh'
[25.703s] INFO:colcon.colcon_core.shell:Creating prefix chain script '/home/kisangpark/lab_training/install/setup.zsh'
