[0.101s] Invoking command in '/home/kisangpark/lab_training/build/turtlebot3_description': CMAKE_PREFIX_PATH=/opt/ros/humble /usr/bin/cmake /home/kisangpark/lab_training/src/turtlebot3/turtlebot3_description -DAMENT_CMAKE_SYMLINK_INSTALL=1 -DCMAKE_INSTALL_PREFIX=/home/kisangpark/lab_training/install/turtlebot3_description
[0.683s] -- The C compiler identification is GNU 11.4.0
[1.141s] -- The CXX compiler identification is GNU 11.4.0
[1.194s] -- Detecting C compiler ABI info
[1.390s] -- Detecting C compiler ABI info - done
[1.411s] -- Check for working C compiler: /usr/bin/cc - skipped
[1.411s] -- Detecting C compile features
[1.413s] -- Detecting C compile features - done
[1.417s] -- Detecting CXX compiler ABI info
[1.668s] -- Detecting CXX compiler ABI info - done
[1.691s] -- Check for working CXX compiler: /usr/bin/c++ - skipped
[1.691s] -- Detecting CXX compile features
[1.693s] -- Detecting CXX compile features - done
[1.708s] -- Found ament_cmake: 1.3.10 (/opt/ros/humble/share/ament_cmake/cmake)
[2.927s] -- Found Python3: /usr/bin/python3 (found version "3.10.12") found components: Interpreter 
[3.187s] -- Override CMake install command with custom implementation using symlinks instead of copying resources
[3.345s] -- Found urdf: 2.6.1 (/opt/ros/humble/share/urdf/cmake)
[4.096s] -- Configuring done
[4.113s] -- Generating done
[4.126s] -- Build files have been written to: /home/kisangpark/lab_training/build/turtlebot3_description
[4.170s] Invoked command in '/home/kisangpark/lab_training/build/turtlebot3_description' returned '0': CMAKE_PREFIX_PATH=/opt/ros/humble /usr/bin/cmake /home/kisangpark/lab_training/src/turtlebot3/turtlebot3_description -DAMENT_CMAKE_SYMLINK_INSTALL=1 -DCMAKE_INSTALL_PREFIX=/home/kisangpark/lab_training/install/turtlebot3_description
[4.213s] Invoking command in '/home/kisangpark/lab_training/build/turtlebot3_description': CMAKE_PREFIX_PATH=/opt/ros/humble /usr/bin/cmake --build /home/kisangpark/lab_training/build/turtlebot3_description -- -j2 -l2
[4.424s] Invoked command in '/home/kisangpark/lab_training/build/turtlebot3_description' returned '0': CMAKE_PREFIX_PATH=/opt/ros/humble /usr/bin/cmake --build /home/kisangpark/lab_training/build/turtlebot3_description -- -j2 -l2
[4.448s] Invoking command in '/home/kisangpark/lab_training/build/turtlebot3_description': CMAKE_PREFIX_PATH=/opt/ros/humble /usr/bin/cmake --install /home/kisangpark/lab_training/build/turtlebot3_description
[4.483s] -- Install configuration: ""
[4.486s] -- Execute custom install script
[4.494s] -- Symlinking: /home/kisangpark/lab_training/install/turtlebot3_description/share/turtlebot3_description/meshes/bases/burger_base.stl
[4.524s] -- Symlinking: /home/kisangpark/lab_training/install/turtlebot3_description/share/turtlebot3_description/meshes/bases/waffle_base.stl
[4.573s] -- Symlinking: /home/kisangpark/lab_training/install/turtlebot3_description/share/turtlebot3_description/meshes/bases/waffle_pi_base.stl
[4.626s] -- Symlinking: /home/kisangpark/lab_training/install/turtlebot3_description/share/turtlebot3_description/meshes/sensors/astra.dae
[4.684s] -- Symlinking: /home/kisangpark/lab_training/install/turtlebot3_description/share/turtlebot3_description/meshes/sensors/astra.jpg
[4.716s] -- Symlinking: /home/kisangpark/lab_training/install/turtlebot3_description/share/turtlebot3_description/meshes/sensors/lds.stl
[4.735s] -- Symlinking: /home/kisangpark/lab_training/install/turtlebot3_description/share/turtlebot3_description/meshes/sensors/r200.dae
[4.760s] -- Symlinking: /home/kisangpark/lab_training/install/turtlebot3_description/share/turtlebot3_description/meshes/sensors/r200.jpg
[4.796s] -- Symlinking: /home/kisangpark/lab_training/install/turtlebot3_description/share/turtlebot3_description/meshes/wheels/left_tire.stl
[4.830s] -- Symlinking: /home/kisangpark/lab_training/install/turtlebot3_description/share/turtlebot3_description/meshes/wheels/right_tire.stl
[4.861s] -- Symlinking: /home/kisangpark/lab_training/install/turtlebot3_description/share/turtlebot3_description/rviz/model.rviz
[4.900s] -- Symlinking: /home/kisangpark/lab_training/install/turtlebot3_description/share/turtlebot3_description/urdf/common_properties.urdf
[4.940s] -- Symlinking: /home/kisangpark/lab_training/install/turtlebot3_description/share/turtlebot3_description/urdf/turtlebot3_burger.urdf
[4.960s] -- Symlinking: /home/kisangpark/lab_training/install/turtlebot3_description/share/turtlebot3_description/urdf/turtlebot3_waffle.urdf
[4.993s] -- Symlinking: /home/kisangpark/lab_training/install/turtlebot3_description/share/turtlebot3_description/urdf/turtlebot3_waffle_pi.urdf
[5.023s] -- Symlinking: /home/kisangpark/lab_training/install/turtlebot3_description/share/ament_index/resource_index/package_run_dependencies/turtlebot3_description
[5.043s] -- Symlinking: /home/kisangpark/lab_training/install/turtlebot3_description/share/ament_index/resource_index/parent_prefix_path/turtlebot3_description
[5.062s] -- Symlinking: /home/kisangpark/lab_training/install/turtlebot3_description/share/turtlebot3_description/environment/ament_prefix_path.sh
[5.082s] -- Symlinking: /home/kisangpark/lab_training/install/turtlebot3_description/share/turtlebot3_description/environment/ament_prefix_path.dsv
[5.106s] -- Symlinking: /home/kisangpark/lab_training/install/turtlebot3_description/share/turtlebot3_description/environment/path.sh
[5.137s] -- Symlinking: /home/kisangpark/lab_training/install/turtlebot3_description/share/turtlebot3_description/environment/path.dsv
[5.173s] -- Symlinking: /home/kisangpark/lab_training/install/turtlebot3_description/share/turtlebot3_description/local_setup.bash
[5.215s] -- Symlinking: /home/kisangpark/lab_training/install/turtlebot3_description/share/turtlebot3_description/local_setup.sh
[5.251s] -- Symlinking: /home/kisangpark/lab_training/install/turtlebot3_description/share/turtlebot3_description/local_setup.zsh
[5.304s] -- Symlinking: /home/kisangpark/lab_training/install/turtlebot3_description/share/turtlebot3_description/local_setup.dsv
[5.325s] -- Symlinking: /home/kisangpark/lab_training/install/turtlebot3_description/share/turtlebot3_description/package.dsv
[5.339s] -- Symlinking: /home/kisangpark/lab_training/install/turtlebot3_description/share/ament_index/resource_index/packages/turtlebot3_description
[5.373s] -- Symlinking: /home/kisangpark/lab_training/install/turtlebot3_description/share/turtlebot3_description/cmake/turtlebot3_descriptionConfig.cmake
[5.413s] -- Symlinking: /home/kisangpark/lab_training/install/turtlebot3_description/share/turtlebot3_description/cmake/turtlebot3_descriptionConfig-version.cmake
[5.443s] -- Symlinking: /home/kisangpark/lab_training/install/turtlebot3_description/share/turtlebot3_description/package.xml
[5.486s] Invoked command in '/home/kisangpark/lab_training/build/turtlebot3_description' returned '0': CMAKE_PREFIX_PATH=/opt/ros/humble /usr/bin/cmake --install /home/kisangpark/lab_training/build/turtlebot3_description
