[0.132s] Invoking command in '/home/kisangpark/lab_training/build/turtlebot3_bringup': AMENT_PREFIX_PATH=/home/kisangpark/lab_training/install/turtlebot3_node:/home/kisangpark/lab_training/install/turtlebot3_msgs:/home/kisangpark/lab_training/install/turtlebot3_description:${AMENT_PREFIX_PATH} CMAKE_PREFIX_PATH=/home/kisangpark/lab_training/install/turtlebot3_node:/home/kisangpark/lab_training/install/turtlebot3_msgs:/home/kisangpark/lab_training/install/turtlebot3_description:/opt/ros/humble LD_LIBRARY_PATH=/home/kisangpark/lab_training/install/turtlebot3_msgs/lib:${LD_LIBRARY_PATH} PYTHONPATH=/home/kisangpark/lab_training/install/turtlebot3_msgs/local/lib/python3.10/dist-packages:${PYTHONPATH} /usr/bin/cmake --build /home/kisangpark/lab_training/build/turtlebot3_bringup -- -j2 -l2
[0.446s] Invoked command in '/home/kisangpark/lab_training/build/turtlebot3_bringup' returned '0': AMENT_PREFIX_PATH=/home/kisangpark/lab_training/install/turtlebot3_node:/home/kisangpark/lab_training/install/turtlebot3_msgs:/home/kisangpark/lab_training/install/turtlebot3_description:${AMENT_PREFIX_PATH} CMAKE_PREFIX_PATH=/home/kisangpark/lab_training/install/turtlebot3_node:/home/kisangpark/lab_training/install/turtlebot3_msgs:/home/kisangpark/lab_training/install/turtlebot3_description:/opt/ros/humble LD_LIBRARY_PATH=/home/kisangpark/lab_training/install/turtlebot3_msgs/lib:${LD_LIBRARY_PATH} PYTHONPATH=/home/kisangpark/lab_training/install/turtlebot3_msgs/local/lib/python3.10/dist-packages:${PYTHONPATH} /usr/bin/cmake --build /home/kisangpark/lab_training/build/turtlebot3_bringup -- -j2 -l2
[0.456s] Invoking command in '/home/kisangpark/lab_training/build/turtlebot3_bringup': AMENT_PREFIX_PATH=/home/kisangpark/lab_training/install/turtlebot3_node:/home/kisangpark/lab_training/install/turtlebot3_msgs:/home/kisangpark/lab_training/install/turtlebot3_description:${AMENT_PREFIX_PATH} CMAKE_PREFIX_PATH=/home/kisangpark/lab_training/install/turtlebot3_node:/home/kisangpark/lab_training/install/turtlebot3_msgs:/home/kisangpark/lab_training/install/turtlebot3_description:/opt/ros/humble LD_LIBRARY_PATH=/home/kisangpark/lab_training/install/turtlebot3_msgs/lib:${LD_LIBRARY_PATH} PYTHONPATH=/home/kisangpark/lab_training/install/turtlebot3_msgs/local/lib/python3.10/dist-packages:${PYTHONPATH} /usr/bin/cmake --install /home/kisangpark/lab_training/build/turtlebot3_bringup
[0.486s] -- Install configuration: ""
[0.489s] -- Execute custom install script
[0.495s] -- Up-to-date symlink: /home/kisangpark/lab_training/install/turtlebot3_bringup/share/turtlebot3_bringup/launch/robot.launch.py
[0.498s] -- Up-to-date symlink: /home/kisangpark/lab_training/install/turtlebot3_bringup/share/turtlebot3_bringup/launch/rviz2.launch.py
[0.500s] -- Up-to-date symlink: /home/kisangpark/lab_training/install/turtlebot3_bringup/share/turtlebot3_bringup/launch/turtlebot3_state_publisher.launch.py
[0.503s] -- Up-to-date symlink: /home/kisangpark/lab_training/install/turtlebot3_bringup/share/turtlebot3_bringup/param/burger.yaml
[0.505s] -- Up-to-date symlink: /home/kisangpark/lab_training/install/turtlebot3_bringup/share/turtlebot3_bringup/param/waffle.yaml
[0.508s] -- Up-to-date symlink: /home/kisangpark/lab_training/install/turtlebot3_bringup/share/turtlebot3_bringup/param/waffle_pi.yaml
[0.508s] -- Up-to-date symlink: /home/kisangpark/lab_training/install/turtlebot3_bringup/share/turtlebot3_bringup/script/99-turtlebot3-cdc.rules
[0.509s] -- Up-to-date symlink: /home/kisangpark/lab_training/install/turtlebot3_bringup/share/turtlebot3_bringup/script/create_udev_rules
[0.512s] -- Up-to-date symlink: /home/kisangpark/lab_training/install/turtlebot3_bringup/share/ament_index/resource_index/package_run_dependencies/turtlebot3_bringup
[0.515s] -- Up-to-date symlink: /home/kisangpark/lab_training/install/turtlebot3_bringup/share/ament_index/resource_index/parent_prefix_path/turtlebot3_bringup
[0.519s] -- Up-to-date symlink: /home/kisangpark/lab_training/install/turtlebot3_bringup/share/turtlebot3_bringup/environment/ament_prefix_path.sh
[0.521s] -- Up-to-date symlink: /home/kisangpark/lab_training/install/turtlebot3_bringup/share/turtlebot3_bringup/environment/ament_prefix_path.dsv
[0.521s] -- Up-to-date symlink: /home/kisangpark/lab_training/install/turtlebot3_bringup/share/turtlebot3_bringup/environment/path.sh
[0.523s] -- Up-to-date symlink: /home/kisangpark/lab_training/install/turtlebot3_bringup/share/turtlebot3_bringup/environment/path.dsv
[0.523s] -- Up-to-date symlink: /home/kisangpark/lab_training/install/turtlebot3_bringup/share/turtlebot3_bringup/local_setup.bash
[0.529s] -- Up-to-date symlink: /home/kisangpark/lab_training/install/turtlebot3_bringup/share/turtlebot3_bringup/local_setup.sh
[0.530s] -- Up-to-date symlink: /home/kisangpark/lab_training/install/turtlebot3_bringup/share/turtlebot3_bringup/local_setup.zsh
[0.534s] -- Up-to-date symlink: /home/kisangpark/lab_training/install/turtlebot3_bringup/share/turtlebot3_bringup/local_setup.dsv
[0.534s] -- Symlinking: /home/kisangpark/lab_training/install/turtlebot3_bringup/share/turtlebot3_bringup/package.dsv
[0.567s] -- Up-to-date symlink: /home/kisangpark/lab_training/install/turtlebot3_bringup/share/ament_index/resource_index/packages/turtlebot3_bringup
[0.569s] -- Up-to-date symlink: /home/kisangpark/lab_training/install/turtlebot3_bringup/share/turtlebot3_bringup/cmake/turtlebot3_bringupConfig.cmake
[0.572s] -- Up-to-date symlink: /home/kisangpark/lab_training/install/turtlebot3_bringup/share/turtlebot3_bringup/cmake/turtlebot3_bringupConfig-version.cmake
[0.575s] -- Up-to-date symlink: /home/kisangpark/lab_training/install/turtlebot3_bringup/share/turtlebot3_bringup/package.xml
[0.580s] Invoked command in '/home/kisangpark/lab_training/build/turtlebot3_bringup' returned '0': AMENT_PREFIX_PATH=/home/kisangpark/lab_training/install/turtlebot3_node:/home/kisangpark/lab_training/install/turtlebot3_msgs:/home/kisangpark/lab_training/install/turtlebot3_description:${AMENT_PREFIX_PATH} CMAKE_PREFIX_PATH=/home/kisangpark/lab_training/install/turtlebot3_node:/home/kisangpark/lab_training/install/turtlebot3_msgs:/home/kisangpark/lab_training/install/turtlebot3_description:/opt/ros/humble LD_LIBRARY_PATH=/home/kisangpark/lab_training/install/turtlebot3_msgs/lib:${LD_LIBRARY_PATH} PYTHONPATH=/home/kisangpark/lab_training/install/turtlebot3_msgs/local/lib/python3.10/dist-packages:${PYTHONPATH} /usr/bin/cmake --install /home/kisangpark/lab_training/build/turtlebot3_bringup
