[0.055s] Invoking command in '/home/kisangpark/lab_training/build/turtlebot3': AMENT_PREFIX_PATH=/home/kisangpark/lab_training/install/turtlebot3_bringup:/home/kisangpark/lab_training/install/turtlebot3_node:/home/kisangpark/lab_training/install/turtlebot3_example:/home/kisangpark/lab_training/install/turtlebot3_teleop:/home/kisangpark/lab_training/install/turtlebot3_navigation2:/home/kisangpark/lab_training/install/turtlebot3_msgs:/home/kisangpark/lab_training/install/turtlebot3_description:/home/kisangpark/lab_training/install/turtlebot3_cartographer:${AMENT_PREFIX_PATH} CMAKE_PREFIX_PATH=/home/kisangpark/lab_training/install/turtlebot3_bringup:/home/kisangpark/lab_training/install/turtlebot3_node:/home/kisangpark/lab_training/install/turtlebot3_navigation2:/home/kisangpark/lab_training/install/turtlebot3_msgs:/home/kisangpark/lab_training/install/turtlebot3_description:/home/kisangpark/lab_training/install/turtlebot3_cartographer:/opt/ros/humble LD_LIBRARY_PATH=/home/kisangpark/lab_training/install/turtlebot3_msgs/lib:${LD_LIBRARY_PATH} PYTHONPATH=/home/kisangpark/lab_training/build/turtlebot3_example:/home/kisangpark/lab_training/install/turtlebot3_example/lib/python3.10/site-packages:/home/kisangpark/lab_training/build/turtlebot3_teleop:/home/kisangpark/lab_training/install/turtlebot3_teleop/lib/python3.10/site-packages:/home/kisangpark/lab_training/install/turtlebot3_msgs/local/lib/python3.10/dist-packages:${PYTHONPATH} /usr/bin/cmake /home/kisangpark/lab_training/src/turtlebot3/turtlebot3 -DAMENT_CMAKE_SYMLINK_INSTALL=1 -DCMAKE_INSTALL_PREFIX=/home/kisangpark/lab_training/install/turtlebot3
[0.160s] -- The C compiler identification is GNU 11.4.0
[0.282s] -- The CXX compiler identification is GNU 11.4.0
[0.308s] -- Detecting C compiler ABI info
[0.492s] -- Detecting C compiler ABI info - done
[0.500s] -- Check for working C compiler: /usr/bin/cc - skipped
[0.500s] -- Detecting C compile features
[0.501s] -- Detecting C compile features - done
[0.507s] -- Detecting CXX compiler ABI info
[0.644s] -- Detecting CXX compiler ABI info - done
[0.655s] -- Check for working CXX compiler: /usr/bin/c++ - skipped
[0.656s] -- Detecting CXX compile features
[0.657s] -- Detecting CXX compile features - done
[0.662s] -- Found ament_cmake: 1.3.10 (/opt/ros/humble/share/ament_cmake/cmake)
[1.585s] -- Found Python3: /usr/bin/python3 (found version "3.10.12") found components: Interpreter 
[1.780s] -- Override CMake install command with custom implementation using symlinks instead of copying resources
[1.954s] -- Configuring done
[1.957s] -- Generating done
[1.961s] -- Build files have been written to: /home/kisangpark/lab_training/build/turtlebot3
[1.973s] Invoked command in '/home/kisangpark/lab_training/build/turtlebot3' returned '0': AMENT_PREFIX_PATH=/home/kisangpark/lab_training/install/turtlebot3_bringup:/home/kisangpark/lab_training/install/turtlebot3_node:/home/kisangpark/lab_training/install/turtlebot3_example:/home/kisangpark/lab_training/install/turtlebot3_teleop:/home/kisangpark/lab_training/install/turtlebot3_navigation2:/home/kisangpark/lab_training/install/turtlebot3_msgs:/home/kisangpark/lab_training/install/turtlebot3_description:/home/kisangpark/lab_training/install/turtlebot3_cartographer:${AMENT_PREFIX_PATH} CMAKE_PREFIX_PATH=/home/kisangpark/lab_training/install/turtlebot3_bringup:/home/kisangpark/lab_training/install/turtlebot3_node:/home/kisangpark/lab_training/install/turtlebot3_navigation2:/home/kisangpark/lab_training/install/turtlebot3_msgs:/home/kisangpark/lab_training/install/turtlebot3_description:/home/kisangpark/lab_training/install/turtlebot3_cartographer:/opt/ros/humble LD_LIBRARY_PATH=/home/kisangpark/lab_training/install/turtlebot3_msgs/lib:${LD_LIBRARY_PATH} PYTHONPATH=/home/kisangpark/lab_training/build/turtlebot3_example:/home/kisangpark/lab_training/install/turtlebot3_example/lib/python3.10/site-packages:/home/kisangpark/lab_training/build/turtlebot3_teleop:/home/kisangpark/lab_training/install/turtlebot3_teleop/lib/python3.10/site-packages:/home/kisangpark/lab_training/install/turtlebot3_msgs/local/lib/python3.10/dist-packages:${PYTHONPATH} /usr/bin/cmake /home/kisangpark/lab_training/src/turtlebot3/turtlebot3 -DAMENT_CMAKE_SYMLINK_INSTALL=1 -DCMAKE_INSTALL_PREFIX=/home/kisangpark/lab_training/install/turtlebot3
[1.979s] Invoking command in '/home/kisangpark/lab_training/build/turtlebot3': AMENT_PREFIX_PATH=/home/kisangpark/lab_training/install/turtlebot3_bringup:/home/kisangpark/lab_training/install/turtlebot3_node:/home/kisangpark/lab_training/install/turtlebot3_example:/home/kisangpark/lab_training/install/turtlebot3_teleop:/home/kisangpark/lab_training/install/turtlebot3_navigation2:/home/kisangpark/lab_training/install/turtlebot3_msgs:/home/kisangpark/lab_training/install/turtlebot3_description:/home/kisangpark/lab_training/install/turtlebot3_cartographer:${AMENT_PREFIX_PATH} CMAKE_PREFIX_PATH=/home/kisangpark/lab_training/install/turtlebot3_bringup:/home/kisangpark/lab_training/install/turtlebot3_node:/home/kisangpark/lab_training/install/turtlebot3_navigation2:/home/kisangpark/lab_training/install/turtlebot3_msgs:/home/kisangpark/lab_training/install/turtlebot3_description:/home/kisangpark/lab_training/install/turtlebot3_cartographer:/opt/ros/humble LD_LIBRARY_PATH=/home/kisangpark/lab_training/install/turtlebot3_msgs/lib:${LD_LIBRARY_PATH} PYTHONPATH=/home/kisangpark/lab_training/build/turtlebot3_example:/home/kisangpark/lab_training/install/turtlebot3_example/lib/python3.10/site-packages:/home/kisangpark/lab_training/build/turtlebot3_teleop:/home/kisangpark/lab_training/install/turtlebot3_teleop/lib/python3.10/site-packages:/home/kisangpark/lab_training/install/turtlebot3_msgs/local/lib/python3.10/dist-packages:${PYTHONPATH} /usr/bin/cmake --build /home/kisangpark/lab_training/build/turtlebot3 -- -j2 -l2
[2.074s] Invoked command in '/home/kisangpark/lab_training/build/turtlebot3' returned '0': AMENT_PREFIX_PATH=/home/kisangpark/lab_training/install/turtlebot3_bringup:/home/kisangpark/lab_training/install/turtlebot3_node:/home/kisangpark/lab_training/install/turtlebot3_example:/home/kisangpark/lab_training/install/turtlebot3_teleop:/home/kisangpark/lab_training/install/turtlebot3_navigation2:/home/kisangpark/lab_training/install/turtlebot3_msgs:/home/kisangpark/lab_training/install/turtlebot3_description:/home/kisangpark/lab_training/install/turtlebot3_cartographer:${AMENT_PREFIX_PATH} CMAKE_PREFIX_PATH=/home/kisangpark/lab_training/install/turtlebot3_bringup:/home/kisangpark/lab_training/install/turtlebot3_node:/home/kisangpark/lab_training/install/turtlebot3_navigation2:/home/kisangpark/lab_training/install/turtlebot3_msgs:/home/kisangpark/lab_training/install/turtlebot3_description:/home/kisangpark/lab_training/install/turtlebot3_cartographer:/opt/ros/humble LD_LIBRARY_PATH=/home/kisangpark/lab_training/install/turtlebot3_msgs/lib:${LD_LIBRARY_PATH} PYTHONPATH=/home/kisangpark/lab_training/build/turtlebot3_example:/home/kisangpark/lab_training/install/turtlebot3_example/lib/python3.10/site-packages:/home/kisangpark/lab_training/build/turtlebot3_teleop:/home/kisangpark/lab_training/install/turtlebot3_teleop/lib/python3.10/site-packages:/home/kisangpark/lab_training/install/turtlebot3_msgs/local/lib/python3.10/dist-packages:${PYTHONPATH} /usr/bin/cmake --build /home/kisangpark/lab_training/build/turtlebot3 -- -j2 -l2
[2.078s] Invoking command in '/home/kisangpark/lab_training/build/turtlebot3': AMENT_PREFIX_PATH=/home/kisangpark/lab_training/install/turtlebot3_bringup:/home/kisangpark/lab_training/install/turtlebot3_node:/home/kisangpark/lab_training/install/turtlebot3_example:/home/kisangpark/lab_training/install/turtlebot3_teleop:/home/kisangpark/lab_training/install/turtlebot3_navigation2:/home/kisangpark/lab_training/install/turtlebot3_msgs:/home/kisangpark/lab_training/install/turtlebot3_description:/home/kisangpark/lab_training/install/turtlebot3_cartographer:${AMENT_PREFIX_PATH} CMAKE_PREFIX_PATH=/home/kisangpark/lab_training/install/turtlebot3_bringup:/home/kisangpark/lab_training/install/turtlebot3_node:/home/kisangpark/lab_training/install/turtlebot3_navigation2:/home/kisangpark/lab_training/install/turtlebot3_msgs:/home/kisangpark/lab_training/install/turtlebot3_description:/home/kisangpark/lab_training/install/turtlebot3_cartographer:/opt/ros/humble LD_LIBRARY_PATH=/home/kisangpark/lab_training/install/turtlebot3_msgs/lib:${LD_LIBRARY_PATH} PYTHONPATH=/home/kisangpark/lab_training/build/turtlebot3_example:/home/kisangpark/lab_training/install/turtlebot3_example/lib/python3.10/site-packages:/home/kisangpark/lab_training/build/turtlebot3_teleop:/home/kisangpark/lab_training/install/turtlebot3_teleop/lib/python3.10/site-packages:/home/kisangpark/lab_training/install/turtlebot3_msgs/local/lib/python3.10/dist-packages:${PYTHONPATH} /usr/bin/cmake --install /home/kisangpark/lab_training/build/turtlebot3
[2.100s] -- Install configuration: ""
[2.102s] -- Execute custom install script
[2.103s] -- Symlinking: /home/kisangpark/lab_training/install/turtlebot3/share/ament_index/resource_index/package_run_dependencies/turtlebot3
[2.128s] -- Symlinking: /home/kisangpark/lab_training/install/turtlebot3/share/ament_index/resource_index/parent_prefix_path/turtlebot3
[2.156s] -- Symlinking: /home/kisangpark/lab_training/install/turtlebot3/share/turtlebot3/environment/ament_prefix_path.sh
[2.179s] -- Symlinking: /home/kisangpark/lab_training/install/turtlebot3/share/turtlebot3/environment/ament_prefix_path.dsv
[2.194s] -- Symlinking: /home/kisangpark/lab_training/install/turtlebot3/share/turtlebot3/environment/path.sh
[2.205s] -- Symlinking: /home/kisangpark/lab_training/install/turtlebot3/share/turtlebot3/environment/path.dsv
[2.216s] -- Symlinking: /home/kisangpark/lab_training/install/turtlebot3/share/turtlebot3/local_setup.bash
[2.229s] -- Symlinking: /home/kisangpark/lab_training/install/turtlebot3/share/turtlebot3/local_setup.sh
[2.253s] -- Symlinking: /home/kisangpark/lab_training/install/turtlebot3/share/turtlebot3/local_setup.zsh
[2.280s] -- Symlinking: /home/kisangpark/lab_training/install/turtlebot3/share/turtlebot3/local_setup.dsv
[2.301s] -- Symlinking: /home/kisangpark/lab_training/install/turtlebot3/share/turtlebot3/package.dsv
[2.313s] -- Symlinking: /home/kisangpark/lab_training/install/turtlebot3/share/ament_index/resource_index/packages/turtlebot3
[2.325s] -- Symlinking: /home/kisangpark/lab_training/install/turtlebot3/share/turtlebot3/cmake/turtlebot3Config.cmake
[2.358s] -- Symlinking: /home/kisangpark/lab_training/install/turtlebot3/share/turtlebot3/cmake/turtlebot3Config-version.cmake
[2.388s] -- Symlinking: /home/kisangpark/lab_training/install/turtlebot3/share/turtlebot3/package.xml
[2.413s] Invoked command in '/home/kisangpark/lab_training/build/turtlebot3' returned '0': AMENT_PREFIX_PATH=/home/kisangpark/lab_training/install/turtlebot3_bringup:/home/kisangpark/lab_training/install/turtlebot3_node:/home/kisangpark/lab_training/install/turtlebot3_example:/home/kisangpark/lab_training/install/turtlebot3_teleop:/home/kisangpark/lab_training/install/turtlebot3_navigation2:/home/kisangpark/lab_training/install/turtlebot3_msgs:/home/kisangpark/lab_training/install/turtlebot3_description:/home/kisangpark/lab_training/install/turtlebot3_cartographer:${AMENT_PREFIX_PATH} CMAKE_PREFIX_PATH=/home/kisangpark/lab_training/install/turtlebot3_bringup:/home/kisangpark/lab_training/install/turtlebot3_node:/home/kisangpark/lab_training/install/turtlebot3_navigation2:/home/kisangpark/lab_training/install/turtlebot3_msgs:/home/kisangpark/lab_training/install/turtlebot3_description:/home/kisangpark/lab_training/install/turtlebot3_cartographer:/opt/ros/humble LD_LIBRARY_PATH=/home/kisangpark/lab_training/install/turtlebot3_msgs/lib:${LD_LIBRARY_PATH} PYTHONPATH=/home/kisangpark/lab_training/build/turtlebot3_example:/home/kisangpark/lab_training/install/turtlebot3_example/lib/python3.10/site-packages:/home/kisangpark/lab_training/build/turtlebot3_teleop:/home/kisangpark/lab_training/install/turtlebot3_teleop/lib/python3.10/site-packages:/home/kisangpark/lab_training/install/turtlebot3_msgs/local/lib/python3.10/dist-packages:${PYTHONPATH} /usr/bin/cmake --install /home/kisangpark/lab_training/build/turtlebot3
