[2.165s] Invoking command in '/home/kisangpark/lab_training/src/week3': PYTHONPATH=/home/kisangpark/lab_training/build/week3/prefix_override:/usr/lib/python3/dist-packages/colcon_core/task/python/colcon_distutils_commands:/home/kisangpark/lab_training/install/week3/lib/python3.10/site-packages:${PYTHONPATH} /usr/bin/python3 -W ignore:setup.py install is deprecated -W ignore:easy_install command is deprecated setup.py egg_info --egg-base ../../build/week3 build --build-base /home/kisangpark/lab_training/build/week3/build install --record /home/kisangpark/lab_training/build/week3/install.log --single-version-externally-managed install_data
[2.638s] running egg_info
[2.685s] writing ../../build/week3/week3.egg-info/PKG-INFO
[2.688s] writing dependency_links to ../../build/week3/week3.egg-info/dependency_links.txt
[2.689s] writing entry points to ../../build/week3/week3.egg-info/entry_points.txt
[2.690s] writing requirements to ../../build/week3/week3.egg-info/requires.txt
[2.691s] writing top-level names to ../../build/week3/week3.egg-info/top_level.txt
[2.776s] reading manifest file '../../build/week3/week3.egg-info/SOURCES.txt'
[2.776s] writing manifest file '../../build/week3/week3.egg-info/SOURCES.txt'
[2.777s] running build
[2.777s] running build_py
[2.777s] copying week3/RRT_star_2.py -> /home/kisangpark/lab_training/build/week3/build/lib/week3
[2.778s] copying week3/pure_pursuit.py -> /home/kisangpark/lab_training/build/week3/build/lib/week3
[2.778s] copying week3/save_costmap.py -> /home/kisangpark/lab_training/build/week3/build/lib/week3
[2.778s] copying week3/__init__.py -> /home/kisangpark/lab_training/build/week3/build/lib/week3
[2.778s] copying week3/RRT_star.py -> /home/kisangpark/lab_training/build/week3/build/lib/week3
[2.779s] running install
[2.785s] running install_lib
[2.808s] copying /home/kisangpark/lab_training/build/week3/build/lib/week3/RRT_star_2.py -> /home/kisangpark/lab_training/install/week3/lib/python3.10/site-packages/week3
[2.809s] copying /home/kisangpark/lab_training/build/week3/build/lib/week3/pure_pursuit.py -> /home/kisangpark/lab_training/install/week3/lib/python3.10/site-packages/week3
[2.812s] byte-compiling /home/kisangpark/lab_training/install/week3/lib/python3.10/site-packages/week3/RRT_star_2.py to RRT_star_2.cpython-310.pyc
[2.818s] byte-compiling /home/kisangpark/lab_training/install/week3/lib/python3.10/site-packages/week3/pure_pursuit.py to pure_pursuit.cpython-310.pyc
[2.821s] running install_data
[2.822s] copying resource/week3 -> /home/kisangpark/lab_training/install/week3/share/ament_index/resource_index/packages
[2.822s] copying package.xml -> /home/kisangpark/lab_training/install/week3/share/week3
[2.823s] running install_egg_info
[2.881s] removing '/home/kisangpark/lab_training/install/week3/lib/python3.10/site-packages/week3-0.0.0-py3.10.egg-info' (and everything under it)
[2.884s] Copying ../../build/week3/week3.egg-info to /home/kisangpark/lab_training/install/week3/lib/python3.10/site-packages/week3-0.0.0-py3.10.egg-info
[2.884s] running install_scripts
[3.286s] Installing pure_pursuit script to /home/kisangpark/lab_training/install/week3/lib/week3
[3.287s] Installing rrt_star script to /home/kisangpark/lab_training/install/week3/lib/week3
[3.287s] Installing rrt_star_2 script to /home/kisangpark/lab_training/install/week3/lib/week3
[3.288s] Installing save_costmap script to /home/kisangpark/lab_training/install/week3/lib/week3
[3.290s] writing list of installed files to '/home/kisangpark/lab_training/build/week3/install.log'
[3.371s] Invoked command in '/home/kisangpark/lab_training/src/week3' returned '0': PYTHONPATH=/home/kisangpark/lab_training/build/week3/prefix_override:/usr/lib/python3/dist-packages/colcon_core/task/python/colcon_distutils_commands:/home/kisangpark/lab_training/install/week3/lib/python3.10/site-packages:${PYTHONPATH} /usr/bin/python3 -W ignore:setup.py install is deprecated -W ignore:easy_install command is deprecated setup.py egg_info --egg-base ../../build/week3 build --build-base /home/kisangpark/lab_training/build/week3/build install --record /home/kisangpark/lab_training/build/week3/install.log --single-version-externally-managed install_data
