[0.076s] Invoking command in '/home/kisangpark/lab_training/build/turtlebot3_node': AMENT_PREFIX_PATH=/home/kisangpark/lab_training/install/turtlebot3_msgs:${AMENT_PREFIX_PATH} CMAKE_PREFIX_PATH=/home/kisangpark/lab_training/install/turtlebot3_msgs:/opt/ros/humble LD_LIBRARY_PATH=/home/kisangpark/lab_training/install/turtlebot3_msgs/lib:${LD_LIBRARY_PATH} PYTHONPATH=/home/kisangpark/lab_training/install/turtlebot3_msgs/local/lib/python3.10/dist-packages:${PYTHONPATH} /usr/bin/cmake --build /home/kisangpark/lab_training/build/turtlebot3_node -- -j2 -l2
[0.289s] [35m[1mConsolidate compiler generated dependencies of target turtlebot3_node_lib[0m
[0.385s] [ 85%] Built target turtlebot3_node_lib
[0.445s] [35m[1mConsolidate compiler generated dependencies of target turtlebot3_ros[0m
[0.479s] [100%] Built target turtlebot3_ros
[0.503s] Invoked command in '/home/kisangpark/lab_training/build/turtlebot3_node' returned '0': AMENT_PREFIX_PATH=/home/kisangpark/lab_training/install/turtlebot3_msgs:${AMENT_PREFIX_PATH} CMAKE_PREFIX_PATH=/home/kisangpark/lab_training/install/turtlebot3_msgs:/opt/ros/humble LD_LIBRARY_PATH=/home/kisangpark/lab_training/install/turtlebot3_msgs/lib:${LD_LIBRARY_PATH} PYTHONPATH=/home/kisangpark/lab_training/install/turtlebot3_msgs/local/lib/python3.10/dist-packages:${PYTHONPATH} /usr/bin/cmake --build /home/kisangpark/lab_training/build/turtlebot3_node -- -j2 -l2
[0.514s] Invoking command in '/home/kisangpark/lab_training/build/turtlebot3_node': AMENT_PREFIX_PATH=/home/kisangpark/lab_training/install/turtlebot3_msgs:${AMENT_PREFIX_PATH} CMAKE_PREFIX_PATH=/home/kisangpark/lab_training/install/turtlebot3_msgs:/opt/ros/humble LD_LIBRARY_PATH=/home/kisangpark/lab_training/install/turtlebot3_msgs/lib:${LD_LIBRARY_PATH} PYTHONPATH=/home/kisangpark/lab_training/install/turtlebot3_msgs/local/lib/python3.10/dist-packages:${PYTHONPATH} /usr/bin/cmake --install /home/kisangpark/lab_training/build/turtlebot3_node
[0.528s] -- Install configuration: ""
[0.530s] -- Execute custom install script
[0.537s] -- Up-to-date symlink: /home/kisangpark/lab_training/install/turtlebot3_node/share/turtlebot3_node/param/burger.yaml
[0.539s] -- Up-to-date symlink: /home/kisangpark/lab_training/install/turtlebot3_node/share/turtlebot3_node/param/waffle.yaml
[0.542s] -- Up-to-date symlink: /home/kisangpark/lab_training/install/turtlebot3_node/share/turtlebot3_node/param/waffle_pi.yaml
[0.549s] -- Up-to-date symlink: /home/kisangpark/lab_training/install/turtlebot3_node/lib/turtlebot3_node/turtlebot3_ros
[0.550s] -- Up-to-date symlink: /home/kisangpark/lab_training/install/turtlebot3_node/share/ament_index/resource_index/package_run_dependencies/turtlebot3_node
[0.551s] -- Up-to-date symlink: /home/kisangpark/lab_training/install/turtlebot3_node/share/ament_index/resource_index/parent_prefix_path/turtlebot3_node
[0.554s] -- Up-to-date symlink: /home/kisangpark/lab_training/install/turtlebot3_node/share/turtlebot3_node/environment/ament_prefix_path.sh
[0.555s] -- Up-to-date symlink: /home/kisangpark/lab_training/install/turtlebot3_node/share/turtlebot3_node/environment/ament_prefix_path.dsv
[0.557s] -- Up-to-date symlink: /home/kisangpark/lab_training/install/turtlebot3_node/share/turtlebot3_node/environment/path.sh
[0.557s] -- Up-to-date symlink: /home/kisangpark/lab_training/install/turtlebot3_node/share/turtlebot3_node/environment/path.dsv
[0.559s] -- Up-to-date symlink: /home/kisangpark/lab_training/install/turtlebot3_node/share/turtlebot3_node/local_setup.bash
[0.560s] -- Up-to-date symlink: /home/kisangpark/lab_training/install/turtlebot3_node/share/turtlebot3_node/local_setup.sh
[0.561s] -- Up-to-date symlink: /home/kisangpark/lab_training/install/turtlebot3_node/share/turtlebot3_node/local_setup.zsh
[0.562s] -- Up-to-date symlink: /home/kisangpark/lab_training/install/turtlebot3_node/share/turtlebot3_node/local_setup.dsv
[0.563s] -- Symlinking: /home/kisangpark/lab_training/install/turtlebot3_node/share/turtlebot3_node/package.dsv
[0.591s] -- Up-to-date symlink: /home/kisangpark/lab_training/install/turtlebot3_node/share/ament_index/resource_index/packages/turtlebot3_node
[0.596s] -- Up-to-date symlink: /home/kisangpark/lab_training/install/turtlebot3_node/share/turtlebot3_node/cmake/ament_cmake_export_include_directories-extras.cmake
[0.597s] -- Up-to-date symlink: /home/kisangpark/lab_training/install/turtlebot3_node/share/turtlebot3_node/cmake/turtlebot3_nodeConfig.cmake
[0.598s] -- Up-to-date symlink: /home/kisangpark/lab_training/install/turtlebot3_node/share/turtlebot3_node/cmake/turtlebot3_nodeConfig-version.cmake
[0.603s] -- Up-to-date symlink: /home/kisangpark/lab_training/install/turtlebot3_node/share/turtlebot3_node/package.xml
[0.608s] Invoked command in '/home/kisangpark/lab_training/build/turtlebot3_node' returned '0': AMENT_PREFIX_PATH=/home/kisangpark/lab_training/install/turtlebot3_msgs:${AMENT_PREFIX_PATH} CMAKE_PREFIX_PATH=/home/kisangpark/lab_training/install/turtlebot3_msgs:/opt/ros/humble LD_LIBRARY_PATH=/home/kisangpark/lab_training/install/turtlebot3_msgs/lib:${LD_LIBRARY_PATH} PYTHONPATH=/home/kisangpark/lab_training/install/turtlebot3_msgs/local/lib/python3.10/dist-packages:${PYTHONPATH} /usr/bin/cmake --install /home/kisangpark/lab_training/build/turtlebot3_node
