[2.938s] Invoking command in '/home/kisangpark/lab_training/build/week3': PYTHONPATH=/home/kisangpark/lab_training/build/week3/prefix_override:/usr/lib/python3/dist-packages/colcon_core/task/python/colcon_distutils_commands:/home/kisangpark/lab_training/install/week3/lib/python3.10/site-packages:${PYTHONPATH} /usr/bin/python3 -W ignore:setup.py install is deprecated -W ignore:easy_install command is deprecated setup.py develop --editable --build-directory /home/kisangpark/lab_training/build/week3/build --no-deps symlink_data --force
[3.555s] running develop
[3.836s] running egg_info
[3.853s] writing week3.egg-info/PKG-INFO
[3.855s] writing dependency_links to week3.egg-info/dependency_links.txt
[3.856s] writing entry points to week3.egg-info/entry_points.txt
[3.856s] writing requirements to week3.egg-info/requires.txt
[3.857s] writing top-level names to week3.egg-info/top_level.txt
[3.914s] reading manifest file 'week3.egg-info/SOURCES.txt'
[3.918s] writing manifest file 'week3.egg-info/SOURCES.txt'
[3.961s] running build_ext
[3.961s] Creating /home/kisangpark/lab_training/install/week3/lib/python3.10/site-packages/week3.egg-link (link to .)
[3.962s] Installing pure_pursuit script to /home/kisangpark/lab_training/install/week3/lib/week3
[3.963s] Installing rrt_star script to /home/kisangpark/lab_training/install/week3/lib/week3
[3.963s] Installing rrt_star_2 script to /home/kisangpark/lab_training/install/week3/lib/week3
[3.963s] Installing save_costmap script to /home/kisangpark/lab_training/install/week3/lib/week3
[3.963s] 
[3.964s] Installed /home/kisangpark/lab_training/build/week3
[3.964s] running symlink_data
[3.964s] symbolically linking /home/kisangpark/lab_training/build/week3/resource/week3 -> /home/kisangpark/lab_training/install/week3/share/ament_index/resource_index/packages
[3.964s] symbolically linking /home/kisangpark/lab_training/build/week3/package.xml -> /home/kisangpark/lab_training/install/week3/share/week3
[3.964s] symbolically linking /home/kisangpark/lab_training/build/week3/launch/turtlebot.launch.py -> /home/kisangpark/lab_training/install/week3/share/week3/launch
[4.012s] Invoked command in '/home/kisangpark/lab_training/build/week3' returned '0': PYTHONPATH=/home/kisangpark/lab_training/build/week3/prefix_override:/usr/lib/python3/dist-packages/colcon_core/task/python/colcon_distutils_commands:/home/kisangpark/lab_training/install/week3/lib/python3.10/site-packages:${PYTHONPATH} /usr/bin/python3 -W ignore:setup.py install is deprecated -W ignore:easy_install command is deprecated setup.py develop --editable --build-directory /home/kisangpark/lab_training/build/week3/build --no-deps symlink_data --force
