[4.253s] Invoking command in '/home/kisangpark/lab_training/build/week3': PYTHONPATH=/home/kisangpark/lab_training/build/week3/prefix_override:/usr/lib/python3/dist-packages/colcon_core/task/python/colcon_distutils_commands:/home/kisangpark/lab_training/install/week3/lib/python3.10/site-packages:${PYTHONPATH} /usr/bin/python3 -W ignore:setup.py install is deprecated -W ignore:easy_install command is deprecated setup.py develop --editable --build-directory /home/kisangpark/lab_training/build/week3/build --no-deps symlink_data
[6.130s] running develop
[7.654s] running egg_info
[7.756s] writing week3.egg-info/PKG-INFO
[7.760s] writing dependency_links to week3.egg-info/dependency_links.txt
[7.764s] writing entry points to week3.egg-info/entry_points.txt
[7.765s] writing requirements to week3.egg-info/requires.txt
[7.767s] writing top-level names to week3.egg-info/top_level.txt
[7.937s] reading manifest file 'week3.egg-info/SOURCES.txt'
[7.943s] writing manifest file 'week3.egg-info/SOURCES.txt'
[8.113s] running build_ext
[8.113s] Creating /home/kisangpark/lab_training/install/week3/lib/python3.10/site-packages/week3.egg-link (link to .)
[8.114s] Installing pure_pursuit script to /home/kisangpark/lab_training/install/week3/lib/week3
[8.115s] Installing rrt_star script to /home/kisangpark/lab_training/install/week3/lib/week3
[8.116s] Installing rrt_star_2 script to /home/kisangpark/lab_training/install/week3/lib/week3
[8.117s] Installing save_costmap script to /home/kisangpark/lab_training/install/week3/lib/week3
[8.119s] 
[8.119s] Installed /home/kisangpark/lab_training/build/week3
[8.121s] running symlink_data
[8.248s] Invoked command in '/home/kisangpark/lab_training/build/week3' returned '0': PYTHONPATH=/home/kisangpark/lab_training/build/week3/prefix_override:/usr/lib/python3/dist-packages/colcon_core/task/python/colcon_distutils_commands:/home/kisangpark/lab_training/install/week3/lib/python3.10/site-packages:${PYTHONPATH} /usr/bin/python3 -W ignore:setup.py install is deprecated -W ignore:easy_install command is deprecated setup.py develop --editable --build-directory /home/kisangpark/lab_training/build/week3/build --no-deps symlink_data
