[0.040s] Invoking command in '/home/kisangpark/lab_training/build/turtlebot3_node': AMENT_PREFIX_PATH=/home/kisangpark/lab_training/install/turtlebot3_msgs:${AMENT_PREFIX_PATH} CMAKE_PREFIX_PATH=/home/kisangpark/lab_training/install/turtlebot3_msgs:/opt/ros/humble LD_LIBRARY_PATH=/home/kisangpark/lab_training/install/turtlebot3_msgs/lib:${LD_LIBRARY_PATH} PYTHONPATH=/home/kisangpark/lab_training/install/turtlebot3_msgs/local/lib/python3.10/dist-packages:${PYTHONPATH} /usr/bin/cmake --build /home/kisangpark/lab_training/build/turtlebot3_node -- -j2 -l2
[0.417s] [ 85%] Built target turtlebot3_node_lib
[0.572s] [100%] Built target turtlebot3_ros
[0.646s] Invoked command in '/home/kisangpark/lab_training/build/turtlebot3_node' returned '0': AMENT_PREFIX_PATH=/home/kisangpark/lab_training/install/turtlebot3_msgs:${AMENT_PREFIX_PATH} CMAKE_PREFIX_PATH=/home/kisangpark/lab_training/install/turtlebot3_msgs:/opt/ros/humble LD_LIBRARY_PATH=/home/kisangpark/lab_training/install/turtlebot3_msgs/lib:${LD_LIBRARY_PATH} PYTHONPATH=/home/kisangpark/lab_training/install/turtlebot3_msgs/local/lib/python3.10/dist-packages:${PYTHONPATH} /usr/bin/cmake --build /home/kisangpark/lab_training/build/turtlebot3_node -- -j2 -l2
[0.669s] Invoking command in '/home/kisangpark/lab_training/build/turtlebot3_node': AMENT_PREFIX_PATH=/home/kisangpark/lab_training/install/turtlebot3_msgs:${AMENT_PREFIX_PATH} CMAKE_PREFIX_PATH=/home/kisangpark/lab_training/install/turtlebot3_msgs:/opt/ros/humble LD_LIBRARY_PATH=/home/kisangpark/lab_training/install/turtlebot3_msgs/lib:${LD_LIBRARY_PATH} PYTHONPATH=/home/kisangpark/lab_training/install/turtlebot3_msgs/local/lib/python3.10/dist-packages:${PYTHONPATH} /usr/bin/cmake --install /home/kisangpark/lab_training/build/turtlebot3_node
[0.739s] -- Install configuration: ""
[0.741s] -- Execute custom install script
[0.759s] -- Up-to-date symlink: /home/kisangpark/lab_training/install/turtlebot3_node/share/turtlebot3_node/param/burger.yaml
[0.761s] -- Up-to-date symlink: /home/kisangpark/lab_training/install/turtlebot3_node/share/turtlebot3_node/param/waffle.yaml
[0.765s] -- Up-to-date symlink: /home/kisangpark/lab_training/install/turtlebot3_node/share/turtlebot3_node/param/waffle_pi.yaml
[0.766s] -- Up-to-date symlink: /home/kisangpark/lab_training/install/turtlebot3_node/lib/turtlebot3_node/turtlebot3_ros
[0.771s] -- Up-to-date symlink: /home/kisangpark/lab_training/install/turtlebot3_node/share/ament_index/resource_index/package_run_dependencies/turtlebot3_node
[0.772s] -- Up-to-date symlink: /home/kisangpark/lab_training/install/turtlebot3_node/share/ament_index/resource_index/parent_prefix_path/turtlebot3_node
[0.774s] -- Up-to-date symlink: /home/kisangpark/lab_training/install/turtlebot3_node/share/turtlebot3_node/environment/ament_prefix_path.sh
[0.775s] -- Up-to-date symlink: /home/kisangpark/lab_training/install/turtlebot3_node/share/turtlebot3_node/environment/ament_prefix_path.dsv
[0.777s] -- Up-to-date symlink: /home/kisangpark/lab_training/install/turtlebot3_node/share/turtlebot3_node/environment/path.sh
[0.782s] -- Up-to-date symlink: /home/kisangpark/lab_training/install/turtlebot3_node/share/turtlebot3_node/environment/path.dsv
[0.786s] -- Up-to-date symlink: /home/kisangpark/lab_training/install/turtlebot3_node/share/turtlebot3_node/local_setup.bash
[0.788s] -- Up-to-date symlink: /home/kisangpark/lab_training/install/turtlebot3_node/share/turtlebot3_node/local_setup.sh
[0.789s] -- Up-to-date symlink: /home/kisangpark/lab_training/install/turtlebot3_node/share/turtlebot3_node/local_setup.zsh
[0.798s] -- Up-to-date symlink: /home/kisangpark/lab_training/install/turtlebot3_node/share/turtlebot3_node/local_setup.dsv
[0.799s] -- Symlinking: /home/kisangpark/lab_training/install/turtlebot3_node/share/turtlebot3_node/package.dsv
[0.872s] -- Up-to-date symlink: /home/kisangpark/lab_training/install/turtlebot3_node/share/ament_index/resource_index/packages/turtlebot3_node
[0.877s] -- Up-to-date symlink: /home/kisangpark/lab_training/install/turtlebot3_node/share/turtlebot3_node/cmake/ament_cmake_export_include_directories-extras.cmake
[0.882s] -- Up-to-date symlink: /home/kisangpark/lab_training/install/turtlebot3_node/share/turtlebot3_node/cmake/turtlebot3_nodeConfig.cmake
[0.886s] -- Up-to-date symlink: /home/kisangpark/lab_training/install/turtlebot3_node/share/turtlebot3_node/cmake/turtlebot3_nodeConfig-version.cmake
[0.890s] -- Up-to-date symlink: /home/kisangpark/lab_training/install/turtlebot3_node/share/turtlebot3_node/package.xml
[0.904s] Invoked command in '/home/kisangpark/lab_training/build/turtlebot3_node' returned '0': AMENT_PREFIX_PATH=/home/kisangpark/lab_training/install/turtlebot3_msgs:${AMENT_PREFIX_PATH} CMAKE_PREFIX_PATH=/home/kisangpark/lab_training/install/turtlebot3_msgs:/opt/ros/humble LD_LIBRARY_PATH=/home/kisangpark/lab_training/install/turtlebot3_msgs/lib:${LD_LIBRARY_PATH} PYTHONPATH=/home/kisangpark/lab_training/install/turtlebot3_msgs/local/lib/python3.10/dist-packages:${PYTHONPATH} /usr/bin/cmake --install /home/kisangpark/lab_training/build/turtlebot3_node
