[2.266s] Invoking command in '/home/kisangpark/lab_training/build/week3': PYTHONPATH=/home/kisangpark/lab_training/build/week3/prefix_override:/usr/lib/python3/dist-packages/colcon_core/task/python/colcon_distutils_commands:/home/kisangpark/lab_training/install/week3/lib/python3.10/site-packages:${PYTHONPATH} /usr/bin/python3 -W ignore:setup.py install is deprecated -W ignore:easy_install command is deprecated setup.py develop --editable --build-directory /home/kisangpark/lab_training/build/week3/build --no-deps symlink_data --force
[2.949s] running develop
[3.462s] running egg_info
[3.491s] writing week3.egg-info/PKG-INFO
[3.491s] writing dependency_links to week3.egg-info/dependency_links.txt
[3.492s] writing entry points to week3.egg-info/entry_points.txt
[3.493s] writing requirements to week3.egg-info/requires.txt
[3.497s] writing top-level names to week3.egg-info/top_level.txt
[3.617s] reading manifest file 'week3.egg-info/SOURCES.txt'
[3.617s] writing manifest file 'week3.egg-info/SOURCES.txt'
[3.667s] running build_ext
[3.667s] Creating /home/kisangpark/lab_training/install/week3/lib/python3.10/site-packages/week3.egg-link (link to .)
[3.668s] Installing pure_pursuit script to /home/kisangpark/lab_training/install/week3/lib/week3
[3.669s] Installing rrt_debug script to /home/kisangpark/lab_training/install/week3/lib/week3
[3.669s] Installing rrt_star script to /home/kisangpark/lab_training/install/week3/lib/week3
[3.669s] Installing rrt_star_2 script to /home/kisangpark/lab_training/install/week3/lib/week3
[3.670s] Installing save_costmap script to /home/kisangpark/lab_training/install/week3/lib/week3
[3.670s] 
[3.670s] Installed /home/kisangpark/lab_training/build/week3
[3.670s] running symlink_data
[3.671s] symbolically linking /home/kisangpark/lab_training/build/week3/resource/week3 -> /home/kisangpark/lab_training/install/week3/share/ament_index/resource_index/packages
[3.671s] symbolically linking /home/kisangpark/lab_training/build/week3/package.xml -> /home/kisangpark/lab_training/install/week3/share/week3
[3.671s] symbolically linking /home/kisangpark/lab_training/build/week3/launch/turtlebot.launch.py -> /home/kisangpark/lab_training/install/week3/share/week3/launch
[3.765s] Invoked command in '/home/kisangpark/lab_training/build/week3' returned '0': PYTHONPATH=/home/kisangpark/lab_training/build/week3/prefix_override:/usr/lib/python3/dist-packages/colcon_core/task/python/colcon_distutils_commands:/home/kisangpark/lab_training/install/week3/lib/python3.10/site-packages:${PYTHONPATH} /usr/bin/python3 -W ignore:setup.py install is deprecated -W ignore:easy_install command is deprecated setup.py develop --editable --build-directory /home/kisangpark/lab_training/build/week3/build --no-deps symlink_data --force
